# JRE version: OpenJDK Runtime Environment Temurin-17.0.18+8 (17.0.18+8) (build 17.0.18+8)
# Java VM: OpenJDK 64-Bit Server VM Temurin-17.0.18+8 (17.0.18+8, mixed mode, sharing, tiered, compressed oops, compressed class ptrs, g1 gc, windows-amd64)
GC Precious Log:
 CPUs: 8 total, 8 available
 Memory: 16043M
 Large Page Support: Disabled
 NUMA Support: Disabled
 Compressed Oops: Enabled (32-bit)
 Heap Region Size: 1M
 Heap Min Capacity: 8M
 Heap Initial Capacity: 252M
 Heap Max Capacity: 1536M
 Pre-touch: Disabled
 Parallel Workers: 8
 Concurrent Workers: 2
 Concurrent Refinement Workers: 8
 Periodic GC: Disabled
Heap:
 garbage-first heap   total 389120K, used 254481K [0x00000000a0000000, 0x0000000100000000)
  region size 1024K, 28 young (28672K), 8 survivors (8192K)
 Metaspace       used 164782K, committed 166016K, reserved 409600K
  class space    used 21748K, committed 22336K, reserved 212992K
GC Heap History (20 events):
Event: 49.797 GC heap before
{Heap before GC invocations=81 (full 0):
 garbage-first heap   total 250880K, used 224090K [0x00000000a0000000, 0x0000000100000000)
  region size 1024K, 12 young (12288K), 2 survivors (2048K)
 Metaspace       used 161070K, committed 162240K, reserved 409600K
  class space    used 21414K, committed 22016K, reserved 212992K
}
Event: 49.800 GC heap after
{Heap after GC invocations=82 (full 0):
 garbage-first heap   total 250880K, used 215358K [0x00000000a0000000, 0x0000000100000000)
  region size 1024K, 2 young (2048K), 2 survivors (2048K)
 Metaspace       used 161070K, committed 162240K, reserved 409600K
  class space    used 21414K, committed 22016K, reserved 212992K
}
Event: 50.068 GC heap before
{Heap before GC invocations=82 (full 0):
 garbage-first heap   total 250880K, used 225598K [0x00000000a0000000, 0x0000000100000000)
  region size 1024K, 12 young (12288K), 2 survivors (2048K)
 Metaspace       used 161070K, committed 162240K, reserved 409600K
  class space    used 21414K, committed 22016K, reserved 212992K
}
Event: 50.071 GC heap after
{Heap after GC invocations=83 (full 0):
 garbage-first heap   total 250880K, used 215691K [0x00000000a0000000, 0x0000000100000000)
  region size 1024K, 2 young (2048K), 2 survivors (2048K)
 Metaspace       used 161070K, committed 162240K, reserved 409600K
  class space    used 21414K, committed 22016K, reserved 212992K
}
Event: 50.286 GC heap before
{Heap before GC invocations=83 (full 0):
 garbage-first heap   total 250880K, used 225931K [0x00000000a0000000, 0x0000000100000000)
  region size 1024K, 12 young (12288K), 2 survivors (2048K)
 Metaspace       used 161088K, committed 162368K, reserved 409600K
  class space    used 21415K, committed 22016K, reserved 212992K
}
Event: 50.289 GC heap after
{Heap after GC invocations=84 (full 0):
 garbage-first heap   total 250880K, used 216617K [0x00000000a0000000, 0x0000000100000000)
  region size 1024K, 2 young (2048K), 2 survivors (2048K)
 Metaspace       used 161088K, committed 162368K, reserved 409600K
  class space    used 21415K, committed 22016K, reserved 212992K
}
Event: 50.585 GC heap before
{Heap before GC invocations=84 (full 0):
 garbage-first heap   total 250880K, used 230953K [0x00000000a0000000, 0x0000000100000000)
  region size 1024K, 12 young (12288K), 2 survivors (2048K)
 Metaspace       used 161267K, committed 162496K, reserved 409600K
  class space    used 21436K, committed 22016K, reserved 212992K
}
Event: 50.590 GC heap after
{Heap after GC invocations=85 (full 0):
 garbage-first heap   total 250880K, used 225263K [0x00000000a0000000, 0x0000000100000000)
  region size 1024K, 2 young (2048K), 2 survivors (2048K)
 Metaspace       used 161267K, committed 162496K, reserved 409600K
  class space    used 21436K, committed 22016K, reserved 212992K
}
Event: 50.602 GC heap before
{Heap before GC invocations=85 (full 0):
 garbage-first heap   total 250880K, used 225263K [0x00000000a0000000, 0x0000000100000000)
  region size 1024K, 4 young (4096K), 2 survivors (2048K)
 Metaspace       used 161267K, committed 162496K, reserved 409600K
  class space    used 21436K, committed 22016K, reserved 212992K
}
Event: 50.605 GC heap after
{Heap after GC invocations=86 (full 0):
 garbage-first heap   total 250880K, used 226957K [0x00000000a0000000, 0x0000000100000000)
  region size 1024K, 2 young (2048K), 2 survivors (2048K)
 Metaspace       used 161267K, committed 162496K, reserved 409600K
  class space    used 21436K, committed 22016K, reserved 212992K
}
Event: 51.584 GC heap before
{Heap before GC invocations=87 (full 0):
 garbage-first heap   total 389120K, used 243341K [0x00000000a0000000, 0x0000000100000000)
  region size 1024K, 19 young (19456K), 2 survivors (2048K)
 Metaspace       used 162604K, committed 163840K, reserved 409600K
  class space    used 21620K, committed 22208K, reserved 212992K
}
Event: 51.587 GC heap after
{Heap after GC invocations=88 (full 0):
 garbage-first heap   total 389120K, used 219803K [0x00000000a0000000, 0x0000000100000000)
  region size 1024K, 1 young (1024K), 1 survivors (1024K)
 Metaspace       used 162604K, committed 163840K, reserved 409600K
  class space    used 21620K, committed 22208K, reserved 212992K
}
Event: 51.990 GC heap before
{Heap before GC invocations=88 (full 0):
 garbage-first heap   total 389120K, used 237211K [0x00000000a0000000, 0x0000000100000000)
  region size 1024K, 19 young (19456K), 1 survivors (1024K)
 Metaspace       used 162983K, committed 164160K, reserved 409600K
  class space    used 21644K, committed 22208K, reserved 212992K
}
Event: 51.998 GC heap after
{Heap after GC invocations=89 (full 0):
 garbage-first heap   total 389120K, used 204049K [0x00000000a0000000, 0x0000000100000000)
  region size 1024K, 1 young (1024K), 1 survivors (1024K)
 Metaspace       used 162983K, committed 164160K, reserved 409600K
  class space    used 21644K, committed 22208K, reserved 212992K
}
Event: 53.106 GC heap before
{Heap before GC invocations=89 (full 0):
 garbage-first heap   total 389120K, used 286993K [0x00000000a0000000, 0x0000000100000000)
  region size 1024K, 82 young (83968K), 1 survivors (1024K)
 Metaspace       used 163733K, committed 164928K, reserved 409600K
  class space    used 21700K, committed 22272K, reserved 212992K
}
Event: 53.110 GC heap after
{Heap after GC invocations=90 (full 0):
 garbage-first heap   total 389120K, used 206243K [0x00000000a0000000, 0x0000000100000000)
  region size 1024K, 3 young (3072K), 3 survivors (3072K)
 Metaspace       used 163733K, committed 164928K, reserved 409600K
  class space    used 21700K, committed 22272K, reserved 212992K
}
Event: 54.509 GC heap before
{Heap before GC invocations=90 (full 0):
 garbage-first heap   total 389120K, used 327075K [0x00000000a0000000, 0x0000000100000000)
  region size 1024K, 90 young (92160K), 3 survivors (3072K)
 Metaspace       used 163995K, committed 165184K, reserved 409600K
  class space    used 21702K, committed 22272K, reserved 212992K
}
Event: 54.526 GC heap after
{Heap after GC invocations=91 (full 0):
 garbage-first heap   total 389120K, used 226778K [0x00000000a0000000, 0x0000000100000000)
  region size 1024K, 12 young (12288K), 12 survivors (12288K)
 Metaspace       used 163995K, committed 165184K, reserved 409600K
  class space    used 21702K, committed 22272K, reserved 212992K
}
Event: 55.390 GC heap before
{Heap before GC invocations=91 (full 0):
 garbage-first heap   total 389120K, used 304602K [0x00000000a0000000, 0x0000000100000000)
  region size 1024K, 87 young (89088K), 12 survivors (12288K)
 Metaspace       used 164263K, committed 165440K, reserved 409600K
  class space    used 21706K, committed 22272K, reserved 212992K
}
Event: 55.405 GC heap after
{Heap after GC invocations=92 (full 0):
 garbage-first heap   total 389120K, used 235025K [0x00000000a0000000, 0x0000000100000000)
  region size 1024K, 8 young (8192K), 8 survivors (8192K)
 Metaspace       used 164263K, committed 165440K, reserved 409600K
  class space    used 21706K, committed 22272K, reserved 212992K
}

