# JRE version: OpenJDK Runtime Environment Temurin-17.0.18+8 (17.0.18+8) (build 17.0.18+8)
# Java VM: OpenJDK 64-Bit Server VM Temurin-17.0.18+8 (17.0.18+8, mixed mode, sharing, tiered, compressed oops, compressed class ptrs, g1 gc, windows-amd64)
GC Precious Log:
 CPUs: 8 total, 8 available
 Memory: 16043M
 Large Page Support: Disabled
 NUMA Support: Disabled
 Compressed Oops: Enabled (Zero based)
 Heap Region Size: 2M
 Heap Min Capacity: 8M
 Heap Initial Capacity: 252M
 Heap Max Capacity: 4G
 Pre-touch: Disabled
 Parallel Workers: 8
 Concurrent Workers: 2
 Concurrent Refinement Workers: 8
 Periodic GC: Disabled
Heap:
 garbage-first heap   total 225280K, used 171679K [0x0000000700000000, 0x0000000800000000)
  region size 2048K, 26 young (53248K), 2 survivors (4096K)
 Metaspace       used 95663K, committed 96704K, reserved 983040K
  class space    used 13422K, committed 13952K, reserved 851968K
GC Heap History (20 events):
Event: 42.277 GC heap before
{Heap before GC invocations=26 (full 0):
 garbage-first heap   total 194560K, used 138793K [0x0000000700000000, 0x0000000800000000)
  region size 2048K, 22 young (45056K), 3 survivors (6144K)
 Metaspace       used 75894K, committed 76672K, reserved 983040K
  class space    used 10587K, committed 11008K, reserved 851968K
}
Event: 42.282 GC heap after
{Heap after GC invocations=27 (full 0):
 garbage-first heap   total 194560K, used 109297K [0x0000000700000000, 0x0000000800000000)
  region size 2048K, 3 young (6144K), 3 survivors (6144K)
 Metaspace       used 75894K, committed 76672K, reserved 983040K
  class space    used 10587K, committed 11008K, reserved 851968K
}
Event: 42.939 GC heap before
{Heap before GC invocations=28 (full 0):
 garbage-first heap   total 202752K, used 144113K [0x0000000700000000, 0x0000000800000000)
  region size 2048K, 21 young (43008K), 3 survivors (6144K)
 Metaspace       used 77837K, committed 78592K, reserved 983040K
  class space    used 10864K, committed 11264K, reserved 851968K
}
Event: 42.944 GC heap after
{Heap after GC invocations=29 (full 0):
 garbage-first heap   total 202752K, used 109514K [0x0000000700000000, 0x0000000800000000)
  region size 2048K, 2 young (4096K), 2 survivors (4096K)
 Metaspace       used 77837K, committed 78592K, reserved 983040K
  class space    used 10864K, committed 11264K, reserved 851968K
}
Event: 43.047 GC heap before
{Heap before GC invocations=29 (full 0):
 garbage-first heap   total 202752K, used 113610K [0x0000000700000000, 0x0000000800000000)
  region size 2048K, 4 young (8192K), 2 survivors (4096K)
 Metaspace       used 78112K, committed 78912K, reserved 983040K
  class space    used 10902K, committed 11328K, reserved 851968K
}
Event: 43.050 GC heap after
{Heap after GC invocations=30 (full 0):
 garbage-first heap   total 202752K, used 109059K [0x0000000700000000, 0x0000000800000000)
  region size 2048K, 1 young (2048K), 1 survivors (2048K)
 Metaspace       used 78112K, committed 78912K, reserved 983040K
  class space    used 10902K, committed 11328K, reserved 851968K
}
Event: 43.955 GC heap before
{Heap before GC invocations=30 (full 0):
 garbage-first heap   total 202752K, used 156163K [0x0000000700000000, 0x0000000800000000)
  region size 2048K, 22 young (45056K), 1 survivors (2048K)
 Metaspace       used 81116K, committed 81920K, reserved 983040K
  class space    used 11307K, committed 11712K, reserved 851968K
}
Event: 43.958 GC heap after
{Heap after GC invocations=31 (full 0):
 garbage-first heap   total 202752K, used 115347K [0x0000000700000000, 0x0000000800000000)
  region size 2048K, 2 young (4096K), 2 survivors (4096K)
 Metaspace       used 81116K, committed 81920K, reserved 983040K
  class space    used 11307K, committed 11712K, reserved 851968K
}
Event: 45.919 GC heap before
{Heap before GC invocations=31 (full 0):
 garbage-first heap   total 202752K, used 156307K [0x0000000700000000, 0x0000000800000000)
  region size 2048K, 22 young (45056K), 2 survivors (4096K)
 Metaspace       used 83526K, committed 84416K, reserved 983040K
  class space    used 11632K, committed 12096K, reserved 851968K
}
Event: 45.923 GC heap after
{Heap after GC invocations=32 (full 0):
 garbage-first heap   total 202752K, used 118676K [0x0000000700000000, 0x0000000800000000)
  region size 2048K, 3 young (6144K), 3 survivors (6144K)
 Metaspace       used 83526K, committed 84416K, reserved 983040K
  class space    used 11632K, committed 12096K, reserved 851968K
}
Event: 46.445 GC heap before
{Heap before GC invocations=32 (full 0):
 garbage-first heap   total 202752K, used 161684K [0x0000000700000000, 0x0000000800000000)
  region size 2048K, 24 young (49152K), 3 survivors (6144K)
 Metaspace       used 83958K, committed 84864K, reserved 983040K
  class space    used 11694K, committed 12160K, reserved 851968K
}
Event: 46.456 GC heap after
{Heap after GC invocations=33 (full 0):
 garbage-first heap   total 202752K, used 121338K [0x0000000700000000, 0x0000000800000000)
  region size 2048K, 2 young (4096K), 2 survivors (4096K)
 Metaspace       used 83958K, committed 84864K, reserved 983040K
  class space    used 11694K, committed 12160K, reserved 851968K
}
Event: 47.236 GC heap before
{Heap before GC invocations=33 (full 0):
 garbage-first heap   total 202752K, used 162298K [0x0000000700000000, 0x0000000800000000)
  region size 2048K, 22 young (45056K), 2 survivors (4096K)
 Metaspace       used 86263K, committed 87168K, reserved 983040K
  class space    used 12014K, committed 12480K, reserved 851968K
}
Event: 47.241 GC heap after
{Heap after GC invocations=34 (full 0):
 garbage-first heap   total 202752K, used 123901K [0x0000000700000000, 0x0000000800000000)
  region size 2048K, 2 young (4096K), 2 survivors (4096K)
 Metaspace       used 86263K, committed 87168K, reserved 983040K
  class space    used 12014K, committed 12480K, reserved 851968K
}
Event: 48.077 GC heap before
{Heap before GC invocations=35 (full 0):
 garbage-first heap   total 225280K, used 162813K [0x0000000700000000, 0x0000000800000000)
  region size 2048K, 21 young (43008K), 2 survivors (4096K)
 Metaspace       used 88919K, committed 89792K, reserved 983040K
  class space    used 12469K, committed 12928K, reserved 851968K
}
Event: 48.081 GC heap after
{Heap after GC invocations=36 (full 0):
 garbage-first heap   total 225280K, used 124417K [0x0000000700000000, 0x0000000800000000)
  region size 2048K, 2 young (4096K), 2 survivors (4096K)
 Metaspace       used 88919K, committed 89792K, reserved 983040K
  class space    used 12469K, committed 12928K, reserved 851968K
}
Event: 48.205 GC heap before
{Heap before GC invocations=36 (full 0):
 garbage-first heap   total 225280K, used 130561K [0x0000000700000000, 0x0000000800000000)
  region size 2048K, 5 young (10240K), 2 survivors (4096K)
 Metaspace       used 89395K, committed 90304K, reserved 983040K
  class space    used 12577K, committed 13056K, reserved 851968K
}
Event: 48.210 GC heap after
{Heap after GC invocations=37 (full 0):
 garbage-first heap   total 225280K, used 122543K [0x0000000700000000, 0x0000000800000000)
  region size 2048K, 1 young (2048K), 1 survivors (2048K)
 Metaspace       used 89395K, committed 90304K, reserved 983040K
  class space    used 12577K, committed 13056K, reserved 851968K
}
Event: 49.522 GC heap before
{Heap before GC invocations=37 (full 0):
 garbage-first heap   total 225280K, used 181935K [0x0000000700000000, 0x0000000800000000)
  region size 2048K, 30 young (61440K), 1 survivors (2048K)
 Metaspace       used 93255K, committed 94208K, reserved 983040K
  class space    used 13099K, committed 13568K, reserved 851968K
}
Event: 49.526 GC heap after
{Heap after GC invocations=38 (full 0):
 garbage-first heap   total 225280K, used 124575K [0x0000000700000000, 0x0000000800000000)
  region size 2048K, 2 young (4096K), 2 survivors (4096K)
 Metaspace       used 93255K, committed 94208K, reserved 983040K
  class space    used 13099K, committed 13568K, reserved 851968K
}

