# JRE version: OpenJDK Runtime Environment Temurin-17.0.18+8 (17.0.18+8) (build 17.0.18+8)
# Java VM: OpenJDK 64-Bit Server VM Temurin-17.0.18+8 (17.0.18+8, mixed mode, sharing, tiered, compressed oops, compressed class ptrs, g1 gc, windows-amd64)
GC Precious Log:
 CPUs: 8 total, 8 available
 Memory: 16043M
 Large Page Support: Disabled
 NUMA Support: Disabled
 Compressed Oops: Enabled (Zero based)
 Heap Region Size: 2M
 Heap Min Capacity: 8M
 Heap Initial Capacity: 252M
 Heap Max Capacity: 4012M
 Pre-touch: Disabled
 Parallel Workers: 8
 Concurrent Workers: 2
 Concurrent Refinement Workers: 8
 Periodic GC: Disabled
Heap:
 garbage-first heap   total 161792K, used 97874K [0x0000000705400000, 0x0000000800000000)
  region size 2048K, 24 young (49152K), 3 survivors (6144K)
 Metaspace       used 80150K, committed 80512K, reserved 1179648K
  class space    used 8815K, committed 8960K, reserved 1048576K
GC Heap History (20 events):
Event: 6.578 GC heap before
{Heap before GC invocations=4 (full 0):
 garbage-first heap   total 61440K, used 43635K [0x0000000705400000, 0x0000000800000000)
  region size 2048K, 21 young (43008K), 6 survivors (12288K)
 Metaspace       used 27628K, committed 27840K, reserved 1114112K
  class space    used 3582K, committed 3648K, reserved 1048576K
}
Event: 6.596 GC heap after
{Heap after GC invocations=5 (full 0):
 garbage-first heap   total 63488K, used 18510K [0x0000000705400000, 0x0000000800000000)
  region size 2048K, 5 young (10240K), 5 survivors (10240K)
 Metaspace       used 27628K, committed 27840K, reserved 1114112K
  class space    used 3582K, committed 3648K, reserved 1048576K
}
Event: 8.208 GC heap before
{Heap before GC invocations=5 (full 0):
 garbage-first heap   total 63488K, used 43086K [0x0000000705400000, 0x0000000800000000)
  region size 2048K, 17 young (34816K), 5 survivors (10240K)
 Metaspace       used 33744K, committed 33920K, reserved 1114112K
  class space    used 4168K, committed 4224K, reserved 1048576K
}
Event: 8.224 GC heap after
{Heap after GC invocations=6 (full 0):
 garbage-first heap   total 63488K, used 20904K [0x0000000705400000, 0x0000000800000000)
  region size 2048K, 3 young (6144K), 3 survivors (6144K)
 Metaspace       used 33744K, committed 33920K, reserved 1114112K
  class space    used 4168K, committed 4224K, reserved 1048576K
}
Event: 8.651 GC heap before
{Heap before GC invocations=6 (full 0):
 garbage-first heap   total 63488K, used 29096K [0x0000000705400000, 0x0000000800000000)
  region size 2048K, 8 young (16384K), 3 survivors (6144K)
 Metaspace       used 35953K, committed 36160K, reserved 1114112K
  class space    used 4401K, committed 4480K, reserved 1048576K
}
Event: 8.668 GC heap after
{Heap after GC invocations=7 (full 0):
 garbage-first heap   total 63488K, used 21362K [0x0000000705400000, 0x0000000800000000)
  region size 2048K, 1 young (2048K), 1 survivors (2048K)
 Metaspace       used 35953K, committed 36160K, reserved 1114112K
  class space    used 4401K, committed 4480K, reserved 1048576K
}
Event: 9.923 GC heap before
{Heap before GC invocations=8 (full 0):
 garbage-first heap   total 63488K, used 45938K [0x0000000705400000, 0x0000000800000000)
  region size 2048K, 13 young (26624K), 1 survivors (2048K)
 Metaspace       used 42013K, committed 42240K, reserved 1114112K
  class space    used 5134K, committed 5248K, reserved 1048576K
}
Event: 9.944 GC heap after
{Heap after GC invocations=9 (full 0):
 garbage-first heap   total 63488K, used 22677K [0x0000000705400000, 0x0000000800000000)
  region size 2048K, 2 young (4096K), 2 survivors (4096K)
 Metaspace       used 42013K, committed 42240K, reserved 1114112K
  class space    used 5134K, committed 5248K, reserved 1048576K
}
Event: 10.312 GC heap before
{Heap before GC invocations=9 (full 0):
 garbage-first heap   total 63488K, used 43157K [0x0000000705400000, 0x0000000800000000)
  region size 2048K, 13 young (26624K), 2 survivors (4096K)
 Metaspace       used 43498K, committed 43712K, reserved 1114112K
  class space    used 5336K, committed 5440K, reserved 1048576K
}
Event: 10.330 GC heap after
{Heap after GC invocations=10 (full 0):
 garbage-first heap   total 63488K, used 30501K [0x0000000705400000, 0x0000000800000000)
  region size 2048K, 2 young (4096K), 2 survivors (4096K)
 Metaspace       used 43498K, committed 43712K, reserved 1114112K
  class space    used 5336K, committed 5440K, reserved 1048576K
}
Event: 10.656 GC heap before
{Heap before GC invocations=10 (full 0):
 garbage-first heap   total 63488K, used 44837K [0x0000000705400000, 0x0000000800000000)
  region size 2048K, 9 young (18432K), 2 survivors (4096K)
 Metaspace       used 44115K, committed 44352K, reserved 1114112K
  class space    used 5378K, committed 5504K, reserved 1048576K
}
Event: 10.676 GC heap after
{Heap after GC invocations=11 (full 0):
 garbage-first heap   total 161792K, used 34816K [0x0000000705400000, 0x0000000800000000)
  region size 2048K, 2 young (4096K), 2 survivors (4096K)
 Metaspace       used 44115K, committed 44352K, reserved 1114112K
  class space    used 5378K, committed 5504K, reserved 1048576K
}
Event: 14.137 GC heap before
{Heap before GC invocations=11 (full 0):
 garbage-first heap   total 161792K, used 104448K [0x0000000705400000, 0x0000000800000000)
  region size 2048K, 36 young (73728K), 2 survivors (4096K)
 Metaspace       used 52356K, committed 52608K, reserved 1114112K
  class space    used 6409K, committed 6528K, reserved 1048576K
}
Event: 14.179 GC heap after
{Heap after GC invocations=12 (full 0):
 garbage-first heap   total 161792K, used 45543K [0x0000000705400000, 0x0000000800000000)
  region size 2048K, 5 young (10240K), 5 survivors (10240K)
 Metaspace       used 52356K, committed 52608K, reserved 1114112K
  class space    used 6409K, committed 6528K, reserved 1048576K
}
Event: 18.439 GC heap before
{Heap before GC invocations=12 (full 0):
 garbage-first heap   total 161792K, used 109031K [0x0000000705400000, 0x0000000800000000)
  region size 2048K, 36 young (73728K), 5 survivors (10240K)
 Metaspace       used 58006K, committed 58304K, reserved 1114112K
  class space    used 6839K, committed 6976K, reserved 1048576K
}
Event: 18.476 GC heap after
{Heap after GC invocations=13 (full 0):
 garbage-first heap   total 161792K, used 53700K [0x0000000705400000, 0x0000000800000000)
  region size 2048K, 4 young (8192K), 4 survivors (8192K)
 Metaspace       used 58006K, committed 58304K, reserved 1114112K
  class space    used 6839K, committed 6976K, reserved 1048576K
}
Event: 19.188 GC heap before
{Heap before GC invocations=13 (full 0):
 garbage-first heap   total 161792K, used 63940K [0x0000000705400000, 0x0000000800000000)
  region size 2048K, 10 young (20480K), 4 survivors (8192K)
 Metaspace       used 60385K, committed 60608K, reserved 1114112K
  class space    used 7059K, committed 7168K, reserved 1048576K
}
Event: 19.214 GC heap after
{Heap after GC invocations=14 (full 0):
 garbage-first heap   total 161792K, used 54309K [0x0000000705400000, 0x0000000800000000)
  region size 2048K, 1 young (2048K), 1 survivors (2048K)
 Metaspace       used 60385K, committed 60608K, reserved 1114112K
  class space    used 7059K, committed 7168K, reserved 1048576K
}
Event: 23.367 GC heap before
{Heap before GC invocations=15 (full 0):
 garbage-first heap   total 161792K, used 117797K [0x0000000705400000, 0x0000000800000000)
  region size 2048K, 32 young (65536K), 1 survivors (2048K)
 Metaspace       used 73535K, committed 73856K, reserved 1179648K
  class space    used 8315K, committed 8448K, reserved 1048576K
}
Event: 23.386 GC heap after
{Heap after GC invocations=16 (full 0):
 garbage-first heap   total 161792K, used 58962K [0x0000000705400000, 0x0000000800000000)
  region size 2048K, 3 young (6144K), 3 survivors (6144K)
 Metaspace       used 73535K, committed 73856K, reserved 1179648K
  class space    used 8315K, committed 8448K, reserved 1048576K
}

