# JRE version: OpenJDK Runtime Environment Temurin-17.0.18+8 (17.0.18+8) (build 17.0.18+8)
# Java VM: OpenJDK 64-Bit Server VM Temurin-17.0.18+8 (17.0.18+8, mixed mode, sharing, tiered, compressed oops, compressed class ptrs, g1 gc, windows-amd64)
GC Precious Log:
 CPUs: 8 total, 8 available
 Memory: 16043M
 Large Page Support: Disabled
 NUMA Support: Disabled
 Compressed Oops: Enabled (Zero based)
 Heap Region Size: 2M
 Heap Min Capacity: 8M
 Heap Initial Capacity: 252M
 Heap Max Capacity: 4012M
 Pre-touch: Disabled
 Parallel Workers: 8
 Concurrent Workers: 2
 Concurrent Refinement Workers: 8
 Periodic GC: Disabled
Heap:
 garbage-first heap   total 258048K, used 43707K [0x0000000705400000, 0x0000000800000000)
  region size 2048K, 19 young (38912K), 4 survivors (8192K)
 Metaspace       used 16520K, committed 16704K, reserved 1114112K
  class space    used 2022K, committed 2112K, reserved 1048576K
GC Heap History (10 events):
Event: 16.675 GC heap before
{Heap before GC invocations=0 (full 0):
 garbage-first heap   total 258048K, used 22528K [0x0000000705400000, 0x0000000800000000)
  region size 2048K, 11 young (22528K), 0 survivors (0K)
 Metaspace       used 8740K, committed 8960K, reserved 1114112K
  class space    used 934K, committed 1024K, reserved 1048576K
}
Event: 16.679 GC heap after
{Heap after GC invocations=1 (full 0):
 garbage-first heap   total 258048K, used 3960K [0x0000000705400000, 0x0000000800000000)
  region size 2048K, 2 young (4096K), 2 survivors (4096K)
 Metaspace       used 8740K, committed 8960K, reserved 1114112K
  class space    used 934K, committed 1024K, reserved 1048576K
}
Event: 70.433 GC heap before
{Heap before GC invocations=1 (full 0):
 garbage-first heap   total 258048K, used 36728K [0x0000000705400000, 0x0000000800000000)
  region size 2048K, 16 young (32768K), 2 survivors (4096K)
 Metaspace       used 8835K, committed 9024K, reserved 1114112K
  class space    used 938K, committed 1024K, reserved 1048576K
}
Event: 70.438 GC heap after
{Heap after GC invocations=2 (full 0):
 garbage-first heap   total 258048K, used 8984K [0x0000000705400000, 0x0000000800000000)
  region size 2048K, 1 young (2048K), 1 survivors (2048K)
 Metaspace       used 8835K, committed 9024K, reserved 1114112K
  class space    used 938K, committed 1024K, reserved 1048576K
}
Event: 74.150 GC heap before
{Heap before GC invocations=2 (full 0):
 garbage-first heap   total 258048K, used 160536K [0x0000000705400000, 0x0000000800000000)
  region size 2048K, 75 young (153600K), 1 survivors (2048K)
 Metaspace       used 8840K, committed 9024K, reserved 1114112K
  class space    used 938K, committed 1024K, reserved 1048576K
}
Event: 74.151 GC heap after
{Heap after GC invocations=3 (full 0):
 garbage-first heap   total 258048K, used 8509K [0x0000000705400000, 0x0000000800000000)
  region size 2048K, 1 young (2048K), 1 survivors (2048K)
 Metaspace       used 8840K, committed 9024K, reserved 1114112K
  class space    used 938K, committed 1024K, reserved 1048576K
}
Event: 77.154 GC heap before
{Heap before GC invocations=3 (full 0):
 garbage-first heap   total 258048K, used 160061K [0x0000000705400000, 0x0000000800000000)
  region size 2048K, 75 young (153600K), 1 survivors (2048K)
 Metaspace       used 8840K, committed 9024K, reserved 1114112K
  class space    used 938K, committed 1024K, reserved 1048576K
}
Event: 77.155 GC heap after
{Heap after GC invocations=4 (full 0):
 garbage-first heap   total 258048K, used 8369K [0x0000000705400000, 0x0000000800000000)
  region size 2048K, 1 young (2048K), 1 survivors (2048K)
 Metaspace       used 8840K, committed 9024K, reserved 1114112K
  class space    used 938K, committed 1024K, reserved 1048576K
}
Event: 146.145 GC heap before
{Heap before GC invocations=4 (full 0):
 garbage-first heap   total 258048K, used 164017K [0x0000000705400000, 0x0000000800000000)
  region size 2048K, 75 young (153600K), 1 survivors (2048K)
 Metaspace       used 16393K, committed 16640K, reserved 1114112K
  class space    used 2005K, committed 2112K, reserved 1048576K
}
Event: 146.150 GC heap after
{Heap after GC invocations=5 (full 0):
 garbage-first heap   total 258048K, used 15035K [0x0000000705400000, 0x0000000800000000)
  region size 2048K, 4 young (8192K), 4 survivors (8192K)
 Metaspace       used 16393K, committed 16640K, reserved 1114112K
  class space    used 2005K, committed 2112K, reserved 1048576K
}

