# JRE version: OpenJDK Runtime Environment Temurin-17.0.18+8 (17.0.18+8) (build 17.0.18+8)
# Java VM: OpenJDK 64-Bit Server VM Temurin-17.0.18+8 (17.0.18+8, mixed mode, sharing, tiered, compressed oops, compressed class ptrs, g1 gc, windows-amd64)
GC Precious Log:
 CPUs: 8 total, 8 available
 Memory: 16043M
 Large Page Support: Disabled
 NUMA Support: Disabled
 Compressed Oops: Enabled (Zero based)
 Heap Region Size: 2M
 Heap Min Capacity: 8M
 Heap Initial Capacity: 252M
 Heap Max Capacity: 4G
 Pre-touch: Disabled
 Parallel Workers: 8
 Concurrent Workers: 2
 Concurrent Refinement Workers: 8
 Periodic GC: Disabled
Heap:
 garbage-first heap   total 299008K, used 230563K [0x0000000700000000, 0x0000000800000000)
  region size 2048K, 28 young (57344K), 2 survivors (4096K)
 Metaspace       used 98634K, committed 99712K, reserved 983040K
  class space    used 13790K, committed 14336K, reserved 851968K
GC Heap History (20 events):
Event: 47.803 GC heap before
{Heap before GC invocations=52 (full 0):
 garbage-first heap   total 299008K, used 221632K [0x0000000700000000, 0x0000000800000000)
  region size 2048K, 55 young (112640K), 5 survivors (10240K)
 Metaspace       used 90662K, committed 91648K, reserved 983040K
  class space    used 12767K, committed 13248K, reserved 851968K
}
Event: 47.812 GC heap after
{Heap after GC invocations=53 (full 0):
 garbage-first heap   total 299008K, used 122563K [0x0000000700000000, 0x0000000800000000)
  region size 2048K, 3 young (6144K), 3 survivors (6144K)
 Metaspace       used 90662K, committed 91648K, reserved 983040K
  class space    used 12767K, committed 13248K, reserved 851968K
}
Event: 51.818 GC heap before
{Heap before GC invocations=53 (full 0):
 garbage-first heap   total 299008K, used 227011K [0x0000000700000000, 0x0000000800000000)
  region size 2048K, 54 young (110592K), 3 survivors (6144K)
 Metaspace       used 95834K, committed 96832K, reserved 983040K
  class space    used 13422K, committed 13952K, reserved 851968K
}
Event: 51.828 GC heap after
{Heap after GC invocations=54 (full 0):
 garbage-first heap   total 299008K, used 130685K [0x0000000700000000, 0x0000000800000000)
  region size 2048K, 7 young (14336K), 7 survivors (14336K)
 Metaspace       used 95834K, committed 96832K, reserved 983040K
  class space    used 13422K, committed 13952K, reserved 851968K
}
Event: 53.216 GC heap before
{Heap before GC invocations=54 (full 0):
 garbage-first heap   total 299008K, used 231037K [0x0000000700000000, 0x0000000800000000)
  region size 2048K, 56 young (114688K), 7 survivors (14336K)
 Metaspace       used 95846K, committed 96832K, reserved 983040K
  class space    used 13423K, committed 13952K, reserved 851968K
}
Event: 53.226 GC heap after
{Heap after GC invocations=55 (full 0):
 garbage-first heap   total 299008K, used 133115K [0x0000000700000000, 0x0000000800000000)
  region size 2048K, 3 young (6144K), 3 survivors (6144K)
 Metaspace       used 95846K, committed 96832K, reserved 983040K
  class space    used 13423K, committed 13952K, reserved 851968K
}
Event: 54.759 GC heap before
{Heap before GC invocations=55 (full 0):
 garbage-first heap   total 299008K, used 233467K [0x0000000700000000, 0x0000000800000000)
  region size 2048K, 53 young (108544K), 3 survivors (6144K)
 Metaspace       used 97499K, committed 98560K, reserved 983040K
  class space    used 13673K, committed 14208K, reserved 851968K
}
Event: 54.769 GC heap after
{Heap after GC invocations=56 (full 0):
 garbage-first heap   total 299008K, used 146758K [0x0000000700000000, 0x0000000800000000)
  region size 2048K, 7 young (14336K), 7 survivors (14336K)
 Metaspace       used 97499K, committed 98560K, reserved 983040K
  class space    used 13673K, committed 14208K, reserved 851968K
}
Event: 55.571 GC heap before
{Heap before GC invocations=56 (full 0):
 garbage-first heap   total 299008K, used 234822K [0x0000000700000000, 0x0000000800000000)
  region size 2048K, 50 young (102400K), 7 survivors (14336K)
 Metaspace       used 97499K, committed 98560K, reserved 983040K
  class space    used 13673K, committed 14208K, reserved 851968K
}
Event: 55.580 GC heap after
{Heap after GC invocations=57 (full 0):
 garbage-first heap   total 299008K, used 150064K [0x0000000700000000, 0x0000000800000000)
  region size 2048K, 3 young (6144K), 3 survivors (6144K)
 Metaspace       used 97499K, committed 98560K, reserved 983040K
  class space    used 13673K, committed 14208K, reserved 851968K
}
Event: 57.418 GC heap before
{Heap before GC invocations=57 (full 0):
 garbage-first heap   total 299008K, used 238128K [0x0000000700000000, 0x0000000800000000)
  region size 2048K, 46 young (94208K), 3 survivors (6144K)
 Metaspace       used 98011K, committed 99072K, reserved 983040K
  class space    used 13727K, committed 14272K, reserved 851968K
}
Event: 57.428 GC heap after
{Heap after GC invocations=58 (full 0):
 garbage-first heap   total 299008K, used 164832K [0x0000000700000000, 0x0000000800000000)
  region size 2048K, 6 young (12288K), 6 survivors (12288K)
 Metaspace       used 98011K, committed 99072K, reserved 983040K
  class space    used 13727K, committed 14272K, reserved 851968K
}
Event: 59.107 GC heap before
{Heap before GC invocations=58 (full 0):
 garbage-first heap   total 299008K, used 238560K [0x0000000700000000, 0x0000000800000000)
  region size 2048K, 43 young (88064K), 6 survivors (12288K)
 Metaspace       used 98012K, committed 99072K, reserved 983040K
  class space    used 13728K, committed 14272K, reserved 851968K
}
Event: 59.117 GC heap after
{Heap after GC invocations=59 (full 0):
 garbage-first heap   total 299008K, used 168543K [0x0000000700000000, 0x0000000800000000)
  region size 2048K, 2 young (4096K), 2 survivors (4096K)
 Metaspace       used 98012K, committed 99072K, reserved 983040K
  class space    used 13728K, committed 14272K, reserved 851968K
}
Event: 61.080 GC heap before
{Heap before GC invocations=59 (full 0):
 garbage-first heap   total 299008K, used 244319K [0x0000000700000000, 0x0000000800000000)
  region size 2048K, 39 young (79872K), 2 survivors (4096K)
 Metaspace       used 98268K, committed 99328K, reserved 983040K
  class space    used 13754K, committed 14272K, reserved 851968K
}
Event: 61.087 GC heap after
{Heap after GC invocations=60 (full 0):
 garbage-first heap   total 299008K, used 172705K [0x0000000700000000, 0x0000000800000000)
  region size 2048K, 4 young (8192K), 4 survivors (8192K)
 Metaspace       used 98268K, committed 99328K, reserved 983040K
  class space    used 13754K, committed 14272K, reserved 851968K
}
Event: 62.364 GC heap before
{Heap before GC invocations=60 (full 0):
 garbage-first heap   total 299008K, used 242337K [0x0000000700000000, 0x0000000800000000)
  region size 2048K, 39 young (79872K), 4 survivors (8192K)
 Metaspace       used 98467K, committed 99520K, reserved 983040K
  class space    used 13769K, committed 14272K, reserved 851968K
}
Event: 62.373 GC heap after
{Heap after GC invocations=61 (full 0):
 garbage-first heap   total 299008K, used 177987K [0x0000000700000000, 0x0000000800000000)
  region size 2048K, 4 young (8192K), 4 survivors (8192K)
 Metaspace       used 98467K, committed 99520K, reserved 983040K
  class space    used 13769K, committed 14272K, reserved 851968K
}
Event: 63.413 GC heap before
{Heap before GC invocations=61 (full 0):
 garbage-first heap   total 299008K, used 243523K [0x0000000700000000, 0x0000000800000000)
  region size 2048K, 36 young (73728K), 4 survivors (8192K)
 Metaspace       used 98467K, committed 99520K, reserved 983040K
  class space    used 13769K, committed 14272K, reserved 851968K
}
Event: 63.419 GC heap after
{Heap after GC invocations=62 (full 0):
 garbage-first heap   total 299008K, used 179363K [0x0000000700000000, 0x0000000800000000)
  region size 2048K, 2 young (4096K), 2 survivors (4096K)
 Metaspace       used 98467K, committed 99520K, reserved 983040K
  class space    used 13769K, committed 14272K, reserved 851968K
}

