# JRE version: OpenJDK Runtime Environment Temurin-17.0.18+8 (17.0.18+8) (build 17.0.18+8)
# Java VM: OpenJDK 64-Bit Server VM Temurin-17.0.18+8 (17.0.18+8, mixed mode, sharing, tiered, compressed oops, compressed class ptrs, g1 gc, windows-amd64)
GC Precious Log:
 CPUs: 8 total, 8 available
 Memory: 16043M
 Large Page Support: Disabled
 NUMA Support: Disabled
 Compressed Oops: Enabled (32-bit)
 Heap Region Size: 1M
 Heap Min Capacity: 8M
 Heap Initial Capacity: 252M
 Heap Max Capacity: 512M
 Pre-touch: Disabled
 Parallel Workers: 8
 Concurrent Workers: 2
 Concurrent Refinement Workers: 8
 Periodic GC: Disabled
Heap:
 garbage-first heap   total 394240K, used 317440K [0x00000000e0000000, 0x0000000100000000)
  region size 1024K, 46 young (47104K), 9 survivors (9216K)
 Metaspace       used 104631K, committed 106112K, reserved 294912K
  class space    used 14610K, committed 15296K, reserved 163840K
GC Heap History (20 events):
Event: 42.282 GC heap before
{Heap before GC invocations=120 (full 0):
 garbage-first heap   total 394240K, used 313000K [0x00000000e0000000, 0x0000000100000000)
  region size 1024K, 99 young (101376K), 12 survivors (12288K)
 Metaspace       used 100928K, committed 102144K, reserved 294912K
  class space    used 14138K, committed 14720K, reserved 163840K
}
Event: 42.295 GC heap after
{Heap after GC invocations=121 (full 0):
 garbage-first heap   total 394240K, used 229327K [0x00000000e0000000, 0x0000000100000000)
  region size 1024K, 8 young (8192K), 8 survivors (8192K)
 Metaspace       used 100928K, committed 102144K, reserved 294912K
  class space    used 14138K, committed 14720K, reserved 163840K
}
Event: 42.869 GC heap before
{Heap before GC invocations=121 (full 0):
 garbage-first heap   total 394240K, used 317391K [0x00000000e0000000, 0x0000000100000000)
  region size 1024K, 94 young (96256K), 8 survivors (8192K)
 Metaspace       used 100930K, committed 102144K, reserved 294912K
  class space    used 14138K, committed 14720K, reserved 163840K
}
Event: 42.876 GC heap after
{Heap after GC invocations=122 (full 0):
 garbage-first heap   total 394240K, used 230951K [0x00000000e0000000, 0x0000000100000000)
  region size 1024K, 5 young (5120K), 5 survivors (5120K)
 Metaspace       used 100930K, committed 102144K, reserved 294912K
  class space    used 14138K, committed 14720K, reserved 163840K
}
Event: 43.729 GC heap before
{Heap before GC invocations=122 (full 0):
 garbage-first heap   total 394240K, used 331303K [0x00000000e0000000, 0x0000000100000000)
  region size 1024K, 94 young (96256K), 5 survivors (5120K)
 Metaspace       used 101188K, committed 102464K, reserved 294912K
  class space    used 14176K, committed 14784K, reserved 163840K
}
Event: 43.741 GC heap after
{Heap after GC invocations=123 (full 0):
 garbage-first heap   total 394240K, used 248761K [0x00000000e0000000, 0x0000000100000000)
  region size 1024K, 12 young (12288K), 12 survivors (12288K)
 Metaspace       used 101188K, committed 102464K, reserved 294912K
  class space    used 14176K, committed 14784K, reserved 163840K
}
Event: 44.156 GC heap before
{Heap before GC invocations=123 (full 0):
 garbage-first heap   total 394240K, used 323513K [0x00000000e0000000, 0x0000000100000000)
  region size 1024K, 86 young (88064K), 12 survivors (12288K)
 Metaspace       used 101188K, committed 102464K, reserved 294912K
  class space    used 14176K, committed 14784K, reserved 163840K
}
Event: 44.166 GC heap after
{Heap after GC invocations=124 (full 0):
 garbage-first heap   total 394240K, used 251286K [0x00000000e0000000, 0x0000000100000000)
  region size 1024K, 5 young (5120K), 5 survivors (5120K)
 Metaspace       used 101188K, committed 102464K, reserved 294912K
  class space    used 14176K, committed 14784K, reserved 163840K
}
Event: 44.747 GC heap before
{Heap before GC invocations=124 (full 0):
 garbage-first heap   total 394240K, used 328086K [0x00000000e0000000, 0x0000000100000000)
  region size 1024K, 80 young (81920K), 5 survivors (5120K)
 Metaspace       used 101549K, committed 102848K, reserved 294912K
  class space    used 14223K, committed 14848K, reserved 163840K
}
Event: 44.758 GC heap after
{Heap after GC invocations=125 (full 0):
 garbage-first heap   total 394240K, used 257247K [0x00000000e0000000, 0x0000000100000000)
  region size 1024K, 10 young (10240K), 10 survivors (10240K)
 Metaspace       used 101549K, committed 102848K, reserved 294912K
  class space    used 14223K, committed 14848K, reserved 163840K
}
Event: 45.440 GC heap before
{Heap before GC invocations=125 (full 0):
 garbage-first heap   total 394240K, used 327903K [0x00000000e0000000, 0x0000000100000000)
  region size 1024K, 80 young (81920K), 10 survivors (10240K)
 Metaspace       used 101924K, committed 103232K, reserved 294912K
  class space    used 14268K, committed 14912K, reserved 163840K
}
Event: 45.456 GC heap after
{Heap after GC invocations=126 (full 0):
 garbage-first heap   total 394240K, used 262502K [0x00000000e0000000, 0x0000000100000000)
  region size 1024K, 8 young (8192K), 8 survivors (8192K)
 Metaspace       used 101924K, committed 103232K, reserved 294912K
  class space    used 14268K, committed 14912K, reserved 163840K
}
Event: 45.875 GC heap before
{Heap before GC invocations=126 (full 0):
 garbage-first heap   total 394240K, used 329062K [0x00000000e0000000, 0x0000000100000000)
  region size 1024K, 74 young (75776K), 8 survivors (8192K)
 Metaspace       used 101924K, committed 103232K, reserved 294912K
  class space    used 14268K, committed 14912K, reserved 163840K
}
Event: 45.883 GC heap after
{Heap after GC invocations=127 (full 0):
 garbage-first heap   total 394240K, used 263899K [0x00000000e0000000, 0x0000000100000000)
  region size 1024K, 4 young (4096K), 4 survivors (4096K)
 Metaspace       used 101924K, committed 103232K, reserved 294912K
  class space    used 14268K, committed 14912K, reserved 163840K
}
Event: 46.450 GC heap before
{Heap before GC invocations=127 (full 0):
 garbage-first heap   total 394240K, used 334555K [0x00000000e0000000, 0x0000000100000000)
  region size 1024K, 71 young (72704K), 4 survivors (4096K)
 Metaspace       used 102111K, committed 103552K, reserved 294912K
  class space    used 14296K, committed 14976K, reserved 163840K
}
Event: 46.459 GC heap after
{Heap after GC invocations=128 (full 0):
 garbage-first heap   total 394240K, used 271802K [0x00000000e0000000, 0x0000000100000000)
  region size 1024K, 9 young (9216K), 9 survivors (9216K)
 Metaspace       used 102111K, committed 103552K, reserved 294912K
  class space    used 14296K, committed 14976K, reserved 163840K
}
Event: 46.831 GC heap before
{Heap before GC invocations=128 (full 0):
 garbage-first heap   total 394240K, used 333242K [0x00000000e0000000, 0x0000000100000000)
  region size 1024K, 70 young (71680K), 9 survivors (9216K)
 Metaspace       used 102111K, committed 103552K, reserved 294912K
  class space    used 14296K, committed 14976K, reserved 163840K
}
Event: 46.841 GC heap after
{Heap after GC invocations=129 (full 0):
 garbage-first heap   total 394240K, used 273023K [0x00000000e0000000, 0x0000000100000000)
  region size 1024K, 4 young (4096K), 4 survivors (4096K)
 Metaspace       used 102111K, committed 103552K, reserved 294912K
  class space    used 14296K, committed 14976K, reserved 163840K
}
Event: 47.594 GC heap before
{Heap before GC invocations=129 (full 0):
 garbage-first heap   total 394240K, used 334463K [0x00000000e0000000, 0x0000000100000000)
  region size 1024K, 65 young (66560K), 4 survivors (4096K)
 Metaspace       used 103100K, committed 104512K, reserved 294912K
  class space    used 14430K, committed 15104K, reserved 163840K
}
Event: 47.612 GC heap after
{Heap after GC invocations=130 (full 0):
 garbage-first heap   total 394240K, used 280576K [0x00000000e0000000, 0x0000000100000000)
  region size 1024K, 9 young (9216K), 9 survivors (9216K)
 Metaspace       used 103100K, committed 104512K, reserved 294912K
  class space    used 14430K, committed 15104K, reserved 163840K
}

