# JRE version: OpenJDK Runtime Environment Temurin-17.0.18+8 (17.0.18+8) (build 17.0.18+8)
# Java VM: OpenJDK 64-Bit Server VM Temurin-17.0.18+8 (17.0.18+8, mixed mode, sharing, tiered, compressed oops, compressed class ptrs, g1 gc, windows-amd64)
GC Precious Log:
 CPUs: 8 total, 8 available
 Memory: 16043M
 Large Page Support: Disabled
 NUMA Support: Disabled
 Compressed Oops: Enabled (32-bit)
 Heap Region Size: 1M
 Heap Min Capacity: 8M
 Heap Initial Capacity: 252M
 Heap Max Capacity: 1536M
 Pre-touch: Disabled
 Parallel Workers: 8
 Concurrent Workers: 2
 Concurrent Refinement Workers: 8
 Periodic GC: Disabled
Heap:
 garbage-first heap   total 492544K, used 374132K [0x00000000a0000000, 0x0000000100000000)
  region size 1024K, 33 young (33792K), 10 survivors (10240K)
 Metaspace       used 116274K, committed 117952K, reserved 983040K
  class space    used 16170K, committed 16960K, reserved 851968K
GC Heap History (20 events):
Event: 78.449 GC heap before
{Heap before GC invocations=116 (full 0):
 garbage-first heap   total 492544K, used 396976K [0x00000000a0000000, 0x0000000100000000)
  region size 1024K, 154 young (157696K), 11 survivors (11264K)
 Metaspace       used 101770K, committed 102976K, reserved 983040K
  class space    used 14207K, committed 14784K, reserved 851968K
}
Event: 78.464 GC heap after
{Heap after GC invocations=117 (full 0):
 garbage-first heap   total 492544K, used 256306K [0x00000000a0000000, 0x0000000100000000)
  region size 1024K, 16 young (16384K), 16 survivors (16384K)
 Metaspace       used 101770K, committed 102976K, reserved 983040K
  class space    used 14207K, committed 14784K, reserved 851968K
}
Event: 80.182 GC heap before
{Heap before GC invocations=117 (full 0):
 garbage-first heap   total 492544K, used 400690K [0x00000000a0000000, 0x0000000100000000)
  region size 1024K, 157 young (160768K), 16 survivors (16384K)
 Metaspace       used 102438K, committed 103744K, reserved 983040K
  class space    used 14298K, committed 14912K, reserved 851968K
}
Event: 80.200 GC heap after
{Heap after GC invocations=118 (full 0):
 garbage-first heap   total 492544K, used 266994K [0x00000000a0000000, 0x0000000100000000)
  region size 1024K, 19 young (19456K), 19 survivors (19456K)
 Metaspace       used 102438K, committed 103744K, reserved 983040K
  class space    used 14298K, committed 14912K, reserved 851968K
}
Event: 81.826 GC heap before
{Heap before GC invocations=118 (full 0):
 garbage-first heap   total 492544K, used 406258K [0x00000000a0000000, 0x0000000100000000)
  region size 1024K, 152 young (155648K), 19 survivors (19456K)
 Metaspace       used 102614K, committed 104000K, reserved 983040K
  class space    used 14324K, committed 14976K, reserved 851968K
}
Event: 81.847 GC heap after
{Heap after GC invocations=119 (full 0):
 garbage-first heap   total 492544K, used 277045K [0x00000000a0000000, 0x0000000100000000)
  region size 1024K, 11 young (11264K), 11 survivors (11264K)
 Metaspace       used 102614K, committed 104000K, reserved 983040K
  class space    used 14324K, committed 14976K, reserved 851968K
}
Event: 84.072 GC heap before
{Heap before GC invocations=119 (full 0):
 garbage-first heap   total 492544K, used 407093K [0x00000000a0000000, 0x0000000100000000)
  region size 1024K, 138 young (141312K), 11 survivors (11264K)
 Metaspace       used 104915K, committed 106304K, reserved 983040K
  class space    used 14651K, committed 15296K, reserved 851968K
}
Event: 84.098 GC heap after
{Heap after GC invocations=120 (full 0):
 garbage-first heap   total 492544K, used 292144K [0x00000000a0000000, 0x0000000100000000)
  region size 1024K, 18 young (18432K), 18 survivors (18432K)
 Metaspace       used 104915K, committed 106304K, reserved 983040K
  class space    used 14651K, committed 15296K, reserved 851968K
}
Event: 86.499 GC heap before
{Heap before GC invocations=120 (full 0):
 garbage-first heap   total 492544K, used 400688K [0x00000000a0000000, 0x0000000100000000)
  region size 1024K, 125 young (128000K), 18 survivors (18432K)
 Metaspace       used 112919K, committed 114368K, reserved 983040K
  class space    used 15702K, committed 16384K, reserved 851968K
}
Event: 86.529 GC heap after
{Heap after GC invocations=121 (full 0):
 garbage-first heap   total 492544K, used 303312K [0x00000000a0000000, 0x0000000100000000)
  region size 1024K, 10 young (10240K), 10 survivors (10240K)
 Metaspace       used 112919K, committed 114368K, reserved 983040K
  class space    used 15702K, committed 16384K, reserved 851968K
}
Event: 88.561 GC heap before
{Heap before GC invocations=121 (full 0):
 garbage-first heap   total 492544K, used 406736K [0x00000000a0000000, 0x0000000100000000)
  region size 1024K, 111 young (113664K), 10 survivors (10240K)
 Metaspace       used 114381K, committed 116096K, reserved 983040K
  class space    used 15948K, committed 16768K, reserved 851968K
}
Event: 88.586 GC heap after
{Heap after GC invocations=122 (full 0):
 garbage-first heap   total 492544K, used 316169K [0x00000000a0000000, 0x0000000100000000)
  region size 1024K, 13 young (13312K), 13 survivors (13312K)
 Metaspace       used 114381K, committed 116096K, reserved 983040K
  class space    used 15948K, committed 16768K, reserved 851968K
}
Event: 159.615 GC heap before
{Heap before GC invocations=122 (full 0):
 garbage-first heap   total 492544K, used 409353K [0x00000000a0000000, 0x0000000100000000)
  region size 1024K, 105 young (107520K), 13 survivors (13312K)
 Metaspace       used 115913K, committed 117632K, reserved 983040K
  class space    used 16164K, committed 16960K, reserved 851968K
}
Event: 159.641 GC heap after
{Heap after GC invocations=123 (full 0):
 garbage-first heap   total 492544K, used 323284K [0x00000000a0000000, 0x0000000100000000)
  region size 1024K, 9 young (9216K), 9 survivors (9216K)
 Metaspace       used 115913K, committed 117632K, reserved 983040K
  class space    used 16164K, committed 16960K, reserved 851968K
}
Event: 161.181 GC heap before
{Heap before GC invocations=123 (full 0):
 garbage-first heap   total 492544K, used 413396K [0x00000000a0000000, 0x0000000100000000)
  region size 1024K, 97 young (99328K), 9 survivors (9216K)
 Metaspace       used 116082K, committed 117824K, reserved 983040K
  class space    used 16166K, committed 16960K, reserved 851968K
}
Event: 161.202 GC heap after
{Heap after GC invocations=124 (full 0):
 garbage-first heap   total 492544K, used 334545K [0x00000000a0000000, 0x0000000100000000)
  region size 1024K, 13 young (13312K), 13 survivors (13312K)
 Metaspace       used 116082K, committed 117824K, reserved 983040K
  class space    used 16166K, committed 16960K, reserved 851968K
}
Event: 162.151 GC heap before
{Heap before GC invocations=124 (full 0):
 garbage-first heap   total 492544K, used 413393K [0x00000000a0000000, 0x0000000100000000)
  region size 1024K, 90 young (92160K), 13 survivors (13312K)
 Metaspace       used 116145K, committed 117824K, reserved 983040K
  class space    used 16167K, committed 16960K, reserved 851968K
}
Event: 162.170 GC heap after
{Heap after GC invocations=125 (full 0):
 garbage-first heap   total 492544K, used 342814K [0x00000000a0000000, 0x0000000100000000)
  region size 1024K, 9 young (9216K), 9 survivors (9216K)
 Metaspace       used 116145K, committed 117824K, reserved 983040K
  class space    used 16167K, committed 16960K, reserved 851968K
}
Event: 163.122 GC heap before
{Heap before GC invocations=125 (full 0):
 garbage-first heap   total 492544K, used 416542K [0x00000000a0000000, 0x0000000100000000)
  region size 1024K, 81 young (82944K), 9 survivors (9216K)
 Metaspace       used 116248K, committed 117952K, reserved 983040K
  class space    used 16169K, committed 16960K, reserved 851968K
}
Event: 163.140 GC heap after
{Heap after GC invocations=126 (full 0):
 garbage-first heap   total 492544K, used 351604K [0x00000000a0000000, 0x0000000100000000)
  region size 1024K, 10 young (10240K), 10 survivors (10240K)
 Metaspace       used 116248K, committed 117952K, reserved 983040K
  class space    used 16169K, committed 16960K, reserved 851968K
}

