# JRE version: OpenJDK Runtime Environment Temurin-17.0.18+8 (17.0.18+8) (build 17.0.18+8)
# Java VM: OpenJDK 64-Bit Server VM Temurin-17.0.18+8 (17.0.18+8, mixed mode, sharing, tiered, compressed oops, compressed class ptrs, g1 gc, windows-amd64)
GC Precious Log:
 CPUs: 8 total, 8 available
 Memory: 16043M
 Large Page Support: Disabled
 NUMA Support: Disabled
 Compressed Oops: Enabled (32-bit)
 Heap Region Size: 1M
 Heap Min Capacity: 8M
 Heap Initial Capacity: 252M
 Heap Max Capacity: 1536M
 Pre-touch: Disabled
 Parallel Workers: 8
 Concurrent Workers: 2
 Concurrent Refinement Workers: 8
 Periodic GC: Disabled
Heap:
 garbage-first heap   total 357376K, used 324888K [0x00000000a0000000, 0x0000000100000000)
  region size 1024K, 14 young (14336K), 2 survivors (2048K)
 Metaspace       used 114614K, committed 116288K, reserved 983040K
  class space    used 15997K, committed 16768K, reserved 851968K
GC Heap History (20 events):
Event: 61.939 GC heap before
{Heap before GC invocations=139 (full 0):
 garbage-first heap   total 357376K, used 312466K [0x00000000a0000000, 0x0000000100000000)
  region size 1024K, 18 young (18432K), 2 survivors (2048K)
 Metaspace       used 110224K, committed 111680K, reserved 983040K
  class space    used 15394K, committed 16064K, reserved 851968K
}
Event: 61.942 GC heap after
{Heap after GC invocations=140 (full 0):
 garbage-first heap   total 357376K, used 296834K [0x00000000a0000000, 0x0000000100000000)
  region size 1024K, 2 young (2048K), 2 survivors (2048K)
 Metaspace       used 110224K, committed 111680K, reserved 983040K
  class space    used 15394K, committed 16064K, reserved 851968K
}
Event: 62.363 GC heap before
{Heap before GC invocations=140 (full 0):
 garbage-first heap   total 357376K, used 313218K [0x00000000a0000000, 0x0000000100000000)
  region size 1024K, 19 young (19456K), 2 survivors (2048K)
 Metaspace       used 112177K, committed 113664K, reserved 983040K
  class space    used 15615K, committed 16320K, reserved 851968K
}
Event: 62.369 GC heap after
{Heap after GC invocations=141 (full 0):
 garbage-first heap   total 357376K, used 298179K [0x00000000a0000000, 0x0000000100000000)
  region size 1024K, 3 young (3072K), 3 survivors (3072K)
 Metaspace       used 112177K, committed 113664K, reserved 983040K
  class space    used 15615K, committed 16320K, reserved 851968K
}
Event: 62.740 GC heap before
{Heap before GC invocations=141 (full 0):
 garbage-first heap   total 357376K, used 314563K [0x00000000a0000000, 0x0000000100000000)
  region size 1024K, 19 young (19456K), 3 survivors (3072K)
 Metaspace       used 112721K, committed 114240K, reserved 983040K
  class space    used 15688K, committed 16384K, reserved 851968K
}
Event: 62.746 GC heap after
{Heap after GC invocations=142 (full 0):
 garbage-first heap   total 357376K, used 300084K [0x00000000a0000000, 0x0000000100000000)
  region size 1024K, 3 young (3072K), 3 survivors (3072K)
 Metaspace       used 112721K, committed 114240K, reserved 983040K
  class space    used 15688K, committed 16384K, reserved 851968K
}
Event: 63.094 GC heap before
{Heap before GC invocations=142 (full 0):
 garbage-first heap   total 357376K, used 315444K [0x00000000a0000000, 0x0000000100000000)
  region size 1024K, 18 young (18432K), 3 survivors (3072K)
 Metaspace       used 113104K, committed 114752K, reserved 983040K
  class space    used 15750K, committed 16512K, reserved 851968K
}
Event: 63.103 GC heap after
{Heap after GC invocations=143 (full 0):
 garbage-first heap   total 357376K, used 303077K [0x00000000a0000000, 0x0000000100000000)
  region size 1024K, 3 young (3072K), 3 survivors (3072K)
 Metaspace       used 113104K, committed 114752K, reserved 983040K
  class space    used 15750K, committed 16512K, reserved 851968K
}
Event: 63.299 GC heap before
{Heap before GC invocations=143 (full 0):
 garbage-first heap   total 357376K, used 317413K [0x00000000a0000000, 0x0000000100000000)
  region size 1024K, 17 young (17408K), 3 survivors (3072K)
 Metaspace       used 113362K, committed 115008K, reserved 983040K
  class space    used 15790K, committed 16512K, reserved 851968K
}
Event: 63.306 GC heap after
{Heap after GC invocations=144 (full 0):
 garbage-first heap   total 357376K, used 305616K [0x00000000a0000000, 0x0000000100000000)
  region size 1024K, 3 young (3072K), 3 survivors (3072K)
 Metaspace       used 113362K, committed 115008K, reserved 983040K
  class space    used 15790K, committed 16512K, reserved 851968K
}
Event: 63.529 GC heap before
{Heap before GC invocations=144 (full 0):
 garbage-first heap   total 357376K, used 319952K [0x00000000a0000000, 0x0000000100000000)
  region size 1024K, 17 young (17408K), 3 survivors (3072K)
 Metaspace       used 113562K, committed 115200K, reserved 983040K
  class space    used 15816K, committed 16576K, reserved 851968K
}
Event: 63.537 GC heap after
{Heap after GC invocations=145 (full 0):
 garbage-first heap   total 357376K, used 308546K [0x00000000a0000000, 0x0000000100000000)
  region size 1024K, 3 young (3072K), 3 survivors (3072K)
 Metaspace       used 113562K, committed 115200K, reserved 983040K
  class space    used 15816K, committed 16576K, reserved 851968K
}
Event: 63.731 GC heap before
{Heap before GC invocations=145 (full 0):
 garbage-first heap   total 357376K, used 322882K [0x00000000a0000000, 0x0000000100000000)
  region size 1024K, 17 young (17408K), 3 survivors (3072K)
 Metaspace       used 113834K, committed 115520K, reserved 983040K
  class space    used 15870K, committed 16640K, reserved 851968K
}
Event: 63.738 GC heap after
{Heap after GC invocations=146 (full 0):
 garbage-first heap   total 357376K, used 310358K [0x00000000a0000000, 0x0000000100000000)
  region size 1024K, 2 young (2048K), 2 survivors (2048K)
 Metaspace       used 113834K, committed 115520K, reserved 983040K
  class space    used 15870K, committed 16640K, reserved 851968K
}
Event: 64.073 GC heap before
{Heap before GC invocations=146 (full 0):
 garbage-first heap   total 357376K, used 325718K [0x00000000a0000000, 0x0000000100000000)
  region size 1024K, 17 young (17408K), 2 survivors (2048K)
 Metaspace       used 114215K, committed 115968K, reserved 983040K
  class space    used 15936K, committed 16704K, reserved 851968K
}
Event: 64.081 GC heap after
{Heap after GC invocations=147 (full 0):
 garbage-first heap   total 357376K, used 312388K [0x00000000a0000000, 0x0000000100000000)
  region size 1024K, 3 young (3072K), 3 survivors (3072K)
 Metaspace       used 114215K, committed 115968K, reserved 983040K
  class space    used 15936K, committed 16704K, reserved 851968K
}
Event: 64.315 GC heap before
{Heap before GC invocations=147 (full 0):
 garbage-first heap   total 357376K, used 325700K [0x00000000a0000000, 0x0000000100000000)
  region size 1024K, 17 young (17408K), 3 survivors (3072K)
 Metaspace       used 114222K, committed 115968K, reserved 983040K
  class space    used 15936K, committed 16704K, reserved 851968K
}
Event: 64.320 GC heap after
{Heap after GC invocations=148 (full 0):
 garbage-first heap   total 357376K, used 313222K [0x00000000a0000000, 0x0000000100000000)
  region size 1024K, 1 young (1024K), 1 survivors (1024K)
 Metaspace       used 114222K, committed 115968K, reserved 983040K
  class space    used 15936K, committed 16704K, reserved 851968K
}
Event: 64.555 GC heap before
{Heap before GC invocations=148 (full 0):
 garbage-first heap   total 357376K, used 329606K [0x00000000a0000000, 0x0000000100000000)
  region size 1024K, 17 young (17408K), 1 survivors (1024K)
 Metaspace       used 114225K, committed 115968K, reserved 983040K
  class space    used 15937K, committed 16704K, reserved 851968K
}
Event: 64.556 GC heap after
{Heap after GC invocations=149 (full 0):
 garbage-first heap   total 357376K, used 313624K [0x00000000a0000000, 0x0000000100000000)
  region size 1024K, 2 young (2048K), 2 survivors (2048K)
 Metaspace       used 114225K, committed 115968K, reserved 983040K
  class space    used 15937K, committed 16704K, reserved 851968K
}

