# JRE version: OpenJDK Runtime Environment Temurin-17.0.18+8 (17.0.18+8) (build 17.0.18+8)
# Java VM: OpenJDK 64-Bit Server VM Temurin-17.0.18+8 (17.0.18+8, mixed mode, sharing, tiered, compressed oops, compressed class ptrs, serial gc, windows-amd64)
GC Precious Log:
 CPUs: 8 total, 8 available
 Memory: 16043M
 Large Page Support: Disabled
 NUMA Support: Disabled
 Compressed Oops: Enabled (32-bit)
 Heap Min Capacity: 8M
 Heap Initial Capacity: 252M
 Heap Max Capacity: 1G
 Pre-touch: Disabled
Heap:
 def new generation   total 173824K, used 61025K [0x00000000c0000000, 0x00000000cbc90000, 0x00000000d5550000)
  eden space 154560K,  27% used [0x00000000c0000000, 0x00000000c28c84a0, 0x00000000c96f0000)
  from space 19264K,  99% used [0x00000000ca9c0000, 0x00000000cbc8fff8, 0x00000000cbc90000)
  to   space 19264K,   0% used [0x00000000c96f0000, 0x00000000c96f0000, 0x00000000ca9c0000)
 tenured generation   total 385628K, used 239490K [0x00000000d5550000, 0x00000000ecde7000, 0x0000000100000000)
   the space 385628K,  62% used [0x00000000d5550000, 0x00000000e3f30950, 0x00000000e3f30a00, 0x00000000ecde7000)
 Metaspace       used 113876K, committed 115520K, reserved 344064K
  class space    used 15909K, committed 16640K, reserved 212992K
GC Heap History (20 events):
Event: 30.049 GC heap before
{Heap before GC invocations=34 (full 4):
 def new generation   total 101504K, used 96706K [0x00000000c0000000, 0x00000000c6e20000, 0x00000000d5550000)
  eden space 90240K,  99% used [0x00000000c0000000, 0x00000000c58067e8, 0x00000000c5820000)
  from space 11264K,  58% used [0x00000000c5820000, 0x00000000c5e8a290, 0x00000000c6320000)
  to   space 11264K,   0% used [0x00000000c6320000, 0x00000000c6320000, 0x00000000c6e20000)
 tenured generation   total 225040K, used 173742K [0x00000000d5550000, 0x00000000e3114000, 0x0000000100000000)
   the space 225040K,  77% used [0x00000000d5550000, 0x00000000dfefbb50, 0x00000000dfefbc00, 0x00000000e3114000)
 Metaspace       used 100362K, committed 101568K, reserved 344064K
  class space    used 14066K, committed 14592K, reserved 212992K
}
Event: 30.077 GC heap after
{Heap after GC invocations=35 (full 4):
 def new generation   total 101504K, used 9898K [0x00000000c0000000, 0x00000000c6e20000, 0x00000000d5550000)
  eden space 90240K,   0% used [0x00000000c0000000, 0x00000000c0000000, 0x00000000c5820000)
  from space 11264K,  87% used [0x00000000c6320000, 0x00000000c6ccaaf8, 0x00000000c6e20000)
  to   space 11264K,   0% used [0x00000000c5820000, 0x00000000c5820000, 0x00000000c6320000)
 tenured generation   total 225040K, used 178424K [0x00000000d5550000, 0x00000000e3114000, 0x0000000100000000)
   the space 225040K,  79% used [0x00000000d5550000, 0x00000000e038e240, 0x00000000e038e400, 0x00000000e3114000)
 Metaspace       used 100362K, committed 101568K, reserved 344064K
  class space    used 14066K, committed 14592K, reserved 212992K
}
Event: 30.706 GC heap before
{Heap before GC invocations=35 (full 4):
 def new generation   total 101504K, used 100138K [0x00000000c0000000, 0x00000000c6e20000, 0x00000000d5550000)
  eden space 90240K, 100% used [0x00000000c0000000, 0x00000000c5820000, 0x00000000c5820000)
  from space 11264K,  87% used [0x00000000c6320000, 0x00000000c6ccaaf8, 0x00000000c6e20000)
  to   space 11264K,   0% used [0x00000000c5820000, 0x00000000c5820000, 0x00000000c6320000)
 tenured generation   total 225040K, used 178424K [0x00000000d5550000, 0x00000000e3114000, 0x0000000100000000)
   the space 225040K,  79% used [0x00000000d5550000, 0x00000000e038e240, 0x00000000e038e400, 0x00000000e3114000)
 Metaspace       used 100512K, committed 101696K, reserved 344064K
  class space    used 14094K, committed 14592K, reserved 212992K
}
Event: 30.733 GC heap after
{Heap after GC invocations=36 (full 4):
 def new generation   total 101504K, used 10296K [0x00000000c0000000, 0x00000000c6e20000, 0x00000000d5550000)
  eden space 90240K,   0% used [0x00000000c0000000, 0x00000000c0000000, 0x00000000c5820000)
  from space 11264K,  91% used [0x00000000c5820000, 0x00000000c622e018, 0x00000000c6320000)
  to   space 11264K,   0% used [0x00000000c6320000, 0x00000000c6320000, 0x00000000c6e20000)
 tenured generation   total 225040K, used 186546K [0x00000000d5550000, 0x00000000e3114000, 0x0000000100000000)
   the space 225040K,  82% used [0x00000000d5550000, 0x00000000e0b7ca78, 0x00000000e0b7cc00, 0x00000000e3114000)
 Metaspace       used 100512K, committed 101696K, reserved 344064K
  class space    used 14094K, committed 14592K, reserved 212992K
}
Event: 31.354 GC heap before
{Heap before GC invocations=36 (full 4):
 def new generation   total 101504K, used 100536K [0x00000000c0000000, 0x00000000c6e20000, 0x00000000d5550000)
  eden space 90240K, 100% used [0x00000000c0000000, 0x00000000c5820000, 0x00000000c5820000)
  from space 11264K,  91% used [0x00000000c5820000, 0x00000000c622e018, 0x00000000c6320000)
  to   space 11264K,   0% used [0x00000000c6320000, 0x00000000c6320000, 0x00000000c6e20000)
 tenured generation   total 225040K, used 186546K [0x00000000d5550000, 0x00000000e3114000, 0x0000000100000000)
   the space 225040K,  82% used [0x00000000d5550000, 0x00000000e0b7ca78, 0x00000000e0b7cc00, 0x00000000e3114000)
 Metaspace       used 100652K, committed 101888K, reserved 344064K
  class space    used 14112K, committed 14656K, reserved 212992K
}
Event: 31.391 GC heap after
{Heap after GC invocations=37 (full 4):
 def new generation   total 101504K, used 6707K [0x00000000c0000000, 0x00000000c6e20000, 0x00000000d5550000)
  eden space 90240K,   0% used [0x00000000c0000000, 0x00000000c0000000, 0x00000000c5820000)
  from space 11264K,  59% used [0x00000000c6320000, 0x00000000c69acd78, 0x00000000c6e20000)
  to   space 11264K,   0% used [0x00000000c5820000, 0x00000000c5820000, 0x00000000c6320000)
 tenured generation   total 225040K, used 195004K [0x00000000d5550000, 0x00000000e3114000, 0x0000000100000000)
   the space 225040K,  86% used [0x00000000d5550000, 0x00000000e13bf190, 0x00000000e13bf200, 0x00000000e3114000)
 Metaspace       used 100652K, committed 101888K, reserved 344064K
  class space    used 14112K, committed 14656K, reserved 212992K
}
Event: 32.051 GC heap before
{Heap before GC invocations=37 (full 4):
 def new generation   total 101504K, used 96947K [0x00000000c0000000, 0x00000000c6e20000, 0x00000000d5550000)
  eden space 90240K, 100% used [0x00000000c0000000, 0x00000000c5820000, 0x00000000c5820000)
  from space 11264K,  59% used [0x00000000c6320000, 0x00000000c69acd78, 0x00000000c6e20000)
  to   space 11264K,   0% used [0x00000000c5820000, 0x00000000c5820000, 0x00000000c6320000)
 tenured generation   total 225040K, used 195004K [0x00000000d5550000, 0x00000000e3114000, 0x0000000100000000)
   the space 225040K,  86% used [0x00000000d5550000, 0x00000000e13bf190, 0x00000000e13bf200, 0x00000000e3114000)
 Metaspace       used 101020K, committed 102272K, reserved 344064K
  class space    used 14162K, committed 14720K, reserved 212992K
}
Event: 32.087 GC heap after
{Heap after GC invocations=38 (full 4):
 def new generation   total 101504K, used 9534K [0x00000000c0000000, 0x00000000c6e20000, 0x00000000d5550000)
  eden space 90240K,   0% used [0x00000000c0000000, 0x00000000c0000000, 0x00000000c5820000)
  from space 11264K,  84% used [0x00000000c5820000, 0x00000000c616f9e8, 0x00000000c6320000)
  to   space 11264K,   0% used [0x00000000c6320000, 0x00000000c6320000, 0x00000000c6e20000)
 tenured generation   total 225040K, used 199778K [0x00000000d5550000, 0x00000000e3114000, 0x0000000100000000)
   the space 225040K,  88% used [0x00000000d5550000, 0x00000000e1868a38, 0x00000000e1868c00, 0x00000000e3114000)
 Metaspace       used 101020K, committed 102272K, reserved 344064K
  class space    used 14162K, committed 14720K, reserved 212992K
}
Event: 32.697 GC heap before
{Heap before GC invocations=38 (full 4):
 def new generation   total 101504K, used 99774K [0x00000000c0000000, 0x00000000c6e20000, 0x00000000d5550000)
  eden space 90240K, 100% used [0x00000000c0000000, 0x00000000c5820000, 0x00000000c5820000)
  from space 11264K,  84% used [0x00000000c5820000, 0x00000000c616f9e8, 0x00000000c6320000)
  to   space 11264K,   0% used [0x00000000c6320000, 0x00000000c6320000, 0x00000000c6e20000)
 tenured generation   total 225040K, used 199778K [0x00000000d5550000, 0x00000000e3114000, 0x0000000100000000)
   the space 225040K,  88% used [0x00000000d5550000, 0x00000000e1868a38, 0x00000000e1868c00, 0x00000000e3114000)
 Metaspace       used 101164K, committed 102464K, reserved 344064K
  class space    used 14178K, committed 14784K, reserved 212992K
}
Event: 32.729 GC heap after
{Heap after GC invocations=39 (full 4):
 def new generation   total 101504K, used 6992K [0x00000000c0000000, 0x00000000c6e20000, 0x00000000d5550000)
  eden space 90240K,   0% used [0x00000000c0000000, 0x00000000c0000000, 0x00000000c5820000)
  from space 11264K,  62% used [0x00000000c6320000, 0x00000000c69f4000, 0x00000000c6e20000)
  to   space 11264K,   0% used [0x00000000c5820000, 0x00000000c5820000, 0x00000000c6320000)
 tenured generation   total 225040K, used 207480K [0x00000000d5550000, 0x00000000e3114000, 0x0000000100000000)
   the space 225040K,  92% used [0x00000000d5550000, 0x00000000e1fee358, 0x00000000e1fee400, 0x00000000e3114000)
 Metaspace       used 101164K, committed 102464K, reserved 344064K
  class space    used 14178K, committed 14784K, reserved 212992K
}
Event: 33.184 GC heap before
{Heap before GC invocations=39 (full 4):
 def new generation   total 101504K, used 97232K [0x00000000c0000000, 0x00000000c6e20000, 0x00000000d5550000)
  eden space 90240K, 100% used [0x00000000c0000000, 0x00000000c5820000, 0x00000000c5820000)
  from space 11264K,  62% used [0x00000000c6320000, 0x00000000c69f4000, 0x00000000c6e20000)
  to   space 11264K,   0% used [0x00000000c5820000, 0x00000000c5820000, 0x00000000c6320000)
 tenured generation   total 225040K, used 207480K [0x00000000d5550000, 0x00000000e3114000, 0x0000000100000000)
   the space 225040K,  92% used [0x00000000d5550000, 0x00000000e1fee358, 0x00000000e1fee400, 0x00000000e3114000)
 Metaspace       used 101410K, committed 102720K, reserved 344064K
  class space    used 14212K, committed 14784K, reserved 212992K
}
Event: 33.213 GC heap after
{Heap after GC invocations=40 (full 4):
 def new generation   total 101504K, used 9942K [0x00000000c0000000, 0x00000000c6e20000, 0x00000000d5550000)
  eden space 90240K,   0% used [0x00000000c0000000, 0x00000000c0000000, 0x00000000c5820000)
  from space 11264K,  88% used [0x00000000c5820000, 0x00000000c61d5b38, 0x00000000c6320000)
  to   space 11264K,   0% used [0x00000000c6320000, 0x00000000c6320000, 0x00000000c6e20000)
 tenured generation   total 225040K, used 212586K [0x00000000d5550000, 0x00000000e3114000, 0x0000000100000000)
   the space 225040K,  94% used [0x00000000d5550000, 0x00000000e24eaab0, 0x00000000e24eac00, 0x00000000e3114000)
 Metaspace       used 101410K, committed 102720K, reserved 344064K
  class space    used 14212K, committed 14784K, reserved 212992K
}
Event: 33.755 GC heap before
{Heap before GC invocations=40 (full 4):
 def new generation   total 101504K, used 100182K [0x00000000c0000000, 0x00000000c6e20000, 0x00000000d5550000)
  eden space 90240K, 100% used [0x00000000c0000000, 0x00000000c5820000, 0x00000000c5820000)
  from space 11264K,  88% used [0x00000000c5820000, 0x00000000c61d5b38, 0x00000000c6320000)
  to   space 11264K,   0% used [0x00000000c6320000, 0x00000000c6320000, 0x00000000c6e20000)
 tenured generation   total 225040K, used 212586K [0x00000000d5550000, 0x00000000e3114000, 0x0000000100000000)
   the space 225040K,  94% used [0x00000000d5550000, 0x00000000e24eaab0, 0x00000000e24eac00, 0x00000000e3114000)
 Metaspace       used 102043K, committed 103424K, reserved 344064K
  class space    used 14290K, committed 14912K, reserved 212992K
}
Event: 33.801 GC heap after
{Heap after GC invocations=41 (full 4):
 def new generation   total 101504K, used 9448K [0x00000000c0000000, 0x00000000c6e20000, 0x00000000d5550000)
  eden space 90240K,   0% used [0x00000000c0000000, 0x00000000c0000000, 0x00000000c5820000)
  from space 11264K,  83% used [0x00000000c6320000, 0x00000000c6c5a208, 0x00000000c6e20000)
  to   space 11264K,   0% used [0x00000000c5820000, 0x00000000c5820000, 0x00000000c6320000)
 tenured generation   total 225040K, used 220828K [0x00000000d5550000, 0x00000000e3114000, 0x0000000100000000)
   the space 225040K,  98% used [0x00000000d5550000, 0x00000000e2cf71d8, 0x00000000e2cf7200, 0x00000000e3114000)
 Metaspace       used 102043K, committed 103424K, reserved 344064K
  class space    used 14290K, committed 14912K, reserved 212992K
}
Event: 34.938 GC heap before
{Heap before GC invocations=41 (full 4):
 def new generation   total 101504K, used 99688K [0x00000000c0000000, 0x00000000c6e20000, 0x00000000d5550000)
  eden space 90240K, 100% used [0x00000000c0000000, 0x00000000c5820000, 0x00000000c5820000)
  from space 11264K,  83% used [0x00000000c6320000, 0x00000000c6c5a208, 0x00000000c6e20000)
  to   space 11264K,   0% used [0x00000000c5820000, 0x00000000c5820000, 0x00000000c6320000)
 tenured generation   total 225040K, used 220828K [0x00000000d5550000, 0x00000000e3114000, 0x0000000100000000)
   the space 225040K,  98% used [0x00000000d5550000, 0x00000000e2cf71d8, 0x00000000e2cf7200, 0x00000000e3114000)
 Metaspace       used 106936K, committed 108352K, reserved 344064K
  class space    used 14891K, committed 15552K, reserved 212992K
}
Event: 35.008 GC heap after
{Heap after GC invocations=42 (full 4):
 def new generation   total 101504K, used 11263K [0x00000000c0000000, 0x00000000c6e20000, 0x00000000d5550000)
  eden space 90240K,   0% used [0x00000000c0000000, 0x00000000c0000000, 0x00000000c5820000)
  from space 11264K,  99% used [0x00000000c5820000, 0x00000000c631fff8, 0x00000000c6320000)
  to   space 11264K,   0% used [0x00000000c6320000, 0x00000000c6320000, 0x00000000c6e20000)
 tenured generation   total 231376K, used 231190K [0x00000000d5550000, 0x00000000e3744000, 0x0000000100000000)
   the space 231376K,  99% used [0x00000000d5550000, 0x00000000e3715928, 0x00000000e3715a00, 0x00000000e3744000)
 Metaspace       used 106936K, committed 108352K, reserved 344064K
  class space    used 14891K, committed 15552K, reserved 212992K
}
Event: 35.008 GC heap before
{Heap before GC invocations=42 (full 4):
 def new generation   total 101504K, used 11263K [0x00000000c0000000, 0x00000000c6e20000, 0x00000000d5550000)
  eden space 90240K,   0% used [0x00000000c0000000, 0x00000000c0000000, 0x00000000c5820000)
  from space 11264K,  99% used [0x00000000c5820000, 0x00000000c631fff8, 0x00000000c6320000)
  to   space 11264K,   0% used [0x00000000c6320000, 0x00000000c6320000, 0x00000000c6e20000)
 tenured generation   total 231376K, used 231190K [0x00000000d5550000, 0x00000000e3744000, 0x0000000100000000)
   the space 231376K,  99% used [0x00000000d5550000, 0x00000000e3715928, 0x00000000e3715a00, 0x00000000e3744000)
 Metaspace       used 106936K, committed 108352K, reserved 344064K
  class space    used 14891K, committed 15552K, reserved 212992K
}
Event: 35.414 GC heap after
{Heap after GC invocations=42 (full 5):
 def new generation   total 173824K, used 11070K [0x00000000c0000000, 0x00000000cbc90000, 0x00000000d5550000)
  eden space 154560K,   7% used [0x00000000c0000000, 0x00000000c0acf930, 0x00000000c96f0000)
  from space 19264K,   0% used [0x00000000c96f0000, 0x00000000c96f0000, 0x00000000ca9c0000)
  to   space 19264K,   0% used [0x00000000ca9c0000, 0x00000000ca9c0000, 0x00000000cbc90000)
 tenured generation   total 385628K, used 231375K [0x00000000d5550000, 0x00000000ecde7000, 0x0000000100000000)
   the space 385628K,  59% used [0x00000000d5550000, 0x00000000e3743f80, 0x00000000e3744000, 0x00000000ecde7000)
 Metaspace       used 106936K, committed 108352K, reserved 344064K
  class space    used 14891K, committed 15552K, reserved 212992K
}
Event: 37.051 GC heap before
{Heap before GC invocations=42 (full 5):
 def new generation   total 173824K, used 154560K [0x00000000c0000000, 0x00000000cbc90000, 0x00000000d5550000)
  eden space 154560K, 100% used [0x00000000c0000000, 0x00000000c96f0000, 0x00000000c96f0000)
  from space 19264K,   0% used [0x00000000c96f0000, 0x00000000c96f0000, 0x00000000ca9c0000)
  to   space 19264K,   0% used [0x00000000ca9c0000, 0x00000000ca9c0000, 0x00000000cbc90000)
 tenured generation   total 385628K, used 231375K [0x00000000d5550000, 0x00000000ecde7000, 0x0000000100000000)
   the space 385628K,  59% used [0x00000000d5550000, 0x00000000e3743f80, 0x00000000e3744000, 0x00000000ecde7000)
 Metaspace       used 113474K, committed 115072K, reserved 344064K
  class space    used 15849K, committed 16576K, reserved 212992K
}
Event: 37.257 GC heap after
{Heap after GC invocations=43 (full 5):
 def new generation   total 173824K, used 19263K [0x00000000c0000000, 0x00000000cbc90000, 0x00000000d5550000)
  eden space 154560K,   0% used [0x00000000c0000000, 0x00000000c0000000, 0x00000000c96f0000)
  from space 19264K,  99% used [0x00000000ca9c0000, 0x00000000cbc8fff8, 0x00000000cbc90000)
  to   space 19264K,   0% used [0x00000000c96f0000, 0x00000000c96f0000, 0x00000000ca9c0000)
 tenured generation   total 385628K, used 239490K [0x00000000d5550000, 0x00000000ecde7000, 0x0000000100000000)
   the space 385628K,  62% used [0x00000000d5550000, 0x00000000e3f30950, 0x00000000e3f30a00, 0x00000000ecde7000)
 Metaspace       used 113474K, committed 115072K, reserved 344064K
  class space    used 15849K, committed 16576K, reserved 212992K
}

