# JRE version: OpenJDK Runtime Environment Temurin-17.0.18+8 (17.0.18+8) (build 17.0.18+8)
# Java VM: OpenJDK 64-Bit Server VM Temurin-17.0.18+8 (17.0.18+8, mixed mode, sharing, tiered, compressed oops, compressed class ptrs, g1 gc, windows-amd64)
GC Precious Log:
 CPUs: 8 total, 8 available
 Memory: 16043M
 Large Page Support: Disabled
 NUMA Support: Disabled
 Compressed Oops: Enabled (32-bit)
 Heap Region Size: 1M
 Heap Min Capacity: 8M
 Heap Initial Capacity: 252M
 Heap Max Capacity: 1536M
 Pre-touch: Disabled
 Parallel Workers: 8
 Concurrent Workers: 2
 Concurrent Refinement Workers: 8
 Periodic GC: Disabled
Heap:
 garbage-first heap   total 154624K, used 132681K [0x00000000a0000000, 0x0000000100000000)
  region size 1024K, 15 young (15360K), 1 survivors (1024K)
 Metaspace       used 83099K, committed 84032K, reserved 344064K
  class space    used 11567K, committed 12032K, reserved 212992K
GC Heap History (20 events):
Event: 24.855 GC heap before
{Heap before GC invocations=36 (full 0):
 garbage-first heap   total 154624K, used 135086K [0x00000000a0000000, 0x0000000100000000)
  region size 1024K, 50 young (51200K), 5 survivors (5120K)
 Metaspace       used 69259K, committed 69888K, reserved 278528K
  class space    used 9827K, committed 10112K, reserved 212992K
}
Event: 24.862 GC heap after
{Heap after GC invocations=37 (full 0):
 garbage-first heap   total 154624K, used 96106K [0x00000000a0000000, 0x0000000100000000)
  region size 1024K, 7 young (7168K), 7 survivors (7168K)
 Metaspace       used 69259K, committed 69888K, reserved 278528K
  class space    used 9827K, committed 10112K, reserved 212992K
}
Event: 25.957 GC heap before
{Heap before GC invocations=37 (full 0):
 garbage-first heap   total 154624K, used 127850K [0x00000000a0000000, 0x0000000100000000)
  region size 1024K, 35 young (35840K), 7 survivors (7168K)
 Metaspace       used 70881K, committed 71680K, reserved 278528K
  class space    used 10038K, committed 10432K, reserved 212992K
}
Event: 25.964 GC heap after
{Heap after GC invocations=38 (full 0):
 garbage-first heap   total 154624K, used 104469K [0x00000000a0000000, 0x0000000100000000)
  region size 1024K, 4 young (4096K), 4 survivors (4096K)
 Metaspace       used 70881K, committed 71680K, reserved 278528K
  class space    used 10038K, committed 10432K, reserved 212992K
}
Event: 26.457 GC heap before
{Heap before GC invocations=38 (full 0):
 garbage-first heap   total 154624K, used 124949K [0x00000000a0000000, 0x0000000100000000)
  region size 1024K, 25 young (25600K), 4 survivors (4096K)
 Metaspace       used 72612K, committed 73408K, reserved 278528K
  class space    used 10216K, committed 10624K, reserved 212992K
}
Event: 26.461 GC heap after
{Heap after GC invocations=39 (full 0):
 garbage-first heap   total 154624K, used 105463K [0x00000000a0000000, 0x0000000100000000)
  region size 1024K, 2 young (2048K), 2 survivors (2048K)
 Metaspace       used 72612K, committed 73408K, reserved 278528K
  class space    used 10216K, committed 10624K, reserved 212992K
}
Event: 27.006 GC heap before
{Heap before GC invocations=39 (full 0):
 garbage-first heap   total 154624K, used 127991K [0x00000000a0000000, 0x0000000100000000)
  region size 1024K, 24 young (24576K), 2 survivors (2048K)
 Metaspace       used 74488K, committed 75264K, reserved 278528K
  class space    used 10433K, committed 10816K, reserved 212992K
}
Event: 27.010 GC heap after
{Heap after GC invocations=40 (full 0):
 garbage-first heap   total 154624K, used 105826K [0x00000000a0000000, 0x0000000100000000)
  region size 1024K, 2 young (2048K), 2 survivors (2048K)
 Metaspace       used 74488K, committed 75264K, reserved 278528K
  class space    used 10433K, committed 10816K, reserved 212992K
}
Event: 27.545 GC heap before
{Heap before GC invocations=40 (full 0):
 garbage-first heap   total 154624K, used 134498K [0x00000000a0000000, 0x0000000100000000)
  region size 1024K, 25 young (25600K), 2 survivors (2048K)
 Metaspace       used 76200K, committed 76992K, reserved 344064K
  class space    used 10651K, committed 11008K, reserved 212992K
}
Event: 27.550 GC heap after
{Heap after GC invocations=41 (full 0):
 garbage-first heap   total 154624K, used 110592K [0x00000000a0000000, 0x0000000100000000)
  region size 1024K, 4 young (4096K), 4 survivors (4096K)
 Metaspace       used 76200K, committed 76992K, reserved 344064K
  class space    used 10651K, committed 11008K, reserved 212992K
}
Event: 28.012 GC heap before
{Heap before GC invocations=41 (full 0):
 garbage-first heap   total 154624K, used 129024K [0x00000000a0000000, 0x0000000100000000)
  region size 1024K, 22 young (22528K), 4 survivors (4096K)
 Metaspace       used 77560K, committed 78400K, reserved 344064K
  class space    used 10820K, committed 11200K, reserved 212992K
}
Event: 28.016 GC heap after
{Heap after GC invocations=42 (full 0):
 garbage-first heap   total 154624K, used 111713K [0x00000000a0000000, 0x0000000100000000)
  region size 1024K, 2 young (2048K), 2 survivors (2048K)
 Metaspace       used 77560K, committed 78400K, reserved 344064K
  class space    used 10820K, committed 11200K, reserved 212992K
}
Event: 28.506 GC heap before
{Heap before GC invocations=42 (full 0):
 garbage-first heap   total 154624K, used 129121K [0x00000000a0000000, 0x0000000100000000)
  region size 1024K, 19 young (19456K), 2 survivors (2048K)
 Metaspace       used 78705K, committed 79488K, reserved 344064K
  class space    used 10967K, committed 11328K, reserved 212992K
}
Event: 28.509 GC heap after
{Heap after GC invocations=43 (full 0):
 garbage-first heap   total 154624K, used 112561K [0x00000000a0000000, 0x0000000100000000)
  region size 1024K, 2 young (2048K), 2 survivors (2048K)
 Metaspace       used 78705K, committed 79488K, reserved 344064K
  class space    used 10967K, committed 11328K, reserved 212992K
}
Event: 28.995 GC heap before
{Heap before GC invocations=43 (full 0):
 garbage-first heap   total 154624K, used 130993K [0x00000000a0000000, 0x0000000100000000)
  region size 1024K, 20 young (20480K), 2 survivors (2048K)
 Metaspace       used 79983K, committed 80768K, reserved 344064K
  class space    used 11145K, committed 11520K, reserved 212992K
}
Event: 28.999 GC heap after
{Heap after GC invocations=44 (full 0):
 garbage-first heap   total 154624K, used 113318K [0x00000000a0000000, 0x0000000100000000)
  region size 1024K, 2 young (2048K), 2 survivors (2048K)
 Metaspace       used 79983K, committed 80768K, reserved 344064K
  class space    used 11145K, committed 11520K, reserved 212992K
}
Event: 29.526 GC heap before
{Heap before GC invocations=44 (full 0):
 garbage-first heap   total 154624K, used 134822K [0x00000000a0000000, 0x0000000100000000)
  region size 1024K, 20 young (20480K), 2 survivors (2048K)
 Metaspace       used 81289K, committed 82048K, reserved 344064K
  class space    used 11328K, committed 11712K, reserved 212992K
}
Event: 29.531 GC heap after
{Heap after GC invocations=45 (full 0):
 garbage-first heap   total 154624K, used 118815K [0x00000000a0000000, 0x0000000100000000)
  region size 1024K, 3 young (3072K), 3 survivors (3072K)
 Metaspace       used 81289K, committed 82048K, reserved 344064K
  class space    used 11328K, committed 11712K, reserved 212992K
}
Event: 29.847 GC heap before
{Heap before GC invocations=45 (full 0):
 garbage-first heap   total 154624K, used 132127K [0x00000000a0000000, 0x0000000100000000)
  region size 1024K, 16 young (16384K), 3 survivors (3072K)
 Metaspace       used 82289K, committed 83072K, reserved 344064K
  class space    used 11451K, committed 11840K, reserved 212992K
}
Event: 29.851 GC heap after
{Heap after GC invocations=46 (full 0):
 garbage-first heap   total 154624K, used 119369K [0x00000000a0000000, 0x0000000100000000)
  region size 1024K, 1 young (1024K), 1 survivors (1024K)
 Metaspace       used 82289K, committed 83072K, reserved 344064K
  class space    used 11451K, committed 11840K, reserved 212992K
}

