# JRE version: OpenJDK Runtime Environment Temurin-17.0.18+8 (17.0.18+8) (build 17.0.18+8)
# Java VM: OpenJDK 64-Bit Server VM Temurin-17.0.18+8 (17.0.18+8, mixed mode, sharing, tiered, compressed oops, compressed class ptrs, g1 gc, windows-amd64)
GC Precious Log:
 CPUs: 8 total, 8 available
 Memory: 16043M
 Large Page Support: Disabled
 NUMA Support: Disabled
 Compressed Oops: Enabled (32-bit)
 Heap Region Size: 1M
 Heap Min Capacity: 8M
 Heap Initial Capacity: 252M
 Heap Max Capacity: 1G
 Pre-touch: Disabled
 Parallel Workers: 8
 Concurrent Workers: 2
 Concurrent Refinement Workers: 8
 Periodic GC: Disabled
Heap:
 garbage-first heap   total 406528K, used 322736K [0x00000000c0000000, 0x0000000100000000)
  region size 1024K, 19 young (19456K), 7 survivors (7168K)
 Metaspace       used 115214K, committed 116992K, reserved 344064K
  class space    used 16099K, committed 16896K, reserved 212992K
GC Heap History (20 events):
Event: 39.233 GC heap before
{Heap before GC invocations=129 (full 0):
 garbage-first heap   total 406528K, used 334458K [0x00000000c0000000, 0x0000000100000000)
  region size 1024K, 95 young (97280K), 13 survivors (13312K)
 Metaspace       used 101350K, committed 102656K, reserved 344064K
  class space    used 14138K, committed 14720K, reserved 212992K
}
Event: 39.244 GC heap after
{Heap after GC invocations=130 (full 0):
 garbage-first heap   total 406528K, used 253400K [0x00000000c0000000, 0x0000000100000000)
  region size 1024K, 5 young (5120K), 5 survivors (5120K)
 Metaspace       used 101350K, committed 102656K, reserved 344064K
  class space    used 14138K, committed 14720K, reserved 212992K
}
Event: 40.160 GC heap before
{Heap before GC invocations=130 (full 0):
 garbage-first heap   total 406528K, used 338392K [0x00000000c0000000, 0x0000000100000000)
  region size 1024K, 88 young (90112K), 5 survivors (5120K)
 Metaspace       used 101982K, committed 103360K, reserved 344064K
  class space    used 14226K, committed 14848K, reserved 212992K
}
Event: 40.174 GC heap after
{Heap after GC invocations=131 (full 0):
 garbage-first heap   total 406528K, used 262502K [0x00000000c0000000, 0x0000000100000000)
  region size 1024K, 11 young (11264K), 11 survivors (11264K)
 Metaspace       used 101982K, committed 103360K, reserved 344064K
  class space    used 14226K, committed 14848K, reserved 212992K
}
Event: 40.568 GC heap before
{Heap before GC invocations=131 (full 0):
 garbage-first heap   total 406528K, used 337254K [0x00000000c0000000, 0x0000000100000000)
  region size 1024K, 85 young (87040K), 11 survivors (11264K)
 Metaspace       used 101982K, committed 103360K, reserved 344064K
  class space    used 14226K, committed 14848K, reserved 212992K
}
Event: 40.580 GC heap after
{Heap after GC invocations=132 (full 0):
 garbage-first heap   total 406528K, used 266191K [0x00000000c0000000, 0x0000000100000000)
  region size 1024K, 5 young (5120K), 5 survivors (5120K)
 Metaspace       used 101982K, committed 103360K, reserved 344064K
  class space    used 14226K, committed 14848K, reserved 212992K
}
Event: 41.128 GC heap before
{Heap before GC invocations=132 (full 0):
 garbage-first heap   total 406528K, used 344015K [0x00000000c0000000, 0x0000000100000000)
  region size 1024K, 79 young (80896K), 5 survivors (5120K)
 Metaspace       used 102151K, committed 103616K, reserved 344064K
  class space    used 14254K, committed 14912K, reserved 212992K
}
Event: 41.136 GC heap after
{Heap after GC invocations=133 (full 0):
 garbage-first heap   total 406528K, used 273625K [0x00000000c0000000, 0x0000000100000000)
  region size 1024K, 10 young (10240K), 10 survivors (10240K)
 Metaspace       used 102151K, committed 103616K, reserved 344064K
  class space    used 14254K, committed 14912K, reserved 212992K
}
Event: 41.486 GC heap before
{Heap before GC invocations=133 (full 0):
 garbage-first heap   total 406528K, used 341209K [0x00000000c0000000, 0x0000000100000000)
  region size 1024K, 77 young (78848K), 10 survivors (10240K)
 Metaspace       used 102151K, committed 103616K, reserved 344064K
  class space    used 14254K, committed 14912K, reserved 212992K
}
Event: 41.493 GC heap after
{Heap after GC invocations=134 (full 0):
 garbage-first heap   total 406528K, used 275022K [0x00000000c0000000, 0x0000000100000000)
  region size 1024K, 4 young (4096K), 4 survivors (4096K)
 Metaspace       used 102151K, committed 103616K, reserved 344064K
  class space    used 14254K, committed 14912K, reserved 212992K
}
Event: 42.239 GC heap before
{Heap before GC invocations=134 (full 0):
 garbage-first heap   total 406528K, used 344654K [0x00000000c0000000, 0x0000000100000000)
  region size 1024K, 73 young (74752K), 4 survivors (4096K)
 Metaspace       used 103196K, committed 104640K, reserved 344064K
  class space    used 14431K, committed 15104K, reserved 212992K
}
Event: 42.254 GC heap after
{Heap after GC invocations=135 (full 0):
 garbage-first heap   total 406528K, used 282889K [0x00000000c0000000, 0x0000000100000000)
  region size 1024K, 10 young (10240K), 10 survivors (10240K)
 Metaspace       used 103196K, committed 104640K, reserved 344064K
  class space    used 14431K, committed 15104K, reserved 212992K
}
Event: 43.166 GC heap before
{Heap before GC invocations=135 (full 0):
 garbage-first heap   total 406528K, used 344329K [0x00000000c0000000, 0x0000000100000000)
  region size 1024K, 70 young (71680K), 10 survivors (10240K)
 Metaspace       used 106007K, committed 107520K, reserved 344064K
  class space    used 14767K, committed 15488K, reserved 212992K
}
Event: 43.188 GC heap after
{Heap after GC invocations=136 (full 0):
 garbage-first heap   total 406528K, used 293806K [0x00000000c0000000, 0x0000000100000000)
  region size 1024K, 9 young (9216K), 9 survivors (9216K)
 Metaspace       used 106007K, committed 107520K, reserved 344064K
  class space    used 14767K, committed 15488K, reserved 212992K
}
Event: 43.974 GC heap before
{Heap before GC invocations=136 (full 0):
 garbage-first heap   total 406528K, used 343982K [0x00000000c0000000, 0x0000000100000000)
  region size 1024K, 58 young (59392K), 9 survivors (9216K)
 Metaspace       used 111401K, committed 112896K, reserved 344064K
  class space    used 15506K, committed 16192K, reserved 212992K
}
Event: 43.987 GC heap after
{Heap after GC invocations=137 (full 0):
 garbage-first heap   total 406528K, used 297803K [0x00000000c0000000, 0x0000000100000000)
  region size 1024K, 3 young (3072K), 3 survivors (3072K)
 Metaspace       used 111401K, committed 112896K, reserved 344064K
  class space    used 15506K, committed 16192K, reserved 212992K
}
Event: 44.704 GC heap before
{Heap before GC invocations=137 (full 0):
 garbage-first heap   total 406528K, used 346955K [0x00000000c0000000, 0x0000000100000000)
  region size 1024K, 51 young (52224K), 3 survivors (3072K)
 Metaspace       used 113059K, committed 114688K, reserved 344064K
  class space    used 15733K, committed 16448K, reserved 212992K
}
Event: 44.717 GC heap after
{Heap after GC invocations=138 (full 0):
 garbage-first heap   total 406528K, used 304046K [0x00000000c0000000, 0x0000000100000000)
  region size 1024K, 7 young (7168K), 7 survivors (7168K)
 Metaspace       used 113059K, committed 114688K, reserved 344064K
  class space    used 15733K, committed 16448K, reserved 212992K
}
Event: 45.987 GC heap before
{Heap before GC invocations=138 (full 0):
 garbage-first heap   total 406528K, used 351150K [0x00000000c0000000, 0x0000000100000000)
  region size 1024K, 50 young (51200K), 7 survivors (7168K)
 Metaspace       used 114398K, committed 116096K, reserved 344064K
  class space    used 15959K, committed 16704K, reserved 212992K
}
Event: 46.007 GC heap after
{Heap after GC invocations=139 (full 0):
 garbage-first heap   total 406528K, used 311472K [0x00000000c0000000, 0x0000000100000000)
  region size 1024K, 7 young (7168K), 7 survivors (7168K)
 Metaspace       used 114398K, committed 116096K, reserved 344064K
  class space    used 15959K, committed 16704K, reserved 212992K
}

