# JRE version: OpenJDK Runtime Environment Temurin-17.0.18+8 (17.0.18+8) (build 17.0.18+8)
# Java VM: OpenJDK 64-Bit Server VM Temurin-17.0.18+8 (17.0.18+8, mixed mode, sharing, tiered, compressed oops, compressed class ptrs, g1 gc, windows-amd64)
GC Precious Log:
 CPUs: 8 total, 8 available
 Memory: 16043M
 Large Page Support: Disabled
 NUMA Support: Disabled
 Compressed Oops: Enabled (32-bit)
 Heap Region Size: 1M
 Heap Min Capacity: 8M
 Heap Initial Capacity: 252M
 Heap Max Capacity: 2G
 Pre-touch: Disabled
 Parallel Workers: 8
 Concurrent Workers: 2
 Concurrent Refinement Workers: 8
 Periodic GC: Disabled
Heap:
 garbage-first heap   total 251904K, used 207625K [0x0000000080000000, 0x0000000100000000)
  region size 1024K, 27 young (27648K), 4 survivors (4096K)
 Metaspace       used 99832K, committed 100800K, reserved 557056K
  class space    used 13975K, committed 14400K, reserved 425984K
GC Heap History (20 events):
Event: 38.643 GC heap before
{Heap before GC invocations=49 (full 0):
 garbage-first heap   total 209920K, used 179014K [0x0000000080000000, 0x0000000100000000)
  region size 1024K, 35 young (35840K), 3 survivors (3072K)
 Metaspace       used 98122K, committed 99008K, reserved 557056K
  class space    used 13718K, committed 14144K, reserved 425984K
}
Event: 38.651 GC heap after
{Heap after GC invocations=50 (full 0):
 garbage-first heap   total 209920K, used 147640K [0x0000000080000000, 0x0000000100000000)
  region size 1024K, 4 young (4096K), 4 survivors (4096K)
 Metaspace       used 98122K, committed 99008K, reserved 557056K
  class space    used 13718K, committed 14144K, reserved 425984K
}
Event: 39.231 GC heap before
{Heap before GC invocations=50 (full 0):
 garbage-first heap   total 209920K, used 181432K [0x0000000080000000, 0x0000000100000000)
  region size 1024K, 34 young (34816K), 4 survivors (4096K)
 Metaspace       used 99037K, committed 99968K, reserved 557056K
  class space    used 13894K, committed 14336K, reserved 425984K
}
Event: 39.239 GC heap after
{Heap after GC invocations=51 (full 0):
 garbage-first heap   total 209920K, used 158342K [0x0000000080000000, 0x0000000100000000)
  region size 1024K, 5 young (5120K), 5 survivors (5120K)
 Metaspace       used 99037K, committed 99968K, reserved 557056K
  class space    used 13894K, committed 14336K, reserved 425984K
}
Event: 39.637 GC heap before
{Heap before GC invocations=51 (full 0):
 garbage-first heap   total 209920K, used 178822K [0x0000000080000000, 0x0000000100000000)
  region size 1024K, 25 young (25600K), 5 survivors (5120K)
 Metaspace       used 99240K, committed 100224K, reserved 557056K
  class space    used 13911K, committed 14336K, reserved 425984K
}
Event: 39.645 GC heap after
{Heap after GC invocations=52 (full 0):
 garbage-first heap   total 209920K, used 162409K [0x0000000080000000, 0x0000000100000000)
  region size 1024K, 4 young (4096K), 4 survivors (4096K)
 Metaspace       used 99240K, committed 100224K, reserved 557056K
  class space    used 13911K, committed 14336K, reserved 425984K
}
Event: 39.842 GC heap before
{Heap before GC invocations=52 (full 0):
 garbage-first heap   total 209920K, used 177769K [0x0000000080000000, 0x0000000100000000)
  region size 1024K, 20 young (20480K), 4 survivors (4096K)
 Metaspace       used 99241K, committed 100224K, reserved 557056K
  class space    used 13911K, committed 14336K, reserved 425984K
}
Event: 39.848 GC heap after
{Heap after GC invocations=53 (full 0):
 garbage-first heap   total 209920K, used 164301K [0x0000000080000000, 0x0000000100000000)
  region size 1024K, 3 young (3072K), 3 survivors (3072K)
 Metaspace       used 99241K, committed 100224K, reserved 557056K
  class space    used 13911K, committed 14336K, reserved 425984K
}
Event: 40.022 GC heap before
{Heap before GC invocations=53 (full 0):
 garbage-first heap   total 209920K, used 179661K [0x0000000080000000, 0x0000000100000000)
  region size 1024K, 18 young (18432K), 3 survivors (3072K)
 Metaspace       used 99244K, committed 100224K, reserved 557056K
  class space    used 13911K, committed 14336K, reserved 425984K
}
Event: 40.026 GC heap after
{Heap after GC invocations=54 (full 0):
 garbage-first heap   total 251904K, used 164868K [0x0000000080000000, 0x0000000100000000)
  region size 1024K, 3 young (3072K), 3 survivors (3072K)
 Metaspace       used 99244K, committed 100224K, reserved 557056K
  class space    used 13911K, committed 14336K, reserved 425984K
}
Event: 40.542 GC heap before
{Heap before GC invocations=54 (full 0):
 garbage-first heap   total 251904K, used 208900K [0x0000000080000000, 0x0000000100000000)
  region size 1024K, 46 young (47104K), 3 survivors (3072K)
 Metaspace       used 99245K, committed 100224K, reserved 557056K
  class space    used 13911K, committed 14336K, reserved 425984K
}
Event: 40.546 GC heap after
{Heap after GC invocations=55 (full 0):
 garbage-first heap   total 251904K, used 165625K [0x0000000080000000, 0x0000000100000000)
  region size 1024K, 4 young (4096K), 4 survivors (4096K)
 Metaspace       used 99245K, committed 100224K, reserved 557056K
  class space    used 13911K, committed 14336K, reserved 425984K
}
Event: 40.994 GC heap before
{Heap before GC invocations=55 (full 0):
 garbage-first heap   total 251904K, used 209657K [0x0000000080000000, 0x0000000100000000)
  region size 1024K, 47 young (48128K), 4 survivors (4096K)
 Metaspace       used 99245K, committed 100224K, reserved 557056K
  class space    used 13911K, committed 14336K, reserved 425984K
}
Event: 41.002 GC heap after
{Heap after GC invocations=56 (full 0):
 garbage-first heap   total 251904K, used 166401K [0x0000000080000000, 0x0000000100000000)
  region size 1024K, 4 young (4096K), 4 survivors (4096K)
 Metaspace       used 99245K, committed 100224K, reserved 557056K
  class space    used 13911K, committed 14336K, reserved 425984K
}
Event: 41.655 GC heap before
{Heap before GC invocations=56 (full 0):
 garbage-first heap   total 251904K, used 211457K [0x0000000080000000, 0x0000000100000000)
  region size 1024K, 48 young (49152K), 4 survivors (4096K)
 Metaspace       used 99356K, committed 100288K, reserved 557056K
  class space    used 13914K, committed 14336K, reserved 425984K
}
Event: 41.663 GC heap after
{Heap after GC invocations=57 (full 0):
 garbage-first heap   total 251904K, used 168677K [0x0000000080000000, 0x0000000100000000)
  region size 1024K, 5 young (5120K), 5 survivors (5120K)
 Metaspace       used 99356K, committed 100288K, reserved 557056K
  class space    used 13914K, committed 14336K, reserved 425984K
}
Event: 42.216 GC heap before
{Heap before GC invocations=57 (full 0):
 garbage-first heap   total 251904K, used 217829K [0x0000000080000000, 0x0000000100000000)
  region size 1024K, 47 young (48128K), 5 survivors (5120K)
 Metaspace       used 99810K, committed 100800K, reserved 557056K
  class space    used 13975K, committed 14400K, reserved 425984K
}
Event: 42.225 GC heap after
{Heap after GC invocations=58 (full 0):
 garbage-first heap   total 251904K, used 180750K [0x0000000080000000, 0x0000000100000000)
  region size 1024K, 6 young (6144K), 6 survivors (6144K)
 Metaspace       used 99810K, committed 100800K, reserved 557056K
  class space    used 13975K, committed 14400K, reserved 425984K
}
Event: 42.561 GC heap before
{Heap before GC invocations=58 (full 0):
 garbage-first heap   total 251904K, used 210446K [0x0000000080000000, 0x0000000100000000)
  region size 1024K, 35 young (35840K), 6 survivors (6144K)
 Metaspace       used 99832K, committed 100800K, reserved 557056K
  class space    used 13975K, committed 14400K, reserved 425984K
}
Event: 42.574 GC heap after
{Heap after GC invocations=59 (full 0):
 garbage-first heap   total 251904K, used 185097K [0x0000000080000000, 0x0000000100000000)
  region size 1024K, 4 young (4096K), 4 survivors (4096K)
 Metaspace       used 99832K, committed 100800K, reserved 557056K
  class space    used 13975K, committed 14400K, reserved 425984K
}

