# JRE version: OpenJDK Runtime Environment Temurin-17.0.18+8 (17.0.18+8) (build 17.0.18+8)
# Java VM: OpenJDK 64-Bit Server VM Temurin-17.0.18+8 (17.0.18+8, mixed mode, sharing, tiered, compressed oops, compressed class ptrs, g1 gc, windows-amd64)
GC Precious Log:
 CPUs: 8 total, 8 available
 Memory: 16043M
 Large Page Support: Disabled
 NUMA Support: Disabled
 Compressed Oops: Enabled (32-bit)
 Heap Region Size: 1M
 Heap Min Capacity: 8M
 Heap Initial Capacity: 252M
 Heap Max Capacity: 1536M
 Pre-touch: Disabled
 Parallel Workers: 8
 Concurrent Workers: 2
 Concurrent Refinement Workers: 8
 Periodic GC: Disabled
Heap:
 garbage-first heap   total 99328K, used 71447K [0x00000000a0000000, 0x0000000100000000)
  region size 1024K, 21 young (21504K), 3 survivors (3072K)
 Metaspace       used 54038K, committed 54656K, reserved 1114112K
  class space    used 7679K, committed 8000K, reserved 1048576K
GC Heap History (20 events):
Event: 13.246 GC heap before
{Heap before GC invocations=6 (full 0):
 garbage-first heap   total 81920K, used 63663K [0x00000000a0000000, 0x0000000100000000)
  region size 1024K, 34 young (34816K), 4 survivors (4096K)
 Metaspace       used 32500K, committed 32896K, reserved 1114112K
  class space    used 4492K, committed 4672K, reserved 1048576K
}
Event: 13.258 GC heap after
{Heap after GC invocations=7 (full 0):
 garbage-first heap   total 81920K, used 30624K [0x00000000a0000000, 0x0000000100000000)
  region size 1024K, 3 young (3072K), 3 survivors (3072K)
 Metaspace       used 32500K, committed 32896K, reserved 1114112K
  class space    used 4492K, committed 4672K, reserved 1048576K
}
Event: 14.292 GC heap before
{Heap before GC invocations=7 (full 0):
 garbage-first heap   total 81920K, used 62368K [0x00000000a0000000, 0x0000000100000000)
  region size 1024K, 33 young (33792K), 3 survivors (3072K)
 Metaspace       used 35329K, committed 35840K, reserved 1114112K
  class space    used 4849K, committed 5120K, reserved 1048576K
}
Event: 14.298 GC heap after
{Heap after GC invocations=8 (full 0):
 garbage-first heap   total 81920K, used 31723K [0x00000000a0000000, 0x0000000100000000)
  region size 1024K, 4 young (4096K), 4 survivors (4096K)
 Metaspace       used 35329K, committed 35840K, reserved 1114112K
  class space    used 4849K, committed 5120K, reserved 1048576K
}
Event: 14.375 GC heap before
{Heap before GC invocations=8 (full 0):
 garbage-first heap   total 81920K, used 33771K [0x00000000a0000000, 0x0000000100000000)
  region size 1024K, 7 young (7168K), 4 survivors (4096K)
 Metaspace       used 35595K, committed 36096K, reserved 1114112K
  class space    used 4896K, committed 5120K, reserved 1048576K
}
Event: 14.381 GC heap after
{Heap after GC invocations=9 (full 0):
 garbage-first heap   total 81920K, used 32038K [0x00000000a0000000, 0x0000000100000000)
  region size 1024K, 2 young (2048K), 2 survivors (2048K)
 Metaspace       used 35595K, committed 36096K, reserved 1114112K
  class space    used 4896K, committed 5120K, reserved 1048576K
}
Event: 15.885 GC heap before
{Heap before GC invocations=10 (full 0):
 garbage-first heap   total 81920K, used 63782K [0x00000000a0000000, 0x0000000100000000)
  region size 1024K, 33 young (33792K), 2 survivors (2048K)
 Metaspace       used 38988K, committed 39488K, reserved 1114112K
  class space    used 5468K, committed 5696K, reserved 1048576K
}
Event: 15.890 GC heap after
{Heap after GC invocations=11 (full 0):
 garbage-first heap   total 81920K, used 33150K [0x00000000a0000000, 0x0000000100000000)
  region size 1024K, 3 young (3072K), 3 survivors (3072K)
 Metaspace       used 38988K, committed 39488K, reserved 1114112K
  class space    used 5468K, committed 5696K, reserved 1048576K
}
Event: 16.840 GC heap before
{Heap before GC invocations=11 (full 0):
 garbage-first heap   total 81920K, used 64894K [0x00000000a0000000, 0x0000000100000000)
  region size 1024K, 34 young (34816K), 3 survivors (3072K)
 Metaspace       used 42113K, committed 42624K, reserved 1114112K
  class space    used 5926K, committed 6208K, reserved 1048576K
}
Event: 16.848 GC heap after
{Heap after GC invocations=12 (full 0):
 garbage-first heap   total 81920K, used 34418K [0x00000000a0000000, 0x0000000100000000)
  region size 1024K, 3 young (3072K), 3 survivors (3072K)
 Metaspace       used 42113K, committed 42624K, reserved 1114112K
  class space    used 5926K, committed 6208K, reserved 1048576K
}
Event: 18.028 GC heap before
{Heap before GC invocations=12 (full 0):
 garbage-first heap   total 81920K, used 65138K [0x00000000a0000000, 0x0000000100000000)
  region size 1024K, 34 young (34816K), 3 survivors (3072K)
 Metaspace       used 45675K, committed 46208K, reserved 1114112K
  class space    used 6461K, committed 6720K, reserved 1048576K
}
Event: 18.036 GC heap after
{Heap after GC invocations=13 (full 0):
 garbage-first heap   total 81920K, used 36603K [0x00000000a0000000, 0x0000000100000000)
  region size 1024K, 5 young (5120K), 5 survivors (5120K)
 Metaspace       used 45675K, committed 46208K, reserved 1114112K
  class space    used 6461K, committed 6720K, reserved 1048576K
}
Event: 19.079 GC heap before
{Heap before GC invocations=13 (full 0):
 garbage-first heap   total 81920K, used 70395K [0x00000000a0000000, 0x0000000100000000)
  region size 1024K, 34 young (34816K), 5 survivors (5120K)
 Metaspace       used 48303K, committed 48896K, reserved 1114112K
  class space    used 6858K, committed 7168K, reserved 1048576K
}
Event: 19.089 GC heap after
{Heap after GC invocations=14 (full 0):
 garbage-first heap   total 81920K, used 42573K [0x00000000a0000000, 0x0000000100000000)
  region size 1024K, 5 young (5120K), 5 survivors (5120K)
 Metaspace       used 48303K, committed 48896K, reserved 1114112K
  class space    used 6858K, committed 7168K, reserved 1048576K
}
Event: 19.280 GC heap before
{Heap before GC invocations=14 (full 0):
 garbage-first heap   total 81920K, used 47693K [0x00000000a0000000, 0x0000000100000000)
  region size 1024K, 12 young (12288K), 5 survivors (5120K)
 Metaspace       used 48722K, committed 49280K, reserved 1114112K
  class space    used 6946K, committed 7232K, reserved 1048576K
}
Event: 19.285 GC heap after
{Heap after GC invocations=15 (full 0):
 garbage-first heap   total 81920K, used 43165K [0x00000000a0000000, 0x0000000100000000)
  region size 1024K, 3 young (3072K), 3 survivors (3072K)
 Metaspace       used 48722K, committed 49280K, reserved 1114112K
  class space    used 6946K, committed 7232K, reserved 1048576K
}
Event: 20.024 GC heap before
{Heap before GC invocations=16 (full 0):
 garbage-first heap   total 91136K, used 72861K [0x00000000a0000000, 0x0000000100000000)
  region size 1024K, 25 young (25600K), 3 survivors (3072K)
 Metaspace       used 50478K, committed 51008K, reserved 1114112K
  class space    used 7216K, committed 7488K, reserved 1048576K
}
Event: 20.029 GC heap after
{Heap after GC invocations=17 (full 0):
 garbage-first heap   total 91136K, used 53047K [0x00000000a0000000, 0x0000000100000000)
  region size 1024K, 3 young (3072K), 3 survivors (3072K)
 Metaspace       used 50478K, committed 51008K, reserved 1114112K
  class space    used 7216K, committed 7488K, reserved 1048576K
}
Event: 20.655 GC heap before
{Heap before GC invocations=17 (full 0):
 garbage-first heap   total 91136K, used 74551K [0x00000000a0000000, 0x0000000100000000)
  region size 1024K, 24 young (24576K), 3 survivors (3072K)
 Metaspace       used 52712K, committed 53312K, reserved 1114112K
  class space    used 7488K, committed 7808K, reserved 1048576K
}
Event: 20.658 GC heap after
{Heap after GC invocations=18 (full 0):
 garbage-first heap   total 91136K, used 54039K [0x00000000a0000000, 0x0000000100000000)
  region size 1024K, 3 young (3072K), 3 survivors (3072K)
 Metaspace       used 52712K, committed 53312K, reserved 1114112K
  class space    used 7488K, committed 7808K, reserved 1048576K
}

