# JRE version: OpenJDK Runtime Environment Temurin-17.0.18+8 (17.0.18+8) (build 17.0.18+8)
# Java VM: OpenJDK 64-Bit Server VM Temurin-17.0.18+8 (17.0.18+8, mixed mode, sharing, tiered, compressed oops, compressed class ptrs, parallel gc, windows-amd64)
GC Precious Log:
 CPUs: 8 total, 8 available
 Memory: 16043M
 Large Page Support: Disabled
 NUMA Support: Disabled
 Compressed Oops: Enabled (32-bit)
 Alignments: Space 512K, Generation 512K, Heap 2M
 Heap Min Capacity: 8M
 Heap Initial Capacity: 252M
 Heap Max Capacity: 1536M
 Pre-touch: Disabled
 Parallel Workers: 8
Heap:
 PSYoungGen      total 139776K, used 39537K [0x00000000e0000000, 0x00000000e9300000, 0x0000000100000000)
  eden space 129024K, 22% used [0x00000000e0000000,0x00000000e1c1cd10,0x00000000e7e00000)
  from space 10752K, 99% used [0x00000000e8880000,0x00000000e92ff9d8,0x00000000e9300000)
  to   space 10752K, 0% used [0x00000000e7e00000,0x00000000e7e00000,0x00000000e8880000)
 ParOldGen       total 172032K, used 7504K [0x00000000a0000000, 0x00000000aa800000, 0x00000000e0000000)
  object space 172032K, 4% used [0x00000000a0000000,0x00000000a0754098,0x00000000aa800000)
 Metaspace       used 13517K, committed 13888K, reserved 278528K
  class space    used 1859K, committed 2048K, reserved 212992K
GC Heap History (4 events):
Event: 5.140 GC heap before
{Heap before GC invocations=1 (full 0):
 PSYoungGen      total 75264K, used 64512K [0x00000000e0000000, 0x00000000e5400000, 0x0000000100000000)
  eden space 64512K, 100% used [0x00000000e0000000,0x00000000e3f00000,0x00000000e3f00000)
  from space 10752K, 0% used [0x00000000e4980000,0x00000000e4980000,0x00000000e5400000)
  to   space 10752K, 0% used [0x00000000e3f00000,0x00000000e3f00000,0x00000000e4980000)
 ParOldGen       total 172032K, used 0K [0x00000000a0000000, 0x00000000aa800000, 0x00000000e0000000)
  object space 172032K, 0% used [0x00000000a0000000,0x00000000a0000000,0x00000000aa800000)
 Metaspace       used 4360K, committed 4544K, reserved 278528K
  class space    used 539K, committed 640K, reserved 212992K
}
Event: 5.307 GC heap after
{Heap after GC invocations=1 (full 0):
 PSYoungGen      total 75264K, used 10417K [0x00000000e0000000, 0x00000000e9300000, 0x0000000100000000)
  eden space 64512K, 0% used [0x00000000e0000000,0x00000000e0000000,0x00000000e3f00000)
  from space 10752K, 96% used [0x00000000e3f00000,0x00000000e492c478,0x00000000e4980000)
  to   space 10752K, 0% used [0x00000000e8880000,0x00000000e8880000,0x00000000e9300000)
 ParOldGen       total 172032K, used 8K [0x00000000a0000000, 0x00000000aa800000, 0x00000000e0000000)
  object space 172032K, 0% used [0x00000000a0000000,0x00000000a0002000,0x00000000aa800000)
 Metaspace       used 4360K, committed 4544K, reserved 278528K
  class space    used 539K, committed 640K, reserved 212992K
}
Event: 9.868 GC heap before
{Heap before GC invocations=2 (full 0):
 PSYoungGen      total 75264K, used 74929K [0x00000000e0000000, 0x00000000e9300000, 0x0000000100000000)
  eden space 64512K, 100% used [0x00000000e0000000,0x00000000e3f00000,0x00000000e3f00000)
  from space 10752K, 96% used [0x00000000e3f00000,0x00000000e492c478,0x00000000e4980000)
  to   space 10752K, 0% used [0x00000000e8880000,0x00000000e8880000,0x00000000e9300000)
 ParOldGen       total 172032K, used 8K [0x00000000a0000000, 0x00000000aa800000, 0x00000000e0000000)
  object space 172032K, 0% used [0x00000000a0000000,0x00000000a0002000,0x00000000aa800000)
 Metaspace       used 9844K, committed 10048K, reserved 278528K
  class space    used 1293K, committed 1408K, reserved 212992K
}
Event: 10.378 GC heap after
{Heap after GC invocations=2 (full 0):
 PSYoungGen      total 139776K, used 10750K [0x00000000e0000000, 0x00000000e9300000, 0x0000000100000000)
  eden space 129024K, 0% used [0x00000000e0000000,0x00000000e0000000,0x00000000e7e00000)
  from space 10752K, 99% used [0x00000000e8880000,0x00000000e92ff9d8,0x00000000e9300000)
  to   space 10752K, 0% used [0x00000000e7e00000,0x00000000e7e00000,0x00000000e8880000)
 ParOldGen       total 172032K, used 7504K [0x00000000a0000000, 0x00000000aa800000, 0x00000000e0000000)
  object space 172032K, 4% used [0x00000000a0000000,0x00000000a0754098,0x00000000aa800000)
 Metaspace       used 9844K, committed 10048K, reserved 278528K
  class space    used 1293K, committed 1408K, reserved 212992K
}

