# JRE version: OpenJDK Runtime Environment Temurin-17.0.18+8 (17.0.18+8) (build 17.0.18+8)
# Java VM: OpenJDK 64-Bit Server VM Temurin-17.0.18+8 (17.0.18+8, mixed mode, sharing, tiered, compressed oops, compressed class ptrs, g1 gc, windows-amd64)
GC Precious Log:
 CPUs: 8 total, 8 available
 Memory: 16043M
 Large Page Support: Disabled
 NUMA Support: Disabled
 Compressed Oops: Enabled (Zero based)
 Heap Region Size: 2M
 Heap Min Capacity: 8M
 Heap Initial Capacity: 252M
 Heap Max Capacity: 4012M
 Pre-touch: Disabled
 Parallel Workers: 8
 Concurrent Workers: 2
 Concurrent Refinement Workers: 8
 Periodic GC: Disabled
Heap:
 garbage-first heap   total 157696K, used 62877K [0x0000000705400000, 0x0000000800000000)
  region size 2048K, 11 young (22528K), 1 survivors (2048K)
 Metaspace       used 48713K, committed 48960K, reserved 1114112K
  class space    used 5698K, committed 5824K, reserved 1048576K
GC Heap History (18 events):
Event: 2.230 GC heap before
{Heap before GC invocations=0 (full 0):
 garbage-first heap   total 258048K, used 24576K [0x0000000705400000, 0x0000000800000000)
  region size 2048K, 11 young (22528K), 0 survivors (0K)
 Metaspace       used 6389K, committed 6528K, reserved 1114112K
  class space    used 624K, committed 704K, reserved 1048576K
}
Event: 2.257 GC heap after
{Heap after GC invocations=1 (full 0):
 garbage-first heap   total 258048K, used 6769K [0x0000000705400000, 0x0000000800000000)
  region size 2048K, 2 young (4096K), 2 survivors (4096K)
 Metaspace       used 6389K, committed 6528K, reserved 1114112K
  class space    used 624K, committed 704K, reserved 1048576K
}
Event: 4.407 GC heap before
{Heap before GC invocations=1 (full 0):
 garbage-first heap   total 258048K, used 43633K [0x0000000705400000, 0x0000000800000000)
  region size 2048K, 20 young (40960K), 2 survivors (4096K)
 Metaspace       used 16267K, committed 16448K, reserved 1114112K
  class space    used 1847K, committed 1920K, reserved 1048576K
}
Event: 4.414 GC heap after
{Heap after GC invocations=2 (full 0):
 garbage-first heap   total 258048K, used 9674K [0x0000000705400000, 0x0000000800000000)
  region size 2048K, 3 young (6144K), 3 survivors (6144K)
 Metaspace       used 16267K, committed 16448K, reserved 1114112K
  class space    used 1847K, committed 1920K, reserved 1048576K
}
Event: 5.598 GC heap before
{Heap before GC invocations=2 (full 0):
 garbage-first heap   total 258048K, used 34250K [0x0000000705400000, 0x0000000800000000)
  region size 2048K, 17 young (34816K), 3 survivors (6144K)
 Metaspace       used 21342K, committed 21504K, reserved 1114112K
  class space    used 2507K, committed 2560K, reserved 1048576K
}
Event: 5.607 GC heap after
{Heap after GC invocations=3 (full 0):
 garbage-first heap   total 258048K, used 14590K [0x0000000705400000, 0x0000000800000000)
  region size 2048K, 6 young (12288K), 6 survivors (12288K)
 Metaspace       used 21342K, committed 21504K, reserved 1114112K
  class space    used 2507K, committed 2560K, reserved 1048576K
}
Event: 6.631 GC heap before
{Heap before GC invocations=4 (full 0):
 garbage-first heap   total 61440K, used 43262K [0x0000000705400000, 0x0000000800000000)
  region size 2048K, 21 young (43008K), 6 survivors (12288K)
 Metaspace       used 27624K, committed 27840K, reserved 1114112K
  class space    used 3585K, committed 3648K, reserved 1048576K
}
Event: 6.651 GC heap after
{Heap after GC invocations=5 (full 0):
 garbage-first heap   total 61440K, used 17870K [0x0000000705400000, 0x0000000800000000)
  region size 2048K, 4 young (8192K), 4 survivors (8192K)
 Metaspace       used 27624K, committed 27840K, reserved 1114112K
  class space    used 3585K, committed 3648K, reserved 1048576K
}
Event: 7.812 GC heap before
{Heap before GC invocations=6 (full 0):
 garbage-first heap   total 61440K, used 42446K [0x0000000705400000, 0x0000000800000000)
  region size 2048K, 17 young (34816K), 4 survivors (8192K)
 Metaspace       used 34294K, committed 34496K, reserved 1114112K
  class space    used 4223K, committed 4288K, reserved 1048576K
}
Event: 7.830 GC heap after
{Heap after GC invocations=7 (full 0):
 garbage-first heap   total 61440K, used 19630K [0x0000000705400000, 0x0000000800000000)
  region size 2048K, 3 young (6144K), 3 survivors (6144K)
 Metaspace       used 34294K, committed 34496K, reserved 1114112K
  class space    used 4223K, committed 4288K, reserved 1048576K
}
Event: 8.930 GC heap before
{Heap before GC invocations=7 (full 0):
 garbage-first heap   total 61440K, used 44206K [0x0000000705400000, 0x0000000800000000)
  region size 2048K, 15 young (30720K), 3 survivors (6144K)
 Metaspace       used 37070K, committed 37376K, reserved 1114112K
  class space    used 4532K, committed 4672K, reserved 1048576K
}
Event: 8.956 GC heap after
{Heap after GC invocations=8 (full 0):
 garbage-first heap   total 61440K, used 24999K [0x0000000705400000, 0x0000000800000000)
  region size 2048K, 2 young (4096K), 2 survivors (4096K)
 Metaspace       used 37070K, committed 37376K, reserved 1114112K
  class space    used 4532K, committed 4672K, reserved 1048576K
}
Event: 9.629 GC heap before
{Heap before GC invocations=8 (full 0):
 garbage-first heap   total 61440K, used 41383K [0x0000000705400000, 0x0000000800000000)
  region size 2048K, 11 young (22528K), 2 survivors (4096K)
 Metaspace       used 37274K, committed 37568K, reserved 1114112K
  class space    used 4540K, committed 4672K, reserved 1048576K
}
Event: 9.664 GC heap after
{Heap after GC invocations=9 (full 0):
 garbage-first heap   total 159744K, used 32494K [0x0000000705400000, 0x0000000800000000)
  region size 2048K, 2 young (4096K), 2 survivors (4096K)
 Metaspace       used 37274K, committed 37568K, reserved 1114112K
  class space    used 4540K, committed 4672K, reserved 1048576K
}
Event: 19.170 GC heap before
{Heap before GC invocations=9 (full 0):
 garbage-first heap   total 159744K, used 100078K [0x0000000705400000, 0x0000000800000000)
  region size 2048K, 35 young (71680K), 2 survivors (4096K)
 Metaspace       used 45715K, committed 46016K, reserved 1114112K
  class space    used 5441K, committed 5568K, reserved 1048576K
}
Event: 19.214 GC heap after
{Heap after GC invocations=10 (full 0):
 garbage-first heap   total 159744K, used 42311K [0x0000000705400000, 0x0000000800000000)
  region size 2048K, 5 young (10240K), 5 survivors (10240K)
 Metaspace       used 45715K, committed 46016K, reserved 1114112K
  class space    used 5441K, committed 5568K, reserved 1048576K
}
Event: 20.209 GC heap before
{Heap before GC invocations=10 (full 0):
 garbage-first heap   total 159744K, used 48455K [0x0000000705400000, 0x0000000800000000)
  region size 2048K, 9 young (18432K), 5 survivors (10240K)
 Metaspace       used 46234K, committed 46528K, reserved 1114112K
  class space    used 5452K, committed 5632K, reserved 1048576K
}
Event: 20.236 GC heap after
{Heap after GC invocations=11 (full 0):
 garbage-first heap   total 159744K, used 44445K [0x0000000705400000, 0x0000000800000000)
  region size 2048K, 1 young (2048K), 1 survivors (2048K)
 Metaspace       used 46234K, committed 46528K, reserved 1114112K
  class space    used 5452K, committed 5632K, reserved 1048576K
}

