# JRE version: OpenJDK Runtime Environment Temurin-17.0.18+8 (17.0.18+8) (build 17.0.18+8)
# Java VM: OpenJDK 64-Bit Server VM Temurin-17.0.18+8 (17.0.18+8, mixed mode, sharing, tiered, compressed oops, compressed class ptrs, g1 gc, windows-amd64)
GC Precious Log:
 CPUs: 8 total, 8 available
 Memory: 16043M
 Large Page Support: Disabled
 NUMA Support: Disabled
 Compressed Oops: Enabled (32-bit)
 Heap Region Size: 1M
 Heap Min Capacity: 8M
 Heap Initial Capacity: 252M
 Heap Max Capacity: 2G
 Pre-touch: Disabled
 Parallel Workers: 8
 Concurrent Workers: 2
 Concurrent Refinement Workers: 8
 Periodic GC: Disabled
Heap:
 garbage-first heap   total 293888K, used 244674K [0x0000000080000000, 0x0000000100000000)
  region size 1024K, 51 young (52224K), 8 survivors (8192K)
 Metaspace       used 100606K, committed 101696K, reserved 557056K
  class space    used 14066K, committed 14592K, reserved 425984K
GC Heap History (20 events):
Event: 46.936 GC heap before
{Heap before GC invocations=42 (full 0):
 garbage-first heap   total 293888K, used 245015K [0x0000000080000000, 0x0000000100000000)
  region size 1024K, 101 young (103424K), 6 survivors (6144K)
 Metaspace       used 99299K, committed 100288K, reserved 557056K
  class space    used 13924K, committed 14400K, reserved 425984K
}
Event: 46.954 GC heap after
{Heap after GC invocations=43 (full 0):
 garbage-first heap   total 293888K, used 158491K [0x0000000080000000, 0x0000000100000000)
  region size 1024K, 13 young (13312K), 13 survivors (13312K)
 Metaspace       used 99299K, committed 100288K, reserved 557056K
  class space    used 13924K, committed 14400K, reserved 425984K
}
Event: 48.984 GC heap before
{Heap before GC invocations=43 (full 0):
 garbage-first heap   total 293888K, used 236315K [0x0000000080000000, 0x0000000100000000)
  region size 1024K, 90 young (92160K), 13 survivors (13312K)
 Metaspace       used 99301K, committed 100288K, reserved 557056K
  class space    used 13924K, committed 14400K, reserved 425984K
}
Event: 49.002 GC heap after
{Heap after GC invocations=44 (full 0):
 garbage-first heap   total 293888K, used 163158K [0x0000000080000000, 0x0000000100000000)
  region size 1024K, 5 young (5120K), 5 survivors (5120K)
 Metaspace       used 99301K, committed 100288K, reserved 557056K
  class space    used 13924K, committed 14400K, reserved 425984K
}
Event: 50.510 GC heap before
{Heap before GC invocations=44 (full 0):
 garbage-first heap   total 293888K, used 239958K [0x0000000080000000, 0x0000000100000000)
  region size 1024K, 81 young (82944K), 5 survivors (5120K)
 Metaspace       used 99415K, committed 100416K, reserved 557056K
  class space    used 13927K, committed 14400K, reserved 425984K
}
Event: 50.519 GC heap after
{Heap after GC invocations=45 (full 0):
 garbage-first heap   total 293888K, used 165388K [0x0000000080000000, 0x0000000100000000)
  region size 1024K, 8 young (8192K), 8 survivors (8192K)
 Metaspace       used 99415K, committed 100416K, reserved 557056K
  class space    used 13927K, committed 14400K, reserved 425984K
}
Event: 52.172 GC heap before
{Heap before GC invocations=45 (full 0):
 garbage-first heap   total 293888K, used 246284K [0x0000000080000000, 0x0000000100000000)
  region size 1024K, 82 young (83968K), 8 survivors (8192K)
 Metaspace       used 99885K, committed 100864K, reserved 557056K
  class space    used 13989K, committed 14464K, reserved 425984K
}
Event: 52.191 GC heap after
{Heap after GC invocations=46 (full 0):
 garbage-first heap   total 293888K, used 178583K [0x0000000080000000, 0x0000000100000000)
  region size 1024K, 11 young (11264K), 11 survivors (11264K)
 Metaspace       used 99885K, committed 100864K, reserved 557056K
  class space    used 13989K, committed 14464K, reserved 425984K
}
Event: 53.217 GC heap before
{Heap before GC invocations=46 (full 0):
 garbage-first heap   total 293888K, used 242071K [0x0000000080000000, 0x0000000100000000)
  region size 1024K, 74 young (75776K), 11 survivors (11264K)
 Metaspace       used 99885K, committed 100864K, reserved 557056K
  class space    used 13989K, committed 14464K, reserved 425984K
}
Event: 53.229 GC heap after
{Heap after GC invocations=47 (full 0):
 garbage-first heap   total 293888K, used 182536K [0x0000000080000000, 0x0000000100000000)
  region size 1024K, 5 young (5120K), 5 survivors (5120K)
 Metaspace       used 99885K, committed 100864K, reserved 557056K
  class space    used 13989K, committed 14464K, reserved 425984K
}
Event: 54.130 GC heap before
{Heap before GC invocations=47 (full 0):
 garbage-first heap   total 293888K, used 245000K [0x0000000080000000, 0x0000000100000000)
  region size 1024K, 67 young (68608K), 5 survivors (5120K)
 Metaspace       used 100112K, committed 101120K, reserved 557056K
  class space    used 14016K, committed 14528K, reserved 425984K
}
Event: 54.138 GC heap after
{Heap after GC invocations=48 (full 0):
 garbage-first heap   total 293888K, used 184985K [0x0000000080000000, 0x0000000100000000)
  region size 1024K, 7 young (7168K), 7 survivors (7168K)
 Metaspace       used 100112K, committed 101120K, reserved 557056K
  class space    used 14016K, committed 14528K, reserved 425984K
}
Event: 54.696 GC heap before
{Heap before GC invocations=48 (full 0):
 garbage-first heap   total 293888K, used 246425K [0x0000000080000000, 0x0000000100000000)
  region size 1024K, 67 young (68608K), 7 survivors (7168K)
 Metaspace       used 100190K, committed 101248K, reserved 557056K
  class space    used 14026K, committed 14528K, reserved 425984K
}
Event: 54.706 GC heap after
{Heap after GC invocations=49 (full 0):
 garbage-first heap   total 293888K, used 187190K [0x0000000080000000, 0x0000000100000000)
  region size 1024K, 5 young (5120K), 5 survivors (5120K)
 Metaspace       used 100190K, committed 101248K, reserved 557056K
  class space    used 14026K, committed 14528K, reserved 425984K
}
Event: 55.666 GC heap before
{Heap before GC invocations=49 (full 0):
 garbage-first heap   total 293888K, used 246582K [0x0000000080000000, 0x0000000100000000)
  region size 1024K, 64 young (65536K), 5 survivors (5120K)
 Metaspace       used 100289K, committed 101312K, reserved 557056K
  class space    used 14031K, committed 14528K, reserved 425984K
}
Event: 55.675 GC heap after
{Heap after GC invocations=50 (full 0):
 garbage-first heap   total 293888K, used 190434K [0x0000000080000000, 0x0000000100000000)
  region size 1024K, 7 young (7168K), 7 survivors (7168K)
 Metaspace       used 100289K, committed 101312K, reserved 557056K
  class space    used 14031K, committed 14528K, reserved 425984K
}
Event: 56.505 GC heap before
{Heap before GC invocations=50 (full 0):
 garbage-first heap   total 293888K, used 246754K [0x0000000080000000, 0x0000000100000000)
  region size 1024K, 63 young (64512K), 7 survivors (7168K)
 Metaspace       used 100289K, committed 101312K, reserved 557056K
  class space    used 14031K, committed 14528K, reserved 425984K
}
Event: 56.513 GC heap after
{Heap after GC invocations=51 (full 0):
 garbage-first heap   total 293888K, used 191593K [0x0000000080000000, 0x0000000100000000)
  region size 1024K, 4 young (4096K), 4 survivors (4096K)
 Metaspace       used 100289K, committed 101312K, reserved 557056K
  class space    used 14031K, committed 14528K, reserved 425984K
}
Event: 57.536 GC heap before
{Heap before GC invocations=51 (full 0):
 garbage-first heap   total 293888K, used 253033K [0x0000000080000000, 0x0000000100000000)
  region size 1024K, 60 young (61440K), 4 survivors (4096K)
 Metaspace       used 100562K, committed 101696K, reserved 557056K
  class space    used 14060K, committed 14592K, reserved 425984K
}
Event: 57.547 GC heap after
{Heap after GC invocations=52 (full 0):
 garbage-first heap   total 293888K, used 202690K [0x0000000080000000, 0x0000000100000000)
  region size 1024K, 8 young (8192K), 8 survivors (8192K)
 Metaspace       used 100562K, committed 101696K, reserved 557056K
  class space    used 14060K, committed 14592K, reserved 425984K
}

