# JRE version: OpenJDK Runtime Environment Temurin-17.0.18+8 (17.0.18+8) (build 17.0.18+8)
# Java VM: OpenJDK 64-Bit Server VM Temurin-17.0.18+8 (17.0.18+8, mixed mode, sharing, tiered, compressed oops, compressed class ptrs, g1 gc, windows-amd64)
GC Precious Log:
 CPUs: 8 total, 8 available
 Memory: 16043M
 Large Page Support: Disabled
 NUMA Support: Disabled
 Compressed Oops: Enabled (32-bit)
 Heap Region Size: 1M
 Heap Min Capacity: 8M
 Heap Initial Capacity: 252M
 Heap Max Capacity: 1G
 Pre-touch: Disabled
 Parallel Workers: 8
 Concurrent Workers: 2
 Concurrent Refinement Workers: 8
 Periodic GC: Disabled
Heap:
 garbage-first heap   total 208896K, used 144403K [0x00000000c0000000, 0x0000000100000000)
  region size 1024K, 26 young (26624K), 7 survivors (7168K)
 Metaspace       used 85499K, committed 86464K, reserved 344064K
  class space    used 11877K, committed 12352K, reserved 212992K
GC Heap History (20 events):
Event: 15.120 GC heap before
{Heap before GC invocations=27 (full 0):
 garbage-first heap   total 107520K, used 89646K [0x00000000c0000000, 0x0000000100000000)
  region size 1024K, 29 young (29696K), 1 survivors (1024K)
 Metaspace       used 62139K, committed 62720K, reserved 278528K
  class space    used 8822K, committed 9088K, reserved 212992K
}
Event: 15.124 GC heap after
{Heap after GC invocations=28 (full 0):
 garbage-first heap   total 208896K, used 62292K [0x00000000c0000000, 0x0000000100000000)
  region size 1024K, 2 young (2048K), 2 survivors (2048K)
 Metaspace       used 62139K, committed 62720K, reserved 278528K
  class space    used 8822K, committed 9088K, reserved 212992K
}
Event: 17.572 GC heap before
{Heap before GC invocations=29 (full 0):
 garbage-first heap   total 208896K, used 172884K [0x00000000c0000000, 0x0000000100000000)
  region size 1024K, 110 young (112640K), 2 survivors (2048K)
 Metaspace       used 67858K, committed 68480K, reserved 278528K
  class space    used 9701K, committed 9984K, reserved 212992K
}
Event: 17.586 GC heap after
{Heap after GC invocations=30 (full 0):
 garbage-first heap   total 208896K, used 73288K [0x00000000c0000000, 0x0000000100000000)
  region size 1024K, 13 young (13312K), 13 survivors (13312K)
 Metaspace       used 67858K, committed 68480K, reserved 278528K
  class space    used 9701K, committed 9984K, reserved 212992K
}
Event: 18.913 GC heap before
{Heap before GC invocations=30 (full 0):
 garbage-first heap   total 208896K, used 167496K [0x00000000c0000000, 0x0000000100000000)
  region size 1024K, 105 young (107520K), 13 survivors (13312K)
 Metaspace       used 68206K, committed 68800K, reserved 278528K
  class space    used 9712K, committed 9984K, reserved 212992K
}
Event: 18.928 GC heap after
{Heap after GC invocations=31 (full 0):
 garbage-first heap   total 208896K, used 76819K [0x00000000c0000000, 0x0000000100000000)
  region size 1024K, 6 young (6144K), 6 survivors (6144K)
 Metaspace       used 68206K, committed 68800K, reserved 278528K
  class space    used 9712K, committed 9984K, reserved 212992K
}
Event: 19.906 GC heap before
{Heap before GC invocations=31 (full 0):
 garbage-first heap   total 208896K, used 168979K [0x00000000c0000000, 0x0000000100000000)
  region size 1024K, 96 young (98304K), 6 survivors (6144K)
 Metaspace       used 68275K, committed 68992K, reserved 278528K
  class space    used 9718K, committed 10048K, reserved 212992K
}
Event: 19.914 GC heap after
{Heap after GC invocations=32 (full 0):
 garbage-first heap   total 208896K, used 78620K [0x00000000c0000000, 0x0000000100000000)
  region size 1024K, 8 young (8192K), 8 survivors (8192K)
 Metaspace       used 68275K, committed 68992K, reserved 278528K
  class space    used 9718K, committed 10048K, reserved 212992K
}
Event: 21.115 GC heap before
{Heap before GC invocations=32 (full 0):
 garbage-first heap   total 208896K, used 175900K [0x00000000c0000000, 0x0000000100000000)
  region size 1024K, 96 young (98304K), 8 survivors (8192K)
 Metaspace       used 69413K, committed 70208K, reserved 278528K
  class space    used 9841K, committed 10240K, reserved 212992K
}
Event: 21.128 GC heap after
{Heap after GC invocations=33 (full 0):
 garbage-first heap   total 208896K, used 94522K [0x00000000c0000000, 0x0000000100000000)
  region size 1024K, 12 young (12288K), 12 survivors (12288K)
 Metaspace       used 69413K, committed 70208K, reserved 278528K
  class space    used 9841K, committed 10240K, reserved 212992K
}
Event: 22.040 GC heap before
{Heap before GC invocations=33 (full 0):
 garbage-first heap   total 208896K, used 176442K [0x00000000c0000000, 0x0000000100000000)
  region size 1024K, 84 young (86016K), 12 survivors (12288K)
 Metaspace       used 69728K, committed 70528K, reserved 278528K
  class space    used 9894K, committed 10304K, reserved 212992K
}
Event: 22.049 GC heap after
{Heap after GC invocations=34 (full 0):
 garbage-first heap   total 208896K, used 109146K [0x00000000c0000000, 0x0000000100000000)
  region size 1024K, 9 young (9216K), 9 survivors (9216K)
 Metaspace       used 69728K, committed 70528K, reserved 278528K
  class space    used 9894K, committed 10304K, reserved 212992K
}
Event: 22.737 GC heap before
{Heap before GC invocations=34 (full 0):
 garbage-first heap   total 208896K, used 170586K [0x00000000c0000000, 0x0000000100000000)
  region size 1024K, 68 young (69632K), 9 survivors (9216K)
 Metaspace       used 74496K, committed 75264K, reserved 278528K
  class space    used 10437K, committed 10816K, reserved 212992K
}
Event: 22.745 GC heap after
{Heap after GC invocations=35 (full 0):
 garbage-first heap   total 208896K, used 112444K [0x00000000c0000000, 0x0000000100000000)
  region size 1024K, 3 young (3072K), 3 survivors (3072K)
 Metaspace       used 74496K, committed 75264K, reserved 278528K
  class space    used 10437K, committed 10816K, reserved 212992K
}
Event: 23.661 GC heap before
{Heap before GC invocations=35 (full 0):
 garbage-first heap   total 208896K, used 176956K [0x00000000c0000000, 0x0000000100000000)
  region size 1024K, 61 young (62464K), 3 survivors (3072K)
 Metaspace       used 78726K, committed 79552K, reserved 344064K
  class space    used 10969K, committed 11392K, reserved 212992K
}
Event: 23.666 GC heap after
{Heap after GC invocations=36 (full 0):
 garbage-first heap   total 208896K, used 119240K [0x00000000c0000000, 0x0000000100000000)
  region size 1024K, 8 young (8192K), 8 survivors (8192K)
 Metaspace       used 78726K, committed 79552K, reserved 344064K
  class space    used 10969K, committed 11392K, reserved 212992K
}
Event: 24.322 GC heap before
{Heap before GC invocations=36 (full 0):
 garbage-first heap   total 208896K, used 171464K [0x00000000c0000000, 0x0000000100000000)
  region size 1024K, 59 young (60416K), 8 survivors (8192K)
 Metaspace       used 82791K, committed 83584K, reserved 344064K
  class space    used 11506K, committed 11904K, reserved 212992K
}
Event: 24.329 GC heap after
{Heap after GC invocations=37 (full 0):
 garbage-first heap   total 208896K, used 121062K [0x00000000c0000000, 0x0000000100000000)
  region size 1024K, 2 young (2048K), 2 survivors (2048K)
 Metaspace       used 82791K, committed 83584K, reserved 344064K
  class space    used 11506K, committed 11904K, reserved 212992K
}
Event: 25.118 GC heap before
{Heap before GC invocations=37 (full 0):
 garbage-first heap   total 208896K, used 173286K [0x00000000c0000000, 0x0000000100000000)
  region size 1024K, 53 young (54272K), 2 survivors (2048K)
 Metaspace       used 85456K, committed 86400K, reserved 344064K
  class space    used 11872K, committed 12352K, reserved 212992K
}
Event: 25.126 GC heap after
{Heap after GC invocations=38 (full 0):
 garbage-first heap   total 208896K, used 125971K [0x00000000c0000000, 0x0000000100000000)
  region size 1024K, 7 young (7168K), 7 survivors (7168K)
 Metaspace       used 85456K, committed 86400K, reserved 344064K
  class space    used 11872K, committed 12352K, reserved 212992K
}

