# JRE version: OpenJDK Runtime Environment Temurin-17.0.18+8 (17.0.18+8) (build 17.0.18+8)
# Java VM: OpenJDK 64-Bit Server VM Temurin-17.0.18+8 (17.0.18+8, mixed mode, sharing, tiered, compressed oops, compressed class ptrs, serial gc, windows-amd64)
GC Precious Log:
 CPUs: 8 total, 8 available
 Memory: 16043M
 Large Page Support: Disabled
 NUMA Support: Disabled
 Compressed Oops: Enabled (32-bit)
 Heap Min Capacity: 8M
 Heap Initial Capacity: 252M
 Heap Max Capacity: 1G
 Pre-touch: Disabled
Heap:
 def new generation   total 77632K, used 30423K [0x00000000c0000000, 0x00000000c5430000, 0x00000000d5550000)
  eden space 69056K,  31% used [0x00000000c0000000, 0x00000000c1555e40, 0x00000000c4370000)
  from space 8576K, 100% used [0x00000000c4bd0000, 0x00000000c5430000, 0x00000000c5430000)
  to   space 8576K,   0% used [0x00000000c4370000, 0x00000000c4370000, 0x00000000c4bd0000)
 tenured generation   total 172032K, used 80773K [0x00000000d5550000, 0x00000000dfd50000, 0x0000000100000000)
   the space 172032K,  46% used [0x00000000d5550000, 0x00000000da4314b8, 0x00000000da431600, 0x00000000dfd50000)
 Metaspace       used 71807K, committed 72576K, reserved 278528K
  class space    used 10154K, committed 10560K, reserved 212992K
GC Heap History (20 events):
Event: 7.942 GC heap before
{Heap before GC invocations=6 (full 2):
 def new generation   total 77568K, used 68992K [0x00000000c0000000, 0x00000000c5420000, 0x00000000d5550000)
  eden space 68992K, 100% used [0x00000000c0000000, 0x00000000c4360000, 0x00000000c4360000)
  from space 8576K,   0% used [0x00000000c4bc0000, 0x00000000c4bc0000, 0x00000000c5420000)
  to   space 8576K,   0% used [0x00000000c4360000, 0x00000000c4360000, 0x00000000c4bc0000)
 tenured generation   total 172032K, used 30751K [0x00000000d5550000, 0x00000000dfd50000, 0x0000000100000000)
   the space 172032K,  17% used [0x00000000d5550000, 0x00000000d7357e20, 0x00000000d7358000, 0x00000000dfd50000)
 Metaspace       used 39319K, committed 39808K, reserved 278528K
  class space    used 5539K, committed 5760K, reserved 212992K
}
Event: 7.957 GC heap after
{Heap after GC invocations=7 (full 2):
 def new generation   total 77568K, used 3289K [0x00000000c0000000, 0x00000000c5420000, 0x00000000d5550000)
  eden space 68992K,   0% used [0x00000000c0000000, 0x00000000c0000000, 0x00000000c4360000)
  from space 8576K,  38% used [0x00000000c4360000, 0x00000000c46964d0, 0x00000000c4bc0000)
  to   space 8576K,   0% used [0x00000000c4bc0000, 0x00000000c4bc0000, 0x00000000c5420000)
 tenured generation   total 172032K, used 30751K [0x00000000d5550000, 0x00000000dfd50000, 0x0000000100000000)
   the space 172032K,  17% used [0x00000000d5550000, 0x00000000d7357e20, 0x00000000d7358000, 0x00000000dfd50000)
 Metaspace       used 39319K, committed 39808K, reserved 278528K
  class space    used 5539K, committed 5760K, reserved 212992K
}
Event: 9.381 GC heap before
{Heap before GC invocations=7 (full 2):
 def new generation   total 77568K, used 72281K [0x00000000c0000000, 0x00000000c5420000, 0x00000000d5550000)
  eden space 68992K, 100% used [0x00000000c0000000, 0x00000000c4360000, 0x00000000c4360000)
  from space 8576K,  38% used [0x00000000c4360000, 0x00000000c46964d0, 0x00000000c4bc0000)
  to   space 8576K,   0% used [0x00000000c4bc0000, 0x00000000c4bc0000, 0x00000000c5420000)
 tenured generation   total 172032K, used 30751K [0x00000000d5550000, 0x00000000dfd50000, 0x0000000100000000)
   the space 172032K,  17% used [0x00000000d5550000, 0x00000000d7357e20, 0x00000000d7358000, 0x00000000dfd50000)
 Metaspace       used 46161K, committed 46656K, reserved 278528K
  class space    used 6539K, committed 6784K, reserved 212992K
}
Event: 9.409 GC heap after
{Heap after GC invocations=8 (full 2):
 def new generation   total 77568K, used 7017K [0x00000000c0000000, 0x00000000c5420000, 0x00000000d5550000)
  eden space 68992K,   0% used [0x00000000c0000000, 0x00000000c0000000, 0x00000000c4360000)
  from space 8576K,  81% used [0x00000000c4bc0000, 0x00000000c529a7c8, 0x00000000c5420000)
  to   space 8576K,   0% used [0x00000000c4360000, 0x00000000c4360000, 0x00000000c4bc0000)
 tenured generation   total 172032K, used 30751K [0x00000000d5550000, 0x00000000dfd50000, 0x0000000100000000)
   the space 172032K,  17% used [0x00000000d5550000, 0x00000000d7357e20, 0x00000000d7358000, 0x00000000dfd50000)
 Metaspace       used 46161K, committed 46656K, reserved 278528K
  class space    used 6539K, committed 6784K, reserved 212992K
}
Event: 10.820 GC heap before
{Heap before GC invocations=8 (full 2):
 def new generation   total 77568K, used 76009K [0x00000000c0000000, 0x00000000c5420000, 0x00000000d5550000)
  eden space 68992K, 100% used [0x00000000c0000000, 0x00000000c4360000, 0x00000000c4360000)
  from space 8576K,  81% used [0x00000000c4bc0000, 0x00000000c529a7c8, 0x00000000c5420000)
  to   space 8576K,   0% used [0x00000000c4360000, 0x00000000c4360000, 0x00000000c4bc0000)
 tenured generation   total 172032K, used 30751K [0x00000000d5550000, 0x00000000dfd50000, 0x0000000100000000)
   the space 172032K,  17% used [0x00000000d5550000, 0x00000000d7357e20, 0x00000000d7358000, 0x00000000dfd50000)
 Metaspace       used 50354K, committed 50944K, reserved 278528K
  class space    used 7192K, committed 7488K, reserved 212992K
}
Event: 10.865 GC heap after
{Heap after GC invocations=9 (full 2):
 def new generation   total 77568K, used 8576K [0x00000000c0000000, 0x00000000c5420000, 0x00000000d5550000)
  eden space 68992K,   0% used [0x00000000c0000000, 0x00000000c0000000, 0x00000000c4360000)
  from space 8576K, 100% used [0x00000000c4360000, 0x00000000c4bc0000, 0x00000000c4bc0000)
  to   space 8576K,   0% used [0x00000000c4bc0000, 0x00000000c4bc0000, 0x00000000c5420000)
 tenured generation   total 172032K, used 39529K [0x00000000d5550000, 0x00000000dfd50000, 0x0000000100000000)
   the space 172032K,  22% used [0x00000000d5550000, 0x00000000d7bea740, 0x00000000d7bea800, 0x00000000dfd50000)
 Metaspace       used 50354K, committed 50944K, reserved 278528K
  class space    used 7192K, committed 7488K, reserved 212992K
}
Event: 11.833 GC heap before
{Heap before GC invocations=9 (full 2):
 def new generation   total 77568K, used 77568K [0x00000000c0000000, 0x00000000c5420000, 0x00000000d5550000)
  eden space 68992K, 100% used [0x00000000c0000000, 0x00000000c4360000, 0x00000000c4360000)
  from space 8576K, 100% used [0x00000000c4360000, 0x00000000c4bc0000, 0x00000000c4bc0000)
  to   space 8576K,   0% used [0x00000000c4bc0000, 0x00000000c4bc0000, 0x00000000c5420000)
 tenured generation   total 172032K, used 39529K [0x00000000d5550000, 0x00000000dfd50000, 0x0000000100000000)
   the space 172032K,  22% used [0x00000000d5550000, 0x00000000d7bea740, 0x00000000d7bea800, 0x00000000dfd50000)
 Metaspace       used 57562K, committed 58240K, reserved 278528K
  class space    used 8173K, committed 8512K, reserved 212992K
}
Event: 11.861 GC heap after
{Heap after GC invocations=10 (full 2):
 def new generation   total 77568K, used 2094K [0x00000000c0000000, 0x00000000c5420000, 0x00000000d5550000)
  eden space 68992K,   0% used [0x00000000c0000000, 0x00000000c0000000, 0x00000000c4360000)
  from space 8576K,  24% used [0x00000000c4bc0000, 0x00000000c4dcbae0, 0x00000000c5420000)
  to   space 8576K,   0% used [0x00000000c4360000, 0x00000000c4360000, 0x00000000c4bc0000)
 tenured generation   total 172032K, used 48084K [0x00000000d5550000, 0x00000000dfd50000, 0x0000000100000000)
   the space 172032K,  27% used [0x00000000d5550000, 0x00000000d8445278, 0x00000000d8445400, 0x00000000dfd50000)
 Metaspace       used 57562K, committed 58240K, reserved 278528K
  class space    used 8173K, committed 8512K, reserved 212992K
}
Event: 12.071 GC heap before
{Heap before GC invocations=10 (full 2):
 def new generation   total 77568K, used 25952K [0x00000000c0000000, 0x00000000c5420000, 0x00000000d5550000)
  eden space 68992K,  34% used [0x00000000c0000000, 0x00000000c174c5e8, 0x00000000c4360000)
  from space 8576K,  24% used [0x00000000c4bc0000, 0x00000000c4dcbae0, 0x00000000c5420000)
  to   space 8576K,   0% used [0x00000000c4360000, 0x00000000c4360000, 0x00000000c4bc0000)
 tenured generation   total 172032K, used 48084K [0x00000000d5550000, 0x00000000dfd50000, 0x0000000100000000)
   the space 172032K,  27% used [0x00000000d5550000, 0x00000000d8445278, 0x00000000d8445400, 0x00000000dfd50000)
 Metaspace       used 59159K, committed 59776K, reserved 278528K
  class space    used 8378K, committed 8704K, reserved 212992K
}
Event: 12.171 GC heap after
{Heap after GC invocations=11 (full 3):
 def new generation   total 77632K, used 0K [0x00000000c0000000, 0x00000000c5430000, 0x00000000d5550000)
  eden space 69056K,   0% used [0x00000000c0000000, 0x00000000c0000000, 0x00000000c4370000)
  from space 8576K,   0% used [0x00000000c4370000, 0x00000000c4370000, 0x00000000c4bd0000)
  to   space 8576K,   0% used [0x00000000c4bd0000, 0x00000000c4bd0000, 0x00000000c5430000)
 tenured generation   total 172032K, used 51200K [0x00000000d5550000, 0x00000000dfd50000, 0x0000000100000000)
   the space 172032K,  29% used [0x00000000d5550000, 0x00000000d8750398, 0x00000000d8750400, 0x00000000dfd50000)
 Metaspace       used 59159K, committed 59776K, reserved 278528K
  class space    used 8378K, committed 8704K, reserved 212992K
}
Event: 13.007 GC heap before
{Heap before GC invocations=11 (full 3):
 def new generation   total 77632K, used 69056K [0x00000000c0000000, 0x00000000c5430000, 0x00000000d5550000)
  eden space 69056K, 100% used [0x00000000c0000000, 0x00000000c4370000, 0x00000000c4370000)
  from space 8576K,   0% used [0x00000000c4370000, 0x00000000c4370000, 0x00000000c4bd0000)
  to   space 8576K,   0% used [0x00000000c4bd0000, 0x00000000c4bd0000, 0x00000000c5430000)
 tenured generation   total 172032K, used 51200K [0x00000000d5550000, 0x00000000dfd50000, 0x0000000100000000)
   the space 172032K,  29% used [0x00000000d5550000, 0x00000000d8750398, 0x00000000d8750400, 0x00000000dfd50000)
 Metaspace       used 62928K, committed 63616K, reserved 278528K
  class space    used 8931K, committed 9216K, reserved 212992K
}
Event: 13.027 GC heap after
{Heap after GC invocations=12 (full 3):
 def new generation   total 77632K, used 7486K [0x00000000c0000000, 0x00000000c5430000, 0x00000000d5550000)
  eden space 69056K,   0% used [0x00000000c0000000, 0x00000000c0000000, 0x00000000c4370000)
  from space 8576K,  87% used [0x00000000c4bd0000, 0x00000000c531faf0, 0x00000000c5430000)
  to   space 8576K,   0% used [0x00000000c4370000, 0x00000000c4370000, 0x00000000c4bd0000)
 tenured generation   total 172032K, used 51200K [0x00000000d5550000, 0x00000000dfd50000, 0x0000000100000000)
   the space 172032K,  29% used [0x00000000d5550000, 0x00000000d8750398, 0x00000000d8750400, 0x00000000dfd50000)
 Metaspace       used 62928K, committed 63616K, reserved 278528K
  class space    used 8931K, committed 9216K, reserved 212992K
}
Event: 14.687 GC heap before
{Heap before GC invocations=12 (full 3):
 def new generation   total 77632K, used 76540K [0x00000000c0000000, 0x00000000c5430000, 0x00000000d5550000)
  eden space 69056K,  99% used [0x00000000c0000000, 0x00000000c436f530, 0x00000000c4370000)
  from space 8576K,  87% used [0x00000000c4bd0000, 0x00000000c531faf0, 0x00000000c5430000)
  to   space 8576K,   0% used [0x00000000c4370000, 0x00000000c4370000, 0x00000000c4bd0000)
 tenured generation   total 172032K, used 51200K [0x00000000d5550000, 0x00000000dfd50000, 0x0000000100000000)
   the space 172032K,  29% used [0x00000000d5550000, 0x00000000d8750398, 0x00000000d8750400, 0x00000000dfd50000)
 Metaspace       used 67588K, committed 68224K, reserved 278528K
  class space    used 9694K, committed 9984K, reserved 212992K
}
Event: 14.723 GC heap after
{Heap after GC invocations=13 (full 3):
 def new generation   total 77632K, used 6074K [0x00000000c0000000, 0x00000000c5430000, 0x00000000d5550000)
  eden space 69056K,   0% used [0x00000000c0000000, 0x00000000c0000000, 0x00000000c4370000)
  from space 8576K,  70% used [0x00000000c4370000, 0x00000000c495ea28, 0x00000000c4bd0000)
  to   space 8576K,   0% used [0x00000000c4bd0000, 0x00000000c4bd0000, 0x00000000c5430000)
 tenured generation   total 172032K, used 58136K [0x00000000d5550000, 0x00000000dfd50000, 0x0000000100000000)
   the space 172032K,  33% used [0x00000000d5550000, 0x00000000d8e16038, 0x00000000d8e16200, 0x00000000dfd50000)
 Metaspace       used 67588K, committed 68224K, reserved 278528K
  class space    used 9694K, committed 9984K, reserved 212992K
}
Event: 16.047 GC heap before
{Heap before GC invocations=13 (full 3):
 def new generation   total 77632K, used 75130K [0x00000000c0000000, 0x00000000c5430000, 0x00000000d5550000)
  eden space 69056K, 100% used [0x00000000c0000000, 0x00000000c4370000, 0x00000000c4370000)
  from space 8576K,  70% used [0x00000000c4370000, 0x00000000c495ea28, 0x00000000c4bd0000)
  to   space 8576K,   0% used [0x00000000c4bd0000, 0x00000000c4bd0000, 0x00000000c5430000)
 tenured generation   total 172032K, used 58136K [0x00000000d5550000, 0x00000000dfd50000, 0x0000000100000000)
   the space 172032K,  33% used [0x00000000d5550000, 0x00000000d8e16038, 0x00000000d8e16200, 0x00000000dfd50000)
 Metaspace       used 68294K, committed 68928K, reserved 278528K
  class space    used 9728K, committed 10048K, reserved 212992K
}
Event: 16.083 GC heap after
{Heap after GC invocations=14 (full 3):
 def new generation   total 77632K, used 5950K [0x00000000c0000000, 0x00000000c5430000, 0x00000000d5550000)
  eden space 69056K,   0% used [0x00000000c0000000, 0x00000000c0000000, 0x00000000c4370000)
  from space 8576K,  69% used [0x00000000c4bd0000, 0x00000000c519f860, 0x00000000c5430000)
  to   space 8576K,   0% used [0x00000000c4370000, 0x00000000c4370000, 0x00000000c4bd0000)
 tenured generation   total 172032K, used 63581K [0x00000000d5550000, 0x00000000dfd50000, 0x0000000100000000)
   the space 172032K,  36% used [0x00000000d5550000, 0x00000000d9367670, 0x00000000d9367800, 0x00000000dfd50000)
 Metaspace       used 68294K, committed 68928K, reserved 278528K
  class space    used 9728K, committed 10048K, reserved 212992K
}
Event: 17.088 GC heap before
{Heap before GC invocations=14 (full 3):
 def new generation   total 77632K, used 75006K [0x00000000c0000000, 0x00000000c5430000, 0x00000000d5550000)
  eden space 69056K, 100% used [0x00000000c0000000, 0x00000000c4370000, 0x00000000c4370000)
  from space 8576K,  69% used [0x00000000c4bd0000, 0x00000000c519f860, 0x00000000c5430000)
  to   space 8576K,   0% used [0x00000000c4370000, 0x00000000c4370000, 0x00000000c4bd0000)
 tenured generation   total 172032K, used 63581K [0x00000000d5550000, 0x00000000dfd50000, 0x0000000100000000)
   the space 172032K,  36% used [0x00000000d5550000, 0x00000000d9367670, 0x00000000d9367800, 0x00000000dfd50000)
 Metaspace       used 68337K, committed 68992K, reserved 278528K
  class space    used 9730K, committed 10048K, reserved 212992K
}
Event: 17.110 GC heap after
{Heap after GC invocations=15 (full 3):
 def new generation   total 77632K, used 4326K [0x00000000c0000000, 0x00000000c5430000, 0x00000000d5550000)
  eden space 69056K,   0% used [0x00000000c0000000, 0x00000000c0000000, 0x00000000c4370000)
  from space 8576K,  50% used [0x00000000c4370000, 0x00000000c47a9b50, 0x00000000c4bd0000)
  to   space 8576K,   0% used [0x00000000c4bd0000, 0x00000000c4bd0000, 0x00000000c5430000)
 tenured generation   total 172032K, used 67548K [0x00000000d5550000, 0x00000000dfd50000, 0x0000000100000000)
   the space 172032K,  39% used [0x00000000d5550000, 0x00000000d97470d0, 0x00000000d9747200, 0x00000000dfd50000)
 Metaspace       used 68337K, committed 68992K, reserved 278528K
  class space    used 9730K, committed 10048K, reserved 212992K
}
Event: 17.758 GC heap before
{Heap before GC invocations=15 (full 3):
 def new generation   total 77632K, used 73382K [0x00000000c0000000, 0x00000000c5430000, 0x00000000d5550000)
  eden space 69056K, 100% used [0x00000000c0000000, 0x00000000c4370000, 0x00000000c4370000)
  from space 8576K,  50% used [0x00000000c4370000, 0x00000000c47a9b50, 0x00000000c4bd0000)
  to   space 8576K,   0% used [0x00000000c4bd0000, 0x00000000c4bd0000, 0x00000000c5430000)
 tenured generation   total 172032K, used 67548K [0x00000000d5550000, 0x00000000dfd50000, 0x0000000100000000)
   the space 172032K,  39% used [0x00000000d5550000, 0x00000000d97470d0, 0x00000000d9747200, 0x00000000dfd50000)
 Metaspace       used 70361K, committed 71104K, reserved 278528K
  class space    used 9989K, committed 10368K, reserved 212992K
}
Event: 17.791 GC heap after
{Heap after GC invocations=16 (full 3):
 def new generation   total 77632K, used 8576K [0x00000000c0000000, 0x00000000c5430000, 0x00000000d5550000)
  eden space 69056K,   0% used [0x00000000c0000000, 0x00000000c0000000, 0x00000000c4370000)
  from space 8576K, 100% used [0x00000000c4bd0000, 0x00000000c5430000, 0x00000000c5430000)
  to   space 8576K,   0% used [0x00000000c4370000, 0x00000000c4370000, 0x00000000c4bd0000)
 tenured generation   total 172032K, used 80773K [0x00000000d5550000, 0x00000000dfd50000, 0x0000000100000000)
   the space 172032K,  46% used [0x00000000d5550000, 0x00000000da4314b8, 0x00000000da431600, 0x00000000dfd50000)
 Metaspace       used 70361K, committed 71104K, reserved 278528K
  class space    used 9989K, committed 10368K, reserved 212992K
}

