# JRE version: OpenJDK Runtime Environment Temurin-17.0.18+8 (17.0.18+8) (build 17.0.18+8)
# Java VM: OpenJDK 64-Bit Server VM Temurin-17.0.18+8 (17.0.18+8, mixed mode, sharing, tiered, compressed oops, compressed class ptrs, serial gc, windows-amd64)
GC Precious Log:
 CPUs: 8 total, 8 available
 Memory: 16043M
 Large Page Support: Disabled
 NUMA Support: Disabled
 Compressed Oops: Enabled (32-bit)
 Heap Min Capacity: 8M
 Heap Initial Capacity: 252M
 Heap Max Capacity: 1G
 Pre-touch: Disabled
Heap:
 def new generation   total 161280K, used 128596K [0x00000000c0000000, 0x00000000caef0000, 0x00000000d5550000)
  eden space 143424K,  77% used [0x00000000c0000000, 0x00000000c6c35950, 0x00000000c8c10000)
  from space 17856K,  99% used [0x00000000c8c10000, 0x00000000c9d6f9a0, 0x00000000c9d80000)
  to   space 17856K,   0% used [0x00000000c9d80000, 0x00000000c9d80000, 0x00000000caef0000)
 tenured generation   total 357740K, used 233294K [0x00000000d5550000, 0x00000000eb2ab000, 0x0000000100000000)
   the space 357740K,  65% used [0x00000000d5550000, 0x00000000e3923ba0, 0x00000000e3923c00, 0x00000000eb2ab000)
 Metaspace       used 113856K, committed 115584K, reserved 344064K
  class space    used 15906K, committed 16704K, reserved 212992K
GC Heap History (20 events):
Event: 53.683 GC heap before
{Heap before GC invocations=34 (full 4):
 def new generation   total 94656K, used 90324K [0x00000000c0000000, 0x00000000c66b0000, 0x00000000d5550000)
  eden space 84160K, 100% used [0x00000000c0000000, 0x00000000c5230000, 0x00000000c5230000)
  from space 10496K,  58% used [0x00000000c5c70000, 0x00000000c6275278, 0x00000000c66b0000)
  to   space 10496K,   0% used [0x00000000c5230000, 0x00000000c5230000, 0x00000000c5c70000)
 tenured generation   total 209844K, used 170417K [0x00000000d5550000, 0x00000000e223d000, 0x0000000100000000)
   the space 209844K,  81% used [0x00000000d5550000, 0x00000000dfbbc6e8, 0x00000000dfbbc800, 0x00000000e223d000)
 Metaspace       used 100310K, committed 101504K, reserved 344064K
  class space    used 14055K, committed 14592K, reserved 212992K
}
Event: 53.720 GC heap after
{Heap after GC invocations=35 (full 4):
 def new generation   total 94656K, used 6485K [0x00000000c0000000, 0x00000000c66b0000, 0x00000000d5550000)
  eden space 84160K,   0% used [0x00000000c0000000, 0x00000000c0000000, 0x00000000c5230000)
  from space 10496K,  61% used [0x00000000c5230000, 0x00000000c58854f0, 0x00000000c5c70000)
  to   space 10496K,   0% used [0x00000000c5c70000, 0x00000000c5c70000, 0x00000000c66b0000)
 tenured generation   total 209844K, used 174675K [0x00000000d5550000, 0x00000000e223d000, 0x0000000100000000)
   the space 209844K,  83% used [0x00000000d5550000, 0x00000000dffe4fa0, 0x00000000dffe5000, 0x00000000e223d000)
 Metaspace       used 100310K, committed 101504K, reserved 344064K
  class space    used 14055K, committed 14592K, reserved 212992K
}
Event: 56.353 GC heap before
{Heap before GC invocations=35 (full 4):
 def new generation   total 94656K, used 90645K [0x00000000c0000000, 0x00000000c66b0000, 0x00000000d5550000)
  eden space 84160K, 100% used [0x00000000c0000000, 0x00000000c5230000, 0x00000000c5230000)
  from space 10496K,  61% used [0x00000000c5230000, 0x00000000c58854f0, 0x00000000c5c70000)
  to   space 10496K,   0% used [0x00000000c5c70000, 0x00000000c5c70000, 0x00000000c66b0000)
 tenured generation   total 209844K, used 174675K [0x00000000d5550000, 0x00000000e223d000, 0x0000000100000000)
   the space 209844K,  83% used [0x00000000d5550000, 0x00000000dffe4fa0, 0x00000000dffe5000, 0x00000000e223d000)
 Metaspace       used 100383K, committed 101632K, reserved 344064K
  class space    used 14066K, committed 14656K, reserved 212992K
}
Event: 56.405 GC heap after
{Heap after GC invocations=36 (full 4):
 def new generation   total 94656K, used 10496K [0x00000000c0000000, 0x00000000c66b0000, 0x00000000d5550000)
  eden space 84160K,   0% used [0x00000000c0000000, 0x00000000c0000000, 0x00000000c5230000)
  from space 10496K, 100% used [0x00000000c5c70000, 0x00000000c66b0000, 0x00000000c66b0000)
  to   space 10496K,   0% used [0x00000000c5230000, 0x00000000c5230000, 0x00000000c5c70000)
 tenured generation   total 209844K, used 182044K [0x00000000d5550000, 0x00000000e223d000, 0x0000000100000000)
   the space 209844K,  86% used [0x00000000d5550000, 0x00000000e07171c0, 0x00000000e0717200, 0x00000000e223d000)
 Metaspace       used 100383K, committed 101632K, reserved 344064K
  class space    used 14066K, committed 14656K, reserved 212992K
}
Event: 58.539 GC heap before
{Heap before GC invocations=36 (full 4):
 def new generation   total 94656K, used 94656K [0x00000000c0000000, 0x00000000c66b0000, 0x00000000d5550000)
  eden space 84160K, 100% used [0x00000000c0000000, 0x00000000c5230000, 0x00000000c5230000)
  from space 10496K, 100% used [0x00000000c5c70000, 0x00000000c66b0000, 0x00000000c66b0000)
  to   space 10496K,   0% used [0x00000000c5230000, 0x00000000c5230000, 0x00000000c5c70000)
 tenured generation   total 209844K, used 182044K [0x00000000d5550000, 0x00000000e223d000, 0x0000000100000000)
   the space 209844K,  86% used [0x00000000d5550000, 0x00000000e07171c0, 0x00000000e0717200, 0x00000000e223d000)
 Metaspace       used 100541K, committed 101824K, reserved 344064K
  class space    used 14093K, committed 14656K, reserved 212992K
}
Event: 58.574 GC heap after
{Heap after GC invocations=37 (full 4):
 def new generation   total 94656K, used 6712K [0x00000000c0000000, 0x00000000c66b0000, 0x00000000d5550000)
  eden space 84160K,   0% used [0x00000000c0000000, 0x00000000c0000000, 0x00000000c5230000)
  from space 10496K,  63% used [0x00000000c5230000, 0x00000000c58be2d0, 0x00000000c5c70000)
  to   space 10496K,   0% used [0x00000000c5c70000, 0x00000000c5c70000, 0x00000000c66b0000)
 tenured generation   total 209844K, used 192218K [0x00000000d5550000, 0x00000000e223d000, 0x0000000100000000)
   the space 209844K,  91% used [0x00000000d5550000, 0x00000000e1106a78, 0x00000000e1106c00, 0x00000000e223d000)
 Metaspace       used 100541K, committed 101824K, reserved 344064K
  class space    used 14093K, committed 14656K, reserved 212992K
}
Event: 60.176 GC heap before
{Heap before GC invocations=37 (full 4):
 def new generation   total 94656K, used 90872K [0x00000000c0000000, 0x00000000c66b0000, 0x00000000d5550000)
  eden space 84160K, 100% used [0x00000000c0000000, 0x00000000c5230000, 0x00000000c5230000)
  from space 10496K,  63% used [0x00000000c5230000, 0x00000000c58be2d0, 0x00000000c5c70000)
  to   space 10496K,   0% used [0x00000000c5c70000, 0x00000000c5c70000, 0x00000000c66b0000)
 tenured generation   total 209844K, used 192218K [0x00000000d5550000, 0x00000000e223d000, 0x0000000100000000)
   the space 209844K,  91% used [0x00000000d5550000, 0x00000000e1106a78, 0x00000000e1106c00, 0x00000000e223d000)
 Metaspace       used 100680K, committed 101952K, reserved 344064K
  class space    used 14110K, committed 14720K, reserved 212992K
}
Event: 60.218 GC heap after
{Heap after GC invocations=38 (full 4):
 def new generation   total 94656K, used 6372K [0x00000000c0000000, 0x00000000c66b0000, 0x00000000d5550000)
  eden space 84160K,   0% used [0x00000000c0000000, 0x00000000c0000000, 0x00000000c5230000)
  from space 10496K,  60% used [0x00000000c5c70000, 0x00000000c62a9178, 0x00000000c66b0000)
  to   space 10496K,   0% used [0x00000000c5230000, 0x00000000c5230000, 0x00000000c5c70000)
 tenured generation   total 209844K, used 197176K [0x00000000d5550000, 0x00000000e223d000, 0x0000000100000000)
   the space 209844K,  93% used [0x00000000d5550000, 0x00000000e15de0f8, 0x00000000e15de200, 0x00000000e223d000)
 Metaspace       used 100680K, committed 101952K, reserved 344064K
  class space    used 14110K, committed 14720K, reserved 212992K
}
Event: 61.743 GC heap before
{Heap before GC invocations=38 (full 4):
 def new generation   total 94656K, used 90532K [0x00000000c0000000, 0x00000000c66b0000, 0x00000000d5550000)
  eden space 84160K, 100% used [0x00000000c0000000, 0x00000000c5230000, 0x00000000c5230000)
  from space 10496K,  60% used [0x00000000c5c70000, 0x00000000c62a9178, 0x00000000c66b0000)
  to   space 10496K,   0% used [0x00000000c5230000, 0x00000000c5230000, 0x00000000c5c70000)
 tenured generation   total 209844K, used 197176K [0x00000000d5550000, 0x00000000e223d000, 0x0000000100000000)
   the space 209844K,  93% used [0x00000000d5550000, 0x00000000e15de0f8, 0x00000000e15de200, 0x00000000e223d000)
 Metaspace       used 100789K, committed 102080K, reserved 344064K
  class space    used 14124K, committed 14720K, reserved 212992K
}
Event: 61.784 GC heap after
{Heap after GC invocations=39 (full 4):
 def new generation   total 94656K, used 7091K [0x00000000c0000000, 0x00000000c66b0000, 0x00000000d5550000)
  eden space 84160K,   0% used [0x00000000c0000000, 0x00000000c0000000, 0x00000000c5230000)
  from space 10496K,  67% used [0x00000000c5230000, 0x00000000c591cd80, 0x00000000c5c70000)
  to   space 10496K,   0% used [0x00000000c5c70000, 0x00000000c5c70000, 0x00000000c66b0000)
 tenured generation   total 209844K, used 201677K [0x00000000d5550000, 0x00000000e223d000, 0x0000000100000000)
   the space 209844K,  96% used [0x00000000d5550000, 0x00000000e1a437d8, 0x00000000e1a43800, 0x00000000e223d000)
 Metaspace       used 100789K, committed 102080K, reserved 344064K
  class space    used 14124K, committed 14720K, reserved 212992K
}
Event: 63.967 GC heap before
{Heap before GC invocations=39 (full 4):
 def new generation   total 94656K, used 91251K [0x00000000c0000000, 0x00000000c66b0000, 0x00000000d5550000)
  eden space 84160K, 100% used [0x00000000c0000000, 0x00000000c5230000, 0x00000000c5230000)
  from space 10496K,  67% used [0x00000000c5230000, 0x00000000c591cd80, 0x00000000c5c70000)
  to   space 10496K,   0% used [0x00000000c5c70000, 0x00000000c5c70000, 0x00000000c66b0000)
 tenured generation   total 209844K, used 201677K [0x00000000d5550000, 0x00000000e223d000, 0x0000000100000000)
   the space 209844K,  96% used [0x00000000d5550000, 0x00000000e1a437d8, 0x00000000e1a43800, 0x00000000e223d000)
 Metaspace       used 101161K, committed 102528K, reserved 344064K
  class space    used 14175K, committed 14784K, reserved 212992K
}
Event: 64.023 GC heap after
{Heap after GC invocations=40 (full 4):
 def new generation   total 94656K, used 9473K [0x00000000c0000000, 0x00000000c66b0000, 0x00000000d5550000)
  eden space 84160K,   0% used [0x00000000c0000000, 0x00000000c0000000, 0x00000000c5230000)
  from space 10496K,  90% used [0x00000000c5c70000, 0x00000000c65b0430, 0x00000000c66b0000)
  to   space 10496K,   0% used [0x00000000c5230000, 0x00000000c5230000, 0x00000000c5c70000)
 tenured generation   total 209844K, used 206977K [0x00000000d5550000, 0x00000000e223d000, 0x0000000100000000)
   the space 209844K,  98% used [0x00000000d5550000, 0x00000000e1f70528, 0x00000000e1f70600, 0x00000000e223d000)
 Metaspace       used 101161K, committed 102528K, reserved 344064K
  class space    used 14175K, committed 14784K, reserved 212992K
}
Event: 66.204 GC heap before
{Heap before GC invocations=40 (full 4):
 def new generation   total 94656K, used 93633K [0x00000000c0000000, 0x00000000c66b0000, 0x00000000d5550000)
  eden space 84160K, 100% used [0x00000000c0000000, 0x00000000c5230000, 0x00000000c5230000)
  from space 10496K,  90% used [0x00000000c5c70000, 0x00000000c65b0430, 0x00000000c66b0000)
  to   space 10496K,   0% used [0x00000000c5230000, 0x00000000c5230000, 0x00000000c5c70000)
 tenured generation   total 209844K, used 206977K [0x00000000d5550000, 0x00000000e223d000, 0x0000000100000000)
   the space 209844K,  98% used [0x00000000d5550000, 0x00000000e1f70528, 0x00000000e1f70600, 0x00000000e223d000)
 Metaspace       used 101390K, committed 102848K, reserved 344064K
  class space    used 14208K, committed 14848K, reserved 212992K
}
Event: 66.262 GC heap after
{Heap after GC invocations=41 (full 4):
 def new generation   total 94656K, used 9784K [0x00000000c0000000, 0x00000000c66b0000, 0x00000000d5550000)
  eden space 84160K,   0% used [0x00000000c0000000, 0x00000000c0000000, 0x00000000c5230000)
  from space 10496K,  93% used [0x00000000c5230000, 0x00000000c5bbe1a0, 0x00000000c5c70000)
  to   space 10496K,   0% used [0x00000000c5c70000, 0x00000000c5c70000, 0x00000000c66b0000)
 tenured generation   total 214644K, used 214574K [0x00000000d5550000, 0x00000000e26ed000, 0x0000000100000000)
   the space 214644K,  99% used [0x00000000d5550000, 0x00000000e26db980, 0x00000000e26dba00, 0x00000000e26ed000)
 Metaspace       used 101390K, committed 102848K, reserved 344064K
  class space    used 14208K, committed 14848K, reserved 212992K
}
Event: 66.262 GC heap before
{Heap before GC invocations=41 (full 4):
 def new generation   total 94656K, used 9784K [0x00000000c0000000, 0x00000000c66b0000, 0x00000000d5550000)
  eden space 84160K,   0% used [0x00000000c0000000, 0x00000000c0000000, 0x00000000c5230000)
  from space 10496K,  93% used [0x00000000c5230000, 0x00000000c5bbe1a0, 0x00000000c5c70000)
  to   space 10496K,   0% used [0x00000000c5c70000, 0x00000000c5c70000, 0x00000000c66b0000)
 tenured generation   total 214644K, used 214574K [0x00000000d5550000, 0x00000000e26ed000, 0x0000000100000000)
   the space 214644K,  99% used [0x00000000d5550000, 0x00000000e26db980, 0x00000000e26dba00, 0x00000000e26ed000)
 Metaspace       used 101390K, committed 102848K, reserved 344064K
  class space    used 14208K, committed 14848K, reserved 212992K
}
Event: 66.769 GC heap after
{Heap after GC invocations=41 (full 5):
 def new generation   total 161280K, used 9711K [0x00000000c0000000, 0x00000000caef0000, 0x00000000d5550000)
  eden space 143424K,   6% used [0x00000000c0000000, 0x00000000c097bc28, 0x00000000c8c10000)
  from space 17856K,   0% used [0x00000000c8c10000, 0x00000000c8c10000, 0x00000000c9d80000)
  to   space 17856K,   0% used [0x00000000c9d80000, 0x00000000c9d80000, 0x00000000caef0000)
 tenured generation   total 357740K, used 214644K [0x00000000d5550000, 0x00000000eb2ab000, 0x0000000100000000)
   the space 357740K,  60% used [0x00000000d5550000, 0x00000000e26ed000, 0x00000000e26ed000, 0x00000000eb2ab000)
 Metaspace       used 101390K, committed 102848K, reserved 344064K
  class space    used 14208K, committed 14848K, reserved 212992K
}
Event: 68.542 GC heap before
{Heap before GC invocations=41 (full 5):
 def new generation   total 161280K, used 143424K [0x00000000c0000000, 0x00000000caef0000, 0x00000000d5550000)
  eden space 143424K, 100% used [0x00000000c0000000, 0x00000000c8c10000, 0x00000000c8c10000)
  from space 17856K,   0% used [0x00000000c8c10000, 0x00000000c8c10000, 0x00000000c9d80000)
  to   space 17856K,   0% used [0x00000000c9d80000, 0x00000000c9d80000, 0x00000000caef0000)
 tenured generation   total 357740K, used 214644K [0x00000000d5550000, 0x00000000eb2ab000, 0x0000000100000000)
   the space 357740K,  60% used [0x00000000d5550000, 0x00000000e26ed000, 0x00000000e26ed000, 0x00000000eb2ab000)
 Metaspace       used 103137K, committed 104512K, reserved 344064K
  class space    used 14431K, committed 15040K, reserved 212992K
}
Event: 68.725 GC heap after
{Heap after GC invocations=42 (full 5):
 def new generation   total 161280K, used 17856K [0x00000000c0000000, 0x00000000caef0000, 0x00000000d5550000)
  eden space 143424K,   0% used [0x00000000c0000000, 0x00000000c0000000, 0x00000000c8c10000)
  from space 17856K, 100% used [0x00000000c9d80000, 0x00000000caef0000, 0x00000000caef0000)
  to   space 17856K,   0% used [0x00000000c8c10000, 0x00000000c8c10000, 0x00000000c9d80000)
 tenured generation   total 357740K, used 215703K [0x00000000d5550000, 0x00000000eb2ab000, 0x0000000100000000)
   the space 357740K,  60% used [0x00000000d5550000, 0x00000000e27f5f68, 0x00000000e27f6000, 0x00000000eb2ab000)
 Metaspace       used 103137K, committed 104512K, reserved 344064K
  class space    used 14431K, committed 15040K, reserved 212992K
}
Event: 71.685 GC heap before
{Heap before GC invocations=42 (full 5):
 def new generation   total 161280K, used 161280K [0x00000000c0000000, 0x00000000caef0000, 0x00000000d5550000)
  eden space 143424K, 100% used [0x00000000c0000000, 0x00000000c8c10000, 0x00000000c8c10000)
  from space 17856K, 100% used [0x00000000c9d80000, 0x00000000caef0000, 0x00000000caef0000)
  to   space 17856K,   0% used [0x00000000c8c10000, 0x00000000c8c10000, 0x00000000c9d80000)
 tenured generation   total 357740K, used 215703K [0x00000000d5550000, 0x00000000eb2ab000, 0x0000000100000000)
   the space 357740K,  60% used [0x00000000d5550000, 0x00000000e27f5f68, 0x00000000e27f6000, 0x00000000eb2ab000)
 Metaspace       used 112144K, committed 113728K, reserved 344064K
  class space    used 15620K, committed 16320K, reserved 212992K
}
Event: 71.811 GC heap after
{Heap after GC invocations=43 (full 5):
 def new generation   total 161280K, used 17790K [0x00000000c0000000, 0x00000000caef0000, 0x00000000d5550000)
  eden space 143424K,   0% used [0x00000000c0000000, 0x00000000c0000000, 0x00000000c8c10000)
  from space 17856K,  99% used [0x00000000c8c10000, 0x00000000c9d6f9a0, 0x00000000c9d80000)
  to   space 17856K,   0% used [0x00000000c9d80000, 0x00000000c9d80000, 0x00000000caef0000)
 tenured generation   total 357740K, used 233294K [0x00000000d5550000, 0x00000000eb2ab000, 0x0000000100000000)
   the space 357740K,  65% used [0x00000000d5550000, 0x00000000e3923ba0, 0x00000000e3923c00, 0x00000000eb2ab000)
 Metaspace       used 112144K, committed 113728K, reserved 344064K
  class space    used 15620K, committed 16320K, reserved 212992K
}

