# JRE version: OpenJDK Runtime Environment Temurin-17.0.18+8 (17.0.18+8) (build 17.0.18+8)
# Java VM: OpenJDK 64-Bit Server VM Temurin-17.0.18+8 (17.0.18+8, mixed mode, sharing, tiered, compressed oops, compressed class ptrs, g1 gc, windows-amd64)
GC Precious Log:
 CPUs: 8 total, 8 available
 Memory: 16043M
 Large Page Support: Disabled
 NUMA Support: Disabled
 Compressed Oops: Enabled (32-bit)
 Heap Region Size: 1M
 Heap Min Capacity: 8M
 Heap Initial Capacity: 252M
 Heap Max Capacity: 2G
 Pre-touch: Disabled
 Parallel Workers: 8
 Concurrent Workers: 2
 Concurrent Refinement Workers: 8
 Periodic GC: Disabled
Heap:
 garbage-first heap   total 361472K, used 324326K [0x0000000080000000, 0x0000000100000000)
  region size 1024K, 16 young (16384K), 3 survivors (3072K)
 Metaspace       used 112360K, committed 114048K, reserved 557056K
  class space    used 15661K, committed 16448K, reserved 425984K
GC Heap History (20 events):
Event: 60.853 GC heap before
{Heap before GC invocations=85 (full 0):
 garbage-first heap   total 361472K, used 310828K [0x0000000080000000, 0x0000000100000000)
  region size 1024K, 37 young (37888K), 5 survivors (5120K)
 Metaspace       used 102949K, committed 104384K, reserved 557056K
  class space    used 14362K, committed 15040K, reserved 425984K
}
Event: 60.862 GC heap after
{Heap after GC invocations=86 (full 0):
 garbage-first heap   total 361472K, used 281925K [0x0000000080000000, 0x0000000100000000)
  region size 1024K, 5 young (5120K), 5 survivors (5120K)
 Metaspace       used 102949K, committed 104384K, reserved 557056K
  class space    used 14362K, committed 15040K, reserved 425984K
}
Event: 61.469 GC heap before
{Heap before GC invocations=86 (full 0):
 garbage-first heap   total 361472K, used 310597K [0x0000000080000000, 0x0000000100000000)
  region size 1024K, 34 young (34816K), 5 survivors (5120K)
 Metaspace       used 105272K, committed 106688K, reserved 557056K
  class space    used 14742K, committed 15424K, reserved 425984K
}
Event: 61.478 GC heap after
{Heap after GC invocations=87 (full 0):
 garbage-first heap   total 361472K, used 283044K [0x0000000080000000, 0x0000000100000000)
  region size 1024K, 2 young (2048K), 2 survivors (2048K)
 Metaspace       used 105272K, committed 106688K, reserved 557056K
  class space    used 14742K, committed 15424K, reserved 425984K
}
Event: 62.151 GC heap before
{Heap before GC invocations=87 (full 0):
 garbage-first heap   total 361472K, used 311716K [0x0000000080000000, 0x0000000100000000)
  region size 1024K, 31 young (31744K), 2 survivors (2048K)
 Metaspace       used 108110K, committed 109632K, reserved 557056K
  class space    used 15075K, committed 15808K, reserved 425984K
}
Event: 62.161 GC heap after
{Heap after GC invocations=88 (full 0):
 garbage-first heap   total 361472K, used 286377K [0x0000000080000000, 0x0000000100000000)
  region size 1024K, 4 young (4096K), 4 survivors (4096K)
 Metaspace       used 108110K, committed 109632K, reserved 557056K
  class space    used 15075K, committed 15808K, reserved 425984K
}
Event: 62.688 GC heap before
{Heap before GC invocations=88 (full 0):
 garbage-first heap   total 361472K, used 314025K [0x0000000080000000, 0x0000000100000000)
  region size 1024K, 31 young (31744K), 4 survivors (4096K)
 Metaspace       used 109269K, committed 110784K, reserved 557056K
  class space    used 15218K, committed 15936K, reserved 425984K
}
Event: 62.700 GC heap after
{Heap after GC invocations=89 (full 0):
 garbage-first heap   total 361472K, used 291672K [0x0000000080000000, 0x0000000100000000)
  region size 1024K, 4 young (4096K), 4 survivors (4096K)
 Metaspace       used 109269K, committed 110784K, reserved 557056K
  class space    used 15218K, committed 15936K, reserved 425984K
}
Event: 63.198 GC heap before
{Heap before GC invocations=89 (full 0):
 garbage-first heap   total 361472K, used 314200K [0x0000000080000000, 0x0000000100000000)
  region size 1024K, 26 young (26624K), 4 survivors (4096K)
 Metaspace       used 109889K, committed 111360K, reserved 557056K
  class space    used 15290K, committed 16000K, reserved 425984K
}
Event: 63.209 GC heap after
{Heap after GC invocations=90 (full 0):
 garbage-first heap   total 361472K, used 297153K [0x0000000080000000, 0x0000000100000000)
  region size 1024K, 4 young (4096K), 4 survivors (4096K)
 Metaspace       used 109889K, committed 111360K, reserved 557056K
  class space    used 15290K, committed 16000K, reserved 425984K
}
Event: 63.566 GC heap before
{Heap before GC invocations=90 (full 0):
 garbage-first heap   total 361472K, used 313537K [0x0000000080000000, 0x0000000100000000)
  region size 1024K, 20 young (20480K), 4 survivors (4096K)
 Metaspace       used 110420K, committed 112000K, reserved 557056K
  class space    used 15363K, committed 16128K, reserved 425984K
}
Event: 63.574 GC heap after
{Heap after GC invocations=91 (full 0):
 garbage-first heap   total 361472K, used 300750K [0x0000000080000000, 0x0000000100000000)
  region size 1024K, 3 young (3072K), 3 survivors (3072K)
 Metaspace       used 110420K, committed 112000K, reserved 557056K
  class space    used 15363K, committed 16128K, reserved 425984K
}
Event: 63.852 GC heap before
{Heap before GC invocations=91 (full 0):
 garbage-first heap   total 361472K, used 315086K [0x0000000080000000, 0x0000000100000000)
  region size 1024K, 17 young (17408K), 3 survivors (3072K)
 Metaspace       used 110788K, committed 112384K, reserved 557056K
  class space    used 15414K, committed 16192K, reserved 425984K
}
Event: 63.861 GC heap after
{Heap after GC invocations=92 (full 0):
 garbage-first heap   total 361472K, used 303485K [0x0000000080000000, 0x0000000100000000)
  region size 1024K, 3 young (3072K), 3 survivors (3072K)
 Metaspace       used 110788K, committed 112384K, reserved 557056K
  class space    used 15414K, committed 16192K, reserved 425984K
}
Event: 64.178 GC heap before
{Heap before GC invocations=92 (full 0):
 garbage-first heap   total 361472K, used 317821K [0x0000000080000000, 0x0000000100000000)
  region size 1024K, 17 young (17408K), 3 survivors (3072K)
 Metaspace       used 111083K, committed 112768K, reserved 557056K
  class space    used 15455K, committed 16256K, reserved 425984K
}
Event: 64.189 GC heap after
{Heap after GC invocations=93 (full 0):
 garbage-first heap   total 361472K, used 305973K [0x0000000080000000, 0x0000000100000000)
  region size 1024K, 3 young (3072K), 3 survivors (3072K)
 Metaspace       used 111083K, committed 112768K, reserved 557056K
  class space    used 15455K, committed 16256K, reserved 425984K
}
Event: 64.386 GC heap before
{Heap before GC invocations=93 (full 0):
 garbage-first heap   total 361472K, used 320309K [0x0000000080000000, 0x0000000100000000)
  region size 1024K, 17 young (17408K), 3 survivors (3072K)
 Metaspace       used 111435K, committed 113024K, reserved 557056K
  class space    used 15505K, committed 16256K, reserved 425984K
}
Event: 64.393 GC heap after
{Heap after GC invocations=94 (full 0):
 garbage-first heap   total 361472K, used 308507K [0x0000000080000000, 0x0000000100000000)
  region size 1024K, 3 young (3072K), 3 survivors (3072K)
 Metaspace       used 111435K, committed 113024K, reserved 557056K
  class space    used 15505K, committed 16256K, reserved 425984K
}
Event: 64.634 GC heap before
{Heap before GC invocations=94 (full 0):
 garbage-first heap   total 361472K, used 322843K [0x0000000080000000, 0x0000000100000000)
  region size 1024K, 17 young (17408K), 3 survivors (3072K)
 Metaspace       used 111650K, committed 113408K, reserved 557056K
  class space    used 15543K, committed 16384K, reserved 425984K
}
Event: 64.643 GC heap after
{Heap after GC invocations=95 (full 0):
 garbage-first heap   total 361472K, used 311014K [0x0000000080000000, 0x0000000100000000)
  region size 1024K, 3 young (3072K), 3 survivors (3072K)
 Metaspace       used 111650K, committed 113408K, reserved 557056K
  class space    used 15543K, committed 16384K, reserved 425984K
}

