# JRE version: OpenJDK Runtime Environment Temurin-17.0.18+8 (17.0.18+8) (build 17.0.18+8)
# Java VM: OpenJDK 64-Bit Server VM Temurin-17.0.18+8 (17.0.18+8, mixed mode, sharing, tiered, compressed oops, compressed class ptrs, serial gc, windows-amd64)
GC Precious Log:
 CPUs: 8 total, 8 available
 Memory: 16043M
 Large Page Support: Disabled
 NUMA Support: Disabled
 Compressed Oops: Enabled (Zero based)
 Heap Min Capacity: 8M
 Heap Initial Capacity: 252M
 Heap Max Capacity: 8G
 Pre-touch: Disabled
Heap:
 def new generation   total 77632K, used 76825K [0x0000000600000000, 0x0000000605430000, 0x00000006aaaa0000)
  eden space 69056K,  98% used [0x0000000600000000, 0x00000006042a6500, 0x0000000604370000)
  from space 8576K,  99% used [0x0000000604bd0000, 0x000000060542fff8, 0x0000000605430000)
  to   space 8576K,   0% used [0x0000000604370000, 0x0000000604370000, 0x0000000604bd0000)
 tenured generation   total 172032K, used 74370K [0x00000006aaaa0000, 0x00000006b52a0000, 0x0000000800000000)
   the space 172032K,  43% used [0x00000006aaaa0000, 0x00000006af3409f8, 0x00000006af340a00, 0x00000006b52a0000)
 Metaspace       used 69604K, committed 70336K, reserved 917504K
  class space    used 9862K, committed 10240K, reserved 851968K
GC Heap History (20 events):
Event: 13.025 GC heap before
{Heap before GC invocations=7 (full 2):
 def new generation   total 77568K, used 68992K [0x0000000600000000, 0x0000000605420000, 0x00000006aaaa0000)
  eden space 68992K, 100% used [0x0000000600000000, 0x0000000604360000, 0x0000000604360000)
  from space 8576K,   0% used [0x0000000604360000, 0x0000000604360000, 0x0000000604bc0000)
  to   space 8576K,   0% used [0x0000000604bc0000, 0x0000000604bc0000, 0x0000000605420000)
 tenured generation   total 172032K, used 31675K [0x00000006aaaa0000, 0x00000006b52a0000, 0x0000000800000000)
   the space 172032K,  18% used [0x00000006aaaa0000, 0x00000006ac98ec88, 0x00000006ac98ee00, 0x00000006b52a0000)
 Metaspace       used 40484K, committed 40960K, reserved 917504K
  class space    used 5734K, committed 5952K, reserved 851968K
}
Event: 13.039 GC heap after
{Heap after GC invocations=8 (full 2):
 def new generation   total 77568K, used 2812K [0x0000000600000000, 0x0000000605420000, 0x00000006aaaa0000)
  eden space 68992K,   0% used [0x0000000600000000, 0x0000000600000000, 0x0000000604360000)
  from space 8576K,  32% used [0x0000000604bc0000, 0x0000000604e7f160, 0x0000000605420000)
  to   space 8576K,   0% used [0x0000000604360000, 0x0000000604360000, 0x0000000604bc0000)
 tenured generation   total 172032K, used 31675K [0x00000006aaaa0000, 0x00000006b52a0000, 0x0000000800000000)
   the space 172032K,  18% used [0x00000006aaaa0000, 0x00000006ac98ec88, 0x00000006ac98ee00, 0x00000006b52a0000)
 Metaspace       used 40484K, committed 40960K, reserved 917504K
  class space    used 5734K, committed 5952K, reserved 851968K
}
Event: 15.356 GC heap before
{Heap before GC invocations=8 (full 2):
 def new generation   total 77568K, used 71804K [0x0000000600000000, 0x0000000605420000, 0x00000006aaaa0000)
  eden space 68992K, 100% used [0x0000000600000000, 0x0000000604360000, 0x0000000604360000)
  from space 8576K,  32% used [0x0000000604bc0000, 0x0000000604e7f160, 0x0000000605420000)
  to   space 8576K,   0% used [0x0000000604360000, 0x0000000604360000, 0x0000000604bc0000)
 tenured generation   total 172032K, used 31675K [0x00000006aaaa0000, 0x00000006b52a0000, 0x0000000800000000)
   the space 172032K,  18% used [0x00000006aaaa0000, 0x00000006ac98ec88, 0x00000006ac98ee00, 0x00000006b52a0000)
 Metaspace       used 46652K, committed 47232K, reserved 917504K
  class space    used 6598K, committed 6848K, reserved 851968K
}
Event: 15.393 GC heap after
{Heap after GC invocations=9 (full 2):
 def new generation   total 77568K, used 8314K [0x0000000600000000, 0x0000000605420000, 0x00000006aaaa0000)
  eden space 68992K,   0% used [0x0000000600000000, 0x0000000600000000, 0x0000000604360000)
  from space 8576K,  96% used [0x0000000604360000, 0x0000000604b7eb68, 0x0000000604bc0000)
  to   space 8576K,   0% used [0x0000000604bc0000, 0x0000000604bc0000, 0x0000000605420000)
 tenured generation   total 172032K, used 31675K [0x00000006aaaa0000, 0x00000006b52a0000, 0x0000000800000000)
   the space 172032K,  18% used [0x00000006aaaa0000, 0x00000006ac98ec88, 0x00000006ac98ee00, 0x00000006b52a0000)
 Metaspace       used 46652K, committed 47232K, reserved 917504K
  class space    used 6598K, committed 6848K, reserved 851968K
}
Event: 17.628 GC heap before
{Heap before GC invocations=9 (full 2):
 def new generation   total 77568K, used 77306K [0x0000000600000000, 0x0000000605420000, 0x00000006aaaa0000)
  eden space 68992K, 100% used [0x0000000600000000, 0x0000000604360000, 0x0000000604360000)
  from space 8576K,  96% used [0x0000000604360000, 0x0000000604b7eb68, 0x0000000604bc0000)
  to   space 8576K,   0% used [0x0000000604bc0000, 0x0000000604bc0000, 0x0000000605420000)
 tenured generation   total 172032K, used 31675K [0x00000006aaaa0000, 0x00000006b52a0000, 0x0000000800000000)
   the space 172032K,  18% used [0x00000006aaaa0000, 0x00000006ac98ec88, 0x00000006ac98ee00, 0x00000006b52a0000)
 Metaspace       used 51093K, committed 51648K, reserved 917504K
  class space    used 7278K, committed 7552K, reserved 851968K
}
Event: 17.661 GC heap after
{Heap after GC invocations=10 (full 2):
 def new generation   total 77568K, used 8575K [0x0000000600000000, 0x0000000605420000, 0x00000006aaaa0000)
  eden space 68992K,   0% used [0x0000000600000000, 0x0000000600000000, 0x0000000604360000)
  from space 8576K,  99% used [0x0000000604bc0000, 0x000000060541fff8, 0x0000000605420000)
  to   space 8576K,   0% used [0x0000000604360000, 0x0000000604360000, 0x0000000604bc0000)
 tenured generation   total 172032K, used 37036K [0x00000006aaaa0000, 0x00000006b52a0000, 0x0000000800000000)
   the space 172032K,  21% used [0x00000006aaaa0000, 0x00000006acecb118, 0x00000006acecb200, 0x00000006b52a0000)
 Metaspace       used 51093K, committed 51648K, reserved 917504K
  class space    used 7278K, committed 7552K, reserved 851968K
}
Event: 19.530 GC heap before
{Heap before GC invocations=10 (full 2):
 def new generation   total 77568K, used 77567K [0x0000000600000000, 0x0000000605420000, 0x00000006aaaa0000)
  eden space 68992K, 100% used [0x0000000600000000, 0x0000000604360000, 0x0000000604360000)
  from space 8576K,  99% used [0x0000000604bc0000, 0x000000060541fff8, 0x0000000605420000)
  to   space 8576K,   0% used [0x0000000604360000, 0x0000000604360000, 0x0000000604bc0000)
 tenured generation   total 172032K, used 37036K [0x00000006aaaa0000, 0x00000006b52a0000, 0x0000000800000000)
   the space 172032K,  21% used [0x00000006aaaa0000, 0x00000006acecb118, 0x00000006acecb200, 0x00000006b52a0000)
 Metaspace       used 58135K, committed 58752K, reserved 917504K
  class space    used 8240K, committed 8512K, reserved 851968K
}
Event: 19.561 GC heap after
{Heap after GC invocations=11 (full 2):
 def new generation   total 77568K, used 2404K [0x0000000600000000, 0x0000000605420000, 0x00000006aaaa0000)
  eden space 68992K,   0% used [0x0000000600000000, 0x0000000600000000, 0x0000000604360000)
  from space 8576K,  28% used [0x0000000604360000, 0x00000006045b92a0, 0x0000000604bc0000)
  to   space 8576K,   0% used [0x0000000604bc0000, 0x0000000604bc0000, 0x0000000605420000)
 tenured generation   total 172032K, used 45453K [0x00000006aaaa0000, 0x00000006b52a0000, 0x0000000800000000)
   the space 172032K,  26% used [0x00000006aaaa0000, 0x00000006ad703588, 0x00000006ad703600, 0x00000006b52a0000)
 Metaspace       used 58135K, committed 58752K, reserved 917504K
  class space    used 8240K, committed 8512K, reserved 851968K
}
Event: 20.391 GC heap before
{Heap before GC invocations=11 (full 2):
 def new generation   total 77568K, used 30481K [0x0000000600000000, 0x0000000605420000, 0x00000006aaaa0000)
  eden space 68992K,  40% used [0x0000000600000000, 0x0000000601b6b160, 0x0000000604360000)
  from space 8576K,  28% used [0x0000000604360000, 0x00000006045b92a0, 0x0000000604bc0000)
  to   space 8576K,   0% used [0x0000000604bc0000, 0x0000000604bc0000, 0x0000000605420000)
 tenured generation   total 172032K, used 45453K [0x00000006aaaa0000, 0x00000006b52a0000, 0x0000000800000000)
   the space 172032K,  26% used [0x00000006aaaa0000, 0x00000006ad703588, 0x00000006ad703600, 0x00000006b52a0000)
 Metaspace       used 59695K, committed 60288K, reserved 917504K
  class space    used 8451K, committed 8768K, reserved 851968K
}
Event: 20.539 GC heap after
{Heap after GC invocations=12 (full 3):
 def new generation   total 77632K, used 0K [0x0000000600000000, 0x0000000605430000, 0x00000006aaaa0000)
  eden space 69056K,   0% used [0x0000000600000000, 0x0000000600000000, 0x0000000604370000)
  from space 8576K,   0% used [0x0000000604370000, 0x0000000604370000, 0x0000000604bd0000)
  to   space 8576K,   0% used [0x0000000604bd0000, 0x0000000604bd0000, 0x0000000605430000)
 tenured generation   total 172032K, used 51965K [0x00000006aaaa0000, 0x00000006b52a0000, 0x0000000800000000)
   the space 172032K,  30% used [0x00000006aaaa0000, 0x00000006add5f560, 0x00000006add5f600, 0x00000006b52a0000)
 Metaspace       used 59695K, committed 60288K, reserved 917504K
  class space    used 8451K, committed 8768K, reserved 851968K
}
Event: 22.130 GC heap before
{Heap before GC invocations=12 (full 3):
 def new generation   total 77632K, used 69056K [0x0000000600000000, 0x0000000605430000, 0x00000006aaaa0000)
  eden space 69056K, 100% used [0x0000000600000000, 0x0000000604370000, 0x0000000604370000)
  from space 8576K,   0% used [0x0000000604370000, 0x0000000604370000, 0x0000000604bd0000)
  to   space 8576K,   0% used [0x0000000604bd0000, 0x0000000604bd0000, 0x0000000605430000)
 tenured generation   total 172032K, used 51965K [0x00000006aaaa0000, 0x00000006b52a0000, 0x0000000800000000)
   the space 172032K,  30% used [0x00000006aaaa0000, 0x00000006add5f560, 0x00000006add5f600, 0x00000006b52a0000)
 Metaspace       used 63617K, committed 64256K, reserved 917504K
  class space    used 9023K, committed 9344K, reserved 851968K
}
Event: 22.144 GC heap after
{Heap after GC invocations=13 (full 3):
 def new generation   total 77632K, used 2983K [0x0000000600000000, 0x0000000605430000, 0x00000006aaaa0000)
  eden space 69056K,   0% used [0x0000000600000000, 0x0000000600000000, 0x0000000604370000)
  from space 8576K,  34% used [0x0000000604bd0000, 0x0000000604eb9e68, 0x0000000605430000)
  to   space 8576K,   0% used [0x0000000604370000, 0x0000000604370000, 0x0000000604bd0000)
 tenured generation   total 172032K, used 51965K [0x00000006aaaa0000, 0x00000006b52a0000, 0x0000000800000000)
   the space 172032K,  30% used [0x00000006aaaa0000, 0x00000006add5f560, 0x00000006add5f600, 0x00000006b52a0000)
 Metaspace       used 63617K, committed 64256K, reserved 917504K
  class space    used 9023K, committed 9344K, reserved 851968K
}
Event: 24.416 GC heap before
{Heap before GC invocations=13 (full 3):
 def new generation   total 77632K, used 72039K [0x0000000600000000, 0x0000000605430000, 0x00000006aaaa0000)
  eden space 69056K, 100% used [0x0000000600000000, 0x0000000604370000, 0x0000000604370000)
  from space 8576K,  34% used [0x0000000604bd0000, 0x0000000604eb9e68, 0x0000000605430000)
  to   space 8576K,   0% used [0x0000000604370000, 0x0000000604370000, 0x0000000604bd0000)
 tenured generation   total 172032K, used 51965K [0x00000006aaaa0000, 0x00000006b52a0000, 0x0000000800000000)
   the space 172032K,  30% used [0x00000006aaaa0000, 0x00000006add5f560, 0x00000006add5f600, 0x00000006b52a0000)
 Metaspace       used 67833K, committed 68416K, reserved 917504K
  class space    used 9708K, committed 9984K, reserved 851968K
}
Event: 24.470 GC heap after
{Heap after GC invocations=14 (full 3):
 def new generation   total 77632K, used 8576K [0x0000000600000000, 0x0000000605430000, 0x00000006aaaa0000)
  eden space 69056K,   0% used [0x0000000600000000, 0x0000000600000000, 0x0000000604370000)
  from space 8576K, 100% used [0x0000000604370000, 0x0000000604bd0000, 0x0000000604bd0000)
  to   space 8576K,   0% used [0x0000000604bd0000, 0x0000000604bd0000, 0x0000000605430000)
 tenured generation   total 172032K, used 54742K [0x00000006aaaa0000, 0x00000006b52a0000, 0x0000000800000000)
   the space 172032K,  31% used [0x00000006aaaa0000, 0x00000006ae015820, 0x00000006ae015a00, 0x00000006b52a0000)
 Metaspace       used 67833K, committed 68416K, reserved 917504K
  class space    used 9708K, committed 9984K, reserved 851968K
}
Event: 26.555 GC heap before
{Heap before GC invocations=14 (full 3):
 def new generation   total 77632K, used 77632K [0x0000000600000000, 0x0000000605430000, 0x00000006aaaa0000)
  eden space 69056K, 100% used [0x0000000600000000, 0x0000000604370000, 0x0000000604370000)
  from space 8576K, 100% used [0x0000000604370000, 0x0000000604bd0000, 0x0000000604bd0000)
  to   space 8576K,   0% used [0x0000000604bd0000, 0x0000000604bd0000, 0x0000000605430000)
 tenured generation   total 172032K, used 54742K [0x00000006aaaa0000, 0x00000006b52a0000, 0x0000000800000000)
   the space 172032K,  31% used [0x00000006aaaa0000, 0x00000006ae015820, 0x00000006ae015a00, 0x00000006b52a0000)
 Metaspace       used 68359K, committed 68992K, reserved 917504K
  class space    used 9728K, committed 10048K, reserved 851968K
}
Event: 26.628 GC heap after
{Heap after GC invocations=15 (full 3):
 def new generation   total 77632K, used 6369K [0x0000000600000000, 0x0000000605430000, 0x00000006aaaa0000)
  eden space 69056K,   0% used [0x0000000600000000, 0x0000000600000000, 0x0000000604370000)
  from space 8576K,  74% used [0x0000000604bd0000, 0x00000006052086c8, 0x0000000605430000)
  to   space 8576K,   0% used [0x0000000604370000, 0x0000000604370000, 0x0000000604bd0000)
 tenured generation   total 172032K, used 61729K [0x00000006aaaa0000, 0x00000006b52a0000, 0x0000000800000000)
   the space 172032K,  35% used [0x00000006aaaa0000, 0x00000006ae6e8488, 0x00000006ae6e8600, 0x00000006b52a0000)
 Metaspace       used 68359K, committed 68992K, reserved 917504K
  class space    used 9728K, committed 10048K, reserved 851968K
}
Event: 28.435 GC heap before
{Heap before GC invocations=15 (full 3):
 def new generation   total 77632K, used 75425K [0x0000000600000000, 0x0000000605430000, 0x00000006aaaa0000)
  eden space 69056K, 100% used [0x0000000600000000, 0x0000000604370000, 0x0000000604370000)
  from space 8576K,  74% used [0x0000000604bd0000, 0x00000006052086c8, 0x0000000605430000)
  to   space 8576K,   0% used [0x0000000604370000, 0x0000000604370000, 0x0000000604bd0000)
 tenured generation   total 172032K, used 61729K [0x00000006aaaa0000, 0x00000006b52a0000, 0x0000000800000000)
   the space 172032K,  35% used [0x00000006aaaa0000, 0x00000006ae6e8488, 0x00000006ae6e8600, 0x00000006b52a0000)
 Metaspace       used 68373K, committed 69056K, reserved 917504K
  class space    used 9729K, committed 10048K, reserved 851968K
}
Event: 28.474 GC heap after
{Heap after GC invocations=16 (full 3):
 def new generation   total 77632K, used 4648K [0x0000000600000000, 0x0000000605430000, 0x00000006aaaa0000)
  eden space 69056K,   0% used [0x0000000600000000, 0x0000000600000000, 0x0000000604370000)
  from space 8576K,  54% used [0x0000000604370000, 0x00000006047fa300, 0x0000000604bd0000)
  to   space 8576K,   0% used [0x0000000604bd0000, 0x0000000604bd0000, 0x0000000605430000)
 tenured generation   total 172032K, used 65490K [0x00000006aaaa0000, 0x00000006b52a0000, 0x0000000800000000)
   the space 172032K,  38% used [0x00000006aaaa0000, 0x00000006aea94860, 0x00000006aea94a00, 0x00000006b52a0000)
 Metaspace       used 68373K, committed 69056K, reserved 917504K
  class space    used 9729K, committed 10048K, reserved 851968K
}
Event: 29.942 GC heap before
{Heap before GC invocations=16 (full 3):
 def new generation   total 77632K, used 73704K [0x0000000600000000, 0x0000000605430000, 0x00000006aaaa0000)
  eden space 69056K, 100% used [0x0000000600000000, 0x0000000604370000, 0x0000000604370000)
  from space 8576K,  54% used [0x0000000604370000, 0x00000006047fa300, 0x0000000604bd0000)
  to   space 8576K,   0% used [0x0000000604bd0000, 0x0000000604bd0000, 0x0000000605430000)
 tenured generation   total 172032K, used 65490K [0x00000006aaaa0000, 0x00000006b52a0000, 0x0000000800000000)
   the space 172032K,  38% used [0x00000006aaaa0000, 0x00000006aea94860, 0x00000006aea94a00, 0x00000006b52a0000)
 Metaspace       used 69556K, committed 70336K, reserved 917504K
  class space    used 9862K, committed 10240K, reserved 851968K
}
Event: 29.993 GC heap after
{Heap after GC invocations=17 (full 3):
 def new generation   total 77632K, used 8575K [0x0000000600000000, 0x0000000605430000, 0x00000006aaaa0000)
  eden space 69056K,   0% used [0x0000000600000000, 0x0000000600000000, 0x0000000604370000)
  from space 8576K,  99% used [0x0000000604bd0000, 0x000000060542fff8, 0x0000000605430000)
  to   space 8576K,   0% used [0x0000000604370000, 0x0000000604370000, 0x0000000604bd0000)
 tenured generation   total 172032K, used 74370K [0x00000006aaaa0000, 0x00000006b52a0000, 0x0000000800000000)
   the space 172032K,  43% used [0x00000006aaaa0000, 0x00000006af3409f8, 0x00000006af340a00, 0x00000006b52a0000)
 Metaspace       used 69556K, committed 70336K, reserved 917504K
  class space    used 9862K, committed 10240K, reserved 851968K
}

