# JRE version: OpenJDK Runtime Environment Temurin-17.0.18+8 (17.0.18+8) (build 17.0.18+8)
# Java VM: OpenJDK 64-Bit Server VM Temurin-17.0.18+8 (17.0.18+8, mixed mode, sharing, tiered, compressed oops, compressed class ptrs, g1 gc, windows-amd64)
GC Precious Log:
 CPUs: 8 total, 8 available
 Memory: 16043M
 Large Page Support: Disabled
 NUMA Support: Disabled
 Compressed Oops: Enabled (32-bit)
 Heap Region Size: 1M
 Heap Min Capacity: 8M
 Heap Initial Capacity: 252M
 Heap Max Capacity: 2G
 Pre-touch: Disabled
 Parallel Workers: 8
 Concurrent Workers: 2
 Concurrent Refinement Workers: 8
 Periodic GC: Disabled
Heap:
 garbage-first heap   total 364544K, used 256132K [0x0000000080000000, 0x0000000100000000)
  region size 1024K, 8 young (8192K), 8 survivors (8192K)
 Metaspace       used 101889K, committed 103232K, reserved 557056K
  class space    used 14211K, committed 14784K, reserved 425984K
GC Heap History (20 events):
Event: 43.808 GC heap after
{Heap after GC invocations=58 (full 0):
 garbage-first heap   total 303104K, used 203900K [0x0000000080000000, 0x0000000100000000)
  region size 1024K, 8 young (8192K), 8 survivors (8192K)
 Metaspace       used 100518K, committed 101696K, reserved 557056K
  class space    used 14044K, committed 14592K, reserved 425984K
}
Event: 44.230 GC heap before
{Heap before GC invocations=58 (full 0):
 garbage-first heap   total 303104K, used 254076K [0x0000000080000000, 0x0000000100000000)
  region size 1024K, 58 young (59392K), 8 survivors (8192K)
 Metaspace       used 100676K, committed 101824K, reserved 557056K
  class space    used 14062K, committed 14592K, reserved 425984K
}
Event: 44.242 GC heap after
{Heap after GC invocations=59 (full 0):
 garbage-first heap   total 303104K, used 207695K [0x0000000080000000, 0x0000000100000000)
  region size 1024K, 6 young (6144K), 6 survivors (6144K)
 Metaspace       used 100676K, committed 101824K, reserved 557056K
  class space    used 14062K, committed 14592K, reserved 425984K
}
Event: 44.611 GC heap before
{Heap before GC invocations=59 (full 0):
 garbage-first heap   total 303104K, used 255823K [0x0000000080000000, 0x0000000100000000)
  region size 1024K, 54 young (55296K), 6 survivors (6144K)
 Metaspace       used 100838K, committed 102080K, reserved 557056K
  class space    used 14082K, committed 14656K, reserved 425984K
}
Event: 44.622 GC heap after
{Heap after GC invocations=60 (full 0):
 garbage-first heap   total 364544K, used 210901K [0x0000000080000000, 0x0000000100000000)
  region size 1024K, 6 young (6144K), 6 survivors (6144K)
 Metaspace       used 100838K, committed 102080K, reserved 557056K
  class space    used 14082K, committed 14656K, reserved 425984K
}
Event: 45.115 GC heap before
{Heap before GC invocations=60 (full 0):
 garbage-first heap   total 364544K, used 294869K [0x0000000080000000, 0x0000000100000000)
  region size 1024K, 89 young (91136K), 6 survivors (6144K)
 Metaspace       used 100858K, committed 102080K, reserved 557056K
  class space    used 14082K, committed 14656K, reserved 425984K
}
Event: 45.124 GC heap after
{Heap after GC invocations=61 (full 0):
 garbage-first heap   total 364544K, used 212669K [0x0000000080000000, 0x0000000100000000)
  region size 1024K, 8 young (8192K), 8 survivors (8192K)
 Metaspace       used 100858K, committed 102080K, reserved 557056K
  class space    used 14082K, committed 14656K, reserved 425984K
}
Event: 46.313 GC heap before
{Heap before GC invocations=61 (full 0):
 garbage-first heap   total 364544K, used 301757K [0x0000000080000000, 0x0000000100000000)
  region size 1024K, 93 young (95232K), 8 survivors (8192K)
 Metaspace       used 101356K, committed 102656K, reserved 557056K
  class space    used 14138K, committed 14720K, reserved 425984K
}
Event: 46.329 GC heap after
{Heap after GC invocations=62 (full 0):
 garbage-first heap   total 364544K, used 223874K [0x0000000080000000, 0x0000000100000000)
  region size 1024K, 12 young (12288K), 12 survivors (12288K)
 Metaspace       used 101356K, committed 102656K, reserved 557056K
  class space    used 14138K, committed 14720K, reserved 425984K
}
Event: 46.652 GC heap before
{Heap before GC invocations=62 (full 0):
 garbage-first heap   total 364544K, used 298626K [0x0000000080000000, 0x0000000100000000)
  region size 1024K, 86 young (88064K), 12 survivors (12288K)
 Metaspace       used 101356K, committed 102656K, reserved 557056K
  class space    used 14138K, committed 14720K, reserved 425984K
}
Event: 46.667 GC heap after
{Heap after GC invocations=63 (full 0):
 garbage-first heap   total 364544K, used 227028K [0x0000000080000000, 0x0000000100000000)
  region size 1024K, 5 young (5120K), 5 survivors (5120K)
 Metaspace       used 101356K, committed 102656K, reserved 557056K
  class space    used 14138K, committed 14720K, reserved 425984K
}
Event: 47.202 GC heap before
{Heap before GC invocations=63 (full 0):
 garbage-first heap   total 364544K, used 301780K [0x0000000080000000, 0x0000000100000000)
  region size 1024K, 79 young (80896K), 5 survivors (5120K)
 Metaspace       used 101508K, committed 102784K, reserved 557056K
  class space    used 14158K, committed 14720K, reserved 425984K
}
Event: 47.212 GC heap after
{Heap after GC invocations=64 (full 0):
 garbage-first heap   total 364544K, used 230988K [0x0000000080000000, 0x0000000100000000)
  region size 1024K, 9 young (9216K), 9 survivors (9216K)
 Metaspace       used 101508K, committed 102784K, reserved 557056K
  class space    used 14158K, committed 14720K, reserved 425984K
}
Event: 47.418 GC heap before
{Heap before GC invocations=64 (full 0):
 garbage-first heap   total 364544K, used 302668K [0x0000000080000000, 0x0000000100000000)
  region size 1024K, 80 young (81920K), 9 survivors (9216K)
 Metaspace       used 101508K, committed 102784K, reserved 557056K
  class space    used 14158K, committed 14720K, reserved 425984K
}
Event: 47.440 GC heap after
{Heap after GC invocations=65 (full 0):
 garbage-first heap   total 364544K, used 232380K [0x0000000080000000, 0x0000000100000000)
  region size 1024K, 4 young (4096K), 4 survivors (4096K)
 Metaspace       used 101508K, committed 102784K, reserved 557056K
  class space    used 14158K, committed 14720K, reserved 425984K
}
Event: 48.234 GC heap before
{Heap before GC invocations=65 (full 0):
 garbage-first heap   total 364544K, used 316348K [0x0000000080000000, 0x0000000100000000)
  region size 1024K, 77 young (78848K), 4 survivors (4096K)
 Metaspace       used 101775K, committed 103104K, reserved 557056K
  class space    used 14196K, committed 14784K, reserved 425984K
}
Event: 48.248 GC heap after
{Heap after GC invocations=66 (full 0):
 garbage-first heap   total 364544K, used 250203K [0x0000000080000000, 0x0000000100000000)
  region size 1024K, 10 young (10240K), 10 survivors (10240K)
 Metaspace       used 101775K, committed 103104K, reserved 557056K
  class space    used 14196K, committed 14784K, reserved 425984K
}
Event: 48.450 GC heap before
{Heap before GC invocations=66 (full 0):
 garbage-first heap   total 364544K, used 306523K [0x0000000080000000, 0x0000000100000000)
  region size 1024K, 66 young (67584K), 10 survivors (10240K)
 Metaspace       used 101775K, committed 103104K, reserved 557056K
  class space    used 14196K, committed 14784K, reserved 425984K
}
Event: 48.461 GC heap after
{Heap after GC invocations=67 (full 0):
 garbage-first heap   total 364544K, used 253017K [0x0000000080000000, 0x0000000100000000)
  region size 1024K, 5 young (5120K), 5 survivors (5120K)
 Metaspace       used 101775K, committed 103104K, reserved 557056K
  class space    used 14196K, committed 14784K, reserved 425984K
}
Event: 48.859 GC heap before
{Heap before GC invocations=67 (full 0):
 garbage-first heap   total 364544K, used 308313K [0x0000000080000000, 0x0000000100000000)
  region size 1024K, 60 young (61440K), 5 survivors (5120K)
 Metaspace       used 101889K, committed 103232K, reserved 557056K
  class space    used 14211K, committed 14784K, reserved 425984K
}

