# JRE version: OpenJDK Runtime Environment Temurin-17.0.18+8 (17.0.18+8) (build 17.0.18+8)
# Java VM: OpenJDK 64-Bit Server VM Temurin-17.0.18+8 (17.0.18+8, mixed mode, sharing, tiered, compressed oops, compressed class ptrs, serial gc, windows-amd64)
GC Precious Log:
 CPUs: 8 total, 8 available
 Memory: 16043M
 Large Page Support: Disabled
 NUMA Support: Disabled
 Compressed Oops: Enabled (32-bit)
 Heap Min Capacity: 8M
 Heap Initial Capacity: 252M
 Heap Max Capacity: 1G
 Pre-touch: Disabled
Heap:
 def new generation   total 94336K, used 79172K [0x00000000c0000000, 0x00000000c6650000, 0x00000000d5550000)
  eden space 83904K,  88% used [0x00000000c0000000, 0x00000000c48cf080, 0x00000000c51f0000)
  from space 10432K,  44% used [0x00000000c51f0000, 0x00000000c5672218, 0x00000000c5c20000)
  to   space 10432K,   0% used [0x00000000c5c20000, 0x00000000c5c20000, 0x00000000c6650000)
 tenured generation   total 209068K, used 201018K [0x00000000d5550000, 0x00000000e217b000, 0x0000000100000000)
   the space 209068K,  96% used [0x00000000d5550000, 0x00000000e199ea48, 0x00000000e199ec00, 0x00000000e217b000)
 Metaspace       used 102092K, committed 103424K, reserved 344064K
  class space    used 14301K, committed 14912K, reserved 212992K
GC Heap History (20 events):
Event: 58.167 GC heap before
{Heap before GC invocations=28 (full 4):
 def new generation   total 94336K, used 94335K [0x00000000c0000000, 0x00000000c6650000, 0x00000000d5550000)
  eden space 83904K, 100% used [0x00000000c0000000, 0x00000000c51f0000, 0x00000000c51f0000)
  from space 10432K,  99% used [0x00000000c51f0000, 0x00000000c5c1fff8, 0x00000000c5c20000)
  to   space 10432K,   0% used [0x00000000c5c20000, 0x00000000c5c20000, 0x00000000c6650000)
 tenured generation   total 209068K, used 130564K [0x00000000d5550000, 0x00000000e217b000, 0x0000000100000000)
   the space 209068K,  62% used [0x00000000d5550000, 0x00000000dd4d11d0, 0x00000000dd4d1200, 0x00000000e217b000)
 Metaspace       used 99071K, committed 100160K, reserved 344064K
  class space    used 13880K, committed 14400K, reserved 212992K
}
Event: 58.228 GC heap after
{Heap after GC invocations=29 (full 4):
 def new generation   total 94336K, used 10273K [0x00000000c0000000, 0x00000000c6650000, 0x00000000d5550000)
  eden space 83904K,   0% used [0x00000000c0000000, 0x00000000c0000000, 0x00000000c51f0000)
  from space 10432K,  98% used [0x00000000c5c20000, 0x00000000c6628660, 0x00000000c6650000)
  to   space 10432K,   0% used [0x00000000c51f0000, 0x00000000c51f0000, 0x00000000c5c20000)
 tenured generation   total 209068K, used 139970K [0x00000000d5550000, 0x00000000e217b000, 0x0000000100000000)
   the space 209068K,  66% used [0x00000000d5550000, 0x00000000dde008e8, 0x00000000dde00a00, 0x00000000e217b000)
 Metaspace       used 99071K, committed 100160K, reserved 344064K
  class space    used 13880K, committed 14400K, reserved 212992K
}
Event: 60.604 GC heap before
{Heap before GC invocations=29 (full 4):
 def new generation   total 94336K, used 94177K [0x00000000c0000000, 0x00000000c6650000, 0x00000000d5550000)
  eden space 83904K, 100% used [0x00000000c0000000, 0x00000000c51f0000, 0x00000000c51f0000)
  from space 10432K,  98% used [0x00000000c5c20000, 0x00000000c6628660, 0x00000000c6650000)
  to   space 10432K,   0% used [0x00000000c51f0000, 0x00000000c51f0000, 0x00000000c5c20000)
 tenured generation   total 209068K, used 139970K [0x00000000d5550000, 0x00000000e217b000, 0x0000000100000000)
   the space 209068K,  66% used [0x00000000d5550000, 0x00000000dde008e8, 0x00000000dde00a00, 0x00000000e217b000)
 Metaspace       used 99470K, committed 100480K, reserved 344064K
  class space    used 13934K, committed 14400K, reserved 212992K
}
Event: 60.678 GC heap after
{Heap after GC invocations=30 (full 4):
 def new generation   total 94336K, used 8444K [0x00000000c0000000, 0x00000000c6650000, 0x00000000d5550000)
  eden space 83904K,   0% used [0x00000000c0000000, 0x00000000c0000000, 0x00000000c51f0000)
  from space 10432K,  80% used [0x00000000c51f0000, 0x00000000c5a2f0d8, 0x00000000c5c20000)
  to   space 10432K,   0% used [0x00000000c5c20000, 0x00000000c5c20000, 0x00000000c6650000)
 tenured generation   total 209068K, used 148516K [0x00000000d5550000, 0x00000000e217b000, 0x0000000100000000)
   the space 209068K,  71% used [0x00000000d5550000, 0x00000000de659220, 0x00000000de659400, 0x00000000e217b000)
 Metaspace       used 99470K, committed 100480K, reserved 344064K
  class space    used 13934K, committed 14400K, reserved 212992K
}
Event: 62.727 GC heap before
{Heap before GC invocations=30 (full 4):
 def new generation   total 94336K, used 92348K [0x00000000c0000000, 0x00000000c6650000, 0x00000000d5550000)
  eden space 83904K, 100% used [0x00000000c0000000, 0x00000000c51f0000, 0x00000000c51f0000)
  from space 10432K,  80% used [0x00000000c51f0000, 0x00000000c5a2f0d8, 0x00000000c5c20000)
  to   space 10432K,   0% used [0x00000000c5c20000, 0x00000000c5c20000, 0x00000000c6650000)
 tenured generation   total 209068K, used 148516K [0x00000000d5550000, 0x00000000e217b000, 0x0000000100000000)
   the space 209068K,  71% used [0x00000000d5550000, 0x00000000de659220, 0x00000000de659400, 0x00000000e217b000)
 Metaspace       used 99815K, committed 100928K, reserved 344064K
  class space    used 13980K, committed 14464K, reserved 212992K
}
Event: 62.808 GC heap after
{Heap after GC invocations=31 (full 4):
 def new generation   total 94336K, used 8067K [0x00000000c0000000, 0x00000000c6650000, 0x00000000d5550000)
  eden space 83904K,   0% used [0x00000000c0000000, 0x00000000c0000000, 0x00000000c51f0000)
  from space 10432K,  77% used [0x00000000c5c20000, 0x00000000c6400c38, 0x00000000c6650000)
  to   space 10432K,   0% used [0x00000000c51f0000, 0x00000000c51f0000, 0x00000000c5c20000)
 tenured generation   total 209068K, used 155281K [0x00000000d5550000, 0x00000000e217b000, 0x0000000100000000)
   the space 209068K,  74% used [0x00000000d5550000, 0x00000000decf4640, 0x00000000decf4800, 0x00000000e217b000)
 Metaspace       used 99815K, committed 100928K, reserved 344064K
  class space    used 13980K, committed 14464K, reserved 212992K
}
Event: 65.927 GC heap before
{Heap before GC invocations=31 (full 4):
 def new generation   total 94336K, used 91971K [0x00000000c0000000, 0x00000000c6650000, 0x00000000d5550000)
  eden space 83904K, 100% used [0x00000000c0000000, 0x00000000c51f0000, 0x00000000c51f0000)
  from space 10432K,  77% used [0x00000000c5c20000, 0x00000000c6400c38, 0x00000000c6650000)
  to   space 10432K,   0% used [0x00000000c51f0000, 0x00000000c51f0000, 0x00000000c5c20000)
 tenured generation   total 209068K, used 155281K [0x00000000d5550000, 0x00000000e217b000, 0x0000000100000000)
   the space 209068K,  74% used [0x00000000d5550000, 0x00000000decf4640, 0x00000000decf4800, 0x00000000e217b000)
 Metaspace       used 100142K, committed 101248K, reserved 344064K
  class space    used 14016K, committed 14528K, reserved 212992K
}
Event: 66.008 GC heap after
{Heap after GC invocations=32 (full 4):
 def new generation   total 94336K, used 10432K [0x00000000c0000000, 0x00000000c6650000, 0x00000000d5550000)
  eden space 83904K,   0% used [0x00000000c0000000, 0x00000000c0000000, 0x00000000c51f0000)
  from space 10432K, 100% used [0x00000000c51f0000, 0x00000000c5c20000, 0x00000000c5c20000)
  to   space 10432K,   0% used [0x00000000c5c20000, 0x00000000c5c20000, 0x00000000c6650000)
 tenured generation   total 209068K, used 162099K [0x00000000d5550000, 0x00000000e217b000, 0x0000000100000000)
   the space 209068K,  77% used [0x00000000d5550000, 0x00000000df39ce20, 0x00000000df39d000, 0x00000000e217b000)
 Metaspace       used 100142K, committed 101248K, reserved 344064K
  class space    used 14016K, committed 14528K, reserved 212992K
}
Event: 67.951 GC heap before
{Heap before GC invocations=32 (full 4):
 def new generation   total 94336K, used 94336K [0x00000000c0000000, 0x00000000c6650000, 0x00000000d5550000)
  eden space 83904K, 100% used [0x00000000c0000000, 0x00000000c51f0000, 0x00000000c51f0000)
  from space 10432K, 100% used [0x00000000c51f0000, 0x00000000c5c20000, 0x00000000c5c20000)
  to   space 10432K,   0% used [0x00000000c5c20000, 0x00000000c5c20000, 0x00000000c6650000)
 tenured generation   total 209068K, used 162099K [0x00000000d5550000, 0x00000000e217b000, 0x0000000100000000)
   the space 209068K,  77% used [0x00000000d5550000, 0x00000000df39ce20, 0x00000000df39d000, 0x00000000e217b000)
 Metaspace       used 100307K, committed 101504K, reserved 344064K
  class space    used 14040K, committed 14592K, reserved 212992K
}
Event: 68.022 GC heap after
{Heap after GC invocations=33 (full 4):
 def new generation   total 94336K, used 6611K [0x00000000c0000000, 0x00000000c6650000, 0x00000000d5550000)
  eden space 83904K,   0% used [0x00000000c0000000, 0x00000000c0000000, 0x00000000c51f0000)
  from space 10432K,  63% used [0x00000000c5c20000, 0x00000000c6294da0, 0x00000000c6650000)
  to   space 10432K,   0% used [0x00000000c51f0000, 0x00000000c51f0000, 0x00000000c5c20000)
 tenured generation   total 209068K, used 170717K [0x00000000d5550000, 0x00000000e217b000, 0x0000000100000000)
   the space 209068K,  81% used [0x00000000d5550000, 0x00000000dfc07470, 0x00000000dfc07600, 0x00000000e217b000)
 Metaspace       used 100307K, committed 101504K, reserved 344064K
  class space    used 14040K, committed 14592K, reserved 212992K
}
Event: 69.594 GC heap before
{Heap before GC invocations=33 (full 4):
 def new generation   total 94336K, used 90515K [0x00000000c0000000, 0x00000000c6650000, 0x00000000d5550000)
  eden space 83904K, 100% used [0x00000000c0000000, 0x00000000c51f0000, 0x00000000c51f0000)
  from space 10432K,  63% used [0x00000000c5c20000, 0x00000000c6294da0, 0x00000000c6650000)
  to   space 10432K,   0% used [0x00000000c51f0000, 0x00000000c51f0000, 0x00000000c5c20000)
 tenured generation   total 209068K, used 170717K [0x00000000d5550000, 0x00000000e217b000, 0x0000000100000000)
   the space 209068K,  81% used [0x00000000d5550000, 0x00000000dfc07470, 0x00000000dfc07600, 0x00000000e217b000)
 Metaspace       used 100444K, committed 101632K, reserved 344064K
  class space    used 14059K, committed 14592K, reserved 212992K
}
Event: 69.639 GC heap after
{Heap after GC invocations=34 (full 4):
 def new generation   total 94336K, used 6443K [0x00000000c0000000, 0x00000000c6650000, 0x00000000d5550000)
  eden space 83904K,   0% used [0x00000000c0000000, 0x00000000c0000000, 0x00000000c51f0000)
  from space 10432K,  61% used [0x00000000c51f0000, 0x00000000c583af60, 0x00000000c5c20000)
  to   space 10432K,   0% used [0x00000000c5c20000, 0x00000000c5c20000, 0x00000000c6650000)
 tenured generation   total 209068K, used 175467K [0x00000000d5550000, 0x00000000e217b000, 0x0000000100000000)
   the space 209068K,  83% used [0x00000000d5550000, 0x00000000e00aac20, 0x00000000e00aae00, 0x00000000e217b000)
 Metaspace       used 100444K, committed 101632K, reserved 344064K
  class space    used 14059K, committed 14592K, reserved 212992K
}
Event: 70.928 GC heap before
{Heap before GC invocations=34 (full 4):
 def new generation   total 94336K, used 90347K [0x00000000c0000000, 0x00000000c6650000, 0x00000000d5550000)
  eden space 83904K, 100% used [0x00000000c0000000, 0x00000000c51f0000, 0x00000000c51f0000)
  from space 10432K,  61% used [0x00000000c51f0000, 0x00000000c583af60, 0x00000000c5c20000)
  to   space 10432K,   0% used [0x00000000c5c20000, 0x00000000c5c20000, 0x00000000c6650000)
 tenured generation   total 209068K, used 175467K [0x00000000d5550000, 0x00000000e217b000, 0x0000000100000000)
   the space 209068K,  83% used [0x00000000d5550000, 0x00000000e00aac20, 0x00000000e00aae00, 0x00000000e217b000)
 Metaspace       used 100516K, committed 101696K, reserved 344064K
  class space    used 14070K, committed 14592K, reserved 212992K
}
Event: 70.959 GC heap after
{Heap after GC invocations=35 (full 4):
 def new generation   total 94336K, used 9817K [0x00000000c0000000, 0x00000000c6650000, 0x00000000d5550000)
  eden space 83904K,   0% used [0x00000000c0000000, 0x00000000c0000000, 0x00000000c51f0000)
  from space 10432K,  94% used [0x00000000c5c20000, 0x00000000c65b6430, 0x00000000c6650000)
  to   space 10432K,   0% used [0x00000000c51f0000, 0x00000000c51f0000, 0x00000000c5c20000)
 tenured generation   total 209068K, used 180041K [0x00000000d5550000, 0x00000000e217b000, 0x0000000100000000)
   the space 209068K,  86% used [0x00000000d5550000, 0x00000000e05225d0, 0x00000000e0522600, 0x00000000e217b000)
 Metaspace       used 100516K, committed 101696K, reserved 344064K
  class space    used 14070K, committed 14592K, reserved 212992K
}
Event: 72.454 GC heap before
{Heap before GC invocations=35 (full 4):
 def new generation   total 94336K, used 93721K [0x00000000c0000000, 0x00000000c6650000, 0x00000000d5550000)
  eden space 83904K, 100% used [0x00000000c0000000, 0x00000000c51f0000, 0x00000000c51f0000)
  from space 10432K,  94% used [0x00000000c5c20000, 0x00000000c65b6430, 0x00000000c6650000)
  to   space 10432K,   0% used [0x00000000c51f0000, 0x00000000c51f0000, 0x00000000c5c20000)
 tenured generation   total 209068K, used 180041K [0x00000000d5550000, 0x00000000e217b000, 0x0000000100000000)
   the space 209068K,  86% used [0x00000000d5550000, 0x00000000e05225d0, 0x00000000e0522600, 0x00000000e217b000)
 Metaspace       used 100666K, committed 101888K, reserved 344064K
  class space    used 14095K, committed 14656K, reserved 212992K
}
Event: 72.490 GC heap after
{Heap after GC invocations=36 (full 4):
 def new generation   total 94336K, used 10157K [0x00000000c0000000, 0x00000000c6650000, 0x00000000d5550000)
  eden space 83904K,   0% used [0x00000000c0000000, 0x00000000c0000000, 0x00000000c51f0000)
  from space 10432K,  97% used [0x00000000c51f0000, 0x00000000c5bdb478, 0x00000000c5c20000)
  to   space 10432K,   0% used [0x00000000c5c20000, 0x00000000c5c20000, 0x00000000c6650000)
 tenured generation   total 209068K, used 188103K [0x00000000d5550000, 0x00000000e217b000, 0x0000000100000000)
   the space 209068K,  89% used [0x00000000d5550000, 0x00000000e0d01d18, 0x00000000e0d01e00, 0x00000000e217b000)
 Metaspace       used 100666K, committed 101888K, reserved 344064K
  class space    used 14095K, committed 14656K, reserved 212992K
}
Event: 73.685 GC heap before
{Heap before GC invocations=36 (full 4):
 def new generation   total 94336K, used 94061K [0x00000000c0000000, 0x00000000c6650000, 0x00000000d5550000)
  eden space 83904K, 100% used [0x00000000c0000000, 0x00000000c51f0000, 0x00000000c51f0000)
  from space 10432K,  97% used [0x00000000c51f0000, 0x00000000c5bdb478, 0x00000000c5c20000)
  to   space 10432K,   0% used [0x00000000c5c20000, 0x00000000c5c20000, 0x00000000c6650000)
 tenured generation   total 209068K, used 188103K [0x00000000d5550000, 0x00000000e217b000, 0x0000000100000000)
   the space 209068K,  89% used [0x00000000d5550000, 0x00000000e0d01d18, 0x00000000e0d01e00, 0x00000000e217b000)
 Metaspace       used 100801K, committed 102080K, reserved 344064K
  class space    used 14113K, committed 14656K, reserved 212992K
}
Event: 73.736 GC heap after
{Heap after GC invocations=37 (full 4):
 def new generation   total 94336K, used 6315K [0x00000000c0000000, 0x00000000c6650000, 0x00000000d5550000)
  eden space 83904K,   0% used [0x00000000c0000000, 0x00000000c0000000, 0x00000000c51f0000)
  from space 10432K,  60% used [0x00000000c5c20000, 0x00000000c624ae18, 0x00000000c6650000)
  to   space 10432K,   0% used [0x00000000c51f0000, 0x00000000c51f0000, 0x00000000c5c20000)
 tenured generation   total 209068K, used 196534K [0x00000000d5550000, 0x00000000e217b000, 0x0000000100000000)
   the space 209068K,  94% used [0x00000000d5550000, 0x00000000e153d8e8, 0x00000000e153da00, 0x00000000e217b000)
 Metaspace       used 100801K, committed 102080K, reserved 344064K
  class space    used 14113K, committed 14656K, reserved 212992K
}
Event: 74.772 GC heap before
{Heap before GC invocations=37 (full 4):
 def new generation   total 94336K, used 90219K [0x00000000c0000000, 0x00000000c6650000, 0x00000000d5550000)
  eden space 83904K, 100% used [0x00000000c0000000, 0x00000000c51f0000, 0x00000000c51f0000)
  from space 10432K,  60% used [0x00000000c5c20000, 0x00000000c624ae18, 0x00000000c6650000)
  to   space 10432K,   0% used [0x00000000c51f0000, 0x00000000c51f0000, 0x00000000c5c20000)
 tenured generation   total 209068K, used 196534K [0x00000000d5550000, 0x00000000e217b000, 0x0000000100000000)
   the space 209068K,  94% used [0x00000000d5550000, 0x00000000e153d8e8, 0x00000000e153da00, 0x00000000e217b000)
 Metaspace       used 100905K, committed 102208K, reserved 344064K
  class space    used 14128K, committed 14720K, reserved 212992K
}
Event: 74.809 GC heap after
{Heap after GC invocations=38 (full 4):
 def new generation   total 94336K, used 4616K [0x00000000c0000000, 0x00000000c6650000, 0x00000000d5550000)
  eden space 83904K,   0% used [0x00000000c0000000, 0x00000000c0000000, 0x00000000c51f0000)
  from space 10432K,  44% used [0x00000000c51f0000, 0x00000000c5672218, 0x00000000c5c20000)
  to   space 10432K,   0% used [0x00000000c5c20000, 0x00000000c5c20000, 0x00000000c6650000)
 tenured generation   total 209068K, used 201018K [0x00000000d5550000, 0x00000000e217b000, 0x0000000100000000)
   the space 209068K,  96% used [0x00000000d5550000, 0x00000000e199ea48, 0x00000000e199ec00, 0x00000000e217b000)
 Metaspace       used 100905K, committed 102208K, reserved 344064K
  class space    used 14128K, committed 14720K, reserved 212992K
}

