# JRE version: OpenJDK Runtime Environment Temurin-17.0.18+8 (17.0.18+8) (build 17.0.18+8)
# Java VM: OpenJDK 64-Bit Server VM Temurin-17.0.18+8 (17.0.18+8, mixed mode, sharing, tiered, compressed oops, compressed class ptrs, g1 gc, windows-amd64)
GC Precious Log:
 CPUs: 8 total, 8 available
 Memory: 16043M
 Large Page Support: Disabled
 NUMA Support: Disabled
 Compressed Oops: Enabled (Zero based)
 Heap Region Size: 2M
 Heap Min Capacity: 8M
 Heap Initial Capacity: 252M
 Heap Max Capacity: 4G
 Pre-touch: Disabled
 Parallel Workers: 8
 Concurrent Workers: 2
 Concurrent Refinement Workers: 8
 Periodic GC: Disabled
Heap:
 garbage-first heap   total 894976K, used 509694K [0x0000000700000000, 0x0000000800000000)
  region size 2048K, 26 young (53248K), 3 survivors (6144K)
 Metaspace       used 198750K, committed 200960K, reserved 1048576K
  class space    used 25045K, committed 26112K, reserved 851968K
GC Heap History (20 events):
Event: 288.613 GC heap before
{Heap before GC invocations=116 (full 0):
 garbage-first heap   total 782336K, used 641077K [0x0000000700000000, 0x0000000800000000)
  region size 2048K, 107 young (219136K), 3 survivors (6144K)
 Metaspace       used 186386K, committed 188096K, reserved 1048576K
  class space    used 23587K, committed 24384K, reserved 851968K
}
Event: 288.623 GC heap after
{Heap after GC invocations=117 (full 0):
 garbage-first heap   total 782336K, used 430987K [0x0000000700000000, 0x0000000800000000)
  region size 2048K, 11 young (22528K), 11 survivors (22528K)
 Metaspace       used 186386K, committed 188096K, reserved 1048576K
  class space    used 23587K, committed 24384K, reserved 851968K
}
Event: 290.023 GC heap before
{Heap before GC invocations=117 (full 0):
 garbage-first heap   total 782336K, used 635787K [0x0000000700000000, 0x0000000800000000)
  region size 2048K, 112 young (229376K), 11 survivors (22528K)
 Metaspace       used 187391K, committed 189184K, reserved 1048576K
  class space    used 23659K, committed 24512K, reserved 851968K
}
Event: 290.034 GC heap after
{Heap after GC invocations=118 (full 0):
 garbage-first heap   total 782336K, used 428521K [0x0000000700000000, 0x0000000800000000)
  region size 2048K, 5 young (10240K), 5 survivors (10240K)
 Metaspace       used 187391K, committed 189184K, reserved 1048576K
  class space    used 23659K, committed 24512K, reserved 851968K
}
Event: 290.910 GC heap before
{Heap before GC invocations=118 (full 0):
 garbage-first heap   total 782336K, used 637417K [0x0000000700000000, 0x0000000800000000)
  region size 2048K, 108 young (221184K), 5 survivors (10240K)
 Metaspace       used 187692K, committed 189504K, reserved 1048576K
  class space    used 23708K, committed 24576K, reserved 851968K
}
Event: 290.921 GC heap after
{Heap after GC invocations=119 (full 0):
 garbage-first heap   total 782336K, used 439106K [0x0000000700000000, 0x0000000800000000)
  region size 2048K, 10 young (20480K), 10 survivors (20480K)
 Metaspace       used 187692K, committed 189504K, reserved 1048576K
  class space    used 23708K, committed 24576K, reserved 851968K
}
Event: 292.380 GC heap before
{Heap before GC invocations=120 (full 0):
 garbage-first heap   total 854016K, used 639810K [0x0000000700000000, 0x0000000800000000)
  region size 2048K, 109 young (223232K), 10 survivors (20480K)
 Metaspace       used 187912K, committed 189760K, reserved 1048576K
  class space    used 23687K, committed 24576K, reserved 851968K
}
Event: 292.398 GC heap after
{Heap after GC invocations=121 (full 0):
 garbage-first heap   total 854016K, used 445938K [0x0000000700000000, 0x0000000800000000)
  region size 2048K, 10 young (20480K), 10 survivors (20480K)
 Metaspace       used 187912K, committed 189760K, reserved 1048576K
  class space    used 23687K, committed 24576K, reserved 851968K
}
Event: 292.528 GC heap before
{Heap before GC invocations=121 (full 0):
 garbage-first heap   total 854016K, used 466418K [0x0000000700000000, 0x0000000800000000)
  region size 2048K, 20 young (40960K), 10 survivors (20480K)
 Metaspace       used 187942K, committed 189824K, reserved 1048576K
  class space    used 23690K, committed 24576K, reserved 851968K
}
Event: 292.542 GC heap after
{Heap after GC invocations=122 (full 0):
 garbage-first heap   total 854016K, used 438797K [0x0000000700000000, 0x0000000800000000)
  region size 2048K, 2 young (4096K), 2 survivors (4096K)
 Metaspace       used 187942K, committed 189824K, reserved 1048576K
  class space    used 23690K, committed 24576K, reserved 851968K
}
Event: 294.642 GC heap before
{Heap before GC invocations=122 (full 0):
 garbage-first heap   total 854016K, used 707085K [0x0000000700000000, 0x0000000800000000)
  region size 2048K, 127 young (260096K), 2 survivors (4096K)
 Metaspace       used 194120K, committed 195968K, reserved 1048576K
  class space    used 24494K, committed 25344K, reserved 851968K
}
Event: 294.654 GC heap after
{Heap after GC invocations=123 (full 0):
 garbage-first heap   total 854016K, used 446773K [0x0000000700000000, 0x0000000800000000)
  region size 2048K, 6 young (12288K), 6 survivors (12288K)
 Metaspace       used 194120K, committed 195968K, reserved 1048576K
  class space    used 24494K, committed 25344K, reserved 851968K
}
Event: 964.068 GC heap before
{Heap before GC invocations=123 (full 0):
 garbage-first heap   total 854016K, used 700725K [0x0000000700000000, 0x0000000800000000)
  region size 2048K, 131 young (268288K), 6 survivors (12288K)
 Metaspace       used 198307K, committed 200448K, reserved 1048576K
  class space    used 25074K, committed 26112K, reserved 851968K
}
Event: 964.104 GC heap after
{Heap after GC invocations=124 (full 0):
 garbage-first heap   total 854016K, used 471831K [0x0000000700000000, 0x0000000800000000)
  region size 2048K, 17 young (34816K), 17 survivors (34816K)
 Metaspace       used 198307K, committed 200448K, reserved 1048576K
  class space    used 25074K, committed 26112K, reserved 851968K
}
Event: 966.594 GC heap before
{Heap before GC invocations=124 (full 0):
 garbage-first heap   total 854016K, used 705303K [0x0000000700000000, 0x0000000800000000)
  region size 2048K, 131 young (268288K), 17 survivors (34816K)
 Metaspace       used 198567K, committed 200768K, reserved 1048576K
  class space    used 25076K, committed 26112K, reserved 851968K
}
Event: 966.645 GC heap after
{Heap after GC invocations=125 (full 0):
 garbage-first heap   total 854016K, used 498855K [0x0000000700000000, 0x0000000800000000)
  region size 2048K, 14 young (28672K), 14 survivors (28672K)
 Metaspace       used 198567K, committed 200768K, reserved 1048576K
  class space    used 25076K, committed 26112K, reserved 851968K
}
Event: 968.836 GC heap before
{Heap before GC invocations=126 (full 0):
 garbage-first heap   total 894976K, used 707751K [0x0000000700000000, 0x0000000800000000)
  region size 2048K, 116 young (237568K), 14 survivors (28672K)
 Metaspace       used 198699K, committed 200896K, reserved 1048576K
  class space    used 25045K, committed 26112K, reserved 851968K
}
Event: 968.868 GC heap after
{Heap after GC invocations=127 (full 0):
 garbage-first heap   total 894976K, used 526888K [0x0000000700000000, 0x0000000800000000)
  region size 2048K, 15 young (30720K), 15 survivors (30720K)
 Metaspace       used 198699K, committed 200896K, reserved 1048576K
  class space    used 25045K, committed 26112K, reserved 851968K
}
Event: 968.939 GC heap before
{Heap before GC invocations=127 (full 0):
 garbage-first heap   total 894976K, used 539176K [0x0000000700000000, 0x0000000800000000)
  region size 2048K, 21 young (43008K), 15 survivors (30720K)
 Metaspace       used 198714K, committed 200960K, reserved 1048576K
  class space    used 25045K, committed 26112K, reserved 851968K
}
Event: 968.967 GC heap after
{Heap after GC invocations=128 (full 0):
 garbage-first heap   total 894976K, used 464638K [0x0000000700000000, 0x0000000800000000)
  region size 2048K, 3 young (6144K), 3 survivors (6144K)
 Metaspace       used 198714K, committed 200960K, reserved 1048576K
  class space    used 25045K, committed 26112K, reserved 851968K
}

