# JRE version: OpenJDK Runtime Environment Temurin-17.0.18+8 (17.0.18+8) (build 17.0.18+8)
# Java VM: OpenJDK 64-Bit Server VM Temurin-17.0.18+8 (17.0.18+8, mixed mode, sharing, tiered, compressed oops, compressed class ptrs, g1 gc, windows-amd64)
GC Precious Log:
 CPUs: 8 total, 8 available
 Memory: 16043M
 Large Page Support: Disabled
 NUMA Support: Disabled
 Compressed Oops: Enabled (32-bit)
 Heap Region Size: 1M
 Heap Min Capacity: 8M
 Heap Initial Capacity: 252M
 Heap Max Capacity: 1G
 Pre-touch: Disabled
 Parallel Workers: 8
 Concurrent Workers: 2
 Concurrent Refinement Workers: 8
 Periodic GC: Disabled
Heap:
 garbage-first heap   total 321536K, used 290155K [0x00000000c0000000, 0x0000000100000000)
  region size 1024K, 6 young (6144K), 2 survivors (2048K)
 Metaspace       used 102236K, committed 103616K, reserved 344064K
  class space    used 14265K, committed 14912K, reserved 212992K
GC Heap History (20 events):
Event: 112.276 GC heap before
{Heap before GC invocations=115 (full 0):
 garbage-first heap   total 321536K, used 282803K [0x00000000c0000000, 0x0000000100000000)
  region size 1024K, 15 young (15360K), 2 survivors (2048K)
 Metaspace       used 102059K, committed 103424K, reserved 344064K
  class space    used 14237K, committed 14848K, reserved 212992K
}
Event: 112.279 GC heap after
{Heap after GC invocations=116 (full 0):
 garbage-first heap   total 321536K, used 271325K [0x00000000c0000000, 0x0000000100000000)
  region size 1024K, 2 young (2048K), 2 survivors (2048K)
 Metaspace       used 102059K, committed 103424K, reserved 344064K
  class space    used 14237K, committed 14848K, reserved 212992K
}
Event: 112.570 GC heap before
{Heap before GC invocations=116 (full 0):
 garbage-first heap   total 321536K, used 284637K [0x00000000c0000000, 0x0000000100000000)
  region size 1024K, 15 young (15360K), 2 survivors (2048K)
 Metaspace       used 102059K, committed 103424K, reserved 344064K
  class space    used 14237K, committed 14848K, reserved 212992K
}
Event: 112.573 GC heap after
{Heap after GC invocations=117 (full 0):
 garbage-first heap   total 321536K, used 272110K [0x00000000c0000000, 0x0000000100000000)
  region size 1024K, 2 young (2048K), 2 survivors (2048K)
 Metaspace       used 102059K, committed 103424K, reserved 344064K
  class space    used 14237K, committed 14848K, reserved 212992K
}
Event: 112.808 GC heap before
{Heap before GC invocations=117 (full 0):
 garbage-first heap   total 321536K, used 284398K [0x00000000c0000000, 0x0000000100000000)
  region size 1024K, 15 young (15360K), 2 survivors (2048K)
 Metaspace       used 102059K, committed 103424K, reserved 344064K
  class space    used 14237K, committed 14848K, reserved 212992K
}
Event: 112.812 GC heap after
{Heap after GC invocations=118 (full 0):
 garbage-first heap   total 321536K, used 272929K [0x00000000c0000000, 0x0000000100000000)
  region size 1024K, 2 young (2048K), 2 survivors (2048K)
 Metaspace       used 102059K, committed 103424K, reserved 344064K
  class space    used 14237K, committed 14848K, reserved 212992K
}
Event: 113.061 GC heap before
{Heap before GC invocations=118 (full 0):
 garbage-first heap   total 321536K, used 285217K [0x00000000c0000000, 0x0000000100000000)
  region size 1024K, 15 young (15360K), 2 survivors (2048K)
 Metaspace       used 102059K, committed 103424K, reserved 344064K
  class space    used 14237K, committed 14848K, reserved 212992K
}
Event: 113.064 GC heap after
{Heap after GC invocations=119 (full 0):
 garbage-first heap   total 321536K, used 273738K [0x00000000c0000000, 0x0000000100000000)
  region size 1024K, 2 young (2048K), 2 survivors (2048K)
 Metaspace       used 102059K, committed 103424K, reserved 344064K
  class space    used 14237K, committed 14848K, reserved 212992K
}
Event: 113.228 GC heap before
{Heap before GC invocations=119 (full 0):
 garbage-first heap   total 321536K, used 286026K [0x00000000c0000000, 0x0000000100000000)
  region size 1024K, 15 young (15360K), 2 survivors (2048K)
 Metaspace       used 102059K, committed 103424K, reserved 344064K
  class space    used 14237K, committed 14848K, reserved 212992K
}
Event: 113.231 GC heap after
{Heap after GC invocations=120 (full 0):
 garbage-first heap   total 321536K, used 274569K [0x00000000c0000000, 0x0000000100000000)
  region size 1024K, 2 young (2048K), 2 survivors (2048K)
 Metaspace       used 102059K, committed 103424K, reserved 344064K
  class space    used 14237K, committed 14848K, reserved 212992K
}
Event: 113.414 GC heap before
{Heap before GC invocations=120 (full 0):
 garbage-first heap   total 321536K, used 289929K [0x00000000c0000000, 0x0000000100000000)
  region size 1024K, 15 young (15360K), 2 survivors (2048K)
 Metaspace       used 102125K, committed 103552K, reserved 344064K
  class space    used 14249K, committed 14912K, reserved 212992K
}
Event: 113.418 GC heap after
{Heap after GC invocations=121 (full 0):
 garbage-first heap   total 321536K, used 280021K [0x00000000c0000000, 0x0000000100000000)
  region size 1024K, 2 young (2048K), 2 survivors (2048K)
 Metaspace       used 102125K, committed 103552K, reserved 344064K
  class space    used 14249K, committed 14912K, reserved 212992K
}
Event: 113.668 GC heap before
{Heap before GC invocations=121 (full 0):
 garbage-first heap   total 321536K, used 293333K [0x00000000c0000000, 0x0000000100000000)
  region size 1024K, 15 young (15360K), 2 survivors (2048K)
 Metaspace       used 102230K, committed 103616K, reserved 344064K
  class space    used 14265K, committed 14912K, reserved 212992K
}
Event: 113.674 GC heap after
{Heap after GC invocations=122 (full 0):
 garbage-first heap   total 321536K, used 284056K [0x00000000c0000000, 0x0000000100000000)
  region size 1024K, 2 young (2048K), 2 survivors (2048K)
 Metaspace       used 102230K, committed 103616K, reserved 344064K
  class space    used 14265K, committed 14912K, reserved 212992K
}
Event: 113.832 GC heap before
{Heap before GC invocations=122 (full 0):
 garbage-first heap   total 321536K, used 296344K [0x00000000c0000000, 0x0000000100000000)
  region size 1024K, 15 young (15360K), 2 survivors (2048K)
 Metaspace       used 102230K, committed 103616K, reserved 344064K
  class space    used 14265K, committed 14912K, reserved 212992K
}
Event: 113.837 GC heap after
{Heap after GC invocations=123 (full 0):
 garbage-first heap   total 321536K, used 286134K [0x00000000c0000000, 0x0000000100000000)
  region size 1024K, 2 young (2048K), 2 survivors (2048K)
 Metaspace       used 102230K, committed 103616K, reserved 344064K
  class space    used 14265K, committed 14912K, reserved 212992K
}
Event: 114.013 GC heap before
{Heap before GC invocations=123 (full 0):
 garbage-first heap   total 321536K, used 298422K [0x00000000c0000000, 0x0000000100000000)
  region size 1024K, 15 young (15360K), 2 survivors (2048K)
 Metaspace       used 102230K, committed 103616K, reserved 344064K
  class space    used 14265K, committed 14912K, reserved 212992K
}
Event: 114.016 GC heap after
{Heap after GC invocations=124 (full 0):
 garbage-first heap   total 321536K, used 287216K [0x00000000c0000000, 0x0000000100000000)
  region size 1024K, 2 young (2048K), 2 survivors (2048K)
 Metaspace       used 102230K, committed 103616K, reserved 344064K
  class space    used 14265K, committed 14912K, reserved 212992K
}
Event: 114.205 GC heap before
{Heap before GC invocations=124 (full 0):
 garbage-first heap   total 321536K, used 299504K [0x00000000c0000000, 0x0000000100000000)
  region size 1024K, 15 young (15360K), 2 survivors (2048K)
 Metaspace       used 102236K, committed 103616K, reserved 344064K
  class space    used 14265K, committed 14912K, reserved 212992K
}
Event: 114.210 GC heap after
{Heap after GC invocations=125 (full 0):
 garbage-first heap   total 321536K, used 288107K [0x00000000c0000000, 0x0000000100000000)
  region size 1024K, 2 young (2048K), 2 survivors (2048K)
 Metaspace       used 102236K, committed 103616K, reserved 344064K
  class space    used 14265K, committed 14912K, reserved 212992K
}

