# JRE version: OpenJDK Runtime Environment Temurin-17.0.18+8 (17.0.18+8) (build 17.0.18+8)
# Java VM: OpenJDK 64-Bit Server VM Temurin-17.0.18+8 (17.0.18+8, mixed mode, sharing, tiered, compressed oops, compressed class ptrs, g1 gc, windows-amd64)
GC Precious Log:
 CPUs: 8 total, 8 available
 Memory: 16043M
 Large Page Support: Disabled
 NUMA Support: Disabled
 Compressed Oops: Enabled (Zero based)
 Heap Region Size: 2M
 Heap Min Capacity: 8M
 Heap Initial Capacity: 252M
 Heap Max Capacity: 4G
 Pre-touch: Disabled
 Parallel Workers: 8
 Concurrent Workers: 2
 Concurrent Refinement Workers: 8
 Periodic GC: Disabled
Heap:
 garbage-first heap   total 258048K, used 62767K [0x0000000700000000, 0x0000000800000000)
  region size 2048K, 26 young (53248K), 3 survivors (6144K)
 Metaspace       used 14013K, committed 14336K, reserved 917504K
  class space    used 1925K, committed 2112K, reserved 851968K
GC Heap History (6 events):
Event: 0.771 GC heap before
{Heap before GC invocations=0 (full 0):
 garbage-first heap   total 258048K, used 20480K [0x0000000700000000, 0x0000000800000000)
  region size 2048K, 11 young (22528K), 0 survivors (0K)
 Metaspace       used 1048K, committed 1216K, reserved 917504K
  class space    used 72K, committed 128K, reserved 851968K
}
Event: 0.779 GC heap after
{Heap after GC invocations=1 (full 0):
 garbage-first heap   total 258048K, used 2634K [0x0000000700000000, 0x0000000800000000)
  region size 2048K, 2 young (4096K), 2 survivors (4096K)
 Metaspace       used 1048K, committed 1216K, reserved 917504K
  class space    used 72K, committed 128K, reserved 851968K
}
Event: 3.110 GC heap before
{Heap before GC invocations=1 (full 0):
 garbage-first heap   total 258048K, used 43594K [0x0000000700000000, 0x0000000800000000)
  region size 2048K, 21 young (43008K), 2 survivors (4096K)
 Metaspace       used 4384K, committed 4544K, reserved 917504K
  class space    used 540K, committed 640K, reserved 851968K
}
Event: 3.115 GC heap after
{Heap after GC invocations=2 (full 0):
 garbage-first heap   total 258048K, used 11398K [0x0000000700000000, 0x0000000800000000)
  region size 2048K, 3 young (6144K), 3 survivors (6144K)
 Metaspace       used 4384K, committed 4544K, reserved 917504K
  class space    used 540K, committed 640K, reserved 851968K
}
Event: 4.092 GC heap before
{Heap before GC invocations=2 (full 0):
 garbage-first heap   total 258048K, used 56454K [0x0000000700000000, 0x0000000800000000)
  region size 2048K, 26 young (53248K), 3 survivors (6144K)
 Metaspace       used 5728K, committed 5952K, reserved 917504K
  class space    used 745K, committed 832K, reserved 851968K
}
Event: 4.100 GC heap after
{Heap after GC invocations=3 (full 0):
 garbage-first heap   total 258048K, used 17711K [0x0000000700000000, 0x0000000800000000)
  region size 2048K, 3 young (6144K), 3 survivors (6144K)
 Metaspace       used 5728K, committed 5952K, reserved 917504K
  class space    used 745K, committed 832K, reserved 851968K
}

