# JRE version: OpenJDK Runtime Environment Temurin-17.0.18+8 (17.0.18+8) (build 17.0.18+8)
# Java VM: OpenJDK 64-Bit Server VM Temurin-17.0.18+8 (17.0.18+8, mixed mode, sharing, tiered, compressed oops, compressed class ptrs, g1 gc, windows-amd64)
GC Precious Log:
 CPUs: 8 total, 8 available
 Memory: 16043M
 Large Page Support: Disabled
 NUMA Support: Disabled
 Compressed Oops: Enabled (Zero based)
 Heap Region Size: 2M
 Heap Min Capacity: 8M
 Heap Initial Capacity: 252M
 Heap Max Capacity: 4G
 Pre-touch: Disabled
 Parallel Workers: 8
 Concurrent Workers: 2
 Concurrent Refinement Workers: 8
 Periodic GC: Disabled
Heap:
 garbage-first heap   total 733184K, used 571918K [0x0000000700000000, 0x0000000800000000)
  region size 2048K, 6 young (12288K), 6 survivors (12288K)
 Metaspace       used 128343K, committed 130496K, reserved 983040K
  class space    used 17653K, committed 18624K, reserved 851968K
GC Heap History (20 events):
Event: 64.054 GC heap after
{Heap after GC invocations=66 (full 0):
 garbage-first heap   total 733184K, used 302073K [0x0000000700000000, 0x0000000800000000)
  region size 2048K, 5 young (10240K), 5 survivors (10240K)
 Metaspace       used 118732K, committed 120704K, reserved 983040K
  class space    used 16448K, committed 17344K, reserved 851968K
}
Event: 67.085 GC heap before
{Heap before GC invocations=66 (full 0):
 garbage-first heap   total 733184K, used 568313K [0x0000000700000000, 0x0000000800000000)
  region size 2048K, 136 young (278528K), 5 survivors (10240K)
 Metaspace       used 119485K, committed 121536K, reserved 983040K
  class space    used 16494K, committed 17408K, reserved 851968K
}
Event: 67.109 GC heap after
{Heap after GC invocations=67 (full 0):
 garbage-first heap   total 733184K, used 318379K [0x0000000700000000, 0x0000000800000000)
  region size 2048K, 13 young (26624K), 13 survivors (26624K)
 Metaspace       used 119485K, committed 121536K, reserved 983040K
  class space    used 16494K, committed 17408K, reserved 851968K
}
Event: 73.375 GC heap before
{Heap before GC invocations=67 (full 0):
 garbage-first heap   total 733184K, used 584619K [0x0000000700000000, 0x0000000800000000)
  region size 2048K, 144 young (294912K), 13 survivors (26624K)
 Metaspace       used 121581K, committed 123648K, reserved 983040K
  class space    used 16747K, committed 17664K, reserved 851968K
}
Event: 73.409 GC heap after
{Heap after GC invocations=68 (full 0):
 garbage-first heap   total 733184K, used 328964K [0x0000000700000000, 0x0000000800000000)
  region size 2048K, 14 young (28672K), 14 survivors (28672K)
 Metaspace       used 121581K, committed 123648K, reserved 983040K
  class space    used 16747K, committed 17664K, reserved 851968K
}
Event: 75.743 GC heap before
{Heap before GC invocations=68 (full 0):
 garbage-first heap   total 733184K, used 591108K [0x0000000700000000, 0x0000000800000000)
  region size 2048K, 143 young (292864K), 14 survivors (28672K)
 Metaspace       used 123075K, committed 125248K, reserved 983040K
  class space    used 16946K, committed 17920K, reserved 851968K
}
Event: 75.778 GC heap after
{Heap after GC invocations=69 (full 0):
 garbage-first heap   total 733184K, used 347044K [0x0000000700000000, 0x0000000800000000)
  region size 2048K, 17 young (34816K), 17 survivors (34816K)
 Metaspace       used 123075K, committed 125248K, reserved 983040K
  class space    used 16946K, committed 17920K, reserved 851968K
}
Event: 77.138 GC heap before
{Heap before GC invocations=69 (full 0):
 garbage-first heap   total 733184K, used 600996K [0x0000000700000000, 0x0000000800000000)
  region size 2048K, 142 young (290816K), 17 survivors (34816K)
 Metaspace       used 123184K, committed 125312K, reserved 983040K
  class space    used 16953K, committed 17920K, reserved 851968K
}
Event: 77.174 GC heap after
{Heap after GC invocations=70 (full 0):
 garbage-first heap   total 733184K, used 405354K [0x0000000700000000, 0x0000000800000000)
  region size 2048K, 18 young (36864K), 18 survivors (36864K)
 Metaspace       used 123184K, committed 125312K, reserved 983040K
  class space    used 16953K, committed 17920K, reserved 851968K
}
Event: 79.442 GC heap before
{Heap before GC invocations=70 (full 0):
 garbage-first heap   total 733184K, used 587626K [0x0000000700000000, 0x0000000800000000)
  region size 2048K, 107 young (219136K), 18 survivors (36864K)
 Metaspace       used 128091K, committed 130240K, reserved 983040K
  class space    used 17628K, committed 18560K, reserved 851968K
}
Event: 79.490 GC heap after
{Heap after GC invocations=71 (full 0):
 garbage-first heap   total 733184K, used 439296K [0x0000000700000000, 0x0000000800000000)
  region size 2048K, 14 young (28672K), 14 survivors (28672K)
 Metaspace       used 128091K, committed 130240K, reserved 983040K
  class space    used 17628K, committed 18560K, reserved 851968K
}
Event: 80.063 GC heap before
{Heap before GC invocations=71 (full 0):
 garbage-first heap   total 733184K, used 592896K [0x0000000700000000, 0x0000000800000000)
  region size 2048K, 90 young (184320K), 14 survivors (28672K)
 Metaspace       used 128196K, committed 130368K, reserved 983040K
  class space    used 17633K, committed 18624K, reserved 851968K
}
Event: 80.134 GC heap after
{Heap after GC invocations=72 (full 0):
 garbage-first heap   total 733184K, used 472905K [0x0000000700000000, 0x0000000800000000)
  region size 2048K, 12 young (24576K), 12 survivors (24576K)
 Metaspace       used 128196K, committed 130368K, reserved 983040K
  class space    used 17633K, committed 18624K, reserved 851968K
}
Event: 80.613 GC heap before
{Heap before GC invocations=72 (full 0):
 garbage-first heap   total 733184K, used 597833K [0x0000000700000000, 0x0000000800000000)
  region size 2048K, 74 young (151552K), 12 survivors (24576K)
 Metaspace       used 128205K, committed 130368K, reserved 983040K
  class space    used 17634K, committed 18624K, reserved 851968K
}
Event: 80.677 GC heap after
{Heap after GC invocations=73 (full 0):
 garbage-first heap   total 733184K, used 503808K [0x0000000700000000, 0x0000000800000000)
  region size 2048K, 10 young (20480K), 10 survivors (20480K)
 Metaspace       used 128205K, committed 130368K, reserved 983040K
  class space    used 17634K, committed 18624K, reserved 851968K
}
Event: 81.190 GC heap before
{Heap before GC invocations=73 (full 0):
 garbage-first heap   total 733184K, used 606208K [0x0000000700000000, 0x0000000800000000)
  region size 2048K, 60 young (122880K), 10 survivors (20480K)
 Metaspace       used 128234K, committed 130432K, reserved 983040K
  class space    used 17640K, committed 18624K, reserved 851968K
}
Event: 81.245 GC heap after
{Heap after GC invocations=74 (full 0):
 garbage-first heap   total 733184K, used 530432K [0x0000000700000000, 0x0000000800000000)
  region size 2048K, 8 young (16384K), 8 survivors (16384K)
 Metaspace       used 128234K, committed 130432K, reserved 983040K
  class space    used 17640K, committed 18624K, reserved 851968K
}
Event: 81.517 GC heap before
{Heap before GC invocations=74 (full 0):
 garbage-first heap   total 733184K, used 614400K [0x0000000700000000, 0x0000000800000000)
  region size 2048K, 49 young (100352K), 8 survivors (16384K)
 Metaspace       used 128261K, committed 130432K, reserved 983040K
  class space    used 17645K, committed 18624K, reserved 851968K
}
Event: 81.558 GC heap after
{Heap after GC invocations=75 (full 0):
 garbage-first heap   total 733184K, used 552882K [0x0000000700000000, 0x0000000800000000)
  region size 2048K, 7 young (14336K), 7 survivors (14336K)
 Metaspace       used 128261K, committed 130432K, reserved 983040K
  class space    used 17645K, committed 18624K, reserved 851968K
}
Event: 81.906 GC heap before
{Heap before GC invocations=75 (full 0):
 garbage-first heap   total 733184K, used 622514K [0x0000000700000000, 0x0000000800000000)
  region size 2048K, 41 young (83968K), 7 survivors (14336K)
 Metaspace       used 128343K, committed 130496K, reserved 983040K
  class space    used 17653K, committed 18624K, reserved 851968K
}

