# JRE version: OpenJDK Runtime Environment Temurin-17.0.18+8 (17.0.18+8) (build 17.0.18+8)
# Java VM: OpenJDK 64-Bit Server VM Temurin-17.0.18+8 (17.0.18+8, mixed mode, sharing, tiered, compressed oops, compressed class ptrs, g1 gc, windows-amd64)
GC Precious Log:
 CPUs: 8 total, 8 available
 Memory: 16043M
 Large Page Support: Disabled
 NUMA Support: Disabled
 Compressed Oops: Enabled (32-bit)
 Heap Region Size: 1M
 Heap Min Capacity: 8M
 Heap Initial Capacity: 252M
 Heap Max Capacity: 1G
 Pre-touch: Disabled
 Parallel Workers: 8
 Concurrent Workers: 2
 Concurrent Refinement Workers: 8
 Periodic GC: Disabled
Heap:
 garbage-first heap   total 421888K, used 380710K [0x00000000c0000000, 0x0000000100000000)
  region size 1024K, 6 young (6144K), 3 survivors (3072K)
 Metaspace       used 122950K, committed 124992K, reserved 344064K
  class space    used 16861K, committed 17792K, reserved 212992K
GC Heap History (20 events):
Event: 268.866 GC heap before
{Heap before GC invocations=163 (full 0):
 garbage-first heap   total 421888K, used 383138K [0x00000000c0000000, 0x0000000100000000)
  region size 1024K, 20 young (20480K), 3 survivors (3072K)
 Metaspace       used 122544K, committed 124608K, reserved 344064K
  class space    used 16827K, committed 17792K, reserved 212992K
}
Event: 268.871 GC heap after
{Heap after GC invocations=164 (full 0):
 garbage-first heap   total 421888K, used 367896K [0x00000000c0000000, 0x0000000100000000)
  region size 1024K, 3 young (3072K), 3 survivors (3072K)
 Metaspace       used 122544K, committed 124608K, reserved 344064K
  class space    used 16827K, committed 17792K, reserved 212992K
}
Event: 269.083 GC heap before
{Heap before GC invocations=164 (full 0):
 garbage-first heap   total 421888K, used 384280K [0x00000000c0000000, 0x0000000100000000)
  region size 1024K, 20 young (20480K), 3 survivors (3072K)
 Metaspace       used 122546K, committed 124608K, reserved 344064K
  class space    used 16827K, committed 17792K, reserved 212992K
}
Event: 269.088 GC heap after
{Heap after GC invocations=165 (full 0):
 garbage-first heap   total 421888K, used 369121K [0x00000000c0000000, 0x0000000100000000)
  region size 1024K, 3 young (3072K), 3 survivors (3072K)
 Metaspace       used 122546K, committed 124608K, reserved 344064K
  class space    used 16827K, committed 17792K, reserved 212992K
}
Event: 269.454 GC heap before
{Heap before GC invocations=165 (full 0):
 garbage-first heap   total 421888K, used 385505K [0x00000000c0000000, 0x0000000100000000)
  region size 1024K, 20 young (20480K), 3 survivors (3072K)
 Metaspace       used 122586K, committed 124608K, reserved 344064K
  class space    used 16831K, committed 17792K, reserved 212992K
}
Event: 269.458 GC heap after
{Heap after GC invocations=166 (full 0):
 garbage-first heap   total 421888K, used 370263K [0x00000000c0000000, 0x0000000100000000)
  region size 1024K, 2 young (2048K), 2 survivors (2048K)
 Metaspace       used 122586K, committed 124608K, reserved 344064K
  class space    used 16831K, committed 17792K, reserved 212992K
}
Event: 269.631 GC heap before
{Heap before GC invocations=166 (full 0):
 garbage-first heap   total 421888K, used 387671K [0x00000000c0000000, 0x0000000100000000)
  region size 1024K, 20 young (20480K), 2 survivors (2048K)
 Metaspace       used 122586K, committed 124608K, reserved 344064K
  class space    used 16831K, committed 17792K, reserved 212992K
}
Event: 269.636 GC heap after
{Heap after GC invocations=167 (full 0):
 garbage-first heap   total 421888K, used 372184K [0x00000000c0000000, 0x0000000100000000)
  region size 1024K, 3 young (3072K), 3 survivors (3072K)
 Metaspace       used 122586K, committed 124608K, reserved 344064K
  class space    used 16831K, committed 17792K, reserved 212992K
}
Event: 269.828 GC heap before
{Heap before GC invocations=167 (full 0):
 garbage-first heap   total 421888K, used 388568K [0x00000000c0000000, 0x0000000100000000)
  region size 1024K, 20 young (20480K), 3 survivors (3072K)
 Metaspace       used 122586K, committed 124608K, reserved 344064K
  class space    used 16831K, committed 17792K, reserved 212992K
}
Event: 269.832 GC heap after
{Heap after GC invocations=168 (full 0):
 garbage-first heap   total 421888K, used 372805K [0x00000000c0000000, 0x0000000100000000)
  region size 1024K, 3 young (3072K), 3 survivors (3072K)
 Metaspace       used 122586K, committed 124608K, reserved 344064K
  class space    used 16831K, committed 17792K, reserved 212992K
}
Event: 270.042 GC heap before
{Heap before GC invocations=168 (full 0):
 garbage-first heap   total 421888K, used 389189K [0x00000000c0000000, 0x0000000100000000)
  region size 1024K, 20 young (20480K), 3 survivors (3072K)
 Metaspace       used 122654K, committed 124736K, reserved 344064K
  class space    used 16841K, committed 17792K, reserved 212992K
}
Event: 270.046 GC heap after
{Heap after GC invocations=169 (full 0):
 garbage-first heap   total 421888K, used 374253K [0x00000000c0000000, 0x0000000100000000)
  region size 1024K, 3 young (3072K), 3 survivors (3072K)
 Metaspace       used 122654K, committed 124736K, reserved 344064K
  class space    used 16841K, committed 17792K, reserved 212992K
}
Event: 270.150 GC heap before
{Heap before GC invocations=169 (full 0):
 garbage-first heap   total 421888K, used 391661K [0x00000000c0000000, 0x0000000100000000)
  region size 1024K, 20 young (20480K), 3 survivors (3072K)
 Metaspace       used 122654K, committed 124736K, reserved 344064K
  class space    used 16841K, committed 17792K, reserved 212992K
}
Event: 270.154 GC heap after
{Heap after GC invocations=170 (full 0):
 garbage-first heap   total 421888K, used 375204K [0x00000000c0000000, 0x0000000100000000)
  region size 1024K, 3 young (3072K), 3 survivors (3072K)
 Metaspace       used 122654K, committed 124736K, reserved 344064K
  class space    used 16841K, committed 17792K, reserved 212992K
}
Event: 270.268 GC heap before
{Heap before GC invocations=170 (full 0):
 garbage-first heap   total 421888K, used 391588K [0x00000000c0000000, 0x0000000100000000)
  region size 1024K, 20 young (20480K), 3 survivors (3072K)
 Metaspace       used 122654K, committed 124736K, reserved 344064K
  class space    used 16841K, committed 17792K, reserved 212992K
}
Event: 270.273 GC heap after
{Heap after GC invocations=171 (full 0):
 garbage-first heap   total 421888K, used 375615K [0x00000000c0000000, 0x0000000100000000)
  region size 1024K, 3 young (3072K), 3 survivors (3072K)
 Metaspace       used 122654K, committed 124736K, reserved 344064K
  class space    used 16841K, committed 17792K, reserved 212992K
}
Event: 270.433 GC heap before
{Heap before GC invocations=171 (full 0):
 garbage-first heap   total 421888K, used 391999K [0x00000000c0000000, 0x0000000100000000)
  region size 1024K, 20 young (20480K), 3 survivors (3072K)
 Metaspace       used 122654K, committed 124736K, reserved 344064K
  class space    used 16841K, committed 17792K, reserved 212992K
}
Event: 270.438 GC heap after
{Heap after GC invocations=172 (full 0):
 garbage-first heap   total 421888K, used 376104K [0x00000000c0000000, 0x0000000100000000)
  region size 1024K, 3 young (3072K), 3 survivors (3072K)
 Metaspace       used 122654K, committed 124736K, reserved 344064K
  class space    used 16841K, committed 17792K, reserved 212992K
}
Event: 270.731 GC heap before
{Heap before GC invocations=172 (full 0):
 garbage-first heap   total 421888K, used 396584K [0x00000000c0000000, 0x0000000100000000)
  region size 1024K, 20 young (20480K), 3 survivors (3072K)
 Metaspace       used 122755K, committed 124800K, reserved 344064K
  class space    used 16850K, committed 17792K, reserved 212992K
}
Event: 270.737 GC heap after
{Heap after GC invocations=173 (full 0):
 garbage-first heap   total 421888K, used 381734K [0x00000000c0000000, 0x0000000100000000)
  region size 1024K, 3 young (3072K), 3 survivors (3072K)
 Metaspace       used 122755K, committed 124800K, reserved 344064K
  class space    used 16850K, committed 17792K, reserved 212992K
}

