# JRE version: OpenJDK Runtime Environment Temurin-17.0.18+8 (17.0.18+8) (build 17.0.18+8)
# Java VM: OpenJDK 64-Bit Server VM Temurin-17.0.18+8 (17.0.18+8, mixed mode, sharing, tiered, compressed oops, compressed class ptrs, serial gc, windows-amd64)
GC Precious Log:
 CPUs: 8 total, 8 available
 Memory: 16043M
 Large Page Support: Disabled
 NUMA Support: Disabled
 Compressed Oops: Enabled (32-bit)
 Heap Min Capacity: 8M
 Heap Initial Capacity: 252M
 Heap Max Capacity: 1G
 Pre-touch: Disabled
Heap:
 def new generation   total 77632K, used 62029K [0x00000000c0000000, 0x00000000c5430000, 0x00000000d5550000)
  eden space 69056K,  83% used [0x00000000c0000000, 0x00000000c3877c70, 0x00000000c4370000)
  from space 8576K,  49% used [0x00000000c4bd0000, 0x00000000c4feb840, 0x00000000c5430000)
  to   space 8576K,   0% used [0x00000000c4370000, 0x00000000c4370000, 0x00000000c4bd0000)
 tenured generation   total 172032K, used 94773K [0x00000000d5550000, 0x00000000dfd50000, 0x0000000100000000)
   the space 172032K,  55% used [0x00000000d5550000, 0x00000000db1dd458, 0x00000000db1dd600, 0x00000000dfd50000)
 Metaspace       used 84068K, committed 84864K, reserved 344064K
  class space    used 11708K, committed 12096K, reserved 212992K
GC Heap History (20 events):
Event: 10.696 GC heap before
{Heap before GC invocations=8 (full 2):
 def new generation   total 77568K, used 73219K [0x00000000c0000000, 0x00000000c5420000, 0x00000000d5550000)
  eden space 68992K,  95% used [0x00000000c0000000, 0x00000000c40a4260, 0x00000000c4360000)
  from space 8576K,  81% used [0x00000000c4bc0000, 0x00000000c529cb80, 0x00000000c5420000)
  to   space 8576K,   0% used [0x00000000c4360000, 0x00000000c4360000, 0x00000000c4bc0000)
 tenured generation   total 172032K, used 30676K [0x00000000d5550000, 0x00000000dfd50000, 0x0000000100000000)
   the space 172032K,  17% used [0x00000000d5550000, 0x00000000d7345018, 0x00000000d7345200, 0x00000000dfd50000)
 Metaspace       used 50278K, committed 50880K, reserved 278528K
  class space    used 7173K, committed 7488K, reserved 212992K
}
Event: 10.728 GC heap after
{Heap after GC invocations=9 (full 2):
 def new generation   total 77568K, used 8576K [0x00000000c0000000, 0x00000000c5420000, 0x00000000d5550000)
  eden space 68992K,   0% used [0x00000000c0000000, 0x00000000c0000000, 0x00000000c4360000)
  from space 8576K, 100% used [0x00000000c4360000, 0x00000000c4bc0000, 0x00000000c4bc0000)
  to   space 8576K,   0% used [0x00000000c4bc0000, 0x00000000c4bc0000, 0x00000000c5420000)
 tenured generation   total 172032K, used 36043K [0x00000000d5550000, 0x00000000dfd50000, 0x0000000100000000)
   the space 172032K,  20% used [0x00000000d5550000, 0x00000000d7882ea8, 0x00000000d7883000, 0x00000000dfd50000)
 Metaspace       used 50278K, committed 50880K, reserved 278528K
  class space    used 7173K, committed 7488K, reserved 212992K
}
Event: 11.748 GC heap before
{Heap before GC invocations=9 (full 2):
 def new generation   total 77568K, used 77568K [0x00000000c0000000, 0x00000000c5420000, 0x00000000d5550000)
  eden space 68992K, 100% used [0x00000000c0000000, 0x00000000c4360000, 0x00000000c4360000)
  from space 8576K, 100% used [0x00000000c4360000, 0x00000000c4bc0000, 0x00000000c4bc0000)
  to   space 8576K,   0% used [0x00000000c4bc0000, 0x00000000c4bc0000, 0x00000000c5420000)
 tenured generation   total 172032K, used 36043K [0x00000000d5550000, 0x00000000dfd50000, 0x0000000100000000)
   the space 172032K,  20% used [0x00000000d5550000, 0x00000000d7882ea8, 0x00000000d7883000, 0x00000000dfd50000)
 Metaspace       used 57237K, committed 57856K, reserved 278528K
  class space    used 8121K, committed 8448K, reserved 212992K
}
Event: 11.770 GC heap after
{Heap after GC invocations=10 (full 2):
 def new generation   total 77568K, used 5385K [0x00000000c0000000, 0x00000000c5420000, 0x00000000d5550000)
  eden space 68992K,   0% used [0x00000000c0000000, 0x00000000c0000000, 0x00000000c4360000)
  from space 8576K,  62% used [0x00000000c4bc0000, 0x00000000c51026d8, 0x00000000c5420000)
  to   space 8576K,   0% used [0x00000000c4360000, 0x00000000c4360000, 0x00000000c4bc0000)
 tenured generation   total 172032K, used 44551K [0x00000000d5550000, 0x00000000dfd50000, 0x0000000100000000)
   the space 172032K,  25% used [0x00000000d5550000, 0x00000000d80d1c40, 0x00000000d80d1e00, 0x00000000dfd50000)
 Metaspace       used 57237K, committed 57856K, reserved 278528K
  class space    used 8121K, committed 8448K, reserved 212992K
}
Event: 12.125 GC heap before
{Heap before GC invocations=10 (full 2):
 def new generation   total 77568K, used 32764K [0x00000000c0000000, 0x00000000c5420000, 0x00000000d5550000)
  eden space 68992K,  39% used [0x00000000c0000000, 0x00000000c1abcc38, 0x00000000c4360000)
  from space 8576K,  62% used [0x00000000c4bc0000, 0x00000000c51026d8, 0x00000000c5420000)
  to   space 8576K,   0% used [0x00000000c4360000, 0x00000000c4360000, 0x00000000c4bc0000)
 tenured generation   total 172032K, used 44551K [0x00000000d5550000, 0x00000000dfd50000, 0x0000000100000000)
   the space 172032K,  25% used [0x00000000d5550000, 0x00000000d80d1c40, 0x00000000d80d1e00, 0x00000000dfd50000)
 Metaspace       used 59121K, committed 59776K, reserved 278528K
  class space    used 8361K, committed 8640K, reserved 212992K
}
Event: 12.237 GC heap after
{Heap after GC invocations=11 (full 3):
 def new generation   total 77632K, used 0K [0x00000000c0000000, 0x00000000c5430000, 0x00000000d5550000)
  eden space 69056K,   0% used [0x00000000c0000000, 0x00000000c0000000, 0x00000000c4370000)
  from space 8576K,   0% used [0x00000000c4370000, 0x00000000c4370000, 0x00000000c4bd0000)
  to   space 8576K,   0% used [0x00000000c4bd0000, 0x00000000c4bd0000, 0x00000000c5430000)
 tenured generation   total 172032K, used 51113K [0x00000000d5550000, 0x00000000dfd50000, 0x0000000100000000)
   the space 172032K,  29% used [0x00000000d5550000, 0x00000000d873a6a0, 0x00000000d873a800, 0x00000000dfd50000)
 Metaspace       used 59121K, committed 59776K, reserved 278528K
  class space    used 8361K, committed 8640K, reserved 212992K
}
Event: 13.274 GC heap before
{Heap before GC invocations=11 (full 3):
 def new generation   total 77632K, used 69056K [0x00000000c0000000, 0x00000000c5430000, 0x00000000d5550000)
  eden space 69056K, 100% used [0x00000000c0000000, 0x00000000c4370000, 0x00000000c4370000)
  from space 8576K,   0% used [0x00000000c4370000, 0x00000000c4370000, 0x00000000c4bd0000)
  to   space 8576K,   0% used [0x00000000c4bd0000, 0x00000000c4bd0000, 0x00000000c5430000)
 tenured generation   total 172032K, used 51113K [0x00000000d5550000, 0x00000000dfd50000, 0x0000000100000000)
   the space 172032K,  29% used [0x00000000d5550000, 0x00000000d873a6a0, 0x00000000d873a800, 0x00000000dfd50000)
 Metaspace       used 62935K, committed 63552K, reserved 278528K
  class space    used 8923K, committed 9216K, reserved 212992K
}
Event: 13.287 GC heap after
{Heap after GC invocations=12 (full 3):
 def new generation   total 77632K, used 7538K [0x00000000c0000000, 0x00000000c5430000, 0x00000000d5550000)
  eden space 69056K,   0% used [0x00000000c0000000, 0x00000000c0000000, 0x00000000c4370000)
  from space 8576K,  87% used [0x00000000c4bd0000, 0x00000000c532cae8, 0x00000000c5430000)
  to   space 8576K,   0% used [0x00000000c4370000, 0x00000000c4370000, 0x00000000c4bd0000)
 tenured generation   total 172032K, used 51113K [0x00000000d5550000, 0x00000000dfd50000, 0x0000000100000000)
   the space 172032K,  29% used [0x00000000d5550000, 0x00000000d873a6a0, 0x00000000d873a800, 0x00000000dfd50000)
 Metaspace       used 62935K, committed 63552K, reserved 278528K
  class space    used 8923K, committed 9216K, reserved 212992K
}
Event: 14.950 GC heap before
{Heap before GC invocations=12 (full 3):
 def new generation   total 77632K, used 76594K [0x00000000c0000000, 0x00000000c5430000, 0x00000000d5550000)
  eden space 69056K, 100% used [0x00000000c0000000, 0x00000000c4370000, 0x00000000c4370000)
  from space 8576K,  87% used [0x00000000c4bd0000, 0x00000000c532cae8, 0x00000000c5430000)
  to   space 8576K,   0% used [0x00000000c4370000, 0x00000000c4370000, 0x00000000c4bd0000)
 tenured generation   total 172032K, used 51113K [0x00000000d5550000, 0x00000000dfd50000, 0x0000000100000000)
   the space 172032K,  29% used [0x00000000d5550000, 0x00000000d873a6a0, 0x00000000d873a800, 0x00000000dfd50000)
 Metaspace       used 67506K, committed 68160K, reserved 278528K
  class space    used 9672K, committed 9984K, reserved 212992K
}
Event: 14.988 GC heap after
{Heap after GC invocations=13 (full 3):
 def new generation   total 77632K, used 6002K [0x00000000c0000000, 0x00000000c5430000, 0x00000000d5550000)
  eden space 69056K,   0% used [0x00000000c0000000, 0x00000000c0000000, 0x00000000c4370000)
  from space 8576K,  69% used [0x00000000c4370000, 0x00000000c494c990, 0x00000000c4bd0000)
  to   space 8576K,   0% used [0x00000000c4bd0000, 0x00000000c4bd0000, 0x00000000c5430000)
 tenured generation   total 172032K, used 58102K [0x00000000d5550000, 0x00000000dfd50000, 0x0000000100000000)
   the space 172032K,  33% used [0x00000000d5550000, 0x00000000d8e0d888, 0x00000000d8e0da00, 0x00000000dfd50000)
 Metaspace       used 67506K, committed 68160K, reserved 278528K
  class space    used 9672K, committed 9984K, reserved 212992K
}
Event: 16.793 GC heap before
{Heap before GC invocations=13 (full 3):
 def new generation   total 77632K, used 75058K [0x00000000c0000000, 0x00000000c5430000, 0x00000000d5550000)
  eden space 69056K, 100% used [0x00000000c0000000, 0x00000000c4370000, 0x00000000c4370000)
  from space 8576K,  69% used [0x00000000c4370000, 0x00000000c494c990, 0x00000000c4bd0000)
  to   space 8576K,   0% used [0x00000000c4bd0000, 0x00000000c4bd0000, 0x00000000c5430000)
 tenured generation   total 172032K, used 58102K [0x00000000d5550000, 0x00000000dfd50000, 0x0000000100000000)
   the space 172032K,  33% used [0x00000000d5550000, 0x00000000d8e0d888, 0x00000000d8e0da00, 0x00000000dfd50000)
 Metaspace       used 68289K, committed 68992K, reserved 278528K
  class space    used 9718K, committed 10048K, reserved 212992K
}
Event: 16.829 GC heap after
{Heap after GC invocations=14 (full 3):
 def new generation   total 77632K, used 5915K [0x00000000c0000000, 0x00000000c5430000, 0x00000000d5550000)
  eden space 69056K,   0% used [0x00000000c0000000, 0x00000000c0000000, 0x00000000c4370000)
  from space 8576K,  68% used [0x00000000c4bd0000, 0x00000000c5196f60, 0x00000000c5430000)
  to   space 8576K,   0% used [0x00000000c4370000, 0x00000000c4370000, 0x00000000c4bd0000)
 tenured generation   total 172032K, used 63446K [0x00000000d5550000, 0x00000000dfd50000, 0x0000000100000000)
   the space 172032K,  36% used [0x00000000d5550000, 0x00000000d9345bd8, 0x00000000d9345c00, 0x00000000dfd50000)
 Metaspace       used 68289K, committed 68992K, reserved 278528K
  class space    used 9718K, committed 10048K, reserved 212992K
}
Event: 18.436 GC heap before
{Heap before GC invocations=14 (full 3):
 def new generation   total 77632K, used 74971K [0x00000000c0000000, 0x00000000c5430000, 0x00000000d5550000)
  eden space 69056K, 100% used [0x00000000c0000000, 0x00000000c4370000, 0x00000000c4370000)
  from space 8576K,  68% used [0x00000000c4bd0000, 0x00000000c5196f60, 0x00000000c5430000)
  to   space 8576K,   0% used [0x00000000c4370000, 0x00000000c4370000, 0x00000000c4bd0000)
 tenured generation   total 172032K, used 63446K [0x00000000d5550000, 0x00000000dfd50000, 0x0000000100000000)
   the space 172032K,  36% used [0x00000000d5550000, 0x00000000d9345bd8, 0x00000000d9345c00, 0x00000000dfd50000)
 Metaspace       used 68325K, committed 68992K, reserved 278528K
  class space    used 9721K, committed 10048K, reserved 212992K
}
Event: 18.456 GC heap after
{Heap after GC invocations=15 (full 3):
 def new generation   total 77632K, used 4290K [0x00000000c0000000, 0x00000000c5430000, 0x00000000d5550000)
  eden space 69056K,   0% used [0x00000000c0000000, 0x00000000c0000000, 0x00000000c4370000)
  from space 8576K,  50% used [0x00000000c4370000, 0x00000000c47a0870, 0x00000000c4bd0000)
  to   space 8576K,   0% used [0x00000000c4bd0000, 0x00000000c4bd0000, 0x00000000c5430000)
 tenured generation   total 172032K, used 67480K [0x00000000d5550000, 0x00000000dfd50000, 0x0000000100000000)
   the space 172032K,  39% used [0x00000000d5550000, 0x00000000d9736090, 0x00000000d9736200, 0x00000000dfd50000)
 Metaspace       used 68325K, committed 68992K, reserved 278528K
  class space    used 9721K, committed 10048K, reserved 212992K
}
Event: 19.186 GC heap before
{Heap before GC invocations=15 (full 3):
 def new generation   total 77632K, used 73346K [0x00000000c0000000, 0x00000000c5430000, 0x00000000d5550000)
  eden space 69056K, 100% used [0x00000000c0000000, 0x00000000c4370000, 0x00000000c4370000)
  from space 8576K,  50% used [0x00000000c4370000, 0x00000000c47a0870, 0x00000000c4bd0000)
  to   space 8576K,   0% used [0x00000000c4bd0000, 0x00000000c4bd0000, 0x00000000c5430000)
 tenured generation   total 172032K, used 67480K [0x00000000d5550000, 0x00000000dfd50000, 0x0000000100000000)
   the space 172032K,  39% used [0x00000000d5550000, 0x00000000d9736090, 0x00000000d9736200, 0x00000000dfd50000)
 Metaspace       used 70260K, committed 71040K, reserved 278528K
  class space    used 9976K, committed 10368K, reserved 212992K
}
Event: 19.215 GC heap after
{Heap after GC invocations=16 (full 3):
 def new generation   total 77632K, used 8576K [0x00000000c0000000, 0x00000000c5430000, 0x00000000d5550000)
  eden space 69056K,   0% used [0x00000000c0000000, 0x00000000c0000000, 0x00000000c4370000)
  from space 8576K, 100% used [0x00000000c4bd0000, 0x00000000c5430000, 0x00000000c5430000)
  to   space 8576K,   0% used [0x00000000c4370000, 0x00000000c4370000, 0x00000000c4bd0000)
 tenured generation   total 172032K, used 80788K [0x00000000d5550000, 0x00000000dfd50000, 0x0000000100000000)
   the space 172032K,  46% used [0x00000000d5550000, 0x00000000da4350d8, 0x00000000da435200, 0x00000000dfd50000)
 Metaspace       used 70260K, committed 71040K, reserved 278528K
  class space    used 9976K, committed 10368K, reserved 212992K
}
Event: 20.318 GC heap before
{Heap before GC invocations=16 (full 3):
 def new generation   total 77632K, used 77632K [0x00000000c0000000, 0x00000000c5430000, 0x00000000d5550000)
  eden space 69056K, 100% used [0x00000000c0000000, 0x00000000c4370000, 0x00000000c4370000)
  from space 8576K, 100% used [0x00000000c4bd0000, 0x00000000c5430000, 0x00000000c5430000)
  to   space 8576K,   0% used [0x00000000c4370000, 0x00000000c4370000, 0x00000000c4bd0000)
 tenured generation   total 172032K, used 80788K [0x00000000d5550000, 0x00000000dfd50000, 0x0000000100000000)
   the space 172032K,  46% used [0x00000000d5550000, 0x00000000da4350d8, 0x00000000da435200, 0x00000000dfd50000)
 Metaspace       used 75813K, committed 76544K, reserved 344064K
  class space    used 10583K, committed 10944K, reserved 212992K
}
Event: 20.336 GC heap after
{Heap after GC invocations=17 (full 3):
 def new generation   total 77632K, used 8341K [0x00000000c0000000, 0x00000000c5430000, 0x00000000d5550000)
  eden space 69056K,   0% used [0x00000000c0000000, 0x00000000c0000000, 0x00000000c4370000)
  from space 8576K,  97% used [0x00000000c4370000, 0x00000000c4b95600, 0x00000000c4bd0000)
  to   space 8576K,   0% used [0x00000000c4bd0000, 0x00000000c4bd0000, 0x00000000c5430000)
 tenured generation   total 172032K, used 89259K [0x00000000d5550000, 0x00000000dfd50000, 0x0000000100000000)
   the space 172032K,  51% used [0x00000000d5550000, 0x00000000dac7af80, 0x00000000dac7b000, 0x00000000dfd50000)
 Metaspace       used 75813K, committed 76544K, reserved 344064K
  class space    used 10583K, committed 10944K, reserved 212992K
}
Event: 21.532 GC heap before
{Heap before GC invocations=17 (full 3):
 def new generation   total 77632K, used 77397K [0x00000000c0000000, 0x00000000c5430000, 0x00000000d5550000)
  eden space 69056K, 100% used [0x00000000c0000000, 0x00000000c4370000, 0x00000000c4370000)
  from space 8576K,  97% used [0x00000000c4370000, 0x00000000c4b95600, 0x00000000c4bd0000)
  to   space 8576K,   0% used [0x00000000c4bd0000, 0x00000000c4bd0000, 0x00000000c5430000)
 tenured generation   total 172032K, used 89259K [0x00000000d5550000, 0x00000000dfd50000, 0x0000000100000000)
   the space 172032K,  51% used [0x00000000d5550000, 0x00000000dac7af80, 0x00000000dac7b000, 0x00000000dfd50000)
 Metaspace       used 80152K, committed 80896K, reserved 344064K
  class space    used 11163K, committed 11520K, reserved 212992K
}
Event: 21.556 GC heap after
{Heap after GC invocations=18 (full 3):
 def new generation   total 77632K, used 4206K [0x00000000c0000000, 0x00000000c5430000, 0x00000000d5550000)
  eden space 69056K,   0% used [0x00000000c0000000, 0x00000000c0000000, 0x00000000c4370000)
  from space 8576K,  49% used [0x00000000c4bd0000, 0x00000000c4feb840, 0x00000000c5430000)
  to   space 8576K,   0% used [0x00000000c4370000, 0x00000000c4370000, 0x00000000c4bd0000)
 tenured generation   total 172032K, used 94773K [0x00000000d5550000, 0x00000000dfd50000, 0x0000000100000000)
   the space 172032K,  55% used [0x00000000d5550000, 0x00000000db1dd458, 0x00000000db1dd600, 0x00000000dfd50000)
 Metaspace       used 80152K, committed 80896K, reserved 344064K
  class space    used 11163K, committed 11520K, reserved 212992K
}

