# JRE version: OpenJDK Runtime Environment Temurin-17.0.18+8 (17.0.18+8) (build 17.0.18+8)
# Java VM: OpenJDK 64-Bit Server VM Temurin-17.0.18+8 (17.0.18+8, mixed mode, sharing, tiered, compressed oops, compressed class ptrs, g1 gc, windows-amd64)
GC Precious Log:
 CPUs: 8 total, 8 available
 Memory: 16043M
 Large Page Support: Disabled
 NUMA Support: Disabled
 Compressed Oops: Enabled (32-bit)
 Heap Region Size: 1M
 Heap Min Capacity: 8M
 Heap Initial Capacity: 252M
 Heap Max Capacity: 2G
 Pre-touch: Disabled
 Parallel Workers: 8
 Concurrent Workers: 2
 Concurrent Refinement Workers: 8
 Periodic GC: Disabled
Heap:
 garbage-first heap   total 368640K, used 284275K [0x0000000080000000, 0x0000000100000000)
  region size 1024K, 50 young (51200K), 8 survivors (8192K)
 Metaspace       used 106433K, committed 107648K, reserved 557056K
  class space    used 14845K, committed 15424K, reserved 425984K
GC Heap History (20 events):
Event: 20.570 GC heap before
{Heap before GC invocations=47 (full 0):
 garbage-first heap   total 307200K, used 252546K [0x0000000080000000, 0x0000000100000000)
  region size 1024K, 77 young (78848K), 4 survivors (4096K)
 Metaspace       used 104318K, committed 105344K, reserved 557056K
  class space    used 14615K, committed 15104K, reserved 425984K
}
Event: 20.576 GC heap after
{Heap after GC invocations=48 (full 0):
 garbage-first heap   total 307200K, used 181970K [0x0000000080000000, 0x0000000100000000)
  region size 1024K, 9 young (9216K), 9 survivors (9216K)
 Metaspace       used 104318K, committed 105344K, reserved 557056K
  class space    used 14615K, committed 15104K, reserved 425984K
}
Event: 20.911 GC heap before
{Heap before GC invocations=48 (full 0):
 garbage-first heap   total 307200K, used 257746K [0x0000000080000000, 0x0000000100000000)
  region size 1024K, 79 young (80896K), 9 survivors (9216K)
 Metaspace       used 104615K, committed 105664K, reserved 557056K
  class space    used 14642K, committed 15168K, reserved 425984K
}
Event: 20.919 GC heap after
{Heap after GC invocations=49 (full 0):
 garbage-first heap   total 307200K, used 193567K [0x0000000080000000, 0x0000000100000000)
  region size 1024K, 10 young (10240K), 10 survivors (10240K)
 Metaspace       used 104615K, committed 105664K, reserved 557056K
  class space    used 14642K, committed 15168K, reserved 425984K
}
Event: 21.081 GC heap before
{Heap before GC invocations=49 (full 0):
 garbage-first heap   total 307200K, used 253983K [0x0000000080000000, 0x0000000100000000)
  region size 1024K, 70 young (71680K), 10 survivors (10240K)
 Metaspace       used 104657K, committed 105728K, reserved 557056K
  class space    used 14647K, committed 15168K, reserved 425984K
}
Event: 21.088 GC heap after
{Heap after GC invocations=50 (full 0):
 garbage-first heap   total 307200K, used 196060K [0x0000000080000000, 0x0000000100000000)
  region size 1024K, 5 young (5120K), 5 survivors (5120K)
 Metaspace       used 104657K, committed 105728K, reserved 557056K
  class space    used 14647K, committed 15168K, reserved 425984K
}
Event: 21.453 GC heap before
{Heap before GC invocations=50 (full 0):
 garbage-first heap   total 307200K, used 255452K [0x0000000080000000, 0x0000000100000000)
  region size 1024K, 64 young (65536K), 5 survivors (5120K)
 Metaspace       used 104971K, committed 106112K, reserved 557056K
  class space    used 14682K, committed 15232K, reserved 425984K
}
Event: 21.461 GC heap after
{Heap after GC invocations=51 (full 0):
 garbage-first heap   total 307200K, used 201084K [0x0000000080000000, 0x0000000100000000)
  region size 1024K, 8 young (8192K), 8 survivors (8192K)
 Metaspace       used 104971K, committed 106112K, reserved 557056K
  class space    used 14682K, committed 15232K, reserved 425984K
}
Event: 21.702 GC heap before
{Heap before GC invocations=51 (full 0):
 garbage-first heap   total 307200K, used 256380K [0x0000000080000000, 0x0000000100000000)
  region size 1024K, 63 young (64512K), 8 survivors (8192K)
 Metaspace       used 105009K, committed 106112K, reserved 557056K
  class space    used 14685K, committed 15232K, reserved 425984K
}
Event: 21.712 GC heap after
{Heap after GC invocations=52 (full 0):
 garbage-first heap   total 307200K, used 203481K [0x0000000080000000, 0x0000000100000000)
  region size 1024K, 5 young (5120K), 5 survivors (5120K)
 Metaspace       used 105009K, committed 106112K, reserved 557056K
  class space    used 14685K, committed 15232K, reserved 425984K
}
Event: 22.602 GC heap before
{Heap before GC invocations=52 (full 0):
 garbage-first heap   total 307200K, used 261849K [0x0000000080000000, 0x0000000100000000)
  region size 1024K, 59 young (60416K), 5 survivors (5120K)
 Metaspace       used 105521K, committed 106688K, reserved 557056K
  class space    used 14737K, committed 15296K, reserved 425984K
}
Event: 22.612 GC heap after
{Heap after GC invocations=53 (full 0):
 garbage-first heap   total 307200K, used 213841K [0x0000000080000000, 0x0000000100000000)
  region size 1024K, 8 young (8192K), 8 survivors (8192K)
 Metaspace       used 105521K, committed 106688K, reserved 557056K
  class space    used 14737K, committed 15296K, reserved 425984K
}
Event: 22.831 GC heap before
{Heap before GC invocations=53 (full 0):
 garbage-first heap   total 307200K, used 256849K [0x0000000080000000, 0x0000000100000000)
  region size 1024K, 51 young (52224K), 8 survivors (8192K)
 Metaspace       used 105589K, committed 106752K, reserved 557056K
  class space    used 14742K, committed 15296K, reserved 425984K
}
Event: 22.841 GC heap after
{Heap after GC invocations=54 (full 0):
 garbage-first heap   total 307200K, used 217814K [0x0000000080000000, 0x0000000100000000)
  region size 1024K, 5 young (5120K), 5 survivors (5120K)
 Metaspace       used 105589K, committed 106752K, reserved 557056K
  class space    used 14742K, committed 15296K, reserved 425984K
}
Event: 22.959 GC heap before
{Heap before GC invocations=54 (full 0):
 garbage-first heap   total 307200K, used 258774K [0x0000000080000000, 0x0000000100000000)
  region size 1024K, 46 young (47104K), 5 survivors (5120K)
 Metaspace       used 105589K, committed 106752K, reserved 557056K
  class space    used 14742K, committed 15296K, reserved 425984K
}
Event: 22.966 GC heap after
{Heap after GC invocations=55 (full 0):
 garbage-first heap   total 368640K, used 219055K [0x0000000080000000, 0x0000000100000000)
  region size 1024K, 4 young (4096K), 4 survivors (4096K)
 Metaspace       used 105589K, committed 106752K, reserved 557056K
  class space    used 14742K, committed 15296K, reserved 425984K
}
Event: 23.751 GC heap before
{Heap before GC invocations=55 (full 0):
 garbage-first heap   total 368640K, used 312239K [0x0000000080000000, 0x0000000100000000)
  region size 1024K, 86 young (88064K), 4 survivors (4096K)
 Metaspace       used 105941K, committed 107136K, reserved 557056K
  class space    used 14783K, committed 15360K, reserved 425984K
}
Event: 23.761 GC heap after
{Heap after GC invocations=56 (full 0):
 garbage-first heap   total 368640K, used 237643K [0x0000000080000000, 0x0000000100000000)
  region size 1024K, 11 young (11264K), 11 survivors (11264K)
 Metaspace       used 105941K, committed 107136K, reserved 557056K
  class space    used 14783K, committed 15360K, reserved 425984K
}
Event: 24.134 GC heap before
{Heap before GC invocations=56 (full 0):
 garbage-first heap   total 368640K, used 304203K [0x0000000080000000, 0x0000000100000000)
  region size 1024K, 77 young (78848K), 11 survivors (11264K)
 Metaspace       used 106170K, committed 107456K, reserved 557056K
  class space    used 14809K, committed 15424K, reserved 425984K
}
Event: 24.146 GC heap after
{Heap after GC invocations=57 (full 0):
 garbage-first heap   total 368640K, used 243315K [0x0000000080000000, 0x0000000100000000)
  region size 1024K, 8 young (8192K), 8 survivors (8192K)
 Metaspace       used 106170K, committed 107456K, reserved 557056K
  class space    used 14809K, committed 15424K, reserved 425984K
}

