# JRE version: OpenJDK Runtime Environment Temurin-17.0.18+8 (17.0.18+8) (build 17.0.18+8)
# Java VM: OpenJDK 64-Bit Server VM Temurin-17.0.18+8 (17.0.18+8, mixed mode, sharing, tiered, compressed oops, compressed class ptrs, g1 gc, windows-amd64)
GC Precious Log:
 CPUs: 8 total, 8 available
 Memory: 16043M
 Large Page Support: Disabled
 NUMA Support: Disabled
 Compressed Oops: Enabled (Zero based)
 Heap Region Size: 2M
 Heap Min Capacity: 8M
 Heap Initial Capacity: 252M
 Heap Max Capacity: 4G
 Pre-touch: Disabled
 Parallel Workers: 8
 Concurrent Workers: 2
 Concurrent Refinement Workers: 8
 Periodic GC: Disabled
Heap:
 garbage-first heap   total 188416K, used 117415K [0x0000000700000000, 0x0000000800000000)
  region size 2048K, 4 young (8192K), 1 survivors (2048K)
 Metaspace       used 75043K, committed 75904K, reserved 917504K
  class space    used 10539K, committed 10944K, reserved 851968K
GC Heap History (20 events):
Event: 18.571 GC heap before
{Heap before GC invocations=28 (full 0):
 garbage-first heap   total 133120K, used 78912K [0x0000000700000000, 0x0000000800000000)
  region size 2048K, 3 young (6144K), 2 survivors (4096K)
 Metaspace       used 68895K, committed 69568K, reserved 917504K
  class space    used 9853K, committed 10176K, reserved 851968K
}
Event: 18.575 GC heap after
{Heap after GC invocations=29 (full 0):
 garbage-first heap   total 133120K, used 76507K [0x0000000700000000, 0x0000000800000000)
  region size 2048K, 1 young (2048K), 1 survivors (2048K)
 Metaspace       used 68895K, committed 69568K, reserved 917504K
  class space    used 9853K, committed 10176K, reserved 851968K
}
Event: 18.873 GC heap before
{Heap before GC invocations=29 (full 0):
 garbage-first heap   total 133120K, used 105179K [0x0000000700000000, 0x0000000800000000)
  region size 2048K, 15 young (30720K), 1 survivors (2048K)
 Metaspace       used 69098K, committed 69760K, reserved 917504K
  class space    used 9855K, committed 10176K, reserved 851968K
}
Event: 18.875 GC heap after
{Heap after GC invocations=30 (full 0):
 garbage-first heap   total 184320K, used 79047K [0x0000000700000000, 0x0000000800000000)
  region size 2048K, 2 young (4096K), 2 survivors (4096K)
 Metaspace       used 69098K, committed 69760K, reserved 917504K
  class space    used 9855K, committed 10176K, reserved 851968K
}
Event: 19.487 GC heap before
{Heap before GC invocations=31 (full 0):
 garbage-first heap   total 184320K, used 146631K [0x0000000700000000, 0x0000000800000000)
  region size 2048K, 35 young (71680K), 2 survivors (4096K)
 Metaspace       used 69153K, committed 69824K, reserved 917504K
  class space    used 9856K, committed 10176K, reserved 851968K
}
Event: 19.490 GC heap after
{Heap after GC invocations=32 (full 0):
 garbage-first heap   total 184320K, used 81349K [0x0000000700000000, 0x0000000800000000)
  region size 2048K, 3 young (6144K), 3 survivors (6144K)
 Metaspace       used 69153K, committed 69824K, reserved 917504K
  class space    used 9856K, committed 10176K, reserved 851968K
}
Event: 19.506 GC heap before
{Heap before GC invocations=32 (full 0):
 garbage-first heap   total 184320K, used 83397K [0x0000000700000000, 0x0000000800000000)
  region size 2048K, 4 young (8192K), 3 survivors (6144K)
 Metaspace       used 69153K, committed 69824K, reserved 917504K
  class space    used 9856K, committed 10176K, reserved 851968K
}
Event: 19.510 GC heap after
{Heap after GC invocations=33 (full 0):
 garbage-first heap   total 184320K, used 80760K [0x0000000700000000, 0x0000000800000000)
  region size 2048K, 1 young (2048K), 1 survivors (2048K)
 Metaspace       used 69153K, committed 69824K, reserved 917504K
  class space    used 9856K, committed 10176K, reserved 851968K
}
Event: 20.074 GC heap before
{Heap before GC invocations=33 (full 0):
 garbage-first heap   total 184320K, used 142200K [0x0000000700000000, 0x0000000800000000)
  region size 2048K, 32 young (65536K), 1 survivors (2048K)
 Metaspace       used 70039K, committed 70720K, reserved 917504K
  class space    used 9971K, committed 10304K, reserved 851968K
}
Event: 20.078 GC heap after
{Heap after GC invocations=34 (full 0):
 garbage-first heap   total 184320K, used 84753K [0x0000000700000000, 0x0000000800000000)
  region size 2048K, 3 young (6144K), 3 survivors (6144K)
 Metaspace       used 70039K, committed 70720K, reserved 917504K
  class space    used 9971K, committed 10304K, reserved 851968K
}
Event: 20.771 GC heap before
{Heap before GC invocations=34 (full 0):
 garbage-first heap   total 184320K, used 146193K [0x0000000700000000, 0x0000000800000000)
  region size 2048K, 33 young (67584K), 3 survivors (6144K)
 Metaspace       used 70498K, committed 71232K, reserved 917504K
  class space    used 10012K, committed 10368K, reserved 851968K
}
Event: 20.777 GC heap after
{Heap after GC invocations=35 (full 0):
 garbage-first heap   total 184320K, used 98744K [0x0000000700000000, 0x0000000800000000)
  region size 2048K, 5 young (10240K), 5 survivors (10240K)
 Metaspace       used 70498K, committed 71232K, reserved 917504K
  class space    used 10012K, committed 10368K, reserved 851968K
}
Event: 21.164 GC heap before
{Heap before GC invocations=35 (full 0):
 garbage-first heap   total 184320K, used 147896K [0x0000000700000000, 0x0000000800000000)
  region size 2048K, 29 young (59392K), 5 survivors (10240K)
 Metaspace       used 70500K, committed 71232K, reserved 917504K
  class space    used 10012K, committed 10368K, reserved 851968K
}
Event: 21.171 GC heap after
{Heap after GC invocations=36 (full 0):
 garbage-first heap   total 184320K, used 102344K [0x0000000700000000, 0x0000000800000000)
  region size 2048K, 2 young (4096K), 2 survivors (4096K)
 Metaspace       used 70500K, committed 71232K, reserved 917504K
  class space    used 10012K, committed 10368K, reserved 851968K
}
Event: 21.536 GC heap before
{Heap before GC invocations=37 (full 0):
 garbage-first heap   total 188416K, used 147400K [0x0000000700000000, 0x0000000800000000)
  region size 2048K, 24 young (49152K), 2 survivors (4096K)
 Metaspace       used 71567K, committed 72320K, reserved 917504K
  class space    used 10156K, committed 10496K, reserved 851968K
}
Event: 21.540 GC heap after
{Heap after GC invocations=38 (full 0):
 garbage-first heap   total 188416K, used 116221K [0x0000000700000000, 0x0000000800000000)
  region size 2048K, 3 young (6144K), 3 survivors (6144K)
 Metaspace       used 71567K, committed 72320K, reserved 917504K
  class space    used 10156K, committed 10496K, reserved 851968K
}
Event: 21.550 GC heap before
{Heap before GC invocations=38 (full 0):
 garbage-first heap   total 188416K, used 116221K [0x0000000700000000, 0x0000000800000000)
  region size 2048K, 4 young (8192K), 3 survivors (6144K)
 Metaspace       used 71685K, committed 72448K, reserved 917504K
  class space    used 10163K, committed 10560K, reserved 851968K
}
Event: 21.555 GC heap after
{Heap after GC invocations=39 (full 0):
 garbage-first heap   total 188416K, used 112056K [0x0000000700000000, 0x0000000800000000)
  region size 2048K, 1 young (2048K), 1 survivors (2048K)
 Metaspace       used 71685K, committed 72448K, reserved 917504K
  class space    used 10163K, committed 10560K, reserved 851968K
}
Event: 21.840 GC heap before
{Heap before GC invocations=39 (full 0):
 garbage-first heap   total 188416K, used 146872K [0x0000000700000000, 0x0000000800000000)
  region size 2048K, 18 young (36864K), 1 survivors (2048K)
 Metaspace       used 74565K, committed 75328K, reserved 917504K
  class space    used 10473K, committed 10880K, reserved 851968K
}
Event: 21.842 GC heap after
{Heap after GC invocations=40 (full 0):
 garbage-first heap   total 188416K, used 113319K [0x0000000700000000, 0x0000000800000000)
  region size 2048K, 1 young (2048K), 1 survivors (2048K)
 Metaspace       used 74565K, committed 75328K, reserved 917504K
  class space    used 10473K, committed 10880K, reserved 851968K
}

