# JRE version: OpenJDK Runtime Environment Temurin-17.0.18+8 (17.0.18+8) (build 17.0.18+8)
# Java VM: OpenJDK 64-Bit Server VM Temurin-17.0.18+8 (17.0.18+8, mixed mode, sharing, tiered, compressed oops, compressed class ptrs, g1 gc, windows-amd64)
GC Precious Log:
 CPUs: 8 total, 8 available
 Memory: 16043M
 Large Page Support: Disabled
 NUMA Support: Disabled
 Compressed Oops: Enabled (32-bit)
 Heap Region Size: 1M
 Heap Min Capacity: 8M
 Heap Initial Capacity: 252M
 Heap Max Capacity: 1G
 Pre-touch: Disabled
 Parallel Workers: 8
 Concurrent Workers: 2
 Concurrent Refinement Workers: 8
 Periodic GC: Disabled
Heap:
 garbage-first heap   total 303104K, used 204953K [0x00000000c0000000, 0x0000000100000000)
  region size 1024K, 76 young (77824K), 7 survivors (7168K)
 Metaspace       used 103412K, committed 104384K, reserved 344064K
  class space    used 14558K, committed 15040K, reserved 212992K
GC Heap History (20 events):
Event: 32.180 GC heap before
{Heap before GC invocations=34 (full 0):
 garbage-first heap   total 151552K, used 118624K [0x00000000c0000000, 0x0000000100000000)
  region size 1024K, 47 young (48128K), 6 survivors (6144K)
 Metaspace       used 68403K, committed 69056K, reserved 278528K
  class space    used 9750K, committed 10048K, reserved 212992K
}
Event: 32.189 GC heap after
{Heap after GC invocations=35 (full 0):
 garbage-first heap   total 151552K, used 79947K [0x00000000c0000000, 0x0000000100000000)
  region size 1024K, 5 young (5120K), 5 survivors (5120K)
 Metaspace       used 68403K, committed 69056K, reserved 278528K
  class space    used 9750K, committed 10048K, reserved 212992K
}
Event: 32.442 GC heap before
{Heap before GC invocations=35 (full 0):
 garbage-first heap   total 151552K, used 120907K [0x00000000c0000000, 0x0000000100000000)
  region size 1024K, 46 young (47104K), 5 survivors (5120K)
 Metaspace       used 68409K, committed 69056K, reserved 278528K
  class space    used 9750K, committed 10048K, reserved 212992K
}
Event: 32.449 GC heap after
{Heap after GC invocations=36 (full 0):
 garbage-first heap   total 151552K, used 80948K [0x00000000c0000000, 0x0000000100000000)
  region size 1024K, 4 young (4096K), 4 survivors (4096K)
 Metaspace       used 68409K, committed 69056K, reserved 278528K
  class space    used 9750K, committed 10048K, reserved 212992K
}
Event: 32.692 GC heap before
{Heap before GC invocations=36 (full 0):
 garbage-first heap   total 151552K, used 120884K [0x00000000c0000000, 0x0000000100000000)
  region size 1024K, 44 young (45056K), 4 survivors (4096K)
 Metaspace       used 68414K, committed 69056K, reserved 278528K
  class space    used 9750K, committed 10048K, reserved 212992K
}
Event: 32.698 GC heap after
{Heap after GC invocations=37 (full 0):
 garbage-first heap   total 151552K, used 82140K [0x00000000c0000000, 0x0000000100000000)
  region size 1024K, 4 young (4096K), 4 survivors (4096K)
 Metaspace       used 68414K, committed 69056K, reserved 278528K
  class space    used 9750K, committed 10048K, reserved 212992K
}
Event: 33.402 GC heap before
{Heap before GC invocations=37 (full 0):
 garbage-first heap   total 151552K, used 127196K [0x00000000c0000000, 0x0000000100000000)
  region size 1024K, 44 young (45056K), 4 survivors (4096K)
 Metaspace       used 69231K, committed 69952K, reserved 278528K
  class space    used 9853K, committed 10176K, reserved 212992K
}
Event: 33.413 GC heap after
{Heap after GC invocations=38 (full 0):
 garbage-first heap   total 303104K, used 92747K [0x00000000c0000000, 0x0000000100000000)
  region size 1024K, 6 young (6144K), 6 survivors (6144K)
 Metaspace       used 69231K, committed 69952K, reserved 278528K
  class space    used 9853K, committed 10176K, reserved 212992K
}
Event: 34.850 GC heap before
{Heap before GC invocations=38 (full 0):
 garbage-first heap   total 303104K, used 220747K [0x00000000c0000000, 0x0000000100000000)
  region size 1024K, 130 young (133120K), 6 survivors (6144K)
 Metaspace       used 69475K, committed 70208K, reserved 278528K
  class space    used 9864K, committed 10240K, reserved 212992K
}
Event: 34.864 GC heap after
{Heap after GC invocations=39 (full 0):
 garbage-first heap   total 303104K, used 100848K [0x00000000c0000000, 0x0000000100000000)
  region size 1024K, 13 young (13312K), 13 survivors (13312K)
 Metaspace       used 69475K, committed 70208K, reserved 278528K
  class space    used 9864K, committed 10240K, reserved 212992K
}
Event: 38.141 GC heap before
{Heap before GC invocations=39 (full 0):
 garbage-first heap   total 303104K, used 238064K [0x00000000c0000000, 0x0000000100000000)
  region size 1024K, 134 young (137216K), 13 survivors (13312K)
 Metaspace       used 77874K, committed 78656K, reserved 344064K
  class space    used 10871K, committed 11264K, reserved 212992K
}
Event: 38.156 GC heap after
{Heap after GC invocations=40 (full 0):
 garbage-first heap   total 303104K, used 119136K [0x00000000c0000000, 0x0000000100000000)
  region size 1024K, 17 young (17408K), 17 survivors (17408K)
 Metaspace       used 77874K, committed 78656K, reserved 344064K
  class space    used 10871K, committed 11264K, reserved 212992K
}
Event: 43.886 GC heap before
{Heap before GC invocations=40 (full 0):
 garbage-first heap   total 303104K, used 232800K [0x00000000c0000000, 0x0000000100000000)
  region size 1024K, 128 young (131072K), 17 survivors (17408K)
 Metaspace       used 85372K, committed 86272K, reserved 344064K
  class space    used 11872K, committed 12288K, reserved 212992K
}
Event: 43.904 GC heap after
{Heap after GC invocations=41 (full 0):
 garbage-first heap   total 303104K, used 126020K [0x00000000c0000000, 0x0000000100000000)
  region size 1024K, 8 young (8192K), 8 survivors (8192K)
 Metaspace       used 85372K, committed 86272K, reserved 344064K
  class space    used 11872K, committed 12288K, reserved 212992K
}
Event: 46.982 GC heap before
{Heap before GC invocations=41 (full 0):
 garbage-first heap   total 303104K, used 239684K [0x00000000c0000000, 0x0000000100000000)
  region size 1024K, 118 young (120832K), 8 survivors (8192K)
 Metaspace       used 90768K, committed 91648K, reserved 344064K
  class space    used 12701K, committed 13120K, reserved 212992K
}
Event: 46.994 GC heap after
{Heap after GC invocations=42 (full 0):
 garbage-first heap   total 303104K, used 129513K [0x00000000c0000000, 0x0000000100000000)
  region size 1024K, 11 young (11264K), 11 survivors (11264K)
 Metaspace       used 90768K, committed 91648K, reserved 344064K
  class space    used 12701K, committed 13120K, reserved 212992K
}
Event: 49.643 GC heap before
{Heap before GC invocations=42 (full 0):
 garbage-first heap   total 303104K, used 243177K [0x00000000c0000000, 0x0000000100000000)
  region size 1024K, 122 young (124928K), 11 survivors (11264K)
 Metaspace       used 97600K, committed 98496K, reserved 344064K
  class space    used 13681K, committed 14144K, reserved 212992K
}
Event: 49.661 GC heap after
{Heap after GC invocations=43 (full 0):
 garbage-first heap   total 303104K, used 134196K [0x00000000c0000000, 0x0000000100000000)
  region size 1024K, 10 young (10240K), 10 survivors (10240K)
 Metaspace       used 97600K, committed 98496K, reserved 344064K
  class space    used 13681K, committed 14144K, reserved 212992K
}
Event: 50.217 GC heap before
{Heap before GC invocations=43 (full 0):
 garbage-first heap   total 303104K, used 147508K [0x00000000c0000000, 0x0000000100000000)
  region size 1024K, 24 young (24576K), 10 survivors (10240K)
 Metaspace       used 98546K, committed 99456K, reserved 344064K
  class space    used 13829K, committed 14272K, reserved 212992K
}
Event: 50.233 GC heap after
{Heap after GC invocations=44 (full 0):
 garbage-first heap   total 303104K, used 135321K [0x00000000c0000000, 0x0000000100000000)
  region size 1024K, 7 young (7168K), 7 survivors (7168K)
 Metaspace       used 98546K, committed 99456K, reserved 344064K
  class space    used 13829K, committed 14272K, reserved 212992K
}

