# JRE version: OpenJDK Runtime Environment Temurin-17.0.18+8 (17.0.18+8) (build 17.0.18+8)
# Java VM: OpenJDK 64-Bit Server VM Temurin-17.0.18+8 (17.0.18+8, mixed mode, sharing, tiered, compressed oops, compressed class ptrs, g1 gc, windows-amd64)
GC Precious Log:
 CPUs: 8 total, 8 available
 Memory: 16043M
 Large Page Support: Disabled
 NUMA Support: Disabled
 Compressed Oops: Enabled (Zero based)
 Heap Region Size: 2M
 Heap Min Capacity: 8M
 Heap Initial Capacity: 252M
 Heap Max Capacity: 4G
 Pre-touch: Disabled
 Parallel Workers: 8
 Concurrent Workers: 2
 Concurrent Refinement Workers: 8
 Periodic GC: Disabled
Heap:
 garbage-first heap   total 206848K, used 169058K [0x0000000700000000, 0x0000000800000000)
  region size 2048K, 11 young (22528K), 2 survivors (4096K)
 Metaspace       used 97503K, committed 98560K, reserved 983040K
  class space    used 13676K, committed 14208K, reserved 851968K
GC Heap History (20 events):
Event: 44.445 GC heap before
{Heap before GC invocations=51 (full 0):
 garbage-first heap   total 206848K, used 170442K [0x0000000700000000, 0x0000000800000000)
  region size 2048K, 25 young (51200K), 4 survivors (8192K)
 Metaspace       used 95862K, committed 96832K, reserved 983040K
  class space    used 13425K, committed 13888K, reserved 851968K
}
Event: 44.454 GC heap after
{Heap after GC invocations=52 (full 0):
 garbage-first heap   total 206848K, used 134557K [0x0000000700000000, 0x0000000800000000)
  region size 2048K, 4 young (8192K), 4 survivors (8192K)
 Metaspace       used 95862K, committed 96832K, reserved 983040K
  class space    used 13425K, committed 13888K, reserved 851968K
}
Event: 45.260 GC heap before
{Heap before GC invocations=52 (full 0):
 garbage-first heap   total 206848K, used 173469K [0x0000000700000000, 0x0000000800000000)
  region size 2048K, 23 young (47104K), 4 survivors (8192K)
 Metaspace       used 95863K, committed 96832K, reserved 983040K
  class space    used 13426K, committed 13888K, reserved 851968K
}
Event: 45.267 GC heap after
{Heap after GC invocations=53 (full 0):
 garbage-first heap   total 206848K, used 137046K [0x0000000700000000, 0x0000000800000000)
  region size 2048K, 2 young (4096K), 2 survivors (4096K)
 Metaspace       used 95863K, committed 96832K, reserved 983040K
  class space    used 13426K, committed 13888K, reserved 851968K
}
Event: 46.075 GC heap before
{Heap before GC invocations=53 (full 0):
 garbage-first heap   total 206848K, used 171862K [0x0000000700000000, 0x0000000800000000)
  region size 2048K, 19 young (38912K), 2 survivors (4096K)
 Metaspace       used 95864K, committed 96832K, reserved 983040K
  class space    used 13426K, committed 13888K, reserved 851968K
}
Event: 46.079 GC heap after
{Heap after GC invocations=54 (full 0):
 garbage-first heap   total 206848K, used 137458K [0x0000000700000000, 0x0000000800000000)
  region size 2048K, 2 young (4096K), 2 survivors (4096K)
 Metaspace       used 95864K, committed 96832K, reserved 983040K
  class space    used 13426K, committed 13888K, reserved 851968K
}
Event: 46.677 GC heap before
{Heap before GC invocations=54 (full 0):
 garbage-first heap   total 206848K, used 170226K [0x0000000700000000, 0x0000000800000000)
  region size 2048K, 19 young (38912K), 2 survivors (4096K)
 Metaspace       used 96611K, committed 97600K, reserved 983040K
  class space    used 13534K, committed 14016K, reserved 851968K
}
Event: 46.682 GC heap after
{Heap after GC invocations=55 (full 0):
 garbage-first heap   total 206848K, used 144332K [0x0000000700000000, 0x0000000800000000)
  region size 2048K, 3 young (6144K), 3 survivors (6144K)
 Metaspace       used 96611K, committed 97600K, reserved 983040K
  class space    used 13534K, committed 14016K, reserved 851968K
}
Event: 47.368 GC heap before
{Heap before GC invocations=55 (full 0):
 garbage-first heap   total 206848K, used 168908K [0x0000000700000000, 0x0000000800000000)
  region size 2048K, 15 young (30720K), 3 survivors (6144K)
 Metaspace       used 97390K, committed 98432K, reserved 983040K
  class space    used 13673K, committed 14208K, reserved 851968K
}
Event: 47.374 GC heap after
{Heap after GC invocations=56 (full 0):
 garbage-first heap   total 206848K, used 149000K [0x0000000700000000, 0x0000000800000000)
  region size 2048K, 2 young (4096K), 2 survivors (4096K)
 Metaspace       used 97390K, committed 98432K, reserved 983040K
  class space    used 13673K, committed 14208K, reserved 851968K
}
Event: 48.061 GC heap before
{Heap before GC invocations=56 (full 0):
 garbage-first heap   total 206848K, used 171528K [0x0000000700000000, 0x0000000800000000)
  region size 2048K, 13 young (26624K), 2 survivors (4096K)
 Metaspace       used 97501K, committed 98560K, reserved 983040K
  class space    used 13676K, committed 14208K, reserved 851968K
}
Event: 48.068 GC heap after
{Heap after GC invocations=57 (full 0):
 garbage-first heap   total 206848K, used 152559K [0x0000000700000000, 0x0000000800000000)
  region size 2048K, 2 young (4096K), 2 survivors (4096K)
 Metaspace       used 97501K, committed 98560K, reserved 983040K
  class space    used 13676K, committed 14208K, reserved 851968K
}
Event: 48.631 GC heap before
{Heap before GC invocations=57 (full 0):
 garbage-first heap   total 206848K, used 168943K [0x0000000700000000, 0x0000000800000000)
  region size 2048K, 11 young (22528K), 2 survivors (4096K)
 Metaspace       used 97503K, committed 98560K, reserved 983040K
  class space    used 13676K, committed 14208K, reserved 851968K
}
Event: 48.636 GC heap after
{Heap after GC invocations=58 (full 0):
 garbage-first heap   total 206848K, used 153424K [0x0000000700000000, 0x0000000800000000)
  region size 2048K, 2 young (4096K), 2 survivors (4096K)
 Metaspace       used 97503K, committed 98560K, reserved 983040K
  class space    used 13676K, committed 14208K, reserved 851968K
}
Event: 49.082 GC heap before
{Heap before GC invocations=58 (full 0):
 garbage-first heap   total 206848K, used 171856K [0x0000000700000000, 0x0000000800000000)
  region size 2048K, 11 young (22528K), 2 survivors (4096K)
 Metaspace       used 97503K, committed 98560K, reserved 983040K
  class space    used 13676K, committed 14208K, reserved 851968K
}
Event: 49.085 GC heap after
{Heap after GC invocations=59 (full 0):
 garbage-first heap   total 206848K, used 153919K [0x0000000700000000, 0x0000000800000000)
  region size 2048K, 2 young (4096K), 2 survivors (4096K)
 Metaspace       used 97503K, committed 98560K, reserved 983040K
  class space    used 13676K, committed 14208K, reserved 851968K
}
Event: 49.493 GC heap before
{Heap before GC invocations=59 (full 0):
 garbage-first heap   total 206848K, used 172351K [0x0000000700000000, 0x0000000800000000)
  region size 2048K, 11 young (22528K), 2 survivors (4096K)
 Metaspace       used 97503K, committed 98560K, reserved 983040K
  class space    used 13676K, committed 14208K, reserved 851968K
}
Event: 49.496 GC heap after
{Heap after GC invocations=60 (full 0):
 garbage-first heap   total 206848K, used 154345K [0x0000000700000000, 0x0000000800000000)
  region size 2048K, 2 young (4096K), 2 survivors (4096K)
 Metaspace       used 97503K, committed 98560K, reserved 983040K
  class space    used 13676K, committed 14208K, reserved 851968K
}
Event: 49.880 GC heap before
{Heap before GC invocations=60 (full 0):
 garbage-first heap   total 206848K, used 170729K [0x0000000700000000, 0x0000000800000000)
  region size 2048K, 11 young (22528K), 2 survivors (4096K)
 Metaspace       used 97503K, committed 98560K, reserved 983040K
  class space    used 13676K, committed 14208K, reserved 851968K
}
Event: 49.882 GC heap after
{Heap after GC invocations=61 (full 0):
 garbage-first heap   total 206848K, used 154722K [0x0000000700000000, 0x0000000800000000)
  region size 2048K, 2 young (4096K), 2 survivors (4096K)
 Metaspace       used 97503K, committed 98560K, reserved 983040K
  class space    used 13676K, committed 14208K, reserved 851968K
}

