# JRE version: OpenJDK Runtime Environment Temurin-17.0.18+8 (17.0.18+8) (build 17.0.18+8)
# Java VM: OpenJDK 64-Bit Server VM Temurin-17.0.18+8 (17.0.18+8, mixed mode, sharing, tiered, compressed oops, compressed class ptrs, serial gc, windows-amd64)
GC Precious Log:
 CPUs: 8 total, 8 available
 Memory: 16043M
 Large Page Support: Disabled
 NUMA Support: Disabled
 Compressed Oops: Enabled (Zero based)
 Heap Min Capacity: 8M
 Heap Initial Capacity: 252M
 Heap Max Capacity: 8G
 Pre-touch: Disabled
Heap:
 def new generation   total 521920K, used 285368K [0x0000000600000000, 0x0000000623650000, 0x00000006aaaa0000)
  eden space 463936K,  53% used [0x0000000600000000, 0x000000060f305c08, 0x000000061c510000)
  from space 57984K,  62% used [0x000000061fdb0000, 0x00000006221584f8, 0x0000000623650000)
  to   space 57984K,   0% used [0x000000061c510000, 0x000000061c510000, 0x000000061fdb0000)
 tenured generation   total 1159348K, used 852280K [0x00000006aaaa0000, 0x00000006f16cd000, 0x0000000800000000)
   the space 1159348K,  73% used [0x00000006aaaa0000, 0x00000006deaee2e8, 0x00000006deaee400, 0x00000006f16cd000)
 Metaspace       used 215144K, committed 217728K, reserved 1048576K
  class space    used 26529K, committed 27712K, reserved 851968K
GC Heap History (20 events):
Event: 1944.424 GC heap before
{Heap before GC invocations=592 (full 10):
 def new generation   total 521920K, used 483470K [0x0000000600000000, 0x0000000623650000, 0x00000006aaaa0000)
  eden space 463936K, 100% used [0x0000000600000000, 0x000000061c510000, 0x000000061c510000)
  from space 57984K,  33% used [0x000000061fdb0000, 0x00000006210c3a78, 0x0000000623650000)
  to   space 57984K,   0% used [0x000000061c510000, 0x000000061c510000, 0x000000061fdb0000)
 tenured generation   total 1159348K, used 695608K [0x00000006aaaa0000, 0x00000006f16cd000, 0x0000000800000000)
   the space 1159348K,  59% used [0x00000006aaaa0000, 0x00000006d51ee068, 0x00000006d51ee200, 0x00000006f16cd000)
 Metaspace       used 199089K, committed 201216K, reserved 1048576K
  class space    used 24485K, committed 25536K, reserved 851968K
}
Event: 1944.595 GC heap after
{Heap after GC invocations=593 (full 10):
 def new generation   total 521920K, used 32536K [0x0000000600000000, 0x0000000623650000, 0x00000006aaaa0000)
  eden space 463936K,   0% used [0x0000000600000000, 0x0000000600000000, 0x000000061c510000)
  from space 57984K,  56% used [0x000000061c510000, 0x000000061e4d6248, 0x000000061fdb0000)
  to   space 57984K,   0% used [0x000000061fdb0000, 0x000000061fdb0000, 0x0000000623650000)
 tenured generation   total 1159348K, used 695608K [0x00000006aaaa0000, 0x00000006f16cd000, 0x0000000800000000)
   the space 1159348K,  59% used [0x00000006aaaa0000, 0x00000006d51ee068, 0x00000006d51ee200, 0x00000006f16cd000)
 Metaspace       used 199089K, committed 201216K, reserved 1048576K
  class space    used 24485K, committed 25536K, reserved 851968K
}
Event: 1948.163 GC heap before
{Heap before GC invocations=593 (full 10):
 def new generation   total 521920K, used 496472K [0x0000000600000000, 0x0000000623650000, 0x00000006aaaa0000)
  eden space 463936K, 100% used [0x0000000600000000, 0x000000061c510000, 0x000000061c510000)
  from space 57984K,  56% used [0x000000061c510000, 0x000000061e4d6248, 0x000000061fdb0000)
  to   space 57984K,   0% used [0x000000061fdb0000, 0x000000061fdb0000, 0x0000000623650000)
 tenured generation   total 1159348K, used 695608K [0x00000006aaaa0000, 0x00000006f16cd000, 0x0000000800000000)
   the space 1159348K,  59% used [0x00000006aaaa0000, 0x00000006d51ee068, 0x00000006d51ee200, 0x00000006f16cd000)
 Metaspace       used 199089K, committed 201216K, reserved 1048576K
  class space    used 24485K, committed 25536K, reserved 851968K
}
Event: 1948.258 GC heap after
{Heap after GC invocations=594 (full 10):
 def new generation   total 521920K, used 27783K [0x0000000600000000, 0x0000000623650000, 0x00000006aaaa0000)
  eden space 463936K,   0% used [0x0000000600000000, 0x0000000600000000, 0x000000061c510000)
  from space 57984K,  47% used [0x000000061fdb0000, 0x00000006218d1d28, 0x0000000623650000)
  to   space 57984K,   0% used [0x000000061c510000, 0x000000061c510000, 0x000000061fdb0000)
 tenured generation   total 1159348K, used 699862K [0x00000006aaaa0000, 0x00000006f16cd000, 0x0000000800000000)
   the space 1159348K,  60% used [0x00000006aaaa0000, 0x00000006d5615a00, 0x00000006d5615a00, 0x00000006f16cd000)
 Metaspace       used 199089K, committed 201216K, reserved 1048576K
  class space    used 24485K, committed 25536K, reserved 851968K
}
Event: 1951.358 GC heap before
{Heap before GC invocations=594 (full 10):
 def new generation   total 521920K, used 491719K [0x0000000600000000, 0x0000000623650000, 0x00000006aaaa0000)
  eden space 463936K, 100% used [0x0000000600000000, 0x000000061c510000, 0x000000061c510000)
  from space 57984K,  47% used [0x000000061fdb0000, 0x00000006218d1d28, 0x0000000623650000)
  to   space 57984K,   0% used [0x000000061c510000, 0x000000061c510000, 0x000000061fdb0000)
 tenured generation   total 1159348K, used 699862K [0x00000006aaaa0000, 0x00000006f16cd000, 0x0000000800000000)
   the space 1159348K,  60% used [0x00000006aaaa0000, 0x00000006d5615a00, 0x00000006d5615a00, 0x00000006f16cd000)
 Metaspace       used 199089K, committed 201216K, reserved 1048576K
  class space    used 24485K, committed 25536K, reserved 851968K
}
Event: 1951.458 GC heap after
{Heap after GC invocations=595 (full 10):
 def new generation   total 521920K, used 30928K [0x0000000600000000, 0x0000000623650000, 0x00000006aaaa0000)
  eden space 463936K,   0% used [0x0000000600000000, 0x0000000600000000, 0x000000061c510000)
  from space 57984K,  53% used [0x000000061c510000, 0x000000061e344208, 0x000000061fdb0000)
  to   space 57984K,   0% used [0x000000061fdb0000, 0x000000061fdb0000, 0x0000000623650000)
 tenured generation   total 1159348K, used 699862K [0x00000006aaaa0000, 0x00000006f16cd000, 0x0000000800000000)
   the space 1159348K,  60% used [0x00000006aaaa0000, 0x00000006d5615a00, 0x00000006d5615a00, 0x00000006f16cd000)
 Metaspace       used 199089K, committed 201216K, reserved 1048576K
  class space    used 24485K, committed 25536K, reserved 851968K
}
Event: 1954.846 GC heap before
{Heap before GC invocations=595 (full 10):
 def new generation   total 521920K, used 494864K [0x0000000600000000, 0x0000000623650000, 0x00000006aaaa0000)
  eden space 463936K, 100% used [0x0000000600000000, 0x000000061c510000, 0x000000061c510000)
  from space 57984K,  53% used [0x000000061c510000, 0x000000061e344208, 0x000000061fdb0000)
  to   space 57984K,   0% used [0x000000061fdb0000, 0x000000061fdb0000, 0x0000000623650000)
 tenured generation   total 1159348K, used 699862K [0x00000006aaaa0000, 0x00000006f16cd000, 0x0000000800000000)
   the space 1159348K,  60% used [0x00000006aaaa0000, 0x00000006d5615a00, 0x00000006d5615a00, 0x00000006f16cd000)
 Metaspace       used 199089K, committed 201216K, reserved 1048576K
  class space    used 24485K, committed 25536K, reserved 851968K
}
Event: 1955.089 GC heap after
{Heap after GC invocations=596 (full 10):
 def new generation   total 521920K, used 30535K [0x0000000600000000, 0x0000000623650000, 0x00000006aaaa0000)
  eden space 463936K,   0% used [0x0000000600000000, 0x0000000600000000, 0x000000061c510000)
  from space 57984K,  52% used [0x000000061fdb0000, 0x0000000621b81f90, 0x0000000623650000)
  to   space 57984K,   0% used [0x000000061c510000, 0x000000061c510000, 0x000000061fdb0000)
 tenured generation   total 1159348K, used 705104K [0x00000006aaaa0000, 0x00000006f16cd000, 0x0000000800000000)
   the space 1159348K,  60% used [0x00000006aaaa0000, 0x00000006d5b34130, 0x00000006d5b34200, 0x00000006f16cd000)
 Metaspace       used 199089K, committed 201216K, reserved 1048576K
  class space    used 24485K, committed 25536K, reserved 851968K
}
Event: 1958.319 GC heap before
{Heap before GC invocations=596 (full 10):
 def new generation   total 521920K, used 494471K [0x0000000600000000, 0x0000000623650000, 0x00000006aaaa0000)
  eden space 463936K, 100% used [0x0000000600000000, 0x000000061c510000, 0x000000061c510000)
  from space 57984K,  52% used [0x000000061fdb0000, 0x0000000621b81f90, 0x0000000623650000)
  to   space 57984K,   0% used [0x000000061c510000, 0x000000061c510000, 0x000000061fdb0000)
 tenured generation   total 1159348K, used 705104K [0x00000006aaaa0000, 0x00000006f16cd000, 0x0000000800000000)
   the space 1159348K,  60% used [0x00000006aaaa0000, 0x00000006d5b34130, 0x00000006d5b34200, 0x00000006f16cd000)
 Metaspace       used 199089K, committed 201216K, reserved 1048576K
  class space    used 24485K, committed 25536K, reserved 851968K
}
Event: 1958.413 GC heap after
{Heap after GC invocations=597 (full 10):
 def new generation   total 521920K, used 20684K [0x0000000600000000, 0x0000000623650000, 0x00000006aaaa0000)
  eden space 463936K,   0% used [0x0000000600000000, 0x0000000600000000, 0x000000061c510000)
  from space 57984K,  35% used [0x000000061c510000, 0x000000061d9430d0, 0x000000061fdb0000)
  to   space 57984K,   0% used [0x000000061fdb0000, 0x000000061fdb0000, 0x0000000623650000)
 tenured generation   total 1159348K, used 714918K [0x00000006aaaa0000, 0x00000006f16cd000, 0x0000000800000000)
   the space 1159348K,  61% used [0x00000006aaaa0000, 0x00000006d64c99c0, 0x00000006d64c9a00, 0x00000006f16cd000)
 Metaspace       used 199089K, committed 201216K, reserved 1048576K
  class space    used 24485K, committed 25536K, reserved 851968K
}
Event: 1962.414 GC heap before
{Heap before GC invocations=597 (full 10):
 def new generation   total 521920K, used 484620K [0x0000000600000000, 0x0000000623650000, 0x00000006aaaa0000)
  eden space 463936K, 100% used [0x0000000600000000, 0x000000061c510000, 0x000000061c510000)
  from space 57984K,  35% used [0x000000061c510000, 0x000000061d9430d0, 0x000000061fdb0000)
  to   space 57984K,   0% used [0x000000061fdb0000, 0x000000061fdb0000, 0x0000000623650000)
 tenured generation   total 1159348K, used 714918K [0x00000006aaaa0000, 0x00000006f16cd000, 0x0000000800000000)
   the space 1159348K,  61% used [0x00000006aaaa0000, 0x00000006d64c99c0, 0x00000006d64c9a00, 0x00000006f16cd000)
 Metaspace       used 199748K, committed 201728K, reserved 1048576K
  class space    used 24511K, committed 25536K, reserved 851968K
}
Event: 1962.505 GC heap after
{Heap after GC invocations=598 (full 10):
 def new generation   total 521920K, used 32090K [0x0000000600000000, 0x0000000623650000, 0x00000006aaaa0000)
  eden space 463936K,   0% used [0x0000000600000000, 0x0000000600000000, 0x000000061c510000)
  from space 57984K,  55% used [0x000000061fdb0000, 0x0000000621d06bf8, 0x0000000623650000)
  to   space 57984K,   0% used [0x000000061c510000, 0x000000061c510000, 0x000000061fdb0000)
 tenured generation   total 1159348K, used 714918K [0x00000006aaaa0000, 0x00000006f16cd000, 0x0000000800000000)
   the space 1159348K,  61% used [0x00000006aaaa0000, 0x00000006d64c99c0, 0x00000006d64c9a00, 0x00000006f16cd000)
 Metaspace       used 199748K, committed 201728K, reserved 1048576K
  class space    used 24511K, committed 25536K, reserved 851968K
}
Event: 3970.983 GC heap before
{Heap before GC invocations=598 (full 10):
 def new generation   total 521920K, used 496026K [0x0000000600000000, 0x0000000623650000, 0x00000006aaaa0000)
  eden space 463936K, 100% used [0x0000000600000000, 0x000000061c510000, 0x000000061c510000)
  from space 57984K,  55% used [0x000000061fdb0000, 0x0000000621d06bf8, 0x0000000623650000)
  to   space 57984K,   0% used [0x000000061c510000, 0x000000061c510000, 0x000000061fdb0000)
 tenured generation   total 1159348K, used 714918K [0x00000006aaaa0000, 0x00000006f16cd000, 0x0000000800000000)
   the space 1159348K,  61% used [0x00000006aaaa0000, 0x00000006d64c99c0, 0x00000006d64c9a00, 0x00000006f16cd000)
 Metaspace       used 211414K, committed 213568K, reserved 1048576K
  class space    used 26112K, committed 27136K, reserved 851968K
}
Event: 3971.499 GC heap after
{Heap after GC invocations=599 (full 10):
 def new generation   total 521920K, used 44829K [0x0000000600000000, 0x0000000623650000, 0x00000006aaaa0000)
  eden space 463936K,   0% used [0x0000000600000000, 0x0000000600000000, 0x000000061c510000)
  from space 57984K,  77% used [0x000000061c510000, 0x000000061f0d75d0, 0x000000061fdb0000)
  to   space 57984K,   0% used [0x000000061fdb0000, 0x000000061fdb0000, 0x0000000623650000)
 tenured generation   total 1159348K, used 725138K [0x00000006aaaa0000, 0x00000006f16cd000, 0x0000000800000000)
   the space 1159348K,  62% used [0x00000006aaaa0000, 0x00000006d6ec4998, 0x00000006d6ec4a00, 0x00000006f16cd000)
 Metaspace       used 211414K, committed 213568K, reserved 1048576K
  class space    used 26112K, committed 27136K, reserved 851968K
}
Event: 7339.447 GC heap before
{Heap before GC invocations=599 (full 10):
 def new generation   total 521920K, used 508765K [0x0000000600000000, 0x0000000623650000, 0x00000006aaaa0000)
  eden space 463936K, 100% used [0x0000000600000000, 0x000000061c510000, 0x000000061c510000)
  from space 57984K,  77% used [0x000000061c510000, 0x000000061f0d75d0, 0x000000061fdb0000)
  to   space 57984K,   0% used [0x000000061fdb0000, 0x000000061fdb0000, 0x0000000623650000)
 tenured generation   total 1159348K, used 725138K [0x00000006aaaa0000, 0x00000006f16cd000, 0x0000000800000000)
   the space 1159348K,  62% used [0x00000006aaaa0000, 0x00000006d6ec4998, 0x00000006d6ec4a00, 0x00000006f16cd000)
 Metaspace       used 212228K, committed 214464K, reserved 1048576K
  class space    used 26192K, committed 27264K, reserved 851968K
}
Event: 7340.032 GC heap after
{Heap after GC invocations=600 (full 10):
 def new generation   total 521920K, used 36275K [0x0000000600000000, 0x0000000623650000, 0x00000006aaaa0000)
  eden space 463936K,   0% used [0x0000000600000000, 0x0000000600000000, 0x000000061c510000)
  from space 57984K,  62% used [0x000000061fdb0000, 0x000000062211cf60, 0x0000000623650000)
  to   space 57984K,   0% used [0x000000061c510000, 0x000000061c510000, 0x000000061fdb0000)
 tenured generation   total 1159348K, used 769643K [0x00000006aaaa0000, 0x00000006f16cd000, 0x0000000800000000)
   the space 1159348K,  66% used [0x00000006aaaa0000, 0x00000006d9a3ac40, 0x00000006d9a3ae00, 0x00000006f16cd000)
 Metaspace       used 212228K, committed 214464K, reserved 1048576K
  class space    used 26192K, committed 27264K, reserved 851968K
}
Event: 9193.255 GC heap before
{Heap before GC invocations=600 (full 10):
 def new generation   total 521920K, used 500211K [0x0000000600000000, 0x0000000623650000, 0x00000006aaaa0000)
  eden space 463936K, 100% used [0x0000000600000000, 0x000000061c510000, 0x000000061c510000)
  from space 57984K,  62% used [0x000000061fdb0000, 0x000000062211cf60, 0x0000000623650000)
  to   space 57984K,   0% used [0x000000061c510000, 0x000000061c510000, 0x000000061fdb0000)
 tenured generation   total 1159348K, used 769643K [0x00000006aaaa0000, 0x00000006f16cd000, 0x0000000800000000)
   the space 1159348K,  66% used [0x00000006aaaa0000, 0x00000006d9a3ac40, 0x00000006d9a3ae00, 0x00000006f16cd000)
 Metaspace       used 213668K, committed 216064K, reserved 1048576K
  class space    used 26347K, committed 27456K, reserved 851968K
}
Event: 9193.688 GC heap after
{Heap after GC invocations=601 (full 10):
 def new generation   total 521920K, used 51820K [0x0000000600000000, 0x0000000623650000, 0x00000006aaaa0000)
  eden space 463936K,   0% used [0x0000000600000000, 0x0000000600000000, 0x000000061c510000)
  from space 57984K,  89% used [0x000000061c510000, 0x000000061f7ab380, 0x000000061fdb0000)
  to   space 57984K,   0% used [0x000000061fdb0000, 0x000000061fdb0000, 0x0000000623650000)
 tenured generation   total 1159348K, used 801111K [0x00000006aaaa0000, 0x00000006f16cd000, 0x0000000800000000)
   the space 1159348K,  69% used [0x00000006aaaa0000, 0x00000006db8f5c58, 0x00000006db8f5e00, 0x00000006f16cd000)
 Metaspace       used 213668K, committed 216064K, reserved 1048576K
  class space    used 26347K, committed 27456K, reserved 851968K
}
Event: 9680.121 GC heap before
{Heap before GC invocations=601 (full 10):
 def new generation   total 521920K, used 515756K [0x0000000600000000, 0x0000000623650000, 0x00000006aaaa0000)
  eden space 463936K, 100% used [0x0000000600000000, 0x000000061c510000, 0x000000061c510000)
  from space 57984K,  89% used [0x000000061c510000, 0x000000061f7ab380, 0x000000061fdb0000)
  to   space 57984K,   0% used [0x000000061fdb0000, 0x000000061fdb0000, 0x0000000623650000)
 tenured generation   total 1159348K, used 801111K [0x00000006aaaa0000, 0x00000006f16cd000, 0x0000000800000000)
   the space 1159348K,  69% used [0x00000006aaaa0000, 0x00000006db8f5c58, 0x00000006db8f5e00, 0x00000006f16cd000)
 Metaspace       used 214481K, committed 217024K, reserved 1048576K
  class space    used 26442K, committed 27648K, reserved 851968K
}
Event: 9680.574 GC heap after
{Heap after GC invocations=602 (full 10):
 def new generation   total 521920K, used 36513K [0x0000000600000000, 0x0000000623650000, 0x00000006aaaa0000)
  eden space 463936K,   0% used [0x0000000600000000, 0x0000000600000000, 0x000000061c510000)
  from space 57984K,  62% used [0x000000061fdb0000, 0x00000006221584f8, 0x0000000623650000)
  to   space 57984K,   0% used [0x000000061c510000, 0x000000061c510000, 0x000000061fdb0000)
 tenured generation   total 1159348K, used 852280K [0x00000006aaaa0000, 0x00000006f16cd000, 0x0000000800000000)
   the space 1159348K,  73% used [0x00000006aaaa0000, 0x00000006deaee2e8, 0x00000006deaee400, 0x00000006f16cd000)
 Metaspace       used 214481K, committed 217024K, reserved 1048576K
  class space    used 26442K, committed 27648K, reserved 851968K
}

