# JRE version: OpenJDK Runtime Environment Temurin-17.0.18+8 (17.0.18+8) (build 17.0.18+8)
# Java VM: OpenJDK 64-Bit Server VM Temurin-17.0.18+8 (17.0.18+8, mixed mode, sharing, tiered, compressed oops, compressed class ptrs, serial gc, windows-amd64)
GC Precious Log:
 CPUs: 8 total, 8 available
 Memory: 16043M
 Large Page Support: Disabled
 NUMA Support: Disabled
 Compressed Oops: Enabled (Zero based)
 Heap Min Capacity: 8M
 Heap Initial Capacity: 252M
 Heap Max Capacity: 4G
 Pre-touch: Disabled
Heap:
 def new generation   total 242560K, used 136956K [0x0000000700000000, 0x0000000710730000, 0x0000000755550000)
  eden space 215616K,  59% used [0x0000000700000000, 0x0000000707d8aa00, 0x000000070d290000)
  from space 26944K,  31% used [0x000000070d290000, 0x000000070dac47a0, 0x000000070ece0000)
  to   space 26944K,   0% used [0x000000070ece0000, 0x000000070ece0000, 0x0000000710730000)
 tenured generation   total 538468K, used 341383K [0x0000000755550000, 0x0000000776329000, 0x0000000800000000)
   the space 538468K,  63% used [0x0000000755550000, 0x000000076a2b1f38, 0x000000076a2b2000, 0x0000000776329000)
 Metaspace       used 168559K, committed 171008K, reserved 622592K
  class space    used 22178K, committed 23296K, reserved 425984K
GC Heap History (20 events):
Event: 444.275 GC heap before
{Heap before GC invocations=63 (full 5):
 def new generation   total 162304K, used 160101K [0x0000000700000000, 0x000000070b010000, 0x0000000755550000)
  eden space 144320K, 100% used [0x0000000700000000, 0x0000000708cf0000, 0x0000000708cf0000)
  from space 17984K,  87% used [0x0000000709e80000, 0x000000070ade94b0, 0x000000070b010000)
  to   space 17984K,   0% used [0x0000000708cf0000, 0x0000000708cf0000, 0x0000000709e80000)
 tenured generation   total 360020K, used 356612K [0x0000000755550000, 0x000000076b4e5000, 0x0000000800000000)
   the space 360020K,  99% used [0x0000000755550000, 0x000000076b1913a8, 0x000000076b191400, 0x000000076b4e5000)
 Metaspace       used 161334K, committed 163392K, reserved 622592K
  class space    used 21501K, committed 22464K, reserved 425984K
}
Event: 444.332 GC heap after
{Heap after GC invocations=64 (full 5):
 def new generation   total 162304K, used 6459K [0x0000000700000000, 0x000000070b010000, 0x0000000755550000)
  eden space 144320K,   0% used [0x0000000700000000, 0x0000000700000000, 0x0000000708cf0000)
  from space 17984K,  35% used [0x0000000708cf0000, 0x000000070933eca0, 0x0000000709e80000)
  to   space 17984K,   0% used [0x0000000709e80000, 0x0000000709e80000, 0x000000070b010000)
 tenured generation   total 361556K, used 361433K [0x0000000755550000, 0x000000076b665000, 0x0000000800000000)
   the space 361556K,  99% used [0x0000000755550000, 0x000000076b6466c8, 0x000000076b646800, 0x000000076b665000)
 Metaspace       used 161334K, committed 163392K, reserved 622592K
  class space    used 21501K, committed 22464K, reserved 425984K
}
Event: 444.332 GC heap before
{Heap before GC invocations=64 (full 5):
 def new generation   total 162304K, used 6459K [0x0000000700000000, 0x000000070b010000, 0x0000000755550000)
  eden space 144320K,   0% used [0x0000000700000000, 0x0000000700000000, 0x0000000708cf0000)
  from space 17984K,  35% used [0x0000000708cf0000, 0x000000070933eca0, 0x0000000709e80000)
  to   space 17984K,   0% used [0x0000000709e80000, 0x0000000709e80000, 0x000000070b010000)
 tenured generation   total 361556K, used 361433K [0x0000000755550000, 0x000000076b665000, 0x0000000800000000)
   the space 361556K,  99% used [0x0000000755550000, 0x000000076b6466c8, 0x000000076b646800, 0x000000076b665000)
 Metaspace       used 161334K, committed 163392K, reserved 622592K
  class space    used 21501K, committed 22464K, reserved 425984K
}
Event: 445.834 GC heap after
{Heap after GC invocations=64 (full 6):
 def new generation   total 242560K, used 0K [0x0000000700000000, 0x0000000710730000, 0x0000000755550000)
  eden space 215616K,   0% used [0x0000000700000000, 0x0000000700000000, 0x000000070d290000)
  from space 26944K,   0% used [0x000000070d290000, 0x000000070d290000, 0x000000070ece0000)
  to   space 26944K,   0% used [0x000000070ece0000, 0x000000070ece0000, 0x0000000710730000)
 tenured generation   total 538468K, used 323080K [0x0000000755550000, 0x0000000776329000, 0x0000000800000000)
   the space 538468K,  59% used [0x0000000755550000, 0x00000007690d2160, 0x00000007690d2200, 0x0000000776329000)
 Metaspace       used 160515K, committed 162880K, reserved 622592K
  class space    used 21441K, committed 22464K, reserved 425984K
}
Event: 450.860 GC heap before
{Heap before GC invocations=64 (full 6):
 def new generation   total 242560K, used 215616K [0x0000000700000000, 0x0000000710730000, 0x0000000755550000)
  eden space 215616K, 100% used [0x0000000700000000, 0x000000070d290000, 0x000000070d290000)
  from space 26944K,   0% used [0x000000070d290000, 0x000000070d290000, 0x000000070ece0000)
  to   space 26944K,   0% used [0x000000070ece0000, 0x000000070ece0000, 0x0000000710730000)
 tenured generation   total 538468K, used 323080K [0x0000000755550000, 0x0000000776329000, 0x0000000800000000)
   the space 538468K,  59% used [0x0000000755550000, 0x00000007690d2160, 0x00000007690d2200, 0x0000000776329000)
 Metaspace       used 162202K, committed 164288K, reserved 622592K
  class space    used 21591K, committed 22592K, reserved 425984K
}
Event: 450.923 GC heap after
{Heap after GC invocations=65 (full 6):
 def new generation   total 242560K, used 12235K [0x0000000700000000, 0x0000000710730000, 0x0000000755550000)
  eden space 215616K,   0% used [0x0000000700000000, 0x0000000700000000, 0x000000070d290000)
  from space 26944K,  45% used [0x000000070ece0000, 0x000000070f8d2c00, 0x0000000710730000)
  to   space 26944K,   0% used [0x000000070d290000, 0x000000070d290000, 0x000000070ece0000)
 tenured generation   total 538468K, used 323080K [0x0000000755550000, 0x0000000776329000, 0x0000000800000000)
   the space 538468K,  59% used [0x0000000755550000, 0x00000007690d2160, 0x00000007690d2200, 0x0000000776329000)
 Metaspace       used 162202K, committed 164288K, reserved 622592K
  class space    used 21591K, committed 22592K, reserved 425984K
}
Event: 464.035 GC heap before
{Heap before GC invocations=65 (full 6):
 def new generation   total 242560K, used 227851K [0x0000000700000000, 0x0000000710730000, 0x0000000755550000)
  eden space 215616K, 100% used [0x0000000700000000, 0x000000070d290000, 0x000000070d290000)
  from space 26944K,  45% used [0x000000070ece0000, 0x000000070f8d2c00, 0x0000000710730000)
  to   space 26944K,   0% used [0x000000070d290000, 0x000000070d290000, 0x000000070ece0000)
 tenured generation   total 538468K, used 323080K [0x0000000755550000, 0x0000000776329000, 0x0000000800000000)
   the space 538468K,  59% used [0x0000000755550000, 0x00000007690d2160, 0x00000007690d2200, 0x0000000776329000)
 Metaspace       used 163030K, committed 165184K, reserved 622592K
  class space    used 21665K, committed 22656K, reserved 425984K
}
Event: 464.140 GC heap after
{Heap after GC invocations=66 (full 6):
 def new generation   total 242560K, used 19726K [0x0000000700000000, 0x0000000710730000, 0x0000000755550000)
  eden space 215616K,   0% used [0x0000000700000000, 0x0000000700000000, 0x000000070d290000)
  from space 26944K,  73% used [0x000000070d290000, 0x000000070e5d39f0, 0x000000070ece0000)
  to   space 26944K,   0% used [0x000000070ece0000, 0x000000070ece0000, 0x0000000710730000)
 tenured generation   total 538468K, used 323080K [0x0000000755550000, 0x0000000776329000, 0x0000000800000000)
   the space 538468K,  59% used [0x0000000755550000, 0x00000007690d2160, 0x00000007690d2200, 0x0000000776329000)
 Metaspace       used 163030K, committed 165184K, reserved 622592K
  class space    used 21665K, committed 22656K, reserved 425984K
}
Event: 481.188 GC heap before
{Heap before GC invocations=66 (full 6):
 def new generation   total 242560K, used 235342K [0x0000000700000000, 0x0000000710730000, 0x0000000755550000)
  eden space 215616K, 100% used [0x0000000700000000, 0x000000070d290000, 0x000000070d290000)
  from space 26944K,  73% used [0x000000070d290000, 0x000000070e5d39f0, 0x000000070ece0000)
  to   space 26944K,   0% used [0x000000070ece0000, 0x000000070ece0000, 0x0000000710730000)
 tenured generation   total 538468K, used 323080K [0x0000000755550000, 0x0000000776329000, 0x0000000800000000)
   the space 538468K,  59% used [0x0000000755550000, 0x00000007690d2160, 0x00000007690d2200, 0x0000000776329000)
 Metaspace       used 163913K, committed 166080K, reserved 622592K
  class space    used 21727K, committed 22720K, reserved 425984K
}
Event: 481.304 GC heap after
{Heap after GC invocations=67 (full 6):
 def new generation   total 242560K, used 12438K [0x0000000700000000, 0x0000000710730000, 0x0000000755550000)
  eden space 215616K,   0% used [0x0000000700000000, 0x0000000700000000, 0x000000070d290000)
  from space 26944K,  46% used [0x000000070ece0000, 0x000000070f905af8, 0x0000000710730000)
  to   space 26944K,   0% used [0x000000070d290000, 0x000000070d290000, 0x000000070ece0000)
 tenured generation   total 538468K, used 332602K [0x0000000755550000, 0x0000000776329000, 0x0000000800000000)
   the space 538468K,  61% used [0x0000000755550000, 0x0000000769a1e800, 0x0000000769a1e800, 0x0000000776329000)
 Metaspace       used 163913K, committed 166080K, reserved 622592K
  class space    used 21727K, committed 22720K, reserved 425984K
}
Event: 492.586 GC heap before
{Heap before GC invocations=67 (full 6):
 def new generation   total 242560K, used 228054K [0x0000000700000000, 0x0000000710730000, 0x0000000755550000)
  eden space 215616K, 100% used [0x0000000700000000, 0x000000070d290000, 0x000000070d290000)
  from space 26944K,  46% used [0x000000070ece0000, 0x000000070f905af8, 0x0000000710730000)
  to   space 26944K,   0% used [0x000000070d290000, 0x000000070d290000, 0x000000070ece0000)
 tenured generation   total 538468K, used 332602K [0x0000000755550000, 0x0000000776329000, 0x0000000800000000)
   the space 538468K,  61% used [0x0000000755550000, 0x0000000769a1e800, 0x0000000769a1e800, 0x0000000776329000)
 Metaspace       used 164511K, committed 166784K, reserved 622592K
  class space    used 21789K, committed 22784K, reserved 425984K
}
Event: 492.634 GC heap after
{Heap after GC invocations=68 (full 6):
 def new generation   total 242560K, used 9110K [0x0000000700000000, 0x0000000710730000, 0x0000000755550000)
  eden space 215616K,   0% used [0x0000000700000000, 0x0000000700000000, 0x000000070d290000)
  from space 26944K,  33% used [0x000000070d290000, 0x000000070db75918, 0x000000070ece0000)
  to   space 26944K,   0% used [0x000000070ece0000, 0x000000070ece0000, 0x0000000710730000)
 tenured generation   total 538468K, used 332602K [0x0000000755550000, 0x0000000776329000, 0x0000000800000000)
   the space 538468K,  61% used [0x0000000755550000, 0x0000000769a1e800, 0x0000000769a1e800, 0x0000000776329000)
 Metaspace       used 164511K, committed 166784K, reserved 622592K
  class space    used 21789K, committed 22784K, reserved 425984K
}
Event: 500.826 GC heap before
{Heap before GC invocations=68 (full 6):
 def new generation   total 242560K, used 224726K [0x0000000700000000, 0x0000000710730000, 0x0000000755550000)
  eden space 215616K, 100% used [0x0000000700000000, 0x000000070d290000, 0x000000070d290000)
  from space 26944K,  33% used [0x000000070d290000, 0x000000070db75918, 0x000000070ece0000)
  to   space 26944K,   0% used [0x000000070ece0000, 0x000000070ece0000, 0x0000000710730000)
 tenured generation   total 538468K, used 332602K [0x0000000755550000, 0x0000000776329000, 0x0000000800000000)
   the space 538468K,  61% used [0x0000000755550000, 0x0000000769a1e800, 0x0000000769a1e800, 0x0000000776329000)
 Metaspace       used 165133K, committed 167424K, reserved 622592K
  class space    used 21854K, committed 22912K, reserved 425984K
}
Event: 500.896 GC heap after
{Heap after GC invocations=69 (full 6):
 def new generation   total 242560K, used 15315K [0x0000000700000000, 0x0000000710730000, 0x0000000755550000)
  eden space 215616K,   0% used [0x0000000700000000, 0x0000000700000000, 0x000000070d290000)
  from space 26944K,  56% used [0x000000070ece0000, 0x000000070fbd4cf0, 0x0000000710730000)
  to   space 26944K,   0% used [0x000000070d290000, 0x000000070d290000, 0x000000070ece0000)
 tenured generation   total 538468K, used 332602K [0x0000000755550000, 0x0000000776329000, 0x0000000800000000)
   the space 538468K,  61% used [0x0000000755550000, 0x0000000769a1e800, 0x0000000769a1e800, 0x0000000776329000)
 Metaspace       used 165133K, committed 167424K, reserved 622592K
  class space    used 21854K, committed 22912K, reserved 425984K
}
Event: 521.618 GC heap before
{Heap before GC invocations=69 (full 6):
 def new generation   total 242560K, used 230931K [0x0000000700000000, 0x0000000710730000, 0x0000000755550000)
  eden space 215616K, 100% used [0x0000000700000000, 0x000000070d290000, 0x000000070d290000)
  from space 26944K,  56% used [0x000000070ece0000, 0x000000070fbd4cf0, 0x0000000710730000)
  to   space 26944K,   0% used [0x000000070d290000, 0x000000070d290000, 0x000000070ece0000)
 tenured generation   total 538468K, used 332602K [0x0000000755550000, 0x0000000776329000, 0x0000000800000000)
   the space 538468K,  61% used [0x0000000755550000, 0x0000000769a1e800, 0x0000000769a1e800, 0x0000000776329000)
 Metaspace       used 166041K, committed 168512K, reserved 622592K
  class space    used 21957K, committed 23104K, reserved 425984K
}
Event: 521.726 GC heap after
{Heap after GC invocations=70 (full 6):
 def new generation   total 242560K, used 14289K [0x0000000700000000, 0x0000000710730000, 0x0000000755550000)
  eden space 215616K,   0% used [0x0000000700000000, 0x0000000700000000, 0x000000070d290000)
  from space 26944K,  53% used [0x000000070d290000, 0x000000070e084580, 0x000000070ece0000)
  to   space 26944K,   0% used [0x000000070ece0000, 0x000000070ece0000, 0x0000000710730000)
 tenured generation   total 538468K, used 338685K [0x0000000755550000, 0x0000000776329000, 0x0000000800000000)
   the space 538468K,  62% used [0x0000000755550000, 0x000000076a00f7e0, 0x000000076a00f800, 0x0000000776329000)
 Metaspace       used 166041K, committed 168512K, reserved 622592K
  class space    used 21957K, committed 23104K, reserved 425984K
}
Event: 524.098 GC heap before
{Heap before GC invocations=70 (full 6):
 def new generation   total 242560K, used 229905K [0x0000000700000000, 0x0000000710730000, 0x0000000755550000)
  eden space 215616K, 100% used [0x0000000700000000, 0x000000070d290000, 0x000000070d290000)
  from space 26944K,  53% used [0x000000070d290000, 0x000000070e084580, 0x000000070ece0000)
  to   space 26944K,   0% used [0x000000070ece0000, 0x000000070ece0000, 0x0000000710730000)
 tenured generation   total 538468K, used 338685K [0x0000000755550000, 0x0000000776329000, 0x0000000800000000)
   the space 538468K,  62% used [0x0000000755550000, 0x000000076a00f7e0, 0x000000076a00f800, 0x0000000776329000)
 Metaspace       used 166165K, committed 168640K, reserved 622592K
  class space    used 21957K, committed 23104K, reserved 425984K
}
Event: 524.170 GC heap after
{Heap after GC invocations=71 (full 6):
 def new generation   total 242560K, used 14876K [0x0000000700000000, 0x0000000710730000, 0x0000000755550000)
  eden space 215616K,   0% used [0x0000000700000000, 0x0000000700000000, 0x000000070d290000)
  from space 26944K,  55% used [0x000000070ece0000, 0x000000070fb67010, 0x0000000710730000)
  to   space 26944K,   0% used [0x000000070d290000, 0x000000070d290000, 0x000000070ece0000)
 tenured generation   total 538468K, used 339603K [0x0000000755550000, 0x0000000776329000, 0x0000000800000000)
   the space 538468K,  63% used [0x0000000755550000, 0x000000076a0f4cc8, 0x000000076a0f4e00, 0x0000000776329000)
 Metaspace       used 166165K, committed 168640K, reserved 622592K
  class space    used 21957K, committed 23104K, reserved 425984K
}
Event: 531.379 GC heap before
{Heap before GC invocations=71 (full 6):
 def new generation   total 242560K, used 230492K [0x0000000700000000, 0x0000000710730000, 0x0000000755550000)
  eden space 215616K, 100% used [0x0000000700000000, 0x000000070d290000, 0x000000070d290000)
  from space 26944K,  55% used [0x000000070ece0000, 0x000000070fb67010, 0x0000000710730000)
  to   space 26944K,   0% used [0x000000070d290000, 0x000000070d290000, 0x000000070ece0000)
 tenured generation   total 538468K, used 339603K [0x0000000755550000, 0x0000000776329000, 0x0000000800000000)
   the space 538468K,  63% used [0x0000000755550000, 0x000000076a0f4cc8, 0x000000076a0f4e00, 0x0000000776329000)
 Metaspace       used 167512K, committed 169920K, reserved 622592K
  class space    used 22108K, committed 23232K, reserved 425984K
}
Event: 531.456 GC heap after
{Heap after GC invocations=72 (full 6):
 def new generation   total 242560K, used 8401K [0x0000000700000000, 0x0000000710730000, 0x0000000755550000)
  eden space 215616K,   0% used [0x0000000700000000, 0x0000000700000000, 0x000000070d290000)
  from space 26944K,  31% used [0x000000070d290000, 0x000000070dac47a0, 0x000000070ece0000)
  to   space 26944K,   0% used [0x000000070ece0000, 0x000000070ece0000, 0x0000000710730000)
 tenured generation   total 538468K, used 341383K [0x0000000755550000, 0x0000000776329000, 0x0000000800000000)
   the space 538468K,  63% used [0x0000000755550000, 0x000000076a2b1f38, 0x000000076a2b2000, 0x0000000776329000)
 Metaspace       used 167512K, committed 169920K, reserved 622592K
  class space    used 22108K, committed 23232K, reserved 425984K
}

