# JRE version: OpenJDK Runtime Environment Temurin-17.0.18+8 (17.0.18+8) (build 17.0.18+8)
# Java VM: OpenJDK 64-Bit Server VM Temurin-17.0.18+8 (17.0.18+8, mixed mode, sharing, tiered, compressed oops, compressed class ptrs, g1 gc, windows-amd64)
GC Precious Log:
 CPUs: 8 total, 8 available
 Memory: 16043M
 Large Page Support: Disabled
 NUMA Support: Disabled
 Compressed Oops: Enabled (32-bit)
 Heap Region Size: 1M
 Heap Min Capacity: 8M
 Heap Initial Capacity: 252M
 Heap Max Capacity: 1G
 Pre-touch: Disabled
 Parallel Workers: 8
 Concurrent Workers: 2
 Concurrent Refinement Workers: 8
 Periodic GC: Disabled
Heap:
 garbage-first heap   total 452608K, used 369950K [0x00000000c0000000, 0x0000000100000000)
  region size 1024K, 71 young (72704K), 11 survivors (11264K)
 Metaspace       used 114484K, committed 116224K, reserved 344064K
  class space    used 15966K, committed 16768K, reserved 212992K
GC Heap History (20 events):
Event: 78.602 GC heap before
{Heap before GC invocations=129 (full 0):
 garbage-first heap   total 291840K, used 272716K [0x00000000c0000000, 0x0000000100000000)
  region size 1024K, 14 young (14336K), 2 survivors (2048K)
 Metaspace       used 100999K, committed 102208K, reserved 344064K
  class space    used 14143K, committed 14720K, reserved 212992K
}
Event: 78.608 GC heap after
{Heap after GC invocations=130 (full 0):
 garbage-first heap   total 291840K, used 262694K [0x00000000c0000000, 0x0000000100000000)
  region size 1024K, 2 young (2048K), 2 survivors (2048K)
 Metaspace       used 100999K, committed 102208K, reserved 344064K
  class space    used 14143K, committed 14720K, reserved 212992K
}
Event: 79.098 GC heap before
{Heap before GC invocations=131 (full 0):
 garbage-first heap   total 452608K, used 281126K [0x00000000c0000000, 0x0000000100000000)
  region size 1024K, 22 young (22528K), 2 survivors (2048K)
 Metaspace       used 100999K, committed 102208K, reserved 344064K
  class space    used 14143K, committed 14720K, reserved 212992K
}
Event: 79.107 GC heap after
{Heap after GC invocations=132 (full 0):
 garbage-first heap   total 452608K, used 263490K [0x00000000c0000000, 0x0000000100000000)
  region size 1024K, 3 young (3072K), 3 survivors (3072K)
 Metaspace       used 100999K, committed 102208K, reserved 344064K
  class space    used 14143K, committed 14720K, reserved 212992K
}
Event: 79.412 GC heap before
{Heap before GC invocations=132 (full 0):
 garbage-first heap   total 452608K, used 281922K [0x00000000c0000000, 0x0000000100000000)
  region size 1024K, 22 young (22528K), 3 survivors (3072K)
 Metaspace       used 100999K, committed 102208K, reserved 344064K
  class space    used 14143K, committed 14720K, reserved 212992K
}
Event: 79.431 GC heap after
{Heap after GC invocations=133 (full 0):
 garbage-first heap   total 452608K, used 251540K [0x00000000c0000000, 0x0000000100000000)
  region size 1024K, 3 young (3072K), 3 survivors (3072K)
 Metaspace       used 100999K, committed 102208K, reserved 344064K
  class space    used 14143K, committed 14720K, reserved 212992K
}
Event: 81.270 GC heap before
{Heap before GC invocations=133 (full 0):
 garbage-first heap   total 452608K, used 351892K [0x00000000c0000000, 0x0000000100000000)
  region size 1024K, 101 young (103424K), 3 survivors (3072K)
 Metaspace       used 101150K, committed 102464K, reserved 344064K
  class space    used 14163K, committed 14784K, reserved 212992K
}
Event: 81.285 GC heap after
{Heap after GC invocations=134 (full 0):
 garbage-first heap   total 452608K, used 256263K [0x00000000c0000000, 0x0000000100000000)
  region size 1024K, 8 young (8192K), 8 survivors (8192K)
 Metaspace       used 101150K, committed 102464K, reserved 344064K
  class space    used 14163K, committed 14784K, reserved 212992K
}
Event: 83.438 GC heap before
{Heap before GC invocations=134 (full 0):
 garbage-first heap   total 452608K, used 357639K [0x00000000c0000000, 0x0000000100000000)
  region size 1024K, 107 young (109568K), 8 survivors (8192K)
 Metaspace       used 101704K, committed 103104K, reserved 344064K
  class space    used 14235K, committed 14912K, reserved 212992K
}
Event: 83.462 GC heap after
{Heap after GC invocations=135 (full 0):
 garbage-first heap   total 452608K, used 263432K [0x00000000c0000000, 0x0000000100000000)
  region size 1024K, 14 young (14336K), 14 survivors (14336K)
 Metaspace       used 101704K, committed 103104K, reserved 344064K
  class space    used 14235K, committed 14912K, reserved 212992K
}
Event: 85.129 GC heap before
{Heap before GC invocations=135 (full 0):
 garbage-first heap   total 452608K, used 364808K [0x00000000c0000000, 0x0000000100000000)
  region size 1024K, 111 young (113664K), 14 survivors (14336K)
 Metaspace       used 101886K, committed 103232K, reserved 344064K
  class space    used 14262K, committed 14912K, reserved 212992K
}
Event: 85.155 GC heap after
{Heap after GC invocations=136 (full 0):
 garbage-first heap   total 452608K, used 272919K [0x00000000c0000000, 0x0000000100000000)
  region size 1024K, 10 young (10240K), 10 survivors (10240K)
 Metaspace       used 101886K, committed 103232K, reserved 344064K
  class space    used 14262K, committed 14912K, reserved 212992K
}
Event: 87.008 GC heap before
{Heap before GC invocations=136 (full 0):
 garbage-first heap   total 452608K, used 367127K [0x00000000c0000000, 0x0000000100000000)
  region size 1024K, 103 young (105472K), 10 survivors (10240K)
 Metaspace       used 101936K, committed 103296K, reserved 344064K
  class space    used 14271K, committed 14912K, reserved 212992K
}
Event: 87.023 GC heap after
{Heap after GC invocations=137 (full 0):
 garbage-first heap   total 452608K, used 274265K [0x00000000c0000000, 0x0000000100000000)
  region size 1024K, 5 young (5120K), 5 survivors (5120K)
 Metaspace       used 101936K, committed 103296K, reserved 344064K
  class space    used 14271K, committed 14912K, reserved 212992K
}
Event: 89.036 GC heap before
{Heap before GC invocations=137 (full 0):
 garbage-first heap   total 452608K, used 372569K [0x00000000c0000000, 0x0000000100000000)
  region size 1024K, 101 young (103424K), 5 survivors (5120K)
 Metaspace       used 104608K, committed 106048K, reserved 344064K
  class space    used 14604K, committed 15296K, reserved 212992K
}
Event: 89.064 GC heap after
{Heap after GC invocations=138 (full 0):
 garbage-first heap   total 452608K, used 290071K [0x00000000c0000000, 0x0000000100000000)
  region size 1024K, 13 young (13312K), 13 survivors (13312K)
 Metaspace       used 104608K, committed 106048K, reserved 344064K
  class space    used 14604K, committed 15296K, reserved 212992K
}
Event: 91.551 GC heap before
{Heap before GC invocations=138 (full 0):
 garbage-first heap   total 452608K, used 371991K [0x00000000c0000000, 0x0000000100000000)
  region size 1024K, 94 young (96256K), 13 survivors (13312K)
 Metaspace       used 111612K, committed 113088K, reserved 344064K
  class space    used 15545K, committed 16256K, reserved 212992K
}
Event: 91.578 GC heap after
{Heap after GC invocations=139 (full 0):
 garbage-first heap   total 452608K, used 296690K [0x00000000c0000000, 0x0000000100000000)
  region size 1024K, 7 young (7168K), 7 survivors (7168K)
 Metaspace       used 111612K, committed 113088K, reserved 344064K
  class space    used 15545K, committed 16256K, reserved 212992K
}
Event: 93.350 GC heap before
{Heap before GC invocations=139 (full 0):
 garbage-first heap   total 452608K, used 376562K [0x00000000c0000000, 0x0000000100000000)
  region size 1024K, 85 young (87040K), 7 survivors (7168K)
 Metaspace       used 113720K, committed 115456K, reserved 344064K
  class space    used 15845K, committed 16640K, reserved 212992K
}
Event: 93.374 GC heap after
{Heap after GC invocations=140 (full 0):
 garbage-first heap   total 452608K, used 309534K [0x00000000c0000000, 0x0000000100000000)
  region size 1024K, 11 young (11264K), 11 survivors (11264K)
 Metaspace       used 113720K, committed 115456K, reserved 344064K
  class space    used 15845K, committed 16640K, reserved 212992K
}

