# JRE version: OpenJDK Runtime Environment Temurin-17.0.18+8 (17.0.18+8) (build 17.0.18+8)
# Java VM: OpenJDK 64-Bit Server VM Temurin-17.0.18+8 (17.0.18+8, mixed mode, sharing, tiered, compressed oops, compressed class ptrs, g1 gc, windows-amd64)
GC Precious Log:
 CPUs: 8 total, 8 available
 Memory: 16043M
 Large Page Support: Disabled
 NUMA Support: Disabled
 Compressed Oops: Enabled (32-bit)
 Heap Region Size: 1M
 Heap Min Capacity: 8M
 Heap Initial Capacity: 252M
 Heap Max Capacity: 768M
 Pre-touch: Disabled
 Parallel Workers: 8
 Concurrent Workers: 2
 Concurrent Refinement Workers: 8
 Periodic GC: Disabled
Heap:
 garbage-first heap   total 406528K, used 252131K [0x00000000d0000000, 0x0000000100000000)
  region size 1024K, 31 young (31744K), 3 survivors (3072K)
 Metaspace       used 100854K, committed 102080K, reserved 344064K
  class space    used 14133K, committed 14656K, reserved 212992K
GC Heap History (20 events):
Event: 41.740 GC heap before
{Heap before GC invocations=106 (full 0):
 garbage-first heap   total 260096K, used 231979K [0x00000000d0000000, 0x0000000100000000)
  region size 1024K, 12 young (12288K), 2 survivors (2048K)
 Metaspace       used 100362K, committed 101504K, reserved 344064K
  class space    used 14079K, committed 14592K, reserved 212992K
}
Event: 41.742 GC heap after
{Heap after GC invocations=107 (full 0):
 garbage-first heap   total 260096K, used 223466K [0x00000000d0000000, 0x0000000100000000)
  region size 1024K, 2 young (2048K), 2 survivors (2048K)
 Metaspace       used 100362K, committed 101504K, reserved 344064K
  class space    used 14079K, committed 14592K, reserved 212992K
}
Event: 41.802 GC heap before
{Heap before GC invocations=107 (full 0):
 garbage-first heap   total 260096K, used 233706K [0x00000000d0000000, 0x0000000100000000)
  region size 1024K, 12 young (12288K), 2 survivors (2048K)
 Metaspace       used 100362K, committed 101504K, reserved 344064K
  class space    used 14079K, committed 14592K, reserved 212992K
}
Event: 41.805 GC heap after
{Heap after GC invocations=108 (full 0):
 garbage-first heap   total 260096K, used 224243K [0x00000000d0000000, 0x0000000100000000)
  region size 1024K, 2 young (2048K), 2 survivors (2048K)
 Metaspace       used 100362K, committed 101504K, reserved 344064K
  class space    used 14079K, committed 14592K, reserved 212992K
}
Event: 41.863 GC heap before
{Heap before GC invocations=108 (full 0):
 garbage-first heap   total 260096K, used 234483K [0x00000000d0000000, 0x0000000100000000)
  region size 1024K, 12 young (12288K), 2 survivors (2048K)
 Metaspace       used 100362K, committed 101504K, reserved 344064K
  class space    used 14079K, committed 14592K, reserved 212992K
}
Event: 41.865 GC heap after
{Heap after GC invocations=109 (full 0):
 garbage-first heap   total 260096K, used 225052K [0x00000000d0000000, 0x0000000100000000)
  region size 1024K, 2 young (2048K), 2 survivors (2048K)
 Metaspace       used 100362K, committed 101504K, reserved 344064K
  class space    used 14079K, committed 14592K, reserved 212992K
}
Event: 41.927 GC heap before
{Heap before GC invocations=109 (full 0):
 garbage-first heap   total 260096K, used 235292K [0x00000000d0000000, 0x0000000100000000)
  region size 1024K, 12 young (12288K), 2 survivors (2048K)
 Metaspace       used 100367K, committed 101504K, reserved 344064K
  class space    used 14079K, committed 14592K, reserved 212992K
}
Event: 41.930 GC heap after
{Heap after GC invocations=110 (full 0):
 garbage-first heap   total 260096K, used 226419K [0x00000000d0000000, 0x0000000100000000)
  region size 1024K, 2 young (2048K), 2 survivors (2048K)
 Metaspace       used 100367K, committed 101504K, reserved 344064K
  class space    used 14079K, committed 14592K, reserved 212992K
}
Event: 42.007 GC heap before
{Heap before GC invocations=110 (full 0):
 garbage-first heap   total 260096K, used 236659K [0x00000000d0000000, 0x0000000100000000)
  region size 1024K, 12 young (12288K), 2 survivors (2048K)
 Metaspace       used 100383K, committed 101504K, reserved 344064K
  class space    used 14079K, committed 14592K, reserved 212992K
}
Event: 42.011 GC heap after
{Heap after GC invocations=111 (full 0):
 garbage-first heap   total 260096K, used 228294K [0x00000000d0000000, 0x0000000100000000)
  region size 1024K, 2 young (2048K), 2 survivors (2048K)
 Metaspace       used 100383K, committed 101504K, reserved 344064K
  class space    used 14079K, committed 14592K, reserved 212992K
}
Event: 42.062 GC heap before
{Heap before GC invocations=111 (full 0):
 garbage-first heap   total 260096K, used 238534K [0x00000000d0000000, 0x0000000100000000)
  region size 1024K, 12 young (12288K), 2 survivors (2048K)
 Metaspace       used 100383K, committed 101504K, reserved 344064K
  class space    used 14079K, committed 14592K, reserved 212992K
}
Event: 42.065 GC heap after
{Heap after GC invocations=112 (full 0):
 garbage-first heap   total 260096K, used 229599K [0x00000000d0000000, 0x0000000100000000)
  region size 1024K, 2 young (2048K), 2 survivors (2048K)
 Metaspace       used 100383K, committed 101504K, reserved 344064K
  class space    used 14079K, committed 14592K, reserved 212992K
}
Event: 42.123 GC heap before
{Heap before GC invocations=112 (full 0):
 garbage-first heap   total 260096K, used 238815K [0x00000000d0000000, 0x0000000100000000)
  region size 1024K, 12 young (12288K), 2 survivors (2048K)
 Metaspace       used 100383K, committed 101504K, reserved 344064K
  class space    used 14079K, committed 14592K, reserved 212992K
}
Event: 42.126 GC heap after
{Heap after GC invocations=113 (full 0):
 garbage-first heap   total 260096K, used 230371K [0x00000000d0000000, 0x0000000100000000)
  region size 1024K, 2 young (2048K), 2 survivors (2048K)
 Metaspace       used 100383K, committed 101504K, reserved 344064K
  class space    used 14079K, committed 14592K, reserved 212992K
}
Event: 42.403 GC heap before
{Heap before GC invocations=113 (full 0):
 garbage-first heap   total 406528K, used 242659K [0x00000000d0000000, 0x0000000100000000)
  region size 1024K, 12 young (12288K), 2 survivors (2048K)
 Metaspace       used 100473K, committed 101568K, reserved 344064K
  class space    used 14089K, committed 14592K, reserved 212992K
}
Event: 42.409 GC heap after
{Heap after GC invocations=114 (full 0):
 garbage-first heap   total 406528K, used 234955K [0x00000000d0000000, 0x0000000100000000)
  region size 1024K, 2 young (2048K), 2 survivors (2048K)
 Metaspace       used 100473K, committed 101568K, reserved 344064K
  class space    used 14089K, committed 14592K, reserved 212992K
}
Event: 43.505 GC heap before
{Heap before GC invocations=115 (full 0):
 garbage-first heap   total 406528K, used 333259K [0x00000000d0000000, 0x0000000100000000)
  region size 1024K, 98 young (100352K), 2 survivors (2048K)
 Metaspace       used 100854K, committed 102080K, reserved 344064K
  class space    used 14133K, committed 14656K, reserved 212992K
}
Event: 43.518 GC heap after
{Heap after GC invocations=116 (full 0):
 garbage-first heap   total 406528K, used 245002K [0x00000000d0000000, 0x0000000100000000)
  region size 1024K, 12 young (12288K), 12 survivors (12288K)
 Metaspace       used 100854K, committed 102080K, reserved 344064K
  class space    used 14133K, committed 14656K, reserved 212992K
}
Event: 43.573 GC heap before
{Heap before GC invocations=116 (full 0):
 garbage-first heap   total 406528K, used 252170K [0x00000000d0000000, 0x0000000100000000)
  region size 1024K, 19 young (19456K), 12 survivors (12288K)
 Metaspace       used 100854K, committed 102080K, reserved 344064K
  class space    used 14133K, committed 14656K, reserved 212992K
}
Event: 43.591 GC heap after
{Heap after GC invocations=117 (full 0):
 garbage-first heap   total 406528K, used 224483K [0x00000000d0000000, 0x0000000100000000)
  region size 1024K, 3 young (3072K), 3 survivors (3072K)
 Metaspace       used 100854K, committed 102080K, reserved 344064K
  class space    used 14133K, committed 14656K, reserved 212992K
}

