# JRE version: OpenJDK Runtime Environment Temurin-17.0.18+8 (17.0.18+8) (build 17.0.18+8)
# Java VM: OpenJDK 64-Bit Server VM Temurin-17.0.18+8 (17.0.18+8, mixed mode, sharing, tiered, compressed oops, compressed class ptrs, g1 gc, windows-amd64)
GC Precious Log:
 CPUs: 8 total, 8 available
 Memory: 16043M
 Large Page Support: Disabled
 NUMA Support: Disabled
 Compressed Oops: Enabled (Zero based)
 Heap Region Size: 2M
 Heap Min Capacity: 8M
 Heap Initial Capacity: 252M
 Heap Max Capacity: 4012M
 Pre-touch: Disabled
 Parallel Workers: 8
 Concurrent Workers: 2
 Concurrent Refinement Workers: 8
 Periodic GC: Disabled
Heap:
 garbage-first heap   total 63488K, used 32731K [0x0000000705400000, 0x0000000800000000)
  region size 2048K, 2 young (4096K), 2 survivors (4096K)
 Metaspace       used 38634K, committed 38976K, reserved 1114112K
  class space    used 4698K, committed 4864K, reserved 1048576K
GC Heap History (15 events):
Event: 2.516 GC heap before
{Heap before GC invocations=0 (full 0):
 garbage-first heap   total 258048K, used 24576K [0x0000000705400000, 0x0000000800000000)
  region size 2048K, 11 young (22528K), 0 survivors (0K)
 Metaspace       used 6393K, committed 6528K, reserved 1114112K
  class space    used 625K, committed 704K, reserved 1048576K
}
Event: 2.837 GC heap after
{Heap after GC invocations=1 (full 0):
 garbage-first heap   total 258048K, used 7060K [0x0000000705400000, 0x0000000800000000)
  region size 2048K, 2 young (4096K), 2 survivors (4096K)
 Metaspace       used 6393K, committed 6528K, reserved 1114112K
  class space    used 625K, committed 704K, reserved 1048576K
}
Event: 5.457 GC heap before
{Heap before GC invocations=1 (full 0):
 garbage-first heap   total 258048K, used 41876K [0x0000000705400000, 0x0000000800000000)
  region size 2048K, 19 young (38912K), 2 survivors (4096K)
 Metaspace       used 16204K, committed 16384K, reserved 1114112K
  class space    used 1845K, committed 1920K, reserved 1048576K
}
Event: 5.464 GC heap after
{Heap after GC invocations=2 (full 0):
 garbage-first heap   total 258048K, used 8798K [0x0000000705400000, 0x0000000800000000)
  region size 2048K, 3 young (6144K), 3 survivors (6144K)
 Metaspace       used 16204K, committed 16384K, reserved 1114112K
  class space    used 1845K, committed 1920K, reserved 1048576K
}
Event: 6.930 GC heap before
{Heap before GC invocations=2 (full 0):
 garbage-first heap   total 258048K, used 37470K [0x0000000705400000, 0x0000000800000000)
  region size 2048K, 18 young (36864K), 3 survivors (6144K)
 Metaspace       used 21331K, committed 21504K, reserved 1114112K
  class space    used 2507K, committed 2560K, reserved 1048576K
}
Event: 6.940 GC heap after
{Heap after GC invocations=3 (full 0):
 garbage-first heap   total 258048K, used 14438K [0x0000000705400000, 0x0000000800000000)
  region size 2048K, 6 young (12288K), 6 survivors (12288K)
 Metaspace       used 21331K, committed 21504K, reserved 1114112K
  class space    used 2507K, committed 2560K, reserved 1048576K
}
Event: 8.396 GC heap before
{Heap before GC invocations=4 (full 0):
 garbage-first heap   total 61440K, used 45158K [0x0000000705400000, 0x0000000800000000)
  region size 2048K, 22 young (45056K), 6 survivors (12288K)
 Metaspace       used 28025K, committed 28224K, reserved 1114112K
  class space    used 3623K, committed 3712K, reserved 1048576K
}
Event: 8.414 GC heap after
{Heap after GC invocations=5 (full 0):
 garbage-first heap   total 63488K, used 17546K [0x0000000705400000, 0x0000000800000000)
  region size 2048K, 7 young (14336K), 7 survivors (14336K)
 Metaspace       used 28025K, committed 28224K, reserved 1114112K
  class space    used 3623K, committed 3712K, reserved 1048576K
}
Event: 9.863 GC heap before
{Heap before GC invocations=5 (full 0):
 garbage-first heap   total 63488K, used 38026K [0x0000000705400000, 0x0000000800000000)
  region size 2048K, 18 young (36864K), 7 survivors (14336K)
 Metaspace       used 33771K, committed 33984K, reserved 1114112K
  class space    used 4181K, committed 4288K, reserved 1048576K
}
Event: 9.887 GC heap after
{Heap after GC invocations=6 (full 0):
 garbage-first heap   total 63488K, used 20345K [0x0000000705400000, 0x0000000800000000)
  region size 2048K, 3 young (6144K), 3 survivors (6144K)
 Metaspace       used 33771K, committed 33984K, reserved 1114112K
  class space    used 4181K, committed 4288K, reserved 1048576K
}
Event: 10.429 GC heap before
{Heap before GC invocations=6 (full 0):
 garbage-first heap   total 63488K, used 30585K [0x0000000705400000, 0x0000000800000000)
  region size 2048K, 9 young (18432K), 3 survivors (6144K)
 Metaspace       used 36182K, committed 36416K, reserved 1114112K
  class space    used 4444K, committed 4608K, reserved 1048576K
}
Event: 10.442 GC heap after
{Heap after GC invocations=7 (full 0):
 garbage-first heap   total 63488K, used 20372K [0x0000000705400000, 0x0000000800000000)
  region size 2048K, 2 young (4096K), 2 survivors (4096K)
 Metaspace       used 36182K, committed 36416K, reserved 1114112K
  class space    used 4444K, committed 4608K, reserved 1048576K
}
Event: 10.941 GC heap before
{Heap before GC invocations=8 (full 0):
 garbage-first heap   total 63488K, used 42900K [0x0000000705400000, 0x0000000800000000)
  region size 2048K, 14 young (28672K), 2 survivors (4096K)
 Metaspace       used 37014K, committed 37312K, reserved 1114112K
  class space    used 4531K, committed 4672K, reserved 1048576K
}
Event: 10.963 GC heap after
{Heap after GC invocations=9 (full 0):
 garbage-first heap   total 63488K, used 28117K [0x0000000705400000, 0x0000000800000000)
  region size 2048K, 2 young (4096K), 2 survivors (4096K)
 Metaspace       used 37014K, committed 37312K, reserved 1114112K
  class space    used 4531K, committed 4672K, reserved 1048576K
}
Event: 11.688 GC heap before
{Heap before GC invocations=9 (full 0):
 garbage-first heap   total 63488K, used 42453K [0x0000000705400000, 0x0000000800000000)
  region size 2048K, 10 young (20480K), 2 survivors (4096K)
 Metaspace       used 38634K, committed 38976K, reserved 1114112K
  class space    used 4698K, committed 4864K, reserved 1048576K
}

